2025-04-15 16:12:10 - Thread 1 - 94093b9ff6552155719bd99ee17ec7b8.jpg - Processed
2025-04-15 16:12:13 - Thread 1 - 0bd83be9816b5c08b8532e5c02e28ff6.jpg - Processed
2025-04-15 16:12:15 - Thread 1 - 14ad967b9905b9e25e27df9545df16c2.jpg - Processed
2025-04-15 16:12:18 - Thread 1 - e7f90c55276a1d6c4e59eab18c755f30.jpg - Processed
2025-04-15 16:12:21 - Thread 1 - c8c80f310f24a09d3a5fde0722622f94.jpg - Processed
2025-04-15 16:12:23 - Thread 1 - 094787f6795675ad0c25912af3c4058f.png - Processed
2025-04-15 16:12:26 - Thread 1 - 278fd1cfabe47bb90c0bba5aa36cb719.jpg - Processed
2025-04-15 16:12:28 - Thread 1 - 5810a54ce93788696f954e5d275fafe8.jpg - Processed
2025-04-15 16:12:31 - Thread 1 - bca007e4bb2ca075904c8aadc56ef4d8.jpg - Processed
2025-04-15 16:12:33 - Thread 1 - 7fe59ccb597e9e32f5f7822b72ce8abc.png - Processed
2025-04-15 16:12:36 - Thread 1 - 99833d33fa7aef80f69df452015fb182.jpg - Processed
2025-04-15 16:12:38 - Thread 1 - a000ac15f6fc39be1e886b8369b617f7.jpg - Processed
2025-04-15 16:12:41 - Thread 1 - 6a19ed33ebdfb98a5a45cde075e7b515.jpg - Processed
2025-04-15 16:12:44 - Thread 1 - 6c800a42b4676a34a4d94bc599620066.jpg - Processed
2025-04-15 16:12:47 - Thread 1 - 3d13863a4f6bd22d022970898852fdae.jpg - Processed
2025-04-15 16:12:50 - Thread 1 - 40b0813364f6ffbc04e729ef3a628a27.jpg - Processed
2025-04-15 16:12:52 - Thread 1 - 886ba145c44be32e1177f202ea147cdd.jpg - Processed
2025-04-15 16:12:56 - Thread 1 - 09e748ab613e502684cd5659497f828f.jpg - Processed
2025-04-15 16:12:58 - Thread 1 - 0d837e763dafe51f52109087043e8251.jpg - Processed
2025-04-15 16:13:00 - Thread 1 - 9bb259ff661616dc5ba46702c99a320f.jpg - Processed
2025-04-15 16:13:05 - Thread 1 - 4fbe07b736aa958099f2031e2fcac7d7.jpg - Processed
2025-04-15 16:13:06 - Thread 1 - 7634fa67d744570d296db16536084bfb.png - Skipped - Error: Failed to generate prompt
2025-04-15 16:13:06 - Thread 1 - 6dc11f7d572faffee469b5c0c05c690d.jpg - Skipped - Error: Failed to generate prompt
2025-04-15 16:13:06 - Thread 1 - 3e6f7a5794c5cb4d0baffa80590a0704.jpg - Skipped - Error: Failed to generate prompt
2025-04-15 16:13:07 - Thread 1 - cab4af748a6afdcd097d4d6432f2bd9f.jpg - Skipped - Error: Failed to generate prompt
2025-04-15 16:13:07 - Thread 1 - 4fd6ab64cc3fa1dd83feeb1d2cad6f93.png - Skipped - Error: Failed to generate prompt
2025-04-15 16:13:07 - Thread 1 - cc460c506cd38cdd1d249da64c65da8e.png - Skipped - Error: Failed to generate prompt
2025-04-15 16:13:08 - Thread 1 - 23bc73015e97cff619f47ea540f99a81.png - Skipped - Error: Failed to generate prompt
2025-04-15 16:13:08 - Thread 1 - 09e69375d14cd34ccc4f2af464fff047.jpg - Skipped - Error: Failed to generate prompt
2025-04-15 16:13:09 - Thread 1 - 5867e26de5fb7f72349534d2a8088b1e.jpg - Skipped - Error: Failed to generate prompt
2025-04-15 16:13:09 - Thread 1 - 6d0cdb4b77a2c4609fa340132da65f3a.jpg - Skipped - Error: Failed to generate prompt
2025-04-15 16:13:09 - Thread 1 - dcfc997f3ee5ee53cea6621ff65d5645.jpg - Skipped - Error: Failed to generate prompt
2025-04-15 16:13:09 - Thread 1 - f162600aa1847e9d7e681dd535b7bc29.jpg - Skipped - Error: Failed to generate prompt
2025-04-15 16:13:10 - Thread 1 - 52e6c9b6904c22f70595ab92388863f9.jpg - Skipped - Error: Failed to generate prompt
2025-04-15 16:13:10 - Thread 1 - ac8accfbd3b9327dd5bee5746861dc30.jpg - Skipped - Error: Failed to generate prompt
2025-04-15 16:13:10 - Thread 1 - 128021b5c3b1a4739058216587f8285f.jpg - Skipped - Error: Failed to generate prompt
2025-04-15 16:13:11 - Thread 1 - 712f0d123a48bf5b3372212336903d00.jpg - Skipped - Error: Failed to generate prompt
2025-04-15 16:13:11 - Thread 1 - 0db1cc007f1482620da14781a594a58c.jpg - Skipped - Error: Failed to generate prompt
2025-04-15 16:13:11 - Thread 1 - d229a14a78ebda5b7be847c58fb59423.jpg - Skipped - Error: Failed to generate prompt
2025-04-15 16:13:11 - Thread 1 - 0914ef6e919ed70734eca24c59071363.jpg - Skipped - Error: Failed to generate prompt
2025-04-15 16:13:12 - Thread 1 - 1de7370bcce7f571ea76f0db3c87c881.jpg - Skipped - Error: Failed to generate prompt
2025-04-15 16:13:12 - Thread 1 - ffe5de4680057d4a1fce92c52889d7ae.jpg - Skipped - Error: Failed to generate prompt
2025-04-15 16:13:12 - Thread 1 - 17daa5a337fb0974619bb3ac45f16691.jpg - Skipped - Error: Failed to generate prompt
2025-04-15 16:13:12 - Thread 1 - 26b26b1b000f5707aed084acc6a434e6.jpg - Skipped - Error: Failed to generate prompt
2025-04-15 16:13:13 - Thread 1 - e1d6dcceba35fa0bb592fc3e4cc356cb.jpg - Skipped - Error: Failed to generate prompt
2025-04-15 16:13:13 - Thread 1 - 659bc348d001c05601a23dcb0e4fc0a3.jpg - Skipped - Error: Failed to generate prompt
2025-04-15 16:13:13 - Thread 1 - 1e2b8dc9eb6cd04ae25c44c1a136bdfd.jpg - Skipped - Error: Failed to generate prompt
2025-04-15 16:13:14 - Thread 1 - 809a2e5d00fef2a7cad701e85ae40465.jpg - Skipped - Error: Failed to generate prompt
2025-04-15 16:13:14 - Thread 1 - aafc7f23cce828fffa86cd8e0b6f44cd.jpg - Skipped - Error: Failed to generate prompt
2025-04-15 16:13:14 - Thread 1 - e11a3489efd9f89e76749e43419b4487.jpg - Skipped - Error: Failed to generate prompt
2025-04-15 16:13:14 - Thread 1 - 935835d1019aac7fe2fb1785c7d53496.png - Skipped - Error: Failed to generate prompt
2025-04-15 16:13:15 - Thread 1 - 43d7003ef88d1f63c17d68f2bb4ffe8b.jpg - Skipped - Error: Failed to generate prompt
2025-04-15 16:13:15 - Thread 1 - 5baa8b23eedbf023a2f14e92fd56ccc0.jpg - Skipped - Error: Failed to generate prompt
2025-04-15 16:13:15 - Thread 1 - 27691ced335e54fbd813cc2a841c199f.jpg - Skipped - Error: Failed to generate prompt
2025-04-15 16:13:16 - Thread 1 - f216360ac08e19504b9c8cc47ebc0916.jpg - Skipped - Error: Failed to generate prompt
2025-04-15 16:13:16 - Thread 1 - cc2ff73fae53b13f2fc9af7e88298894.jpg - Skipped - Error: Failed to generate prompt
2025-04-15 16:13:16 - Thread 1 - cb70c8c407853ef6d587b4d675616884.jpg - Skipped - Error: Failed to generate prompt
2025-04-15 16:13:16 - Thread 1 - 5aa0d9708db35f668fb64acc2dd641ae.jpg - Skipped - Error: Failed to generate prompt
2025-04-15 16:13:17 - Thread 1 - 5a87722530b44b5ffa542091013dc3c5.png - Skipped - Error: Failed to generate prompt
2025-04-15 16:13:17 - Thread 1 - 8a1c8cdc9b7d8211a71d4bc4a2eb8277.jpg - Skipped - Error: Failed to generate prompt
2025-04-15 16:13:17 - Thread 1 - 6f3d647aba5ce2fbff653fc54ec5ade4.jpg - Skipped - Error: Failed to generate prompt
2025-04-15 16:13:17 - Thread 1 - 7c6e85f8788eebb1b6d763e3a26c1cc1.jpg - Skipped - Error: Failed to generate prompt
2025-04-15 16:13:18 - Thread 1 - 515a61b6c5855d56abca84a3f232a9fe.png - Skipped - Error: Failed to generate prompt
2025-04-15 16:13:18 - Thread 1 - bcd08962e019e94d5f4ef0cadd456080.jpg - Skipped - Error: Failed to generate prompt
2025-04-15 16:13:18 - Thread 1 - ae39c5c8b413e109efa60d019a9a2b57.jpg - Skipped - Error: Failed to generate prompt
2025-04-15 16:13:20 - Thread 1 - 2823b23d936d00f0fe04451502658302.png - Skipped - Error: Failed to generate prompt
2025-04-15 16:13:22 - Thread 1 - 25cd398f2306b9708337df6ba16435d0.jpg - Processed
2025-04-15 16:13:25 - Thread 1 - f18335b50027bcfa794382daf3e550ba.jpg - Processed
2025-04-15 16:13:27 - Thread 1 - b9f254f7568fd9da9715b92f13ccb0b4.jpg - Processed
2025-04-15 16:13:30 - Thread 1 - 823a2b20e58ccfb4ecf6bd7da0452689.jpg - Processed
2025-04-15 16:13:32 - Thread 1 - 0dbc0c3d734688cd191e1afed62757b8.jpg - Processed
2025-04-15 16:13:34 - Thread 1 - db6a65f00281f66d7a157b7789d1f3e8.jpg - Processed
2025-04-15 16:13:37 - Thread 1 - ad53fb5bcd1f802f030d9fa0924383d6.jpg - Processed
2025-04-15 16:13:40 - Thread 1 - ffa4648d4d67de7c0e15aaaa86157bcd.png - Processed
2025-04-15 16:13:42 - Thread 1 - 24d1f7eb5d8eebf88479f088fc32ff81.jpg - Processed
2025-04-15 16:13:45 - Thread 1 - 840f013a9502d231064c344e42119b50.jpg - Processed
2025-04-15 16:13:47 - Thread 1 - cbcb1389f3f0d4adc057f9d8fb7b4209.jpg - Processed
2025-04-15 16:13:50 - Thread 1 - d0078875ec6dc22ea8a6e31778bf3191.jpg - Processed
2025-04-15 16:13:53 - Thread 1 - f255158c9fc26d6a71636442f89fbf3e.jpg - Processed
2025-04-15 16:13:56 - Thread 1 - 7e6ede83986bddd4a6fc35a4c09975e3.png - Processed
2025-04-15 16:13:58 - Thread 1 - 8c7e3062989b6d185be57bebcf56bce4.jpg - Processed
2025-04-15 16:14:00 - Thread 1 - d8e6ff6033d8c78c82359cd865ad209a.jpg - Processed
2025-04-15 16:14:01 - Thread 1 - d9d5ae860c5a4a0ea5e6e73815d4fd53.jpg - Skipped - Error: Failed to generate prompt
2025-04-15 16:14:01 - Thread 1 - a4f1941177d839bc9b6d31abdeb6d137.jpg - Skipped - Error: Failed to generate prompt
2025-04-15 16:14:01 - Thread 1 - da76b48f3b329aa01a2fb1ef7882f457.png - Skipped - Error: Failed to generate prompt
2025-04-15 16:14:02 - Thread 1 - df5d0d176e72c5cfed1310ef31ba5786.jpg - Skipped - Error: Failed to generate prompt
2025-04-15 16:14:02 - Thread 1 - 522788a87dfc876ead95d6b87366ec55.jpg - Skipped - Error: Failed to generate prompt
2025-04-15 16:14:02 - Thread 1 - 2c96a60f77d61f85afa809b3c8aa340a.jpg - Skipped - Error: Failed to generate prompt
2025-04-15 16:14:06 - Thread 1 - b5d1e875cc81a2250c6b5804020b6038.jpg - Skipped - Error: Failed to generate prompt
2025-04-15 16:14:06 - Thread 1 - df3c52a27025e429e1dde638fe06074a.png - Skipped - Error: Failed to generate prompt
2025-04-15 16:14:06 - Thread 1 - 8d83439d34b45b5a7bbeab098666d894.jpg - Skipped - Error: Failed to generate prompt
2025-04-15 16:14:06 - Thread 1 - 6fc4ed402725efe2e8cbbebc2c30ab7e.jpg - Skipped - Error: Failed to generate prompt
2025-04-15 16:14:07 - Thread 1 - 05f0770585a8da4ed623af7379d69ec8.jpg - Skipped - Error: Failed to generate prompt
2025-04-15 16:14:07 - Thread 1 - 00874bf4d8ff498010351fb56108fd60.jpg - Skipped - Error: Failed to generate prompt
2025-04-15 16:14:07 - Thread 1 - cd047d966e93cdd2d05f5c48a66ffff9.jpg - Skipped - Error: Failed to generate prompt
2025-04-15 16:14:07 - Thread 1 - feed2ea7e65d5e344cd942763704aba1.png - Skipped - Error: Failed to generate prompt
2025-04-15 16:14:08 - Thread 1 - aea2cfbeea3cf5a3046901addd78f4be.jpg - Skipped - Error: Failed to generate prompt
2025-04-15 16:14:08 - Thread 1 - f646654a5f7fd0c2b585e1a564e10cc8.jpg - Skipped - Error: Failed to generate prompt
2025-04-15 16:14:08 - Thread 1 - 8bb39d4d2129b21fa93379eb46803cfa.jpg - Skipped - Error: Failed to generate prompt
2025-04-15 16:14:10 - Thread 1 - 853c3e7a77e8e0fd5f4bf582ca0c47b0.png - Skipped - Error: Failed to generate prompt
2025-04-15 16:14:10 - Thread 1 - f9a47dc45bb5fdb278189bdf2bef114a.png - Skipped - Error: Failed to generate prompt
2025-04-15 16:14:10 - Thread 1 - bf6a3b37a816b6597536f88c26f06557.jpg - Skipped - Error: Failed to generate prompt
2025-04-15 16:14:11 - Thread 1 - c0abaebba416b6535a16b0e3e698cf81.png - Skipped - Error: Failed to generate prompt
2025-04-15 16:14:11 - Thread 1 - e9ee031a523cc88816ff45ac8545dc7d.jpg - Skipped - Error: Failed to generate prompt
2025-04-15 16:14:11 - Thread 1 - b15a1fabc4c50a726c037d1f14a3c2f5.jpg - Skipped - Error: Failed to generate prompt
2025-04-15 16:14:11 - Thread 1 - f56269c2d9db3c7b59745560d01032b9.jpg - Skipped - Error: Failed to generate prompt
2025-04-15 16:14:12 - Thread 1 - ff0d8dd2cc61b6e1e8f1d128c0cd3d85.jpg - Skipped - Error: Failed to generate prompt
2025-04-15 16:14:12 - Thread 1 - 6c29a9ad000015a1daf2f4788bbd4051.png - Skipped - Error: Failed to generate prompt
2025-04-15 16:14:12 - Thread 1 - a5fc5c66bbe848d94515c0ea59c1d7af.jpg - Skipped - Error: Failed to generate prompt
2025-04-15 16:14:12 - Thread 1 - 712cedd56858d3250e176fc870300b71.jpg - Skipped - Error: Failed to generate prompt
2025-04-15 16:14:13 - Thread 1 - cbdf7c876b48cd93fb1286afca4c2164.jpg - Skipped - Error: Failed to generate prompt
2025-04-15 16:14:13 - Thread 1 - 6d2511cae2e324ce2f3691ba67547f02.jpg - Skipped - Error: Failed to generate prompt
2025-04-15 16:14:13 - Thread 1 - 3841965ae8c8cfad9cd56f77e2f36c99.jpg - Skipped - Error: Failed to generate prompt
2025-04-15 16:14:14 - Thread 1 - 53279bb73a14f8d30421f74bc74020b6.jpg - Skipped - Error: Failed to generate prompt
2025-04-15 16:14:14 - Thread 1 - ff81c7defa718792ef1c388c993dd0a6.jpg - Skipped - Error: Failed to generate prompt
2025-04-15 16:14:14 - Thread 1 - 34019f98cfdd7931e7fc913e05a52a9d.jpg - Skipped - Error: Failed to generate prompt
2025-04-15 16:14:14 - Thread 1 - 1778c88b179869a0188496ea85930f86.jpg - Skipped - Error: Failed to generate prompt
2025-04-15 16:14:15 - Thread 1 - 2051030f8aa1389faa1afb58067c2ebb.jpg - Skipped - Error: Failed to generate prompt
2025-04-15 16:14:15 - Thread 1 - 0025341506c0e644612da09d8930ad45.jpg - Skipped - Error: Failed to generate prompt
2025-04-15 16:14:15 - Thread 1 - b442e18d01bab3e5bab89e5232e4b744.png - Skipped - Error: Failed to generate prompt
2025-04-15 16:14:15 - Thread 1 - 1ad75d37d7f05bdd51a19c8dc327175a.jpg - Skipped - Error: Failed to generate prompt
2025-04-15 16:14:16 - Thread 1 - 5af0ce2f1c4d27821088f9ff6a20814e.png - Skipped - Error: Failed to generate prompt
2025-04-15 16:14:16 - Thread 1 - 8c0dc8eb6c2ac5011bf3b678ee4adc01.png - Skipped - Error: Failed to generate prompt
2025-04-15 16:14:17 - Thread 1 - 7fd50ffdff9febbc9591171a5cf78029.jpg - Skipped - Error: Failed to generate prompt
2025-04-15 16:14:17 - Thread 1 - 410e15cd425b8377f9ca7f9579851cac.jpg - Skipped - Error: Failed to generate prompt
2025-04-15 16:14:17 - Thread 1 - 7be8da8a17704e7dd9b4dc5070cf1416.jpg - Skipped - Error: Failed to generate prompt
2025-04-15 16:14:17 - Thread 1 - d9679b6f347515efabb940d7c8e12ccd.jpg - Skipped - Error: Failed to generate prompt
2025-04-15 16:14:18 - Thread 1 - 447b9a73c11d12f1babb46a5857b727d.jpg - Skipped - Error: Failed to generate prompt
2025-04-15 16:14:18 - Thread 1 - cb7e416cbe9f9b592deaa3cd67868a04.jpg - Skipped - Error: Failed to generate prompt
2025-04-15 16:14:18 - Thread 1 - 16198b8dd10438a0904325c945f21440.jpg - Skipped - Error: Failed to generate prompt
2025-04-15 16:14:21 - Thread 1 - 6f144429210e92321e2a8658107d5b0d.jpg - Processed
2025-04-15 16:14:25 - Thread 1 - 579426392cb1a78ab26d38b1f87ae496.png - Processed
2025-04-15 16:14:27 - Thread 1 - ae170ef984b5d25b9e1c0d64c0dbf521.png - Processed
2025-04-15 16:14:29 - Thread 1 - 813f23b27e1435191314bae4964917ef.jpg - Processed
2025-04-15 16:14:32 - Thread 1 - 523ad709deb20a9b1507021b8e6dda51.png - Processed
2025-04-15 16:14:34 - Thread 1 - 14b3f05827f75a76771e9aa1994401a2.jpg - Processed
2025-04-15 16:14:37 - Thread 1 - 6be08d24ad13a32b8cc1ed87b8cc4fd8.jpg - Processed
2025-04-15 16:14:39 - Thread 1 - 292f6fc722bb9580cc6e273efd6959d3.jpg - Processed
2025-04-15 16:14:42 - Thread 1 - c3d36638c81530b1ff35692c061825e9.jpg - Processed
2025-04-15 16:14:44 - Thread 1 - 648b7487ea858cb868629dd3913a5532.jpg - Processed
2025-04-15 16:14:47 - Thread 1 - b29c7631eae0a7c624917aa2fb8b75c1.png - Processed
2025-04-15 16:14:50 - Thread 1 - 7d51f7d35f5b66a35083884ec5702b92.jpg - Processed
2025-04-15 16:14:53 - Thread 1 - abd402bd68eec373df89997e459b8217.jpg - Processed
2025-04-15 16:14:55 - Thread 1 - 5c8f70749a138bc74a846f0041a95eea.png - Processed
2025-04-15 16:14:58 - Thread 1 - e7bce69f43b33decf1bddc5e7be3a039.jpg - Processed
2025-04-15 16:15:00 - Thread 1 - 5ad4c1544f9bd909682e36fd9421dc48.jpg - Processed
2025-04-15 16:15:01 - Thread 1 - 8de7bac8aa4e647ac095c4a006628f3c.jpg - Skipped - Error: Failed to generate prompt
2025-04-15 16:15:01 - Thread 1 - 804f595d08cc0b6df6f0676e1b711f31.jpg - Skipped - Error: Failed to generate prompt
2025-04-15 16:15:01 - Thread 1 - 00dadbc16c002996aca983a112e264fc.jpg - Skipped - Error: Failed to generate prompt
2025-04-15 16:15:02 - Thread 1 - 5bcf141882357c8ea2ea3a5adad1536d.jpg - Skipped - Error: Failed to generate prompt
2025-04-15 16:15:02 - Thread 1 - 385b3b1e834fccdff0e597ae9f34a82a.jpg - Skipped - Error: Failed to generate prompt
2025-04-15 16:15:02 - Thread 1 - 08e2f38a041aa377aac5fd4b49b115c0.jpg - Skipped - Error: Failed to generate prompt
2025-04-15 16:15:02 - Thread 1 - b1a8e9dca65818253993ed69f4f2980a.jpg - Skipped - Error: Failed to generate prompt
2025-04-15 16:15:03 - Thread 1 - 0a07c22f870f69e461bbdf65ebe89d9b.png - Skipped - Error: Failed to generate prompt
2025-04-15 16:15:03 - Thread 1 - 2aa74832da61ab9b061084ac1a157ec2.jpg - Skipped - Error: Failed to generate prompt
2025-04-15 16:15:04 - Thread 1 - 33665f2ead3e40f52283250dbd31dd3d.jpg - Skipped - Error: Failed to generate prompt
2025-04-15 16:15:04 - Thread 1 - 08c36abc664413a8bcff436baba83f22.png - Skipped - Error: Failed to generate prompt
2025-04-15 16:15:05 - Thread 1 - 8f1f448f2175ec42d05f0a14d04bb3e1.jpg - Skipped - Error: Failed to generate prompt
2025-04-15 16:15:05 - Thread 1 - 8a0bc723354866954f0066b78cdf2efd.jpg - Skipped - Error: Failed to generate prompt
2025-04-15 16:15:05 - Thread 1 - 43dac38647bd7308f5c8b68c2e9de15c.jpg - Skipped - Error: Failed to generate prompt
2025-04-15 16:15:05 - Thread 1 - cd68ed35ef16234971957f8e5706c99b.jpg - Skipped - Error: Failed to generate prompt
2025-04-15 16:15:06 - Thread 1 - 23e1ab52e425d35b67cb025fc095d6ec.jpg - Skipped - Error: Failed to generate prompt
2025-04-15 16:15:06 - Thread 1 - 05c2beb660226149a5f0bf41e097caff.jpg - Skipped - Error: Failed to generate prompt
2025-04-15 16:15:06 - Thread 1 - e58a0619be64cc1c64a3c1067f07b7d1.png - Skipped - Error: Failed to generate prompt
2025-04-15 16:15:07 - Thread 1 - a8506f7cb882d62ad1adaaee5c2aa315.png - Skipped - Error: Failed to generate prompt
2025-04-15 16:15:07 - Thread 1 - 8de19ad437b23c47706f6f6285e22363.jpg - Skipped - Error: Failed to generate prompt
2025-04-15 16:15:07 - Thread 1 - 3dc4161990d0417d0e2673170182dd7e.jpg - Skipped - Error: Failed to generate prompt
2025-04-15 16:15:07 - Thread 1 - 7aab7e0ec66d66794a1aff47f9623374.png - Skipped - Error: Failed to generate prompt
2025-04-15 16:15:08 - Thread 1 - 09d98f842cb11c26386754976ac1f3a3.jpg - Skipped - Error: Failed to generate prompt
2025-04-15 16:15:08 - Thread 1 - 9eba2e392c220e63a7052ecc9485e134.jpg - Skipped - Error: Failed to generate prompt
2025-04-15 16:15:08 - Thread 1 - a62d032f8f889e8954031c4d17b12c45.jpg - Skipped - Error: Failed to generate prompt
2025-04-15 16:15:09 - Thread 1 - 815d043df507b5034c20fb4b67a1d856.jpg - Skipped - Error: Failed to generate prompt
2025-04-15 16:15:09 - Thread 1 - 6d293320e9c57641d57e15b91bf4eb35.png - Skipped - Error: Failed to generate prompt
2025-04-15 16:15:09 - Thread 1 - 6146a2c24c1ad6135c3edbcb821d3991.jpg - Skipped - Error: Failed to generate prompt
2025-04-15 16:15:10 - Thread 1 - 27553762333c34844f4969c76e1b1090.jpg - Skipped - Error: Failed to generate prompt
2025-04-15 16:15:10 - Thread 1 - 2535dad56097e351ee6b06df552a9db5.jpg - Skipped - Error: Failed to generate prompt
2025-04-15 16:15:10 - Thread 1 - 494babaa4193b14618cf7e8293a1a462.jpg - Skipped - Error: Failed to generate prompt
2025-04-15 16:15:10 - Thread 1 - 2621ade2c5349f3bb2872acf82734866.jpg - Skipped - Error: Failed to generate prompt
2025-04-15 16:15:11 - Thread 1 - 8f57ec255d23740caeb7c272ba259e45.jpg - Skipped - Error: Failed to generate prompt
2025-04-15 16:15:11 - Thread 1 - ff82122c58fa55d8071b85458e71d7db.jpg - Skipped - Error: Failed to generate prompt
2025-04-15 16:15:11 - Thread 1 - f197652a2acbb79fc43e5d6e406e820e.jpg - Skipped - Error: Failed to generate prompt
2025-04-15 16:15:12 - Thread 1 - cbbf2d7f0960facb0ad7b40a09f41912.png - Skipped - Error: Failed to generate prompt
2025-04-15 16:15:12 - Thread 1 - 84df9cf8e55f7816d5e6a898518eac19.jpg - Skipped - Error: Failed to generate prompt
2025-04-15 16:15:12 - Thread 1 - 496cb30e5caf379259a6b0647777c7de.jpg - Skipped - Error: Failed to generate prompt
2025-04-15 16:15:12 - Thread 1 - 22df1f06ee632d16f8963c8756960af1.jpg - Skipped - Error: Failed to generate prompt
2025-04-15 16:15:13 - Thread 1 - e1d1c4022a21e84f1462cfdda751c6c6.jpg - Skipped - Error: Failed to generate prompt
2025-04-15 16:15:13 - Thread 1 - 6de9d8c60a34917c90eaf20179a82239.png - Skipped - Error: Failed to generate prompt
2025-04-15 16:15:13 - Thread 1 - 4f8580bd07fca935ec67168592a13168.jpg - Skipped - Error: Failed to generate prompt
2025-04-15 16:15:13 - Thread 1 - 3007c888c9c551fc36a23c1421f21031.jpg - Skipped - Error: Failed to generate prompt
2025-04-15 16:15:14 - Thread 1 - 6a7298f40a4839fdf95023098e113864.jpg - Skipped - Error: Failed to generate prompt
2025-04-15 16:15:14 - Thread 1 - 8c463a126456225ecef09e0558d85a19.jpg - Skipped - Error: Failed to generate prompt
2025-04-15 16:15:14 - Thread 1 - 588069962f07c1e0da4ab80e2a1e877c.jpg - Skipped - Error: Failed to generate prompt
2025-04-15 16:15:15 - Thread 1 - 8d2f285b81a88455c03a3a96cf07d22a.png - Skipped - Error: Failed to generate prompt
2025-04-15 16:15:15 - Thread 1 - 7f22fef31f44a9dfc573a2972f0f5b81.jpg - Skipped - Error: Failed to generate prompt
2025-04-15 16:15:15 - Thread 1 - 9d5959cd596c1181c69bf013ca041f74.png - Skipped - Error: Failed to generate prompt
2025-04-15 16:15:16 - Thread 1 - e54fc67196e3f13fb209dc1180b91342.jpg - Skipped - Error: Failed to generate prompt
2025-04-15 16:15:16 - Thread 1 - 45ab0ec97a022629e7bb73a6571a19ce.jpg - Skipped - Error: Failed to generate prompt
2025-04-15 16:15:16 - Thread 1 - 490dee2a8ba9f6b368dd6c128361c040.jpg - Skipped - Error: Failed to generate prompt
2025-04-15 16:15:16 - Thread 1 - 3be09cc7983e17cbdc6d069669b8a5bc.jpg - Skipped - Error: Failed to generate prompt
2025-04-15 16:15:17 - Thread 1 - 2730c7878962fb5ddee8e0e8314931a9.jpg - Skipped - Error: Failed to generate prompt
2025-04-15 16:15:45 - Thread 1 - 7634fa67d744570d296db16536084bfb.png - Processed
2025-04-15 16:15:48 - Thread 1 - 6dc11f7d572faffee469b5c0c05c690d.jpg - Processed
2025-04-15 16:15:50 - Thread 1 - 3e6f7a5794c5cb4d0baffa80590a0704.jpg - Processed
2025-04-15 16:15:52 - Thread 1 - cab4af748a6afdcd097d4d6432f2bd9f.jpg - Processed
2025-04-15 16:15:54 - Thread 1 - 4fd6ab64cc3fa1dd83feeb1d2cad6f93.png - Processed
2025-04-15 16:15:57 - Thread 1 - cc460c506cd38cdd1d249da64c65da8e.png - Processed
2025-04-15 16:16:00 - Thread 1 - 23bc73015e97cff619f47ea540f99a81.png - Processed
2025-04-15 16:16:03 - Thread 1 - 09e69375d14cd34ccc4f2af464fff047.jpg - Processed
2025-04-15 16:16:05 - Thread 1 - 5867e26de5fb7f72349534d2a8088b1e.jpg - Processed
2025-04-15 16:16:07 - Thread 1 - 6d0cdb4b77a2c4609fa340132da65f3a.jpg - Processed
2025-04-15 16:16:09 - Thread 1 - dcfc997f3ee5ee53cea6621ff65d5645.jpg - Processed
2025-04-15 16:16:13 - Thread 1 - f162600aa1847e9d7e681dd535b7bc29.jpg - Processed
2025-04-15 16:16:15 - Thread 1 - 52e6c9b6904c22f70595ab92388863f9.jpg - Processed
2025-04-15 16:16:18 - Thread 1 - ac8accfbd3b9327dd5bee5746861dc30.jpg - Processed
2025-04-15 16:16:20 - Thread 1 - 128021b5c3b1a4739058216587f8285f.jpg - Processed
2025-04-15 16:16:23 - Thread 1 - 712f0d123a48bf5b3372212336903d00.jpg - Processed
2025-04-15 16:16:26 - Thread 1 - 0db1cc007f1482620da14781a594a58c.jpg - Processed
2025-04-15 16:16:28 - Thread 1 - d229a14a78ebda5b7be847c58fb59423.jpg - Processed
2025-04-15 16:16:31 - Thread 1 - 0914ef6e919ed70734eca24c59071363.jpg - Processed
2025-04-15 16:16:33 - Thread 1 - 1de7370bcce7f571ea76f0db3c87c881.jpg - Processed
2025-04-15 16:16:36 - Thread 1 - ffe5de4680057d4a1fce92c52889d7ae.jpg - Processed
2025-04-15 16:16:38 - Thread 1 - 17daa5a337fb0974619bb3ac45f16691.jpg - Processed
2025-04-15 16:16:41 - Thread 1 - 26b26b1b000f5707aed084acc6a434e6.jpg - Processed
2025-04-15 16:16:44 - Thread 1 - e1d6dcceba35fa0bb592fc3e4cc356cb.jpg - Processed
2025-04-15 16:16:47 - Thread 1 - 659bc348d001c05601a23dcb0e4fc0a3.jpg - Processed
2025-04-15 16:16:50 - Thread 1 - 1e2b8dc9eb6cd04ae25c44c1a136bdfd.jpg - Processed
2025-04-15 16:16:52 - Thread 1 - 809a2e5d00fef2a7cad701e85ae40465.jpg - Processed
2025-04-15 16:16:54 - Thread 1 - aafc7f23cce828fffa86cd8e0b6f44cd.jpg - Processed
2025-04-15 16:16:57 - Thread 1 - e11a3489efd9f89e76749e43419b4487.jpg - Processed
2025-04-15 16:16:59 - Thread 1 - 935835d1019aac7fe2fb1785c7d53496.png - Processed
2025-04-15 16:17:02 - Thread 1 - 43d7003ef88d1f63c17d68f2bb4ffe8b.jpg - Processed
2025-04-15 16:17:02 - Thread 1 - 5baa8b23eedbf023a2f14e92fd56ccc0.jpg - Skipped - Error: Failed to generate prompt
2025-04-15 16:17:02 - Thread 1 - 27691ced335e54fbd813cc2a841c199f.jpg - Skipped - Error: Failed to generate prompt
2025-04-15 16:17:03 - Thread 1 - f216360ac08e19504b9c8cc47ebc0916.jpg - Skipped - Error: Failed to generate prompt
2025-04-15 16:17:03 - Thread 1 - cc2ff73fae53b13f2fc9af7e88298894.jpg - Skipped - Error: Failed to generate prompt
2025-04-15 16:17:03 - Thread 1 - cb70c8c407853ef6d587b4d675616884.jpg - Skipped - Error: Failed to generate prompt
2025-04-15 16:17:03 - Thread 1 - 5aa0d9708db35f668fb64acc2dd641ae.jpg - Skipped - Error: Failed to generate prompt
2025-04-15 16:17:04 - Thread 1 - 5a87722530b44b5ffa542091013dc3c5.png - Skipped - Error: Failed to generate prompt
2025-04-15 16:17:04 - Thread 1 - 8a1c8cdc9b7d8211a71d4bc4a2eb8277.jpg - Skipped - Error: Failed to generate prompt
2025-04-15 16:17:04 - Thread 1 - 6f3d647aba5ce2fbff653fc54ec5ade4.jpg - Skipped - Error: Failed to generate prompt
2025-04-15 16:17:05 - Thread 1 - 7c6e85f8788eebb1b6d763e3a26c1cc1.jpg - Skipped - Error: Failed to generate prompt
2025-04-15 16:17:05 - Thread 1 - 515a61b6c5855d56abca84a3f232a9fe.png - Skipped - Error: Failed to generate prompt
2025-04-15 16:17:05 - Thread 1 - bcd08962e019e94d5f4ef0cadd456080.jpg - Skipped - Error: Failed to generate prompt
2025-04-15 16:17:06 - Thread 1 - ae39c5c8b413e109efa60d019a9a2b57.jpg - Skipped - Error: Failed to generate prompt
2025-04-15 16:17:08 - Thread 1 - 2823b23d936d00f0fe04451502658302.png - Skipped - Error: Failed to generate prompt
2025-04-15 16:17:08 - Thread 1 - d9d5ae860c5a4a0ea5e6e73815d4fd53.jpg - Skipped - Error: Failed to generate prompt
2025-04-15 16:17:08 - Thread 1 - a4f1941177d839bc9b6d31abdeb6d137.jpg - Skipped - Error: Failed to generate prompt
2025-04-15 16:17:09 - Thread 1 - da76b48f3b329aa01a2fb1ef7882f457.png - Skipped - Error: Failed to generate prompt
2025-04-15 16:17:09 - Thread 1 - df5d0d176e72c5cfed1310ef31ba5786.jpg - Skipped - Error: Failed to generate prompt
2025-04-15 16:17:09 - Thread 1 - 522788a87dfc876ead95d6b87366ec55.jpg - Skipped - Error: Failed to generate prompt
2025-04-15 16:17:10 - Thread 1 - 2c96a60f77d61f85afa809b3c8aa340a.jpg - Skipped - Error: Failed to generate prompt
2025-04-15 16:17:13 - Thread 1 - b5d1e875cc81a2250c6b5804020b6038.jpg - Skipped - Error: Failed to generate prompt
2025-04-15 16:17:14 - Thread 1 - df3c52a27025e429e1dde638fe06074a.png - Skipped - Error: Failed to generate prompt
2025-04-15 16:17:14 - Thread 1 - 8d83439d34b45b5a7bbeab098666d894.jpg - Skipped - Error: Failed to generate prompt
2025-04-15 16:17:14 - Thread 1 - 6fc4ed402725efe2e8cbbebc2c30ab7e.jpg - Skipped - Error: Failed to generate prompt
2025-04-15 16:17:14 - Thread 1 - 05f0770585a8da4ed623af7379d69ec8.jpg - Skipped - Error: Failed to generate prompt
2025-04-15 16:17:15 - Thread 1 - 00874bf4d8ff498010351fb56108fd60.jpg - Skipped - Error: Failed to generate prompt
2025-04-15 16:17:15 - Thread 1 - cd047d966e93cdd2d05f5c48a66ffff9.jpg - Skipped - Error: Failed to generate prompt
2025-04-15 16:17:15 - Thread 1 - feed2ea7e65d5e344cd942763704aba1.png - Skipped - Error: Failed to generate prompt
2025-04-15 16:17:16 - Thread 1 - aea2cfbeea3cf5a3046901addd78f4be.jpg - Skipped - Error: Failed to generate prompt
2025-04-15 16:17:16 - Thread 1 - f646654a5f7fd0c2b585e1a564e10cc8.jpg - Skipped - Error: Failed to generate prompt
2025-04-15 16:17:16 - Thread 1 - 8bb39d4d2129b21fa93379eb46803cfa.jpg - Skipped - Error: Failed to generate prompt
2025-04-15 16:17:17 - Thread 1 - 853c3e7a77e8e0fd5f4bf582ca0c47b0.png - Skipped - Error: Failed to generate prompt
2025-04-15 16:17:18 - Thread 1 - f9a47dc45bb5fdb278189bdf2bef114a.png - Skipped - Error: Failed to generate prompt
2025-04-15 16:17:18 - Thread 1 - bf6a3b37a816b6597536f88c26f06557.jpg - Skipped - Error: Failed to generate prompt
2025-04-15 16:17:18 - Thread 1 - c0abaebba416b6535a16b0e3e698cf81.png - Skipped - Error: Failed to generate prompt
2025-04-15 16:17:18 - Thread 1 - e9ee031a523cc88816ff45ac8545dc7d.jpg - Skipped - Error: Failed to generate prompt
2025-04-15 16:17:21 - Thread 1 - b15a1fabc4c50a726c037d1f14a3c2f5.jpg - Processed
2025-04-15 16:17:24 - Thread 1 - f56269c2d9db3c7b59745560d01032b9.jpg - Processed
2025-04-15 16:17:26 - Thread 1 - ff0d8dd2cc61b6e1e8f1d128c0cd3d85.jpg - Processed
2025-04-15 16:17:29 - Thread 1 - 6c29a9ad000015a1daf2f4788bbd4051.png - Processed
2025-04-15 16:17:31 - Thread 1 - a5fc5c66bbe848d94515c0ea59c1d7af.jpg - Processed
2025-04-15 16:17:34 - Thread 1 - 712cedd56858d3250e176fc870300b71.jpg - Processed
2025-04-15 16:17:36 - Thread 1 - cbdf7c876b48cd93fb1286afca4c2164.jpg - Processed
2025-04-15 16:17:38 - Thread 1 - 6d2511cae2e324ce2f3691ba67547f02.jpg - Processed
2025-04-15 16:17:41 - Thread 1 - 3841965ae8c8cfad9cd56f77e2f36c99.jpg - Processed
2025-04-15 16:17:43 - Thread 1 - 53279bb73a14f8d30421f74bc74020b6.jpg - Processed
2025-04-15 16:17:46 - Thread 1 - ff81c7defa718792ef1c388c993dd0a6.jpg - Processed
2025-04-15 16:17:48 - Thread 1 - 34019f98cfdd7931e7fc913e05a52a9d.jpg - Processed
2025-04-15 16:17:50 - Thread 1 - 1778c88b179869a0188496ea85930f86.jpg - Processed
2025-04-15 16:17:53 - Thread 1 - 2051030f8aa1389faa1afb58067c2ebb.jpg - Processed
2025-04-15 16:17:55 - Thread 1 - 0025341506c0e644612da09d8930ad45.jpg - Processed
2025-04-15 16:17:57 - Thread 1 - b442e18d01bab3e5bab89e5232e4b744.png - Processed
2025-04-15 16:17:58 - Thread 1 - 1ad75d37d7f05bdd51a19c8dc327175a.jpg - Skipped - Error: Failed to generate prompt
2025-04-15 16:17:58 - Thread 1 - 5af0ce2f1c4d27821088f9ff6a20814e.png - Skipped - Error: Failed to generate prompt
2025-04-15 16:17:59 - Thread 1 - 8c0dc8eb6c2ac5011bf3b678ee4adc01.png - Skipped - Error: Failed to generate prompt
2025-04-15 16:17:59 - Thread 1 - 7fd50ffdff9febbc9591171a5cf78029.jpg - Skipped - Error: Failed to generate prompt
2025-04-15 16:17:59 - Thread 1 - 410e15cd425b8377f9ca7f9579851cac.jpg - Skipped - Error: Failed to generate prompt
2025-04-15 16:17:59 - Thread 1 - 7be8da8a17704e7dd9b4dc5070cf1416.jpg - Skipped - Error: Failed to generate prompt
2025-04-15 16:18:00 - Thread 1 - d9679b6f347515efabb940d7c8e12ccd.jpg - Skipped - Error: Failed to generate prompt
2025-04-15 16:18:00 - Thread 1 - 447b9a73c11d12f1babb46a5857b727d.jpg - Skipped - Error: Failed to generate prompt
2025-04-15 16:18:00 - Thread 1 - cb7e416cbe9f9b592deaa3cd67868a04.jpg - Skipped - Error: Failed to generate prompt
2025-04-15 16:18:01 - Thread 1 - 16198b8dd10438a0904325c945f21440.jpg - Skipped - Error: Failed to generate prompt
2025-04-15 16:18:01 - Thread 1 - 8de7bac8aa4e647ac095c4a006628f3c.jpg - Skipped - Error: Failed to generate prompt
2025-04-15 16:18:01 - Thread 1 - 804f595d08cc0b6df6f0676e1b711f31.jpg - Skipped - Error: Failed to generate prompt
2025-04-15 16:18:01 - Thread 1 - 00dadbc16c002996aca983a112e264fc.jpg - Skipped - Error: Failed to generate prompt
2025-04-15 16:18:02 - Thread 1 - 5bcf141882357c8ea2ea3a5adad1536d.jpg - Skipped - Error: Failed to generate prompt
2025-04-15 16:18:02 - Thread 1 - 385b3b1e834fccdff0e597ae9f34a82a.jpg - Skipped - Error: Failed to generate prompt
2025-04-15 16:18:03 - Thread 1 - 08e2f38a041aa377aac5fd4b49b115c0.jpg - Skipped - Error: Failed to generate prompt
2025-04-15 16:18:03 - Thread 1 - b1a8e9dca65818253993ed69f4f2980a.jpg - Skipped - Error: Failed to generate prompt
2025-04-15 16:18:03 - Thread 1 - 0a07c22f870f69e461bbdf65ebe89d9b.png - Skipped - Error: Failed to generate prompt
2025-04-15 16:18:03 - Thread 1 - 2aa74832da61ab9b061084ac1a157ec2.jpg - Skipped - Error: Failed to generate prompt
2025-04-15 16:18:04 - Thread 1 - 33665f2ead3e40f52283250dbd31dd3d.jpg - Skipped - Error: Failed to generate prompt
2025-04-15 16:18:05 - Thread 1 - 08c36abc664413a8bcff436baba83f22.png - Skipped - Error: Failed to generate prompt
2025-04-15 16:18:05 - Thread 1 - 8f1f448f2175ec42d05f0a14d04bb3e1.jpg - Skipped - Error: Failed to generate prompt
2025-04-15 16:18:05 - Thread 1 - 8a0bc723354866954f0066b78cdf2efd.jpg - Skipped - Error: Failed to generate prompt
2025-04-15 16:18:05 - Thread 1 - 43dac38647bd7308f5c8b68c2e9de15c.jpg - Skipped - Error: Failed to generate prompt
2025-04-15 16:18:06 - Thread 1 - cd68ed35ef16234971957f8e5706c99b.jpg - Skipped - Error: Failed to generate prompt
2025-04-15 16:18:06 - Thread 1 - 23e1ab52e425d35b67cb025fc095d6ec.jpg - Skipped - Error: Failed to generate prompt
2025-04-15 16:18:06 - Thread 1 - 05c2beb660226149a5f0bf41e097caff.jpg - Skipped - Error: Failed to generate prompt
2025-04-15 16:18:07 - Thread 1 - e58a0619be64cc1c64a3c1067f07b7d1.png - Skipped - Error: Failed to generate prompt
2025-04-15 16:18:07 - Thread 1 - a8506f7cb882d62ad1adaaee5c2aa315.png - Skipped - Error: Failed to generate prompt
2025-04-15 16:18:07 - Thread 1 - 8de19ad437b23c47706f6f6285e22363.jpg - Skipped - Error: Failed to generate prompt
2025-04-15 16:18:07 - Thread 1 - 3dc4161990d0417d0e2673170182dd7e.jpg - Skipped - Error: Failed to generate prompt
2025-04-15 16:18:08 - Thread 1 - 7aab7e0ec66d66794a1aff47f9623374.png - Skipped - Error: Failed to generate prompt
2025-04-15 16:18:08 - Thread 1 - 09d98f842cb11c26386754976ac1f3a3.jpg - Skipped - Error: Failed to generate prompt
2025-04-15 16:18:08 - Thread 1 - 9eba2e392c220e63a7052ecc9485e134.jpg - Skipped - Error: Failed to generate prompt
2025-04-15 16:18:08 - Thread 1 - a62d032f8f889e8954031c4d17b12c45.jpg - Skipped - Error: Failed to generate prompt
2025-04-15 16:18:09 - Thread 1 - 815d043df507b5034c20fb4b67a1d856.jpg - Skipped - Error: Failed to generate prompt
2025-04-15 16:18:09 - Thread 1 - 6d293320e9c57641d57e15b91bf4eb35.png - Skipped - Error: Failed to generate prompt
2025-04-15 16:18:09 - Thread 1 - 6146a2c24c1ad6135c3edbcb821d3991.jpg - Skipped - Error: Failed to generate prompt
2025-04-15 16:18:10 - Thread 1 - 27553762333c34844f4969c76e1b1090.jpg - Skipped - Error: Failed to generate prompt
2025-04-15 16:18:10 - Thread 1 - 2535dad56097e351ee6b06df552a9db5.jpg - Skipped - Error: Failed to generate prompt
2025-04-15 16:18:10 - Thread 1 - 494babaa4193b14618cf7e8293a1a462.jpg - Skipped - Error: Failed to generate prompt
2025-04-15 16:18:10 - Thread 1 - 2621ade2c5349f3bb2872acf82734866.jpg - Skipped - Error: Failed to generate prompt
2025-04-15 16:18:11 - Thread 1 - 8f57ec255d23740caeb7c272ba259e45.jpg - Skipped - Error: Failed to generate prompt
2025-04-15 16:18:11 - Thread 1 - ff82122c58fa55d8071b85458e71d7db.jpg - Skipped - Error: Failed to generate prompt
2025-04-15 16:18:11 - Thread 1 - f197652a2acbb79fc43e5d6e406e820e.jpg - Skipped - Error: Failed to generate prompt
2025-04-15 16:18:11 - Thread 1 - cbbf2d7f0960facb0ad7b40a09f41912.png - Skipped - Error: Failed to generate prompt
2025-04-15 16:18:12 - Thread 1 - 84df9cf8e55f7816d5e6a898518eac19.jpg - Skipped - Error: Failed to generate prompt
2025-04-15 16:18:12 - Thread 1 - 496cb30e5caf379259a6b0647777c7de.jpg - Skipped - Error: Failed to generate prompt
2025-04-15 16:18:12 - Thread 1 - 22df1f06ee632d16f8963c8756960af1.jpg - Skipped - Error: Failed to generate prompt
2025-04-15 16:18:13 - Thread 1 - e1d1c4022a21e84f1462cfdda751c6c6.jpg - Skipped - Error: Failed to generate prompt
2025-04-15 16:18:13 - Thread 1 - 6de9d8c60a34917c90eaf20179a82239.png - Skipped - Error: Failed to generate prompt
2025-04-15 16:18:13 - Thread 1 - 4f8580bd07fca935ec67168592a13168.jpg - Skipped - Error: Failed to generate prompt
2025-04-15 16:18:13 - Thread 1 - 3007c888c9c551fc36a23c1421f21031.jpg - Skipped - Error: Failed to generate prompt
2025-04-15 16:18:14 - Thread 1 - 6a7298f40a4839fdf95023098e113864.jpg - Skipped - Error: Failed to generate prompt
2025-04-15 16:18:14 - Thread 1 - 8c463a126456225ecef09e0558d85a19.jpg - Skipped - Error: Failed to generate prompt
2025-04-15 16:18:14 - Thread 1 - 588069962f07c1e0da4ab80e2a1e877c.jpg - Skipped - Error: Failed to generate prompt
2025-04-15 16:18:15 - Thread 1 - 8d2f285b81a88455c03a3a96cf07d22a.png - Skipped - Error: Failed to generate prompt
2025-04-15 16:18:15 - Thread 1 - 7f22fef31f44a9dfc573a2972f0f5b81.jpg - Skipped - Error: Failed to generate prompt
2025-04-15 16:18:15 - Thread 1 - 9d5959cd596c1181c69bf013ca041f74.png - Skipped - Error: Failed to generate prompt
2025-04-15 16:18:15 - Thread 1 - e54fc67196e3f13fb209dc1180b91342.jpg - Skipped - Error: Failed to generate prompt
2025-04-15 16:18:16 - Thread 1 - 45ab0ec97a022629e7bb73a6571a19ce.jpg - Skipped - Error: Failed to generate prompt
2025-04-15 16:18:16 - Thread 1 - 490dee2a8ba9f6b368dd6c128361c040.jpg - Skipped - Error: Failed to generate prompt
2025-04-15 16:18:16 - Thread 1 - 3be09cc7983e17cbdc6d069669b8a5bc.jpg - Skipped - Error: Failed to generate prompt
2025-04-15 16:18:17 - Thread 1 - 2730c7878962fb5ddee8e0e8314931a9.jpg - Skipped - Error: Failed to generate prompt
2025-04-15 16:19:05 - Thread 1 - 5baa8b23eedbf023a2f14e92fd56ccc0.jpg - Processed
2025-04-15 16:19:07 - Thread 1 - 27691ced335e54fbd813cc2a841c199f.jpg - Processed
2025-04-15 16:19:10 - Thread 1 - f216360ac08e19504b9c8cc47ebc0916.jpg - Processed
2025-04-15 16:19:13 - Thread 1 - cc2ff73fae53b13f2fc9af7e88298894.jpg - Processed
2025-04-15 16:19:16 - Thread 1 - cb70c8c407853ef6d587b4d675616884.jpg - Processed
2025-04-15 16:19:19 - Thread 1 - 5aa0d9708db35f668fb64acc2dd641ae.jpg - Processed
2025-04-15 16:19:21 - Thread 1 - 5a87722530b44b5ffa542091013dc3c5.png - Processed
2025-04-15 16:19:24 - Thread 1 - 8a1c8cdc9b7d8211a71d4bc4a2eb8277.jpg - Processed
2025-04-15 16:19:26 - Thread 1 - 6f3d647aba5ce2fbff653fc54ec5ade4.jpg - Processed
2025-04-15 16:19:28 - Thread 1 - 7c6e85f8788eebb1b6d763e3a26c1cc1.jpg - Processed
2025-04-15 16:19:31 - Thread 1 - 515a61b6c5855d56abca84a3f232a9fe.png - Processed
2025-04-15 16:19:33 - Thread 1 - bcd08962e019e94d5f4ef0cadd456080.jpg - Processed
2025-04-15 16:19:35 - Thread 1 - ae39c5c8b413e109efa60d019a9a2b57.jpg - Processed
2025-04-15 16:19:40 - Thread 1 - 2823b23d936d00f0fe04451502658302.png - Processed
2025-04-15 16:19:43 - Thread 1 - d9d5ae860c5a4a0ea5e6e73815d4fd53.jpg - Processed
2025-04-15 16:19:46 - Thread 1 - a4f1941177d839bc9b6d31abdeb6d137.jpg - Processed
2025-04-15 16:19:48 - Thread 1 - da76b48f3b329aa01a2fb1ef7882f457.png - Processed
2025-04-15 16:19:51 - Thread 1 - df5d0d176e72c5cfed1310ef31ba5786.jpg - Processed
2025-04-15 16:19:53 - Thread 1 - 522788a87dfc876ead95d6b87366ec55.jpg - Processed
2025-04-15 16:19:55 - Thread 1 - 2c96a60f77d61f85afa809b3c8aa340a.jpg - Processed
2025-04-15 16:20:02 - Thread 1 - b5d1e875cc81a2250c6b5804020b6038.jpg - Processed
2025-04-15 16:20:04 - Thread 1 - df3c52a27025e429e1dde638fe06074a.png - Processed
2025-04-15 16:20:05 - Thread 1 - 8d83439d34b45b5a7bbeab098666d894.jpg - Skipped - Error: Failed to generate prompt
2025-04-15 16:20:05 - Thread 1 - 6fc4ed402725efe2e8cbbebc2c30ab7e.jpg - Skipped - Error: Failed to generate prompt
2025-04-15 16:20:05 - Thread 1 - 05f0770585a8da4ed623af7379d69ec8.jpg - Skipped - Error: Failed to generate prompt
2025-04-15 16:20:06 - Thread 1 - 00874bf4d8ff498010351fb56108fd60.jpg - Skipped - Error: Failed to generate prompt
2025-04-15 16:20:06 - Thread 1 - cd047d966e93cdd2d05f5c48a66ffff9.jpg - Skipped - Error: Failed to generate prompt
2025-04-15 16:20:07 - Thread 1 - feed2ea7e65d5e344cd942763704aba1.png - Skipped - Error: Failed to generate prompt
2025-04-15 16:20:07 - Thread 1 - aea2cfbeea3cf5a3046901addd78f4be.jpg - Skipped - Error: Failed to generate prompt
2025-04-15 16:20:07 - Thread 1 - f646654a5f7fd0c2b585e1a564e10cc8.jpg - Skipped - Error: Failed to generate prompt
2025-04-15 16:20:08 - Thread 1 - 8bb39d4d2129b21fa93379eb46803cfa.jpg - Skipped - Error: Failed to generate prompt
2025-04-15 16:20:09 - Thread 1 - 853c3e7a77e8e0fd5f4bf582ca0c47b0.png - Skipped - Error: Failed to generate prompt
2025-04-15 16:20:10 - Thread 1 - f9a47dc45bb5fdb278189bdf2bef114a.png - Skipped - Error: Failed to generate prompt
2025-04-15 16:20:11 - Thread 1 - bf6a3b37a816b6597536f88c26f06557.jpg - Skipped - Error: Failed to generate prompt
2025-04-15 16:20:11 - Thread 1 - c0abaebba416b6535a16b0e3e698cf81.png - Skipped - Error: Failed to generate prompt
2025-04-15 16:20:12 - Thread 1 - e9ee031a523cc88816ff45ac8545dc7d.jpg - Skipped - Error: Failed to generate prompt
2025-04-15 16:20:12 - Thread 1 - 1ad75d37d7f05bdd51a19c8dc327175a.jpg - Skipped - Error: Failed to generate prompt
2025-04-15 16:20:13 - Thread 1 - 5af0ce2f1c4d27821088f9ff6a20814e.png - Skipped - Error: Failed to generate prompt
2025-04-15 16:20:13 - Thread 1 - 8c0dc8eb6c2ac5011bf3b678ee4adc01.png - Skipped - Error: Failed to generate prompt
2025-04-15 16:20:14 - Thread 1 - 7fd50ffdff9febbc9591171a5cf78029.jpg - Skipped - Error: Failed to generate prompt
2025-04-15 16:20:14 - Thread 1 - 410e15cd425b8377f9ca7f9579851cac.jpg - Skipped - Error: Failed to generate prompt
2025-04-15 16:20:15 - Thread 1 - 7be8da8a17704e7dd9b4dc5070cf1416.jpg - Skipped - Error: Failed to generate prompt
2025-04-15 16:20:15 - Thread 1 - d9679b6f347515efabb940d7c8e12ccd.jpg - Skipped - Error: Failed to generate prompt
2025-04-15 16:20:16 - Thread 1 - 447b9a73c11d12f1babb46a5857b727d.jpg - Skipped - Error: Failed to generate prompt
2025-04-15 16:20:16 - Thread 1 - cb7e416cbe9f9b592deaa3cd67868a04.jpg - Skipped - Error: Failed to generate prompt
2025-04-15 16:20:16 - Thread 1 - 16198b8dd10438a0904325c945f21440.jpg - Skipped - Error: Failed to generate prompt
2025-04-15 16:20:17 - Thread 1 - 8de7bac8aa4e647ac095c4a006628f3c.jpg - Skipped - Error: Failed to generate prompt
2025-04-15 16:20:17 - Thread 1 - 804f595d08cc0b6df6f0676e1b711f31.jpg - Skipped - Error: Failed to generate prompt
2025-04-15 16:20:18 - Thread 1 - 00dadbc16c002996aca983a112e264fc.jpg - Skipped - Error: Failed to generate prompt
2025-04-15 16:20:19 - Thread 1 - 5bcf141882357c8ea2ea3a5adad1536d.jpg - Skipped - Error: Failed to generate prompt
2025-04-15 16:20:21 - Thread 1 - 385b3b1e834fccdff0e597ae9f34a82a.jpg - Processed
2025-04-15 16:20:21 - Thread 1 - 08e2f38a041aa377aac5fd4b49b115c0.jpg - Skipped - Error: Failed to generate prompt
2025-04-15 16:20:24 - Thread 1 - b1a8e9dca65818253993ed69f4f2980a.jpg - Processed
2025-04-15 16:20:27 - Thread 1 - 0a07c22f870f69e461bbdf65ebe89d9b.png - Processed
2025-04-15 16:20:30 - Thread 1 - 2aa74832da61ab9b061084ac1a157ec2.jpg - Processed
2025-04-15 16:20:33 - Thread 1 - 33665f2ead3e40f52283250dbd31dd3d.jpg - Processed
2025-04-15 16:20:36 - Thread 1 - 08c36abc664413a8bcff436baba83f22.png - Processed
2025-04-15 16:20:39 - Thread 1 - 8f1f448f2175ec42d05f0a14d04bb3e1.jpg - Processed
2025-04-15 16:20:42 - Thread 1 - 8a0bc723354866954f0066b78cdf2efd.jpg - Processed
2025-04-15 16:20:45 - Thread 1 - 43dac38647bd7308f5c8b68c2e9de15c.jpg - Processed
2025-04-15 16:20:48 - Thread 1 - cd68ed35ef16234971957f8e5706c99b.jpg - Processed
2025-04-15 16:20:51 - Thread 1 - 23e1ab52e425d35b67cb025fc095d6ec.jpg - Processed
2025-04-15 16:20:53 - Thread 1 - 05c2beb660226149a5f0bf41e097caff.jpg - Processed
2025-04-15 16:20:56 - Thread 1 - e58a0619be64cc1c64a3c1067f07b7d1.png - Processed
2025-04-15 16:20:58 - Thread 1 - a8506f7cb882d62ad1adaaee5c2aa315.png - Processed
2025-04-15 16:21:01 - Thread 1 - 8de19ad437b23c47706f6f6285e22363.jpg - Processed
2025-04-15 16:21:04 - Thread 1 - 3dc4161990d0417d0e2673170182dd7e.jpg - Processed
2025-04-15 16:21:04 - Thread 1 - 7aab7e0ec66d66794a1aff47f9623374.png - Skipped - Error: Failed to generate prompt
2025-04-15 16:21:05 - Thread 1 - 09d98f842cb11c26386754976ac1f3a3.jpg - Skipped - Error: Failed to generate prompt
2025-04-15 16:21:05 - Thread 1 - 9eba2e392c220e63a7052ecc9485e134.jpg - Skipped - Error: Failed to generate prompt
2025-04-15 16:21:06 - Thread 1 - a62d032f8f889e8954031c4d17b12c45.jpg - Skipped - Error: Failed to generate prompt
2025-04-15 16:21:06 - Thread 1 - 815d043df507b5034c20fb4b67a1d856.jpg - Skipped - Error: Failed to generate prompt
2025-04-15 16:21:06 - Thread 1 - 6d293320e9c57641d57e15b91bf4eb35.png - Skipped - Error: Failed to generate prompt
2025-04-15 16:21:07 - Thread 1 - 6146a2c24c1ad6135c3edbcb821d3991.jpg - Skipped - Error: Failed to generate prompt
2025-04-15 16:21:07 - Thread 1 - 27553762333c34844f4969c76e1b1090.jpg - Skipped - Error: Failed to generate prompt
2025-04-15 16:21:08 - Thread 1 - 2535dad56097e351ee6b06df552a9db5.jpg - Skipped - Error: Failed to generate prompt
2025-04-15 16:21:08 - Thread 1 - 494babaa4193b14618cf7e8293a1a462.jpg - Skipped - Error: Failed to generate prompt
2025-04-15 16:21:09 - Thread 1 - 2621ade2c5349f3bb2872acf82734866.jpg - Skipped - Error: Failed to generate prompt
2025-04-15 16:21:09 - Thread 1 - 8f57ec255d23740caeb7c272ba259e45.jpg - Skipped - Error: Failed to generate prompt
2025-04-15 16:21:16 - Thread 1 - ff82122c58fa55d8071b85458e71d7db.jpg - Skipped - Error: Failed to generate prompt
2025-04-15 16:21:17 - Thread 1 - f197652a2acbb79fc43e5d6e406e820e.jpg - Skipped - Error: Failed to generate prompt
2025-04-15 16:21:17 - Thread 1 - cbbf2d7f0960facb0ad7b40a09f41912.png - Skipped - Error: Failed to generate prompt
2025-04-15 16:21:18 - Thread 1 - 84df9cf8e55f7816d5e6a898518eac19.jpg - Skipped - Error: Failed to generate prompt
2025-04-15 16:21:18 - Thread 1 - 496cb30e5caf379259a6b0647777c7de.jpg - Skipped - Error: Failed to generate prompt
2025-04-15 16:21:21 - Thread 1 - 22df1f06ee632d16f8963c8756960af1.jpg - Processed
2025-04-15 16:21:23 - Thread 1 - e1d1c4022a21e84f1462cfdda751c6c6.jpg - Processed
2025-04-15 16:21:25 - Thread 1 - 6de9d8c60a34917c90eaf20179a82239.png - Processed
2025-04-15 16:21:28 - Thread 1 - 4f8580bd07fca935ec67168592a13168.jpg - Processed
2025-04-15 16:21:31 - Thread 1 - 3007c888c9c551fc36a23c1421f21031.jpg - Processed
2025-04-15 16:21:34 - Thread 1 - 6a7298f40a4839fdf95023098e113864.jpg - Processed
2025-04-15 16:21:37 - Thread 1 - 8c463a126456225ecef09e0558d85a19.jpg - Processed
2025-04-15 16:21:40 - Thread 1 - 588069962f07c1e0da4ab80e2a1e877c.jpg - Processed
2025-04-15 16:21:43 - Thread 1 - 8d2f285b81a88455c03a3a96cf07d22a.png - Processed
2025-04-15 16:21:45 - Thread 1 - 7f22fef31f44a9dfc573a2972f0f5b81.jpg - Processed
2025-04-15 16:21:48 - Thread 1 - 9d5959cd596c1181c69bf013ca041f74.png - Processed
2025-04-15 16:21:51 - Thread 1 - e54fc67196e3f13fb209dc1180b91342.jpg - Processed
2025-04-15 16:21:54 - Thread 1 - 45ab0ec97a022629e7bb73a6571a19ce.jpg - Processed
2025-04-15 16:21:56 - Thread 1 - 490dee2a8ba9f6b368dd6c128361c040.jpg - Processed
2025-04-15 16:21:59 - Thread 1 - 3be09cc7983e17cbdc6d069669b8a5bc.jpg - Processed
2025-04-15 16:22:01 - Thread 1 - 2730c7878962fb5ddee8e0e8314931a9.jpg - Processed
2025-04-15 16:26:29 - Thread 1 - 8d83439d34b45b5a7bbeab098666d894.jpg - Processed
2025-04-15 16:26:32 - Thread 1 - 6fc4ed402725efe2e8cbbebc2c30ab7e.jpg - Processed
2025-04-15 16:26:35 - Thread 1 - 05f0770585a8da4ed623af7379d69ec8.jpg - Processed
2025-04-15 16:26:37 - Thread 1 - 00874bf4d8ff498010351fb56108fd60.jpg - Processed
2025-04-15 16:26:40 - Thread 1 - cd047d966e93cdd2d05f5c48a66ffff9.jpg - Processed
2025-04-15 16:26:42 - Thread 1 - feed2ea7e65d5e344cd942763704aba1.png - Processed
2025-04-15 16:26:45 - Thread 1 - aea2cfbeea3cf5a3046901addd78f4be.jpg - Processed
2025-04-15 16:26:47 - Thread 1 - f646654a5f7fd0c2b585e1a564e10cc8.jpg - Processed
2025-04-15 16:26:50 - Thread 1 - 8bb39d4d2129b21fa93379eb46803cfa.jpg - Processed
2025-04-15 16:26:54 - Thread 1 - 853c3e7a77e8e0fd5f4bf582ca0c47b0.png - Processed
2025-04-15 16:26:56 - Thread 1 - f9a47dc45bb5fdb278189bdf2bef114a.png - Processed
2025-04-15 16:26:58 - Thread 1 - bf6a3b37a816b6597536f88c26f06557.jpg - Processed
2025-04-15 16:27:01 - Thread 1 - c0abaebba416b6535a16b0e3e698cf81.png - Processed
2025-04-15 16:27:04 - Thread 1 - e9ee031a523cc88816ff45ac8545dc7d.jpg - Processed
2025-04-15 16:27:06 - Thread 1 - 1ad75d37d7f05bdd51a19c8dc327175a.jpg - Processed
2025-04-15 16:27:10 - Thread 1 - 5af0ce2f1c4d27821088f9ff6a20814e.png - Processed
2025-04-15 16:27:10 - Thread 1 - 8c0dc8eb6c2ac5011bf3b678ee4adc01.png - Skipped - Error: Failed to generate prompt
2025-04-15 16:27:11 - Thread 1 - 7fd50ffdff9febbc9591171a5cf78029.jpg - Skipped - Error: Failed to generate prompt
2025-04-15 16:27:11 - Thread 1 - 410e15cd425b8377f9ca7f9579851cac.jpg - Skipped - Error: Failed to generate prompt
2025-04-15 16:27:11 - Thread 1 - 7be8da8a17704e7dd9b4dc5070cf1416.jpg - Skipped - Error: Failed to generate prompt
2025-04-15 16:27:11 - Thread 1 - d9679b6f347515efabb940d7c8e12ccd.jpg - Skipped - Error: Failed to generate prompt
2025-04-15 16:27:12 - Thread 1 - 447b9a73c11d12f1babb46a5857b727d.jpg - Skipped - Error: Failed to generate prompt
2025-04-15 16:27:12 - Thread 1 - cb7e416cbe9f9b592deaa3cd67868a04.jpg - Skipped - Error: Failed to generate prompt
2025-04-15 16:27:12 - Thread 1 - 16198b8dd10438a0904325c945f21440.jpg - Skipped - Error: Failed to generate prompt
2025-04-15 16:27:12 - Thread 1 - 8de7bac8aa4e647ac095c4a006628f3c.jpg - Skipped - Error: Failed to generate prompt
2025-04-15 16:27:13 - Thread 1 - 804f595d08cc0b6df6f0676e1b711f31.jpg - Skipped - Error: Failed to generate prompt
2025-04-15 16:27:13 - Thread 1 - 00dadbc16c002996aca983a112e264fc.jpg - Skipped - Error: Failed to generate prompt
2025-04-15 16:27:13 - Thread 1 - 5bcf141882357c8ea2ea3a5adad1536d.jpg - Skipped - Error: Failed to generate prompt
2025-04-15 16:27:14 - Thread 1 - 08e2f38a041aa377aac5fd4b49b115c0.jpg - Skipped - Error: Failed to generate prompt
2025-04-15 16:27:14 - Thread 1 - 7aab7e0ec66d66794a1aff47f9623374.png - Skipped - Error: Failed to generate prompt
2025-04-15 16:27:14 - Thread 1 - 09d98f842cb11c26386754976ac1f3a3.jpg - Skipped - Error: Failed to generate prompt
2025-04-15 16:27:14 - Thread 1 - 9eba2e392c220e63a7052ecc9485e134.jpg - Skipped - Error: Failed to generate prompt
2025-04-15 16:27:15 - Thread 1 - a62d032f8f889e8954031c4d17b12c45.jpg - Skipped - Error: Failed to generate prompt
2025-04-15 16:27:15 - Thread 1 - 815d043df507b5034c20fb4b67a1d856.jpg - Skipped - Error: Failed to generate prompt
2025-04-15 16:27:15 - Thread 1 - 6d293320e9c57641d57e15b91bf4eb35.png - Skipped - Error: Failed to generate prompt
2025-04-15 16:27:16 - Thread 1 - 6146a2c24c1ad6135c3edbcb821d3991.jpg - Skipped - Error: Failed to generate prompt
2025-04-15 16:27:16 - Thread 1 - 27553762333c34844f4969c76e1b1090.jpg - Skipped - Error: Failed to generate prompt
2025-04-15 16:27:16 - Thread 1 - 2535dad56097e351ee6b06df552a9db5.jpg - Skipped - Error: Failed to generate prompt
2025-04-15 16:27:16 - Thread 1 - 494babaa4193b14618cf7e8293a1a462.jpg - Skipped - Error: Failed to generate prompt
2025-04-15 16:27:17 - Thread 1 - 2621ade2c5349f3bb2872acf82734866.jpg - Skipped - Error: Failed to generate prompt
2025-04-15 16:27:17 - Thread 1 - 8f57ec255d23740caeb7c272ba259e45.jpg - Skipped - Error: Failed to generate prompt
2025-04-15 16:27:17 - Thread 1 - ff82122c58fa55d8071b85458e71d7db.jpg - Skipped - Error: Failed to generate prompt
2025-04-15 16:27:17 - Thread 1 - f197652a2acbb79fc43e5d6e406e820e.jpg - Skipped - Error: Failed to generate prompt
2025-04-15 16:27:18 - Thread 1 - cbbf2d7f0960facb0ad7b40a09f41912.png - Skipped - Error: Failed to generate prompt
2025-04-15 16:27:18 - Thread 1 - 84df9cf8e55f7816d5e6a898518eac19.jpg - Skipped - Error: Failed to generate prompt
2025-04-15 16:27:18 - Thread 1 - 496cb30e5caf379259a6b0647777c7de.jpg - Skipped - Error: Failed to generate prompt
2025-04-15 16:28:06 - Thread 1 - 8c0dc8eb6c2ac5011bf3b678ee4adc01.png - Processed
2025-04-15 16:28:08 - Thread 1 - 7fd50ffdff9febbc9591171a5cf78029.jpg - Processed
2025-04-15 16:28:11 - Thread 1 - 410e15cd425b8377f9ca7f9579851cac.jpg - Processed
2025-04-15 16:28:13 - Thread 1 - 7be8da8a17704e7dd9b4dc5070cf1416.jpg - Processed
2025-04-15 16:28:15 - Thread 1 - d9679b6f347515efabb940d7c8e12ccd.jpg - Processed
2025-04-15 16:28:18 - Thread 1 - 447b9a73c11d12f1babb46a5857b727d.jpg - Processed
2025-04-15 16:28:20 - Thread 1 - cb7e416cbe9f9b592deaa3cd67868a04.jpg - Processed
2025-04-15 16:28:22 - Thread 1 - 16198b8dd10438a0904325c945f21440.jpg - Processed
2025-04-15 16:28:25 - Thread 1 - 8de7bac8aa4e647ac095c4a006628f3c.jpg - Processed
2025-04-15 16:28:27 - Thread 1 - 804f595d08cc0b6df6f0676e1b711f31.jpg - Processed
2025-04-15 16:28:30 - Thread 1 - 00dadbc16c002996aca983a112e264fc.jpg - Processed
2025-04-15 16:28:33 - Thread 1 - 5bcf141882357c8ea2ea3a5adad1536d.jpg - Processed
2025-04-15 16:28:35 - Thread 1 - 08e2f38a041aa377aac5fd4b49b115c0.jpg - Processed
2025-04-15 16:28:37 - Thread 1 - 7aab7e0ec66d66794a1aff47f9623374.png - Processed
2025-04-15 16:28:39 - Thread 1 - 09d98f842cb11c26386754976ac1f3a3.jpg - Processed
2025-04-15 16:28:42 - Thread 1 - 9eba2e392c220e63a7052ecc9485e134.jpg - Processed
2025-04-15 16:28:44 - Thread 1 - a62d032f8f889e8954031c4d17b12c45.jpg - Processed
2025-04-15 16:28:47 - Thread 1 - 815d043df507b5034c20fb4b67a1d856.jpg - Processed
2025-04-15 16:28:49 - Thread 1 - 6d293320e9c57641d57e15b91bf4eb35.png - Processed
2025-04-15 16:28:52 - Thread 1 - 6146a2c24c1ad6135c3edbcb821d3991.jpg - Processed
2025-04-15 16:28:54 - Thread 1 - 27553762333c34844f4969c76e1b1090.jpg - Processed
2025-04-15 16:28:57 - Thread 1 - 2535dad56097e351ee6b06df552a9db5.jpg - Processed
2025-04-15 16:28:59 - Thread 1 - 494babaa4193b14618cf7e8293a1a462.jpg - Processed
2025-04-15 16:28:59 - Thread 1 - 2621ade2c5349f3bb2872acf82734866.jpg - Skipped - Error: Failed to generate prompt
2025-04-15 16:28:59 - Thread 1 - 8f57ec255d23740caeb7c272ba259e45.jpg - Skipped - Error: Failed to generate prompt
2025-04-15 16:29:00 - Thread 1 - ff82122c58fa55d8071b85458e71d7db.jpg - Skipped - Error: Failed to generate prompt
2025-04-15 16:29:00 - Thread 1 - f197652a2acbb79fc43e5d6e406e820e.jpg - Skipped - Error: Failed to generate prompt
2025-04-15 16:29:00 - Thread 1 - cbbf2d7f0960facb0ad7b40a09f41912.png - Skipped - Error: Failed to generate prompt
2025-04-15 16:29:01 - Thread 1 - 84df9cf8e55f7816d5e6a898518eac19.jpg - Skipped - Error: Failed to generate prompt
2025-04-15 16:29:01 - Thread 1 - 496cb30e5caf379259a6b0647777c7de.jpg - Skipped - Error: Failed to generate prompt
2025-04-15 16:29:23 - Thread 1 - 2621ade2c5349f3bb2872acf82734866.jpg - Processed
2025-04-15 16:29:25 - Thread 1 - 8f57ec255d23740caeb7c272ba259e45.jpg - Processed
2025-04-15 16:29:28 - Thread 1 - ff82122c58fa55d8071b85458e71d7db.jpg - Processed
2025-04-15 16:29:30 - Thread 1 - f197652a2acbb79fc43e5d6e406e820e.jpg - Processed
2025-04-15 16:29:32 - Thread 1 - cbbf2d7f0960facb0ad7b40a09f41912.png - Processed
2025-04-15 16:29:35 - Thread 1 - 84df9cf8e55f7816d5e6a898518eac19.jpg - Processed
2025-04-15 16:29:37 - Thread 1 - 496cb30e5caf379259a6b0647777c7de.jpg - Processed
