2025-03-21 16:02:02 - Thread 1 - a6bd79f3612653e0b71c1b63efe1914b.jpg - Processed
2025-03-21 16:02:05 - Thread 1 - 8d0e39096e2f9648b7eefa6d90d501a7.jpg - Processed
2025-03-21 16:02:19 - Thread 1 - b938592cf778c67a9cb901997d836059.jpg - Processed
2025-03-21 16:02:21 - Thread 1 - c957e322a39dcf0cc3faa7456db9dd10.jpg - Processed
2025-03-21 16:02:24 - Thread 1 - 483eef41f51e54db8b09b405a00746da.png - Processed
2025-03-21 16:02:26 - Thread 1 - 10a309e3f136c5d05c70e19d7efe558b.jpg - Processed
2025-03-21 16:02:29 - Thread 1 - 4153cd46a3027218042dded6d6cbab6a.jpg - Processed
2025-03-21 16:02:31 - Thread 1 - 1aba6fc133385646f6db10445a2520c2.jpg - Processed
2025-03-21 16:02:33 - Thread 1 - 73a97ac245edc9a5ab8d6010ab99dd61.jpg - Processed
2025-03-21 16:02:35 - Thread 1 - b96e7aa0fb882774ed0f06d805e94844.jpg - Processed
2025-03-21 16:02:37 - Thread 1 - eb32819807cb1c37559b12fc4d95a5cd.jpg - Processed
2025-03-21 16:02:38 - Thread 1 - 261907adc395a2b493880642f90391d9.jpg - Processed
2025-03-21 16:02:40 - Thread 1 - 9419ca1cc7cd5b1c6125189e50ebad2f.jpg - Processed
2025-03-21 16:02:42 - Thread 1 - 0b6d51c760fbf4954af070ac068c6369.jpg - Processed
2025-03-21 16:02:45 - Thread 1 - a85170eaaa7df3ae61cc79f1f5807350.jpg - Processed
2025-03-21 16:02:47 - Thread 1 - a832d3e5547ae22cb10c702c20f64c6b.jpg - Processed
2025-03-21 16:02:49 - Thread 1 - eb27e16fbed203a329cb4d6a60e5d55d.jpg - Skipped - Error: Failed to generate prompt
2025-03-21 16:02:51 - Thread 1 - fd21d94cb5cde319d79d8d8046fd13e5.jpg - Skipped - Error: Failed to generate prompt
2025-03-21 16:02:53 - Thread 1 - 3a62400a71f68ddf7a940253ec3f6acc.jpg - Skipped - Error: Failed to generate prompt
2025-03-21 16:02:54 - Thread 1 - 2d6eb5fe08357ea3ce2cbc1a7b2b7f5d.jpg - Skipped - Error: Failed to generate prompt
2025-03-21 16:02:55 - Thread 1 - 47d74093c535aba46345664d4a1fa416.jpg - Skipped - Error: Failed to generate prompt
2025-03-21 16:02:57 - Thread 1 - 8a6d2fea22b5ca9b3fa33dbd3253ace4.jpg - Skipped - Error: Failed to generate prompt
2025-03-21 16:02:59 - Thread 1 - 6c204c45fb40d93c007f9d211daa8570.jpg - Skipped - Error: Failed to generate prompt
2025-03-21 16:03:04 - Thread 1 - 69770381513eae8d812a0e0ff03361d0.jpg - Processed
2025-03-21 16:03:06 - Thread 1 - 6f4416dc21104aaf0e69e78363b83729.jpg - Processed
2025-03-21 16:03:08 - Thread 1 - 845090646279790c23beb5a1d0cfdee6.jpg - Processed
2025-03-21 16:03:10 - Thread 1 - 94093b9ff6552155719bd99ee17ec7b8.jpg - Processed
2025-03-21 16:03:12 - Thread 1 - b26783f0ea457b76989505a570a6d6a1.jpg - Processed
2025-03-21 16:03:15 - Thread 1 - 4a3590717f3510a74afe35b40e9cc8db.jpg - Processed
2025-03-21 16:03:17 - Thread 1 - d53b27707d336044f7b61313040a935a.jpg - Processed
2025-03-21 16:03:19 - Thread 1 - da5c9edc9777d26a03c61ad6ad6216f7.jpg - Processed
2025-03-21 16:03:22 - Thread 1 - 225d907ec374fb5ce6b8879d56fc6371.jpg - Processed
2025-03-21 16:03:24 - Thread 1 - e98643f793f4e72ffe417c20727dda28.jpg - Processed
2025-03-21 16:03:26 - Thread 1 - c67bea901aae47e9a4fde4546e1aa33c.jpg - Processed
2025-03-21 16:03:28 - Thread 1 - 4a40236694352c6323981cba46dde5a9.jpg - Processed
2025-03-21 16:03:39 - Thread 1 - fb29d150fd141c7749095287e60c8451.jpg - Processed
2025-03-21 16:03:41 - Thread 1 - 8bdee0ad0d0b7be9158a72a549d5537b.jpg - Processed
2025-03-21 16:03:44 - Thread 1 - 177ae9e69eee0920ed7fb198c1eec4b6.jpg - Processed
2025-03-21 16:03:47 - Thread 1 - 552e093907d4c695c5dc4993d42f0ed7.jpg - Processed
2025-03-21 16:03:48 - Thread 1 - 2586cfcc989840cf904df1a69c0952b5.jpg - Skipped - Error: Failed to generate prompt
2025-03-21 16:03:52 - Thread 1 - bc1c9361115ab3be601e141a4ed6a346.jpg - Skipped - Error: Failed to generate prompt
2025-03-21 16:03:54 - Thread 1 - bec9e163d43e613667d6f37d18b03183.jpg - Skipped - Error: Failed to generate prompt
2025-03-21 16:03:55 - Thread 1 - 676d206f7eb650c4dc0e183a7dc54ad8.png - Skipped - Error: Failed to generate prompt
2025-03-21 16:03:57 - Thread 1 - 9e46c04db90b5930cd946fcbbef6324f.jpg - Skipped - Error: Failed to generate prompt
2025-03-21 16:03:58 - Thread 1 - eb8c4cfc8be79ee746d7af62d2bddbf2.jpg - Skipped - Error: Failed to generate prompt
2025-03-21 16:03:58 - Thread 1 - 6e4333f01f364660b67a0218455c094f.jpg - Skipped - Error: Failed to generate prompt
2025-03-21 16:04:00 - Thread 1 - 7982c2a01c860c5d40209e6ad1238ebc.jpg - Skipped - Error: Failed to generate prompt
2025-03-21 16:04:02 - Thread 1 - a465d60ff21f8db49dce7c7843f62152.jpg - Processed
2025-03-21 16:04:07 - Thread 1 - e06abc69ffb500c3b9479081c108a89a.jpg - Processed
2025-03-21 16:04:10 - Thread 1 - e645c5646508a315d76b2ec17392f989.jpg - Processed
2025-03-21 16:04:12 - Thread 1 - c8ce8fe5cc64e95bf7feaedbe395982f.png - Processed
2025-03-21 16:04:14 - Thread 1 - b15d21b4d60fab0e39cbb942670216a0.jpg - Processed
2025-03-21 16:04:17 - Thread 1 - 0c1ea1abb6eea10c5ea8e3522a57a71a.png - Processed
2025-03-21 16:04:18 - Thread 1 - 87b9e760d5974c0d68c6559e30245cb0.png - Processed
2025-03-21 16:04:22 - Thread 1 - b67f7ecb3a9bd8294cbfe72e55395ab1.png - Processed
2025-03-21 16:04:35 - Thread 1 - e8f81f0bd59f0b956de60139643e4fb4.jpg - Processed
2025-03-21 16:04:40 - Thread 1 - a342b93125451de0a8f7222becf046c8.jpg - Processed
2025-03-21 16:04:42 - Thread 1 - 13432eab50b80064538373bdbf3fba68.jpg - Processed
2025-03-21 16:04:45 - Thread 1 - 48a7e5df632a3e795df96f66a4e7d193.jpg - Processed
2025-03-21 16:04:49 - Thread 1 - 058da2b1a533edf39d44f9b3bafc264d.jpg - Processed
2025-03-21 16:04:51 - Thread 1 - f1f1e5c0a3f9fa67b29b9c4e75139e20.jpg - Processed
2025-03-21 16:04:53 - Thread 1 - 1420e8ee2bef6a7df2f12397b18451d4.jpg - Processed
2025-03-21 16:04:56 - Thread 1 - c6299ff67672c57944c5cfe378ec0b2e.jpg - Processed
2025-03-21 16:04:57 - Thread 1 - e6c0d14848c40f2ccda3da3d87199231.jpg - Skipped - Error: Failed to generate prompt
2025-03-21 16:04:58 - Thread 1 - 509331968b76f9b698a30fd3422e97df.jpg - Skipped - Error: Failed to generate prompt
2025-03-21 16:05:00 - Thread 1 - 9a4cdc0ab84ce80a76b659908da1d1f3.jpg - Skipped - Error: Failed to generate prompt
2025-03-21 16:05:03 - Thread 1 - 2c6d07a4df0f5d04dead6961ca5eded4.jpg - Processed
2025-03-21 16:05:06 - Thread 1 - eac1e62eee725350d060a87330b1e9ba.jpg - Processed
2025-03-21 16:05:09 - Thread 1 - ffede4cc73be08e29cb5b64d477e590b.jpg - Processed
2025-03-21 16:05:11 - Thread 1 - e48691b283af5b491c027a8737d18daf.jpg - Processed
2025-03-21 16:05:13 - Thread 1 - 5c4ece4ed76db2bb1edf745e0dfd0152.jpg - Processed
2025-03-21 16:05:15 - Thread 1 - c3f2656f395f823a14f7da27997b2dee.jpg - Processed
2025-03-21 16:05:18 - Thread 1 - 6442034472f773ec2f7de381b4b7725a.jpg - Processed
2025-03-21 16:05:22 - Thread 1 - 16092ec38dbca58ba044c5e25dcfa539.jpg - Processed
2025-03-21 16:05:24 - Thread 1 - 1319dc427f8b454e38cccec8f0e5079a.jpg - Processed
2025-03-21 16:05:27 - Thread 1 - 69975a9a72a7d19b98cab8f126aba6b9.jpg - Processed
2025-03-21 16:05:29 - Thread 1 - 9851b389a150295354eeb0f5b69601a5.jpg - Processed
2025-03-21 16:05:31 - Thread 1 - 3b2c7983d4f1a8bf0ab5adb0f2d7bab0.jpg - Processed
2025-03-21 16:05:33 - Thread 1 - 7640e39c3bcbcc2ad21bfe55cc03f756.jpg - Processed
2025-03-21 16:05:35 - Thread 1 - d3aef0b6e19b724d5a7697adb8745709.jpg - Processed
2025-03-21 16:05:37 - Thread 1 - 98cc9636b1d1dc28e42a8ce464cd3e7e.jpg - Processed
2025-03-21 16:05:38 - Thread 1 - 451b3e48102ba08760f764bdf33e124f.png - Processed
2025-03-21 16:05:40 - Thread 1 - 513f66a28fb2e9f651d96ca60dd23821.jpg - Skipped - Error: Failed to generate prompt
2025-03-21 16:05:40 - Thread 1 - a4656e3bc81694eb2622e122d9af8c81.jpg - Skipped - Error: Failed to generate prompt
2025-03-21 16:05:42 - Thread 1 - bae655634bebe0abd517e0870ce8c9f1.jpg - Skipped - Error: Failed to generate prompt
2025-03-21 16:05:43 - Thread 1 - 5054690842f366faea95a69284a10f76.jpg - Skipped - Error: Failed to generate prompt
2025-03-21 16:05:44 - Thread 1 - 667d1e31079dd80caa77af930ea4992d.jpg - Skipped - Error: Failed to generate prompt
2025-03-21 16:05:45 - Thread 1 - 73dd1ffc405aa0ec1651b1180a0b9e80.jpg - Skipped - Error: Failed to generate prompt
2025-03-21 16:05:47 - Thread 1 - c41b175a8be9c4eaa747f4ecff0784cc.jpg - Skipped - Error: Failed to generate prompt
2025-03-21 16:05:48 - Thread 1 - fe64653ce89f74a9894fec57f46e7de4.jpg - Skipped - Error: Failed to generate prompt
2025-03-21 16:05:50 - Thread 1 - 5d9f28500bc3f7baea73b2d326464b03.jpg - Skipped - Error: Failed to generate prompt
2025-03-21 16:05:50 - Thread 1 - 01d9765b2d7a291adde069be90d432b8.jpg - Skipped - Error: Failed to generate prompt
2025-03-21 16:05:51 - Thread 1 - 7272733558e6db51546bf3e5b0500301.png - Skipped - Error: Failed to generate prompt
2025-03-21 16:05:53 - Thread 1 - 6a6c2772e2a5985132e58abffd3d453c.jpg - Skipped - Error: Failed to generate prompt
2025-03-21 16:05:54 - Thread 1 - 70dae8b59d23495e9002e799568421b1.jpg - Skipped - Error: Failed to generate prompt
2025-03-21 16:05:56 - Thread 1 - f3e279a30870ec95a189b9e32a25014d.jpg - Skipped - Error: Failed to generate prompt
2025-03-21 16:06:03 - Thread 1 - d5622ae4395156c081ea617a102c6298.jpg - Processed
2025-03-21 16:06:06 - Thread 1 - 999c4d4d8116caad462c6c20d91ec53d.jpg - Processed
2025-03-21 16:06:08 - Thread 1 - 50abd9e118620bcfa0ac79848aab8281.png - Processed
2025-03-21 16:06:10 - Thread 1 - a724bf9288633ce11b45a817aef15e61.gif - Processed
2025-03-21 16:06:13 - Thread 1 - b135b8dc3e9f14ed9a283e29fcefa632.jpg - Processed
2025-03-21 16:06:16 - Thread 1 - c7886564203a6e72ec38a41785cdfc43.jpg - Processed
2025-03-21 16:06:20 - Thread 1 - ceada1408c459af0030bf84ef66cf7c4.jpg - Processed
2025-03-21 16:06:23 - Thread 1 - e900ca0a31a5509d698b191bd5a428a8.jpg - Processed
2025-03-21 16:06:25 - Thread 1 - fc4fb2b055f61fc326afd6f9ddd60d37.jpg - Processed
2025-03-21 16:06:28 - Thread 1 - 281e599b2a160255dca89e47372c6cc7.png - Processed
2025-03-21 16:06:32 - Thread 1 - 5b6b36a44204b65a9fd73a33f2a999ae.png - Processed
2025-03-21 16:06:34 - Thread 1 - 11e1714e2033b5cf1ccefacfd35614b2.jpg - Processed
2025-03-21 16:06:36 - Thread 1 - 4ab21771cc28b9e85ebf49d783e5a55f.png - Processed
2025-03-21 16:06:39 - Thread 1 - 8023bd4ecc634bd7b9c7591987369a8e.jpg - Processed
2025-03-21 16:06:41 - Thread 1 - ddefb9d47a2c6508ae12e78693f0afc0.jpg - Processed
2025-03-21 16:06:47 - Thread 1 - ee03664c1b2926e25a60aafed9419cde.png - Processed
2025-03-21 16:06:49 - Thread 1 - d00a50236f466a26cf1497364d5153f7.jpg - Skipped - Error: Failed to generate prompt
2025-03-21 16:06:51 - Thread 1 - b1ea8e89670e22b2ee187b8775b4d93e.jpg - Skipped - Error: Failed to generate prompt
2025-03-21 16:06:52 - Thread 1 - cce30cbe5952600c13593ebe974033ee.jpg - Skipped - Error: Failed to generate prompt
2025-03-21 16:06:55 - Thread 1 - 7c7e5ce9b408bca699b5edc3e906ed6f.jpg - Skipped - Error: Failed to generate prompt
2025-03-21 16:06:57 - Thread 1 - e6f0def49c70002991d051dc38dbb866.jpg - Skipped - Error: Failed to generate prompt
2025-03-21 16:06:59 - Thread 1 - 4f77e179fbae4b0327149212d05098f1.jpg - Skipped - Error: Failed to generate prompt
2025-03-21 16:07:00 - Thread 1 - 76ebb507aa813e60a48827abe952c997.jpg - Skipped - Error: Failed to generate prompt
2025-03-21 16:07:03 - Thread 1 - 44fa01f2dd875e229ccdaa2d29d50047.jpg - Processed
2025-03-21 16:07:07 - Thread 1 - 46baea2c6a0da1cc3d0b6cb96eb1d807.jpg - Processed
2025-03-21 16:07:09 - Thread 1 - 1daf688824ec2ec779dd5494d1bb3a36.jpg - Processed
2025-03-21 16:07:12 - Thread 1 - 195c044a98079495344d7bee600d78ab.jpg - Processed
2025-03-21 16:07:18 - Thread 1 - c7422d5db3053d2d0b66274f5d4771c7.jpg - Processed
2025-03-21 16:07:22 - Thread 1 - abf167211208d0daf35189e5b4be4c78.jpg - Processed
2025-03-21 16:07:27 - Thread 1 - ed0bf68d2be37580949f5e8ace456c2e.jpg - Processed
2025-03-21 16:07:34 - Thread 1 - 027707f76aefbff11bcfb5ac4b25d511.jpg - Processed
2025-03-21 16:07:38 - Thread 1 - e462f01ef753cb0d149767d38e1e95e9.jpg - Processed
2025-03-21 16:07:41 - Thread 1 - 49c5be493cc9ed9e056a218958f08cec.jpg - Processed
2025-03-21 16:07:43 - Thread 1 - fcb384375d1be4bc82c810c638742a33.jpg - Processed
2025-03-21 16:07:46 - Thread 1 - af937f66bd8d88f2621067c6e574f161.png - Processed
2025-03-21 16:07:48 - Thread 1 - 291400b50378e7cda4cbc71189e81fc2.jpg - Processed
2025-03-21 16:07:50 - Thread 1 - 64e3a769bd58b81909c1413099b3eafd.jpg - Processed
2025-03-21 16:07:53 - Thread 1 - 447188a1ea2cb15cb358a44be67d473c.jpg - Processed
2025-03-21 16:07:56 - Thread 1 - 41effd4c7bd4f2fa7dfb4f0463a8502c.jpg - Processed
2025-03-21 16:07:57 - Thread 1 - fb19aed18e3d84a90a7c07ee8d65f1e7.jpg - Skipped - Error: Failed to generate prompt
2025-03-21 16:07:58 - Thread 1 - 3f00f92b1c28a53ad149c11fb5f881d6.png - Skipped - Error: Failed to generate prompt
2025-03-21 16:08:00 - Thread 1 - 20ffdddce6a042d626ac5bef97ff0480.jpg - Skipped - Error: Failed to generate prompt
2025-03-21 16:08:01 - Thread 1 - b9ea95b6398126be440e86add9801c16.jpg - Skipped - Error: Failed to generate prompt
2025-03-21 16:08:03 - Thread 1 - 208d07a17e5c1fe2ce09f02ba3da08f4.jpg - Processed
2025-03-21 16:08:07 - Thread 1 - f207dc15bc32484f78acde49c3a51114.jpg - Processed
2025-03-21 16:08:09 - Thread 1 - 87e17d1f95c1f5da3be1c7e32fb69b14.jpg - Processed
2025-03-21 16:08:11 - Thread 1 - 93b950760f1417a294ee9918afec4463.jpg - Processed
2025-03-21 16:08:16 - Thread 1 - 403e59839f00803cdfd81c75c131af24.jpg - Processed
2025-03-21 16:08:17 - Thread 1 - 18f3874f705a6bb655b225c5ceb6a992.jpg - Processed
2025-03-21 16:08:21 - Thread 1 - e6d0454cb7acffda4c17033a7821d564.jpg - Processed
2025-03-21 16:08:22 - Thread 1 - 72bdb933175d3e31cab808322b2177fe.jpg - Processed
2025-03-21 16:08:25 - Thread 1 - fdbdd3137be8dc207e4faee211b180e8.jpg - Processed
2025-03-21 16:08:28 - Thread 1 - c1ed5c7d713c45aa13d110e3a1e0fd02.jpg - Processed
2025-03-21 16:08:30 - Thread 1 - 966a482f5fe4fbb769d5ce4e44fe5b57.jpg - Processed
2025-03-21 16:08:31 - Thread 1 - 9dc6b1d08bbe8e2128688fb60c88bd5e.jpg - Processed
2025-03-21 16:08:34 - Thread 1 - b0a418ca04cb768d7ddee4c01b662ed7.jpg - Processed
2025-03-21 16:08:41 - Thread 1 - 2c6a92aa3c4b3b7f606efebf23ced32b.jpg - Processed
2025-03-21 16:08:43 - Thread 1 - cba50a57dd39f2b59674a8855e42ca6f.jpg - Processed
2025-03-21 16:08:47 - Thread 1 - 024efa3ebbd15e98e6815a369d9d907c.jpg - Processed
2025-03-21 16:08:51 - Thread 1 - 5a4e4633c81f45be4759d8e292ef606c.jpg - Skipped - Error: Failed to generate prompt
2025-03-21 16:08:51 - Thread 1 - 57aaa9616fb37b3a00181970626f8ddb.jpg - Skipped - Error: Failed to generate prompt
2025-03-21 16:08:53 - Thread 1 - e6be6feca225177a84718cdf9bc8a82c.jpg - Skipped - Error: Failed to generate prompt
2025-03-21 16:08:54 - Thread 1 - 54a3ae610c02d9093c2af2eb21508654.jpg - Skipped - Error: Failed to generate prompt
2025-03-21 16:08:56 - Thread 1 - 2e751f9ae54b712518531b1f879e08d6.jpg - Skipped - Error: Failed to generate prompt
2025-03-21 16:08:57 - Thread 1 - d44c9cc0a9dc0507e30eb0a1c339013f.jpg - Skipped - Error: Failed to generate prompt
2025-03-21 16:08:58 - Thread 1 - 595d357070aca88ceae5545f7c6ea39a.jpg - Skipped - Error: Failed to generate prompt
2025-03-21 16:08:59 - Thread 1 - 2ac087f3b3a4247814254f2ddeef04ee.jpg - Skipped - Error: Failed to generate prompt
2025-03-21 16:09:00 - Thread 1 - 8aa01608765a73a0b557dd26a1a509c2.jpg - Skipped - Error: Failed to generate prompt
2025-03-21 16:09:03 - Thread 1 - e9dc757da36d8bc496d4c324bd1684da.jpg - Processed
2025-03-21 16:09:06 - Thread 1 - 0729106a9b5ad4893d4dc3f9f4e488de.jpg - Processed
2025-03-21 16:09:11 - Thread 1 - 63cc3854a9ed072cef7b31c83e91739a.jpg - Processed
2025-03-21 16:09:15 - Thread 1 - 0573f53acdc012b0416f2e0dc050a75f.jpg - Processed
2025-03-21 16:09:18 - Thread 1 - 950bcf496cb8e25e18e651d2f75b9028.png - Processed
2025-03-21 16:09:22 - Thread 1 - 60ac15ca7e3b1440816a1297f5c47f61.jpg - Processed
2025-03-21 16:09:25 - Thread 1 - ee81266a622615fbee9299026d9de6a9.jpg - Processed
2025-03-21 16:09:27 - Thread 1 - 95f9473100bf865c6f4ceed6a255de0d.png - Processed
2025-03-21 16:09:30 - Thread 1 - 97d62e4348430054f806b62ee1e20cb3.jpg - Processed
2025-03-21 16:09:33 - Thread 1 - f6555b21793620be49de63648038884e.jpg - Processed
2025-03-21 16:09:35 - Thread 1 - 946604e719a6c5221f45b042c5efceb9.png - Processed
2025-03-21 16:09:37 - Thread 1 - d877158c013d70f17c2f7c7029e39184.jpg - Processed
2025-03-21 16:09:40 - Thread 1 - 3621c7b8dd5e5d3f98696ab44ec825ed.jpg - Processed
2025-03-21 16:09:43 - Thread 1 - 585242c15e8fe0348d9c8ba010bb1e99.jpg - Processed
2025-03-21 16:09:46 - Thread 1 - 859864e5014a82834cf0136f25b500fe.jpg - Processed
2025-03-21 16:09:50 - Thread 1 - c746b633f4db61206a88a95005e67835.jpg - Processed
2025-03-21 16:09:52 - Thread 1 - c69dcb16d7bbf322d304e450961a0820.jpg - Skipped - Error: Failed to generate prompt
2025-03-21 16:09:53 - Thread 1 - 5d121b068e891d75eb02c4c8758aa7d5.jpg - Skipped - Error: Failed to generate prompt
2025-03-21 16:09:55 - Thread 1 - 99833d33fa7aef80f69df452015fb182.jpg - Skipped - Error: Failed to generate prompt
2025-03-21 16:09:56 - Thread 1 - b42f60e460d7e03d6239a1116f86fefe.jpg - Skipped - Error: Failed to generate prompt
2025-03-21 16:09:57 - Thread 1 - ccb6308130d724176826b2e56409472f.png - Skipped - Error: Failed to generate prompt
2025-03-21 16:09:58 - Thread 1 - 06a93d4dc872a0659cf605e57d6c93d3.jpg - Skipped - Error: Failed to generate prompt
2025-03-21 16:10:11 - Thread 1 - d38a9e729cd9826bf9d4aa29644f44ba.jpg - Processed
2025-03-21 16:10:12 - Thread 1 - 9e8f303230a79a719218c8304ea9707a.png - Processed
2025-03-21 16:10:15 - Thread 1 - 70a804e79b6237eb4c2128dac604888d.png - Processed
2025-03-21 16:10:16 - Thread 1 - b4731c9bd9228e406487354815867057.jpg - Processed
2025-03-21 16:10:19 - Thread 1 - 1688b1ea59e643461a436df72548c57a.jpg - Processed
2025-03-21 16:10:22 - Thread 1 - 2a3a1452fbb9c842408dc54bcf00fcf7.jpg - Processed
2025-03-21 16:10:24 - Thread 1 - 3fdb57aceb1bc8bea3f51ddd869b18a4.jpg - Processed
2025-03-21 16:10:27 - Thread 1 - 8d6d1c40cea619696c6bd41e39b76d5b.jpg - Processed
2025-03-21 16:10:32 - Thread 1 - 13c8991880453511488a32cd5b480060.png - Processed
2025-03-21 16:10:35 - Thread 1 - 6de7b3607c8fa9f70b168be0ecb2de4d.jpg - Processed
2025-03-21 16:10:36 - Thread 1 - 3669b08189db6861361a3c0658ab1913.jpg - Processed
2025-03-21 16:10:39 - Thread 1 - 245cdb39a187c9c535159674eeab71cb.jpg - Processed
2025-03-21 16:10:50 - Thread 1 - 492238617d88b96cd8257ba2736c4a3e.jpg - Processed
2025-03-21 16:10:51 - Thread 1 - 977ec8fc5ea1a45526f7cecf50b86de7.jpg - Processed
2025-03-21 16:10:54 - Thread 1 - feb7eb5487facb8a259140662b98ca0c.jpg - Processed
2025-03-21 16:10:57 - Thread 1 - 8fd6cbed9fa913fe118ebf5c224f0ab4.png - Processed
2025-03-21 16:10:59 - Thread 1 - 24fbc93a415429a3d31ba9161ae842ec.jpg - Skipped - Error: Failed to generate prompt
2025-03-21 16:11:00 - Thread 1 - 8c87837ca9db52aa3fe02dcc40a52788.png - Skipped - Error: Failed to generate prompt
2025-03-21 16:11:01 - Thread 1 - 26b92e5f9da765a6ebd36d6b47482d5c.jpg - Skipped - Error: Failed to generate prompt
2025-03-21 16:11:03 - Thread 1 - f08c9c67f9cf1d42577abcc8e7e676eb.jpg - Processed
2025-03-21 16:11:06 - Thread 1 - 0820cf69eeb997bb0678df7e0a1a6b78.jpg - Processed
2025-03-21 16:11:08 - Thread 1 - 9dddb9dac2e9f81ccdc038309ebc9687.jpg - Processed
2025-03-21 16:11:09 - Thread 1 - d6a2bac0e4c5d7cf965792be707f8477.jpg - Processed
2025-03-21 16:11:16 - Thread 1 - e8f5b6ac1ea3ec10962ca97ec404dbec.jpg - Processed
2025-03-21 16:11:18 - Thread 1 - 06945027ff229987a485dbc2d2a97659.jpg - Processed
2025-03-21 16:11:20 - Thread 1 - 9501fbab4bdf3239d358cf9aee0c6a11.jpg - Processed
2025-03-21 16:11:23 - Thread 1 - 9f91abec9ec3708beb1fd2e0420f99fd.jpg - Processed
2025-03-21 16:11:25 - Thread 1 - 523616b47d4e074b7e573a414c259eec.jpg - Processed
2025-03-21 16:11:27 - Thread 1 - 04945a2f6573609e98cd76246d0deb57.jpg - Processed
2025-03-21 16:11:29 - Thread 1 - 7fa1181464bab92a244741e1db0c1e7d.jpg - Processed
2025-03-21 16:11:33 - Thread 1 - 25317cbe33c4d3e53cb70a4a89711a52.jpg - Processed
2025-03-21 16:11:35 - Thread 1 - d078862b1b007fb7b8e6586d5a5d55cf.jpg - Processed
2025-03-21 16:11:37 - Thread 1 - d8bfd270982882e939a48ab489c0df04.jpg - Processed
2025-03-21 16:11:38 - Thread 1 - 96d7c9547e8e47d332b657278e058381.jpg - Processed
2025-03-21 16:11:41 - Thread 1 - 81f4379313291f5753ac8c52b0b1e98d.jpg - Processed
2025-03-21 16:11:42 - Thread 1 - 5bb7546399ed3adb3195c5173587354e.jpg - Skipped - Error: Failed to generate prompt
2025-03-21 16:11:43 - Thread 1 - 3b1783a27e31da4e664d07cad008ff01.jpg - Skipped - Error: Failed to generate prompt
2025-03-21 16:11:51 - Thread 1 - 894956d0c8c2d8018777f8ec7404e60f.png - Skipped - Error: Failed to generate prompt
2025-03-21 16:11:53 - Thread 1 - c64acac783fef226297e22e0f67b6b01.jpg - Skipped - Error: Failed to generate prompt
2025-03-21 16:11:55 - Thread 1 - 30b875d8190e22e82271e2c8366879af.png - Skipped - Error: Failed to generate prompt
2025-03-21 16:11:56 - Thread 1 - e8d90383ebcb927d55bf36b84f0e4abb.jpg - Skipped - Error: Failed to generate prompt
2025-03-21 16:11:57 - Thread 1 - bf19f5423d08a3307e1ad07c71fdeb27.jpg - Skipped - Error: Failed to generate prompt
2025-03-21 16:11:59 - Thread 1 - 2e8457d7811ce46ee5934b189e7b8c81.jpg - Skipped - Error: Failed to generate prompt
2025-03-21 16:12:00 - Thread 1 - b191671293d006136cf1b6f4db6a3710.png - Skipped - Error: Failed to generate prompt
2025-03-21 16:12:01 - Thread 1 - f7e725757e19cae3e1648251af06d7d6.png - Skipped - Error: Failed to generate prompt
2025-03-21 16:12:04 - Thread 1 - 542039d50f55430d75636ababb13a79b.jpg - Processed
2025-03-21 16:12:07 - Thread 1 - 8c30a045766da7f0f8e844386d39e581.jpg - Processed
2025-03-21 16:12:14 - Thread 1 - 1635fa629e851db776ed6f10bb56ee95.jpg - Processed
2025-03-21 16:12:22 - Thread 1 - 42923a456750758f9f54d86b5d3e95d1.jpg - Processed
2025-03-21 16:12:24 - Thread 1 - e07b9c41fe8a2e621440c404bcbd2af8.jpg - Processed
2025-03-21 16:12:28 - Thread 1 - b02fd15f385ce9cd869bed293d5f43a5.png - Processed
2025-03-21 16:12:30 - Thread 1 - 00920cf30a6fe3a7bb0a3f01891cfcf8.jpg - Processed
2025-03-21 16:12:32 - Thread 1 - 92ae54ccdeb82b49c84a1bd2ee8f6ba7.png - Processed
2025-03-21 16:12:36 - Thread 1 - 0804078b7d764c2ba404792ec724ddd0.jpg - Processed
2025-03-21 16:12:38 - Thread 1 - 35d1a503f259a90b234f12226d03382f.jpg - Processed
2025-03-21 16:12:46 - Thread 1 - 3df84b7d2376ae4e5cf8e4c77bded54a.jpg - Processed
2025-03-21 16:12:49 - Thread 1 - cdf4f7e824a40b45d99b8c95ccfdd40a.jpg - Processed
2025-03-21 16:12:59 - Thread 1 - 115cd16c505a4bb6377a01377f47869d.jpg - Processed
2025-03-21 16:13:02 - Thread 1 - ad6cc2b8fa5708974d2b3605a8892f73.jpg - Processed
2025-03-21 16:13:05 - Thread 1 - d26603118122f903fbfd4b7777dacb8e.jpg - Processed
2025-03-21 16:13:08 - Thread 1 - e9c26771bbeab768b4611f27280b2b67.jpg - Processed
2025-03-21 16:13:09 - Thread 1 - 7b57f0a36aead02878279104344cacf7.jpg - Processed
2025-03-21 16:13:11 - Thread 1 - cf92400c48ebb6c6091b0477ce69946d.jpg - Processed
2025-03-21 16:13:15 - Thread 1 - 1325622168f7f32e0c9e469788dc6c94.jpg - Processed
2025-03-21 16:13:18 - Thread 1 - 710119c6635b371e570164fcd5512cd8.jpg - Processed
2025-03-21 16:13:22 - Thread 1 - 07fec348883d8b4e460f4cfbe51de914.jpg - Processed
2025-03-21 16:13:26 - Thread 1 - 6741a65207c598639fdf1ddbcd3561c0.jpg - Processed
2025-03-21 16:13:34 - Thread 1 - 2b1e29317a6d9e318850a9dd16d20d4d.png - Processed
2025-03-21 16:13:36 - Thread 1 - 33620ce1ee4472787df9abdd42657c62.jpg - Processed
2025-03-21 16:13:38 - Thread 1 - 161b5e82ac957bbc9ee35496d9186a62.jpg - Processed
2025-03-21 16:13:40 - Thread 1 - 10a37619d2dead8c3b46e842ac710bb9.jpg - Processed
2025-03-21 16:13:47 - Thread 1 - ceb397c11ac047cb1f8573b68a6b3bdc.jpg - Processed
2025-03-21 16:13:49 - Thread 1 - 0e5bbefcfa89356a3764d6df850bf868.jpg - Processed
2025-03-21 16:13:52 - Thread 1 - 4c9dc73f79b31a29ba5b167c7553b500.jpg - Processed
2025-03-21 16:13:53 - Thread 1 - 70964ceb6e08d4bf2d650fff9cf78e1c.png - Skipped - Error: Failed to generate prompt
2025-03-21 16:13:56 - Thread 1 - 3616ebd25ea3e8498f7a1f0f7a391cfe.jpg - Skipped - Error: Failed to generate prompt
2025-03-21 16:13:58 - Thread 1 - c548c83d70a0b59b3fcf13cb77640c7f.jpg - Skipped - Error: Failed to generate prompt
2025-03-21 16:14:02 - Thread 1 - 356779d521862a603033b1db13dae9c8.jpg - Processed
2025-03-21 16:14:06 - Thread 1 - e0290bb8f7173113319bcd3b23806c81.jpg - Processed
2025-03-21 16:14:08 - Thread 1 - 4e14b8989be93cf583c73661c7de584e.jpg - Processed
2025-03-21 16:14:12 - Thread 1 - 2b0f7ff9de611134c21ee09609ea603a.jpg - Processed
2025-03-21 16:14:14 - Thread 1 - 54109e8373214d4ca8c21addf2130422.jpg - Processed
2025-03-21 16:14:17 - Thread 1 - 1b02c69633b29ce7b8f2d92aeb3dbbaa.jpg - Processed
2025-03-21 16:14:20 - Thread 1 - 68ec5a8d844d978025e41250956f70b3.jpg - Processed
2025-03-21 16:14:22 - Thread 1 - 10ef7b12d1c5d080ecfd0540002cd534.png - Processed
2025-03-21 16:14:24 - Thread 1 - a8fcd17457e9819b983d7b79ee49067c.jpg - Processed
2025-03-21 16:14:27 - Thread 1 - 0a17002dea6325761a018596933bd1d1.jpg - Processed
2025-03-21 16:14:29 - Thread 1 - 88ea01affa220fceb6ca1f350a04fd28.png - Processed
2025-03-21 16:14:32 - Thread 1 - 60b57d8af495e4eb133ac3e08164c320.png - Processed
2025-03-21 16:14:35 - Thread 1 - c21e6ca7f493e600278f43f123295b79.jpg - Processed
2025-03-21 16:14:37 - Thread 1 - 8b8c71520cab5ca9490de6e30e7745b0.jpg - Processed
2025-03-21 16:14:41 - Thread 1 - 36ea88cc6da0277f98574e124dfef3bc.jpg - Processed
2025-03-21 16:14:54 - Thread 1 - f59aad9d23c45808c56c26f56d57c950.jpg - Processed
2025-03-21 16:14:58 - Thread 1 - 31bf630a30599286e24788d773e7c2c4.png - Skipped - Error: Failed to generate prompt
2025-03-21 16:14:59 - Thread 1 - 05b459778efb2bd20ef477607cfa5253.jpg - Skipped - Error: Failed to generate prompt
2025-03-21 16:15:00 - Thread 1 - cefbfb45d98146c1f7a11f92818e5aa8.png - Skipped - Error: Failed to generate prompt
2025-03-21 16:15:03 - Thread 1 - a257be7ae191df6e431f13b8c9f6efd9.png - Processed
2025-03-21 16:15:03 - Thread 1 - 416f88d899300b51dbaf0a7a0e8f07fe.jpg - Skipped - Error: Failed to generate prompt
2025-03-21 16:15:06 - Thread 1 - 00e82f45f9e90287e8ab066651b16a90.jpg - Processed
2025-03-21 16:15:07 - Thread 1 - 7fba050356e848e7595db527c9ae6feb.png - Processed
2025-03-21 16:15:09 - Thread 1 - 54f7bfbc34c4a4c433be53cafd24c400.png - Processed
2025-03-21 16:15:12 - Thread 1 - 3442501021c162d1aff502ffe90e2903.jpg - Processed
2025-03-21 16:15:15 - Thread 1 - fe837ffd3a4be76e23f83be5330710c4.jpg - Processed
2025-03-21 16:15:19 - Thread 1 - cb01e1e33e2aaa88de0a79861478d88d.jpg - Processed
2025-03-21 16:15:21 - Thread 1 - 9148e8527596685bbffb8c30db5e17c3.jpg - Processed
2025-03-21 16:15:23 - Thread 1 - c6dfacfe5a06b753028dcd72e547f267.jpg - Processed
2025-03-21 16:15:31 - Thread 1 - c517e2aba9bfd407721d9d27026e4b95.jpg - Processed
2025-03-21 16:15:34 - Thread 1 - 60b9c1f8ce586952323e70a923667239.jpg - Processed
2025-03-21 16:15:36 - Thread 1 - 2c56e454677e214acc22c24cc265fed5.jpg - Processed
2025-03-21 16:15:39 - Thread 1 - 8d6e307e6532cda80f4061ec523ebefe.jpg - Processed
2025-03-21 16:15:41 - Thread 1 - f7c1f0caa9639e570b7026abfaca2c0c.jpg - Processed
2025-03-21 16:15:44 - Thread 1 - 87e2e7bc62ad7d410799b061d522805c.jpg - Processed
2025-03-21 16:15:47 - Thread 1 - f58049f45088ec332ff5e71d7e31c44a.jpg - Processed
2025-03-21 16:15:48 - Thread 1 - 66508932f5347165ae6768264001894e.jpg - Skipped - Error: Failed to generate prompt
2025-03-21 16:15:50 - Thread 1 - e8d3e43860a02cd780a577361cc40ff4.jpg - Skipped - Error: Failed to generate prompt
2025-03-21 16:15:52 - Thread 1 - 55f88e97f8249696c83c067ffdbb17be.jpg - Skipped - Error: Failed to generate prompt
2025-03-21 16:15:54 - Thread 1 - aa4635e191304a4ac1c95f47471aaeb9.png - Skipped - Error: Failed to generate prompt
2025-03-21 16:15:55 - Thread 1 - 79a967ca4b8d929f3e52253edced66d5.jpg - Skipped - Error: Failed to generate prompt
2025-03-21 16:16:04 - Thread 1 - 71531e938e710f3270d8202356b504c9.png - Processed
2025-03-21 16:16:05 - Thread 1 - 9d6eae98ab3f1fc001d7136493a86c0f.jpg - Processed
2025-03-21 16:16:09 - Thread 1 - ffcf484f0a01524f98af487de55af514.jpg - Processed
2025-03-21 16:16:11 - Thread 1 - f791162a85c45388e4eb61ffa9d9e620.jpg - Processed
2025-03-21 16:16:15 - Thread 1 - a6dacf460f493c257cdbf5c2fe191364.jpg - Processed
2025-03-21 16:16:17 - Thread 1 - 58c51e827d54c3e727a95775a916b067.jpg - Processed
2025-03-21 16:16:21 - Thread 1 - d55e636b512f1e5e5e389096233ec4d6.jpg - Processed
2025-03-21 16:16:24 - Thread 1 - d0631bca683a4730364c3bf6156f8080.jpg - Processed
2025-03-21 16:16:32 - Thread 1 - 4091b6e1f1434e11da44b510b88d1a64.jpg - Processed
2025-03-21 16:16:33 - Thread 1 - 4709f57d07747f3af13023f9ec223451.jpg - Processed
2025-03-21 16:16:35 - Thread 1 - e8ebd9a201e562a55f7ee9a12dcce363.jpg - Processed
2025-03-21 16:16:37 - Thread 1 - 399ef6b28c02fa6bd95ea3e8532a9af0.jpg - Processed
2025-03-21 16:16:42 - Thread 1 - d403d5545a9e7223cdc422a32ad626ae.jpg - Processed
2025-03-21 16:16:45 - Thread 1 - ee9531c441c7d3e0de69e61e11b26a9f.jpg - Processed
2025-03-21 16:16:47 - Thread 1 - fc7d270d2fd3faf6db550e65c897be15.jpg - Processed
2025-03-21 16:16:49 - Thread 1 - bce81fd8161f5ec0d452639d107f11e0.jpg - Processed
2025-03-21 16:16:57 - Thread 1 - 0ec5ebe058774fc5050dfc031eadda80.jpg - Skipped - Error: Failed to generate prompt
2025-03-21 16:16:59 - Thread 1 - 434ffe756d5c05578ea1efb2367755ed.jpg - Skipped - Error: Failed to generate prompt
2025-03-21 16:17:01 - Thread 1 - 6b71630a192ee27d195fd37e5128a53a.jpg - Skipped - Error: Failed to generate prompt
2025-03-21 16:17:04 - Thread 1 - fea5f0da18e8b48ba10b4aac34dd9f69.jpg - Processed
2025-03-21 16:17:07 - Thread 1 - 8c0f9849bf0b2ba23b6d49fdb1b74d14.jpg - Processed
2025-03-21 16:17:10 - Thread 1 - af65c5c5c71665af4a0f8a4d4e8127e6.jpg - Processed
2025-03-21 16:17:13 - Thread 1 - 04f3d0bf4a1afe73300599a37be6395c.jpg - Processed
2025-03-21 16:17:15 - Thread 1 - 63d57414e0d3574cc114a45e8dd76d8a.png - Processed
2025-03-21 16:17:18 - Thread 1 - 1cfb810fcf249cf3b2942a9427f52c99.jpg - Processed
2025-03-21 16:17:22 - Thread 1 - 91713fca6e507b54349d732825eb2044.jpg - Processed
2025-03-21 16:17:23 - Thread 1 - 1cce9082eb4a3137d7019af1a010c796.jpg - Processed
2025-03-21 16:17:25 - Thread 1 - 547ad606597f2aa8e53a7018527978f3.jpg - Processed
2025-03-21 16:17:28 - Thread 1 - e75d3b7ed84b09fa821c5a481c10c268.jpg - Processed
2025-03-21 16:17:31 - Thread 1 - 26b8dd9c815ea081baf351d17080f916.jpg - Processed
2025-03-21 16:17:41 - Thread 1 - dedfb101cc74f2852610d442c6b4117e.png - Processed
2025-03-21 16:17:43 - Thread 1 - d5f39ec03d4df075ab52b009ae364f6e.jpg - Processed
2025-03-21 16:17:47 - Thread 1 - deb8f9395919996a90f1406a0858914d.jpg - Processed
2025-03-21 16:17:49 - Thread 1 - 2d318dbb2f72ce0757c83ed79db1c83a.jpg - Processed
2025-03-21 16:17:52 - Thread 1 - 6766a067f744aa643baef77ef783ab17.jpg - Processed
2025-03-21 16:17:54 - Thread 1 - 9150b3c5eae712653b8eeb3684cfce63.jpg - Skipped - Error: Failed to generate prompt
2025-03-21 16:17:56 - Thread 1 - 226467ae2b73b46478e6c992532265c5.png - Skipped - Error: Failed to generate prompt
2025-03-21 16:18:00 - Thread 1 - ee09f58e856586161e3067cc815d4bf2.jpg - Skipped - Error: Failed to generate prompt
2025-03-21 16:18:05 - Thread 1 - 06b41f947ecf26f8b67448ca06a6de98.jpg - Processed
2025-03-21 16:18:08 - Thread 1 - 0b9b44237961896643e4f0a760c9b454.jpg - Processed
2025-03-21 16:18:10 - Thread 1 - f4a4ae1fbc9e3160a752aeea2e8d7c78.jpg - Processed
2025-03-21 16:18:12 - Thread 1 - 7be772459ac2ead382548eca1c1d7cde.jpg - Processed
2025-03-21 16:18:15 - Thread 1 - 82658a853d5465ee13c33d18e8c43df9.jpg - Processed
2025-03-21 16:18:17 - Thread 1 - c8ebe1c1195fb33d432fb071693545ad.jpg - Processed
2025-03-21 16:18:20 - Thread 1 - 7c19a407f6f5116468425b39c683a2dd.jpg - Processed
2025-03-21 16:18:23 - Thread 1 - a09b6511ad226541c685c5d454fc2465.jpg - Processed
2025-03-21 16:18:26 - Thread 1 - 9fb37eba50d6d81c1bcd3e397cefabe7.jpg - Processed
2025-03-21 16:18:31 - Thread 1 - fb14d599998641683d0484232f83a96e.jpg - Processed
2025-03-21 16:18:33 - Thread 1 - 28f3bad3826fb651086757bd0abae3e8.jpg - Processed
2025-03-21 16:18:35 - Thread 1 - eebe65f0ebabded7cee2829afae28478.png - Processed
2025-03-21 16:18:36 - Thread 1 - b78cce1e42a5cacd9689b6ec499ed2f6.jpg - Processed
2025-03-21 16:18:39 - Thread 1 - 7bc8734e817f869148a088960b6cee6d.jpg - Processed
2025-03-21 16:18:44 - Thread 1 - 1482a944019e5953ba9cfbb5b5760828.jpg - Processed
2025-03-21 16:18:47 - Thread 1 - 94e4d53c48f808222abc0e673ddfa7a4.png - Processed
2025-03-21 16:18:48 - Thread 1 - 88b361203274f98ee8a840d2607c3a1e.jpg - Skipped - Error: Failed to generate prompt
2025-03-21 16:18:50 - Thread 1 - 6d031f88aa5be899a7b292d117d4c837.jpg - Skipped - Error: Failed to generate prompt
2025-03-21 16:18:51 - Thread 1 - 447ddddbc8f88ea2b512b5a62efd1419.jpg - Skipped - Error: Failed to generate prompt
2025-03-21 16:18:52 - Thread 1 - 118f6fbd61e684eb13d9616a6220e5b0.jpg - Skipped - Error: Failed to generate prompt
2025-03-21 16:18:53 - Thread 1 - 44e31def8d01d98f8edeeb5679a1207c.jpg - Skipped - Error: Failed to generate prompt
2025-03-21 16:18:54 - Thread 1 - ab3c4505fbdf99604a692c9edcb2656f.jpg - Skipped - Error: Failed to generate prompt
2025-03-21 16:18:55 - Thread 1 - 24b4d593e33d3722075d15edd6a4bc19.jpg - Skipped - Error: Failed to generate prompt
2025-03-21 16:18:59 - Thread 1 - 92de14782c7f65bc7f41d2bc96d47c8f.jpg - Skipped - Error: Failed to generate prompt
2025-03-21 16:19:03 - Thread 1 - d92a8d415ba7d4608ef0acd8ab7c3a0f.jpg - Processed
2025-03-21 16:19:06 - Thread 1 - f4fc6528944d758beb7743bd0bbc62b2.jpg - Processed
2025-03-21 16:19:14 - Thread 1 - 76b8d01f0f5533b4f9477b6a017e010c.jpg - Processed
2025-03-21 16:19:16 - Thread 1 - 13741c78cd1ad993b889e667cfc1e9c3.jpg - Processed
2025-03-21 16:19:18 - Thread 1 - e8b8ab598b26680222b6b3edc0ee6909.jpg - Processed
2025-03-21 16:19:21 - Thread 1 - 83227456087abe21702bba51bd9c99eb.jpg - Processed
2025-03-21 16:19:26 - Thread 1 - 1edd07a6bece894a1e12a4e33ac8d39a.jpg - Processed
2025-03-21 16:19:28 - Thread 1 - a9b7e6160f0006416bb0f80d3701add3.jpg - Processed
2025-03-21 16:19:31 - Thread 1 - 6dcc0e693dd48a4b383556881dec0d2b.jpg - Processed
2025-03-21 16:19:34 - Thread 1 - 26f371161c1032668c292254743101a9.jpg - Processed
2025-03-21 16:19:37 - Thread 1 - f79ce6bee3d5c2246ac56f32ff82c8b9.jpg - Processed
2025-03-21 16:19:40 - Thread 1 - 202729f5ee56a07d0f98c18e6830c68c.jpg - Processed
2025-03-21 16:19:42 - Thread 1 - e653a1404413e7b4aff7181dad81d4d8.jpg - Processed
2025-03-21 16:19:45 - Thread 1 - 6af3ba829be86e9169cc7e7e2744f43a.jpg - Processed
2025-03-21 16:19:48 - Thread 1 - 12885d09d3532bdb4c08d9420b56c4fb.png - Processed
2025-03-21 16:19:49 - Thread 1 - a4e6562d2ed41b9edae1ac6fb9567a00.jpg - Processed
2025-03-21 16:19:50 - Thread 1 - 9b270a401a32e2368c8f5c22d542d8eb.jpg - Skipped - Error: Failed to generate prompt
2025-03-21 16:19:53 - Thread 1 - d09bcfa6217368658a7f6879e1759198.jpg - Skipped - Error: Failed to generate prompt
2025-03-21 16:19:54 - Thread 1 - a2f65035bfd4de55f947e7f7a4cb28ed.png - Skipped - Error: Failed to generate prompt
2025-03-21 16:19:56 - Thread 1 - 40a641042868f1a5bb77b44ee41d788e.jpg - Skipped - Error: Failed to generate prompt
2025-03-21 16:20:13 - Thread 1 - f8f1b011cd37e7e7736c46585f1ea64f.png - Processed
2025-03-21 16:20:15 - Thread 1 - 96ab02b497d499e0f7bfb719c1afb156.png - Processed
2025-03-21 16:20:18 - Thread 1 - e501be4e5977f2a4f254c052b12b1f1f.jpg - Processed
2025-03-21 16:20:28 - Thread 1 - c75f88a66dc68bcb6663e189324dcfb7.jpg - Processed
2025-03-21 16:20:30 - Thread 1 - 433d09e87519622a884e681672e2bb56.jpg - Processed
2025-03-21 16:20:32 - Thread 1 - 917b81d2f56caf1ebf7a82e3db8b0a85.jpg - Processed
2025-03-21 16:20:35 - Thread 1 - e8e5aa98a405dbb0471306ca92497433.jpg - Processed
2025-03-21 16:20:37 - Thread 1 - 945bb89e7e9512fe921c75b6b77753b0.jpg - Processed
2025-03-21 16:20:41 - Thread 1 - 2e1b4602fa0867c26e5c8ac91fbaf7e2.jpg - Processed
2025-03-21 16:20:44 - Thread 1 - c1a85e923b44c084635a90ab30202214.jpg - Processed
2025-03-21 16:20:46 - Thread 1 - 5f3d733eab273c12bf7b068e36c65cf1.jpg - Processed
2025-03-21 16:20:49 - Thread 1 - 452d379bd5b4a4cbf7c5b020d93c5619.jpg - Processed
2025-03-21 16:20:51 - Thread 1 - a55982d82da87d4cef267392252349ca.jpg - Processed
2025-03-21 16:20:54 - Thread 1 - 8e52d1e6bdc96043c162f9e4987be571.jpg - Processed
2025-03-21 16:21:02 - Thread 1 - 2dff48ea2f701ed4893ceb7665077598.jpg - Processed
2025-03-21 16:21:05 - Thread 1 - d7aaed8fd82f9d0d313214b68f67117e.jpg - Processed
2025-03-21 16:21:07 - Thread 1 - 71c284db7aebc57d0e4876d7cbb60fd3.jpg - Processed
2025-03-21 16:21:17 - Thread 1 - c8396170feab878e532fa244d3de1596.jpg - Processed
2025-03-21 16:21:19 - Thread 1 - af6e6684251e70a2f64f1fbadd66a21a.jpg - Processed
2025-03-21 16:21:21 - Thread 1 - 60ab632bdb22e0c8126b58d5da1bae59.jpg - Processed
2025-03-21 16:21:25 - Thread 1 - dcbab4a17ff9fb406cafb8834809c224.jpg - Processed
2025-03-21 16:21:27 - Thread 1 - 1c60f21393b9739d62f53c672ea7a93b.jpg - Processed
2025-03-21 16:21:29 - Thread 1 - 0631f0a1385278e1c088927121159796.jpg - Processed
2025-03-21 16:21:31 - Thread 1 - 91e32e62e3780245e86cec0279814651.png - Processed
2025-03-21 16:21:34 - Thread 1 - a24b8e22f31d3da2504a31df9b913803.png - Processed
2025-03-21 16:21:37 - Thread 1 - 6ab0b5f9533e566d26d6449fb157dbad.jpg - Processed
2025-03-21 16:21:42 - Thread 1 - 7ebafd74e0c58f11bfae8210ade2b549.png - Processed
2025-03-21 16:21:43 - Thread 1 - 301523ffe7810c30dd4efe25a9f61cb5.jpg - Processed
2025-03-21 16:21:46 - Thread 1 - 7bb79bacef63cbc9d47df183c441af67.jpg - Processed
2025-03-21 16:21:49 - Thread 1 - 9a2c23516b7c7efde6414b7e2af9e1c7.jpg - Processed
2025-03-21 16:21:54 - Thread 1 - 6f4e805ceb6360ffbdceece1e5975997.jpg - Processed
2025-03-21 16:21:55 - Thread 1 - 78c94121388719a8520a31ae29010c35.jpg - Skipped - Error: Failed to generate prompt
2025-03-21 16:21:57 - Thread 1 - ee97de90f95a285113fbc7b9c0732d1d.jpg - Skipped - Error: Failed to generate prompt
2025-03-21 16:21:58 - Thread 1 - 04a8234a7d26fe945ecd50f993d6094c.jpg - Skipped - Error: Failed to generate prompt
2025-03-21 16:22:00 - Thread 1 - 1d3cea69502a864ec71bbafd98c4ea3d.jpg - Skipped - Error: Failed to generate prompt
2025-03-21 16:22:02 - Thread 1 - 30a8117c181acca236085bca6c8140dd.jpg - Skipped - Error: Failed to generate prompt
2025-03-21 16:22:11 - Thread 1 - b0e6d924090a213186d65a1768b6e37b.png - Processed
2025-03-21 16:22:14 - Thread 1 - ccfee5a91701078549fda9b127099b5f.jpg - Processed
2025-03-21 16:22:28 - Thread 1 - e9e69590d35ca12663f69c5c3833401f.jpg - Processed
2025-03-21 16:22:31 - Thread 1 - 7058ed7e603c715fb004875d130709bd.jpg - Processed
2025-03-21 16:22:34 - Thread 1 - 26491b30ceb1e0316e36bfd8b0573ddf.jpg - Processed
2025-03-21 16:22:36 - Thread 1 - 5e9be0c32294feb1de9cffd651e6c4ff.jpg - Processed
2025-03-21 16:22:40 - Thread 1 - 909d706169920eedc636e8b7314bf43b.png - Processed
2025-03-21 16:22:43 - Thread 1 - 6508186bac2559e1efabc2d03c1f68fa.jpg - Processed
2025-03-21 16:22:45 - Thread 1 - 062e818a6d199de39b7a62965f4a374c.jpg - Processed
2025-03-21 16:22:49 - Thread 1 - 0f875ef9b002891348bce30c2a042af7.jpg - Processed
2025-03-21 16:22:52 - Thread 1 - 18370b594b6e26a1f6da6bb29d167556.jpg - Processed
2025-03-21 16:22:56 - Thread 1 - 2d2636a95ba724ab0e0a9eb04a177116.jpg - Processed
2025-03-21 16:22:59 - Thread 1 - 3522443a2c373a586b0e8c783802bc7c.jpg - Processed
2025-03-21 16:23:04 - Thread 1 - de2154a0a38dee6b427502a8d3d8bd90.jpg - Processed
2025-03-21 16:23:05 - Thread 1 - a57d0a3d6b32d9218c3680dd53ab1f2b.jpg - Processed
2025-03-21 16:23:07 - Thread 1 - 6ec5d8b4ecc041db0e03012b50bef15e.jpg - Processed
2025-03-21 16:23:12 - Thread 1 - 0c3d878f5ae379fc16e221a4f9bef5b6.jpg - Processed
2025-03-21 16:23:15 - Thread 1 - 1ce15206978731d72be98c1a49c26b0e.jpg - Processed
2025-03-21 16:23:18 - Thread 1 - a5dafe9494173a79f1a71abb8df956ca.jpg - Processed
2025-03-21 16:23:20 - Thread 1 - 43d0e779986a7bfbe272252921328b11.jpg - Processed
2025-03-21 16:23:22 - Thread 1 - a6703137153d907ac37a1a9327cf34f7.jpg - Processed
2025-03-21 16:23:24 - Thread 1 - f0547265d7312973d00c13287de5682f.jpg - Processed
2025-03-21 16:23:26 - Thread 1 - 657ac78f84a3673a81b2caea0c63456b.jpg - Processed
2025-03-21 16:23:28 - Thread 1 - b2299861bac7768934644bd9db0264fe.jpg - Processed
2025-03-21 16:23:30 - Thread 1 - 84e917ef8b98f99f7e932b56863a64a5.jpg - Processed
2025-03-21 16:23:32 - Thread 1 - 841c697fde7c471e77267cb4063d8da1.jpg - Processed
2025-03-21 16:23:34 - Thread 1 - 01a00200642145cffe50e88979da9518.jpg - Processed
2025-03-21 16:23:36 - Thread 1 - b337ecd8faa5e26f76432a8645f80977.jpg - Processed
2025-03-21 16:23:38 - Thread 1 - 7b763b5b638daf1fb21f3d66537a3de5.jpg - Processed
2025-03-21 16:23:39 - Thread 1 - 14d191ae58a2b394949e77014f9b4d58.jpg - Skipped - Error: Failed to generate prompt
2025-03-21 16:23:40 - Thread 1 - e3ba883e2d2638384ed1293b35212296.jpg - Skipped - Error: Failed to generate prompt
2025-03-21 16:23:42 - Thread 1 - 9d1b4f349b358fa06605689f4fa3e0a2.jpg - Skipped - Error: Failed to generate prompt
2025-03-21 16:23:43 - Thread 1 - 047829cbe9a85e9acf104ff8e6ea58ed.jpg - Skipped - Error: Failed to generate prompt
2025-03-21 16:23:45 - Thread 1 - a1a28bb5dfe7a79576fe2d9291816952.jpg - Skipped - Error: Failed to generate prompt
2025-03-21 16:23:46 - Thread 1 - 6ec5a73dac13f9aa5dd474f1ac4eb8bb.png - Skipped - Error: Failed to generate prompt
2025-03-21 16:23:49 - Thread 1 - c0e8fa1232ff0e53265b538c887e3488.jpg - Skipped - Error: Failed to generate prompt
2025-03-21 16:23:50 - Thread 1 - 5d7aac3a4ecae1cfd4a4ebbc9b9e07b8.jpg - Skipped - Error: Failed to generate prompt
2025-03-21 16:23:51 - Thread 1 - de74948a3a81e2cb7e0f0149041046a4.jpg - Skipped - Error: Failed to generate prompt
2025-03-21 16:23:53 - Thread 1 - 42758b6adc14a0b173edb29b09611638.jpg - Skipped - Error: Failed to generate prompt
2025-03-21 16:23:54 - Thread 1 - c6b361f2c5b9cfed88e871f259317ef9.png - Skipped - Error: Failed to generate prompt
2025-03-21 16:23:57 - Thread 1 - fd8de13fd85f84ddcf1b7f4a7cee277b.png - Skipped - Error: Failed to generate prompt
2025-03-21 16:23:58 - Thread 1 - 3bc09d7670d3b610462c7440b87c45e9.jpg - Skipped - Error: Failed to generate prompt
2025-03-21 16:24:00 - Thread 1 - 3f514154a5c9dfe1463507a1947d4c78.jpg - Skipped - Error: Failed to generate prompt
2025-03-21 16:24:03 - Thread 1 - 58deb1da28c47ef7da594094e40b9dfd.png - Processed
2025-03-21 16:24:08 - Thread 1 - 0cef06ddab336f23f2f05abc90ed06d4.jpg - Processed
2025-03-21 16:24:11 - Thread 1 - aca5612f7a92802fc9670ba9066a58be.png - Processed
2025-03-21 16:24:13 - Thread 1 - aea2ed709dadab524f8d00faf25667b4.jpg - Processed
2025-03-21 16:24:16 - Thread 1 - 825e413cf8f6e433a99d0bbced0d08a7.jpg - Processed
2025-03-21 16:24:20 - Thread 1 - e5a5c557e6770024c0884a0f33a6ddab.jpg - Processed
2025-03-21 16:24:26 - Thread 1 - d138eb80df5d56cea185515c818bd5e4.jpg - Processed
2025-03-21 16:24:30 - Thread 1 - 98b5e3af9dcbc4d9b08c276aea6a974b.jpg - Processed
2025-03-21 16:24:32 - Thread 1 - c948ec4d5ddb00128216f26ddfc1b566.jpg - Processed
2025-03-21 16:24:35 - Thread 1 - 9d1830ae427f31cab0338797bf37b75a.jpg - Processed
2025-03-21 16:24:38 - Thread 1 - ca12ba506188cb3b095040bd6ec52d03.jpg - Processed
2025-03-21 16:24:40 - Thread 1 - 5498d0756ef02ba70a91989893ae313f.jpg - Processed
2025-03-21 16:24:42 - Thread 1 - 5d2fb55fbf47f98403413bb7d91e84b7.jpg - Processed
2025-03-21 16:24:45 - Thread 1 - eef5f1c21c759355655294ce78b601b4.jpg - Processed
2025-03-21 16:24:48 - Thread 1 - 9940026662629a304b9a1ad469cac9f6.jpg - Processed
2025-03-21 16:24:50 - Thread 1 - 8039c6d69f79dec26c29cf591dc94604.jpg - Processed
2025-03-21 16:24:53 - Thread 1 - 610571101f6cb622a90a5591e50f3ee7.jpg - Skipped - Error: Failed to generate prompt
2025-03-21 16:24:56 - Thread 1 - 29f761459b7ec1a5633c8809be8f2ec7.png - Skipped - Error: Failed to generate prompt
2025-03-21 16:24:58 - Thread 1 - 653eac1939cadf42d0efb81176915747.jpg - Skipped - Error: Failed to generate prompt
2025-03-21 16:24:58 - Thread 1 - d59d38347408984552d7a7727d243464.jpg - Skipped - Error: Failed to generate prompt
2025-03-21 16:25:02 - Thread 1 - 8ee32ccd39736ac31b4f69b595627f8b.png - Processed
2025-03-21 16:25:05 - Thread 1 - 545a3efa5faf56cc92a798dd5c2f7466.jpg - Processed
2025-03-21 16:25:07 - Thread 1 - 8802c5ca1fb8129b4fd563c750b6fd2c.jpg - Processed
2025-03-21 16:25:11 - Thread 1 - 2a5fb6d09d590c855f4d36c8065d85bb.png - Processed
2025-03-21 16:25:13 - Thread 1 - 839c149fc930b38f526ee9f032e02dad.jpg - Processed
2025-03-21 16:25:15 - Thread 1 - 090cbd8786cc43202112d0da0cf954b1.jpg - Processed
2025-03-21 16:25:18 - Thread 1 - 7a84da2d38af7ca72aca4d05bf00b729.jpg - Processed
2025-03-21 16:25:21 - Thread 1 - 80aa87736c2f18370178ad4e9f0e7b53.jpg - Processed
2025-03-21 16:25:24 - Thread 1 - 32e1e1d800fa289b93ae05dbceb5e625.jpg - Processed
2025-03-21 16:25:26 - Thread 1 - fdffd74121e23b9e8b60cb35e9efd020.jpg - Processed
2025-03-21 16:25:33 - Thread 1 - fd52957fb8864953532aab3333c6cf06.jpg - Processed
2025-03-21 16:25:35 - Thread 1 - 52ffa0188aacf5698935f1ca20164d89.jpg - Processed
2025-03-21 16:25:38 - Thread 1 - 7d6176a8ef61150dfaf98f82e3837b7e.jpg - Processed
2025-03-21 16:25:41 - Thread 1 - 5008feb2b9c424d33143720393b3397d.png - Processed
2025-03-21 16:25:43 - Thread 1 - 16d411bc7bb46263390059551c536991.jpg - Processed
2025-03-21 16:25:48 - Thread 1 - 000795323dee50d3214f5dd7be91a857.jpg - Processed
2025-03-21 16:25:51 - Thread 1 - 7027749ef35fde80cf569ada3d53e9f1.jpg - Skipped - Error: Failed to generate prompt
2025-03-21 16:25:55 - Thread 1 - 9eede989efb651dd7bee557120d4a177.png - Skipped - Error: Failed to generate prompt
2025-03-21 16:25:56 - Thread 1 - 8e7c982d4abc2713e90fcacd753996b1.jpg - Skipped - Error: Failed to generate prompt
2025-03-21 16:25:57 - Thread 1 - 275559dc33e8ec40f166ba999f27db2d.jpg - Skipped - Error: Failed to generate prompt
2025-03-21 16:25:57 - Thread 1 - 35ce6281df916bcd2bbc53c0ad1df725.png - Skipped - Error: Failed to generate prompt
2025-03-21 16:25:58 - Thread 1 - 019a6f77b7865cdf8099dc674c6f1191.jpg - Skipped - Error: Failed to generate prompt
2025-03-21 16:26:02 - Thread 1 - a4ab4d12cd1cd1cc345de97d7ef7106a.jpg - Skipped - Error: Failed to generate prompt
2025-03-21 16:26:06 - Thread 1 - 03547e45f9eccb3f3a961390df4cec95.jpg - Processed
2025-03-21 16:26:08 - Thread 1 - e8c44853aeaea82a058009ff54abe1dc.jpg - Processed
2025-03-21 16:26:10 - Thread 1 - 2d2b96fc53d6dee56103c9e94c30f946.jpg - Processed
2025-03-21 16:26:12 - Thread 1 - 4e262fd778dfae9bfe1415993383d1d6.jpg - Processed
2025-03-21 16:26:14 - Thread 1 - 0d5fad6c57b546abc2229ab3d7f06bf8.jpg - Processed
2025-03-21 16:26:16 - Thread 1 - 54714a1c96561d9e8a9b06af35d1d0f8.jpg - Processed
2025-03-21 16:26:19 - Thread 1 - 1921928153ffdaf6914f17f455fb5da4.jpg - Processed
2025-03-21 16:26:22 - Thread 1 - 10d30ca483851d368c49a75fce6d137b.png - Processed
2025-03-21 16:26:24 - Thread 1 - e4ac00166fc83665f24362ec7f091d5a.jpg - Processed
2025-03-21 16:26:26 - Thread 1 - 30d853a477d64c2185bbc6fddee6835a.jpg - Processed
2025-03-21 16:26:29 - Thread 1 - 1b929b10669af5ef468a385087dcbd43.png - Processed
2025-03-21 16:26:36 - Thread 1 - ea9eba53016e7f58095660369f91f044.jpg - Processed
2025-03-21 16:26:40 - Thread 1 - 930d8ff953fab32af96fa814653e3691.jpg - Processed
2025-03-21 16:26:42 - Thread 1 - 984d7bcfb55e125b61ccff70d79e08ca.png - Processed
2025-03-21 16:26:44 - Thread 1 - 68d019e54d1bb21fde160dd211b61422.png - Processed
2025-03-21 16:26:47 - Thread 1 - 9154f6e6d7db48f9ad5f5525a9945990.png - Processed
2025-03-21 16:26:49 - Thread 1 - 83fe56f117b4c0643a9c29331b8f310f.png - Skipped - Error: Failed to generate prompt
2025-03-21 16:26:50 - Thread 1 - ece16f58c3d21ab79474c9a20fc75287.jpg - Skipped - Error: Failed to generate prompt
2025-03-21 16:26:51 - Thread 1 - f8c1c02a1398d2aa001f5b1b456f5d25.jpg - Skipped - Error: Failed to generate prompt
2025-03-21 16:26:52 - Thread 1 - d03c8b3fb90c827b94ae87ca858163ec.jpg - Skipped - Error: Failed to generate prompt
2025-03-21 16:26:53 - Thread 1 - 3f250300ddbbe0d25676e6aeae4e0c86.jpg - Skipped - Error: Failed to generate prompt
2025-03-21 16:26:56 - Thread 1 - cbb0adc848d16b37d9e7c13dd8fc6df2.jpg - Skipped - Error: Failed to generate prompt
2025-03-21 16:26:57 - Thread 1 - d8651c71b0527e3a1b292964b0e8b9d4.jpg - Skipped - Error: Failed to generate prompt
2025-03-21 16:26:57 - Thread 1 - f8e2be88450134bd2f929572ed2d2b86.jpg - Skipped - Error: Failed to generate prompt
2025-03-21 16:27:00 - Thread 1 - 519cc6533e1c56088f1eaaaef554b8b5.jpg - Skipped - Error: Failed to generate prompt
2025-03-21 16:27:04 - Thread 1 - 3421d60fe8f3a0fc1e844ca2b0a9d540.jpg - Processed
2025-03-21 16:27:06 - Thread 1 - 6b020db785c99df89dcf48902b56b856.jpg - Processed
2025-03-21 16:27:08 - Thread 1 - ce5250caddff7030061a7142844fd710.jpg - Processed
2025-03-21 16:27:11 - Thread 1 - 7f81c29768d9e23a3429df16c1b78f46.jpg - Processed
2025-03-21 16:27:15 - Thread 1 - 7cf88c969d4e1c459fb080fb26d72c29.jpg - Processed
2025-03-21 16:27:32 - Thread 1 - 84fc171cfdc69a4c20de8f57bb4810d3.jpg - Processed
2025-03-21 16:27:37 - Thread 1 - c5af87662a8551b7122804c6e0585062.png - Processed
2025-03-21 16:27:39 - Thread 1 - ceee4bd163651620518e4b618e17b2d1.jpg - Processed
2025-03-21 16:27:41 - Thread 1 - d0f849cc2e5b334468cbc0b00a6316b4.jpg - Processed
2025-03-21 16:27:46 - Thread 1 - 8dafd95499a8eb0835687426b07c8216.jpg - Processed
2025-03-21 16:27:50 - Thread 1 - 511a3add8b760ad8d75c6fa40efbd9b0.png - Processed
2025-03-21 16:27:53 - Thread 1 - 99d287ae55bdd105dab47cccd82c6396.jpg - Processed
2025-03-21 16:27:55 - Thread 1 - 1d4ac24f4691fae386f30fff43ade6c1.jpg - Processed
2025-03-21 16:27:57 - Thread 1 - 9a114d1dddf11b00672f54a490e414b2.jpg - Processed
2025-03-21 16:27:59 - Thread 1 - 380ba88e33356f1e95e51a7e6d57b9d1.jpg - Processed
2025-03-21 16:28:01 - Thread 1 - 428c27de24f871b99d5d6db8632a5617.jpg - Processed
2025-03-21 16:28:03 - Thread 1 - d6fb8415f7e15a14151232d8145913c1.jpg - Processed
2025-03-21 16:28:06 - Thread 1 - e08005f511d93629988f2da2dc141a33.jpg - Processed
2025-03-21 16:28:07 - Thread 1 - 5f9870fac95b299e82509f0bc4e4f59c.jpg - Processed
2025-03-21 16:28:10 - Thread 1 - 196a08c2885655e0c31397ee65bbd15f.jpg - Processed
2025-03-21 16:28:14 - Thread 1 - 7c22d00463fa555016a31a673ea3dc82.jpg - Processed
2025-03-21 16:28:18 - Thread 1 - 521d79948c35e8c5b9e6a00ac3664696.jpg - Processed
2025-03-21 16:28:21 - Thread 1 - 1bf19ce26884276bd66b5d02be722b7c.jpg - Processed
2025-03-21 16:28:31 - Thread 1 - 82cec6e9978deb1f73f0d8605dd17ff2.jpg - Processed
2025-03-21 16:28:33 - Thread 1 - 59aaa32f5787b9d6e66f11ab0c0e052e.jpg - Processed
2025-03-21 16:28:36 - Thread 1 - 66569565a67b71e686a140d252354d6b.jpg - Processed
2025-03-21 16:28:38 - Thread 1 - 1ad0753102ba40a66ddec2ca4c86b6d3.jpg - Processed
2025-03-21 16:28:41 - Thread 1 - 0eacdff353769cc587320e98314f5163.png - Processed
2025-03-21 16:28:44 - Thread 1 - 2333b816a0fa370aae60c0cd0301f862.jpg - Processed
2025-03-21 16:28:47 - Thread 1 - 7d9ca0d48177c72ea190f18415966f2a.jpg - Processed
2025-03-21 16:28:50 - Thread 1 - e62193bc13a22cbe390653c4d681630d.jpg - Processed
2025-03-21 16:28:56 - Thread 1 - 355815eccb6fa25cae55f9ce54ebb4ea.jpg - Processed
2025-03-21 16:28:57 - Thread 1 - 862596b36cfae23e6690a95a093360d7.jpg - Skipped - Error: Failed to generate prompt
2025-03-21 16:28:58 - Thread 1 - a935f37684218797ee017b34c345ece1.jpg - Skipped - Error: Failed to generate prompt
2025-03-21 16:28:58 - Thread 1 - a619f968fb7ab51dbf7447037830f328.jpg - Skipped - Error: Failed to generate prompt
2025-03-21 16:29:03 - Thread 1 - fb4ce23a1d020460c679452732315fd0.jpg - Processed
2025-03-21 16:29:05 - Thread 1 - 621ef6c01460263bce72ee9a27051e63.jpg - Processed
2025-03-21 16:29:09 - Thread 1 - c3aa164283785eb02f115aa1f8926e13.png - Processed
2025-03-21 16:29:12 - Thread 1 - 6cd3ebabcccd025c3cd64bdf7bf0b02b.jpg - Processed
2025-03-21 16:29:14 - Thread 1 - 1229543a58a7c3de59f510fc0b431135.jpg - Processed
2025-03-21 16:29:17 - Thread 1 - 68f632cb1ed61f715a8827dd6f0464d2.jpg - Processed
2025-03-21 16:29:20 - Thread 1 - c9c0e25d31dff18a081642778fb0591b.jpg - Processed
2025-03-21 16:29:24 - Thread 1 - 34369e12900d4c8fa1da4abde7dffd1a.jpg - Processed
2025-03-21 16:29:26 - Thread 1 - a35440ccc0a07ccf7167e2558fdf29ed.jpg - Processed
2025-03-21 16:29:28 - Thread 1 - e5b9686c98a6b351e279b0427b919fb9.jpg - Processed
2025-03-21 16:29:32 - Thread 1 - e36749c04dc527fa34fcd36ca15db863.jpg - Processed
2025-03-21 16:29:34 - Thread 1 - a0ef7d60a66f3ae24ddabc042f0ecea4.png - Processed
2025-03-21 16:29:36 - Thread 1 - ea5e06651ec446fe01cb6c0feb5e98ca.jpg - Processed
2025-03-21 16:29:39 - Thread 1 - 568ee41c26007e31b8bd6d923665b53b.jpg - Processed
2025-03-21 16:29:43 - Thread 1 - ee40aacd58293f39feac9de9372516c8.jpg - Processed
2025-03-21 16:29:46 - Thread 1 - 1e4965c2cc69f98907c5bd6cefe48f4f.jpg - Processed
2025-03-21 16:29:47 - Thread 1 - 0aead124b2fd262ce3f548d889e31773.jpg - Skipped - Error: Failed to generate prompt
2025-03-21 16:29:48 - Thread 1 - 2c85cbd312034b09876ad74c2cedfd0d.jpg - Skipped - Error: Failed to generate prompt
2025-03-21 16:29:50 - Thread 1 - 7eb4a4fb4ce647f04ad55a3b6d1eeb5d.jpg - Skipped - Error: Failed to generate prompt
2025-03-21 16:29:51 - Thread 1 - 094d6975073529cdaf67533937faf038.jpg - Skipped - Error: Failed to generate prompt
2025-03-21 16:29:53 - Thread 1 - edb6eb66fd2d7b419c63740a2190a6b5.jpg - Skipped - Error: Failed to generate prompt
2025-03-21 16:29:56 - Thread 1 - 73be7494c1ff4540451a1b7eecf8e9d2.jpg - Skipped - Error: Failed to generate prompt
2025-03-21 16:29:58 - Thread 1 - cbc5f2e873530b33b136f12bbf3d1503.jpg - Skipped - Error: Failed to generate prompt
2025-03-21 16:30:18 - Thread 1 - f3a92e5bc50857d3a662e0ff8c3a2d03.png - Processed
2025-03-21 16:30:20 - Thread 1 - f26c71d0165d6f5a06ca38cdb2c2b69d.jpg - Processed
2025-03-21 16:30:24 - Thread 1 - 59ce8f37b23eb198a45651c6e3376bff.jpg - Processed
2025-03-21 16:30:28 - Thread 1 - 773956bed7f2fb99699c4fdc8b1a4877.png - Processed
2025-03-21 16:30:30 - Thread 1 - 5ebf02edc1f2cd0aa2a965edf628df89.jpg - Processed
2025-03-21 16:30:32 - Thread 1 - 73de450e1a86ecea4f968fd3449be0b6.jpg - Processed
2025-03-21 16:30:34 - Thread 1 - fef723d7b5f52a47f632ee4b061e44c2.jpg - Processed
2025-03-21 16:30:36 - Thread 1 - 2468da2a5fffef183ac2e361501b735e.jpg - Processed
2025-03-21 16:30:37 - Thread 1 - a83a9fd064ab0275f22060dac862f798.png - Processed
2025-03-21 16:30:42 - Thread 1 - a9b1cf5c9a460a6599be7d585d1639ac.png - Processed
2025-03-21 16:30:44 - Thread 1 - 7e194137822aa64f049a2c857fcd8885.jpg - Processed
2025-03-21 16:30:47 - Thread 1 - ef20847cc2ff650a3c6857a4a5a12aa9.jpg - Processed
2025-03-21 16:30:50 - Thread 1 - f06418925e8a2eb09f279ba66307c663.jpg - Processed
2025-03-21 16:30:51 - Thread 1 - 66776eae58bccb9a59e38e156036b4bb.png - Processed
2025-03-21 16:30:54 - Thread 1 - d6a831fba6710953c9792382f42a8183.jpg - Processed
2025-03-21 16:30:57 - Thread 1 - 8eeed6aee4867fce98d6dd25b0d96560.jpg - Processed
2025-03-21 16:30:58 - Thread 1 - 42a0a33e6d518e56f65c532de52c3bb2.jpg - Skipped - Error: Failed to generate prompt
2025-03-21 16:31:02 - Thread 1 - 47a3e1e0f5dc2328a641418e763a9e6a.jpg - Processed
2025-03-21 16:31:04 - Thread 1 - 25c40e170b92ddee4808a9c6a5a7ad5f.jpg - Processed
2025-03-21 16:31:08 - Thread 1 - 32320ac061f24de226060bd04bbfdb51.gif - Processed
2025-03-21 16:31:10 - Thread 1 - 43f68c0e6b0d9f5ee624e67d4224f7d0.jpg - Processed
2025-03-21 16:31:13 - Thread 1 - 1a4d814d2e971dcb4230bc7e515ce03e.jpg - Processed
2025-03-21 16:31:15 - Thread 1 - 1488d07a7f691171db361a92d8e2d456.jpg - Processed
2025-03-21 16:31:18 - Thread 1 - 0914ef6e919ed70734eca24c59071363.jpg - Processed
2025-03-21 16:31:20 - Thread 1 - 8ea34d040a0da932d15415cf15389259.jpg - Processed
2025-03-21 16:31:23 - Thread 1 - 0010b8a8b1fd99deb245ae0fd6d614aa.jpg - Processed
2025-03-21 16:31:27 - Thread 1 - 923c9824d4c247235dcb16777bad6e56.jpg - Processed
2025-03-21 16:31:30 - Thread 1 - c9a0b8519e7697801b765180e7e4889e.png - Processed
2025-03-21 16:31:32 - Thread 1 - 4fc73a62ea275de12117eae489145aff.jpg - Processed
2025-03-21 16:31:34 - Thread 1 - 33277779526ac75dd8c5c36b9aefee38.jpg - Processed
2025-03-21 16:31:37 - Thread 1 - 5d7726aab8369fd164ed3c1ad4293a8e.png - Processed
2025-03-21 16:31:40 - Thread 1 - 534872244ecf741da06b0fbb58c28a73.jpg - Processed
2025-03-21 16:31:42 - Thread 1 - 9f886be13f6dadd41efb713f777f7211.jpg - Processed
2025-03-21 16:31:43 - Thread 1 - a09349a542611478da9f3d19ed433bf2.jpg - Skipped - Error: Failed to generate prompt
2025-03-21 16:31:45 - Thread 1 - e28798ff4348c2302b1716eb93b2ec6f.jpg - Skipped - Error: Failed to generate prompt
2025-03-21 16:31:46 - Thread 1 - f73003fc8f8556008474d0d9d7eb21b2.jpg - Skipped - Error: Failed to generate prompt
2025-03-21 16:31:48 - Thread 1 - 56d62ca9eece1bcf979bc59e48c7a2e0.jpg - Skipped - Error: Failed to generate prompt
2025-03-21 16:31:49 - Thread 1 - a42a86e761a608b34f9bb5ca6a85c610.png - Skipped - Error: Failed to generate prompt
2025-03-21 16:31:50 - Thread 1 - a469163e844eea68149953a1f955a287.jpg - Skipped - Error: Failed to generate prompt
2025-03-21 16:31:51 - Thread 1 - 7123b34c8dce31c8f59729970582ffd7.jpg - Skipped - Error: Failed to generate prompt
2025-03-21 16:31:53 - Thread 1 - 78a078805507767a3a37b19881fd344a.jpg - Skipped - Error: Failed to generate prompt
2025-03-21 16:31:54 - Thread 1 - 7b219c9239f443bb863287b5bc2d38e8.jpg - Skipped - Error: Failed to generate prompt
2025-03-21 16:31:56 - Thread 1 - 515e1689df62536ac648a1f504187ff5.jpg - Skipped - Error: Failed to generate prompt
2025-03-21 16:31:57 - Thread 1 - ed79dd8085c93777531580647b644c4b.jpg - Skipped - Error: Failed to generate prompt
2025-03-21 16:31:58 - Thread 1 - 5e33e074a9ec8cad22b939cd7363bdf5.jpg - Skipped - Error: Failed to generate prompt
2025-03-21 16:32:03 - Thread 1 - 1280a6a14f9f994828dc678815756c7a.png - Processed
2025-03-21 16:32:06 - Thread 1 - edecc6ab7ee2b5eff398be3cb496e909.jpg - Processed
2025-03-21 16:32:10 - Thread 1 - fd40fe643796797041890de1911de65a.jpg - Processed
2025-03-21 16:32:12 - Thread 1 - 3f5837a83b629398b0af8528a3032c3d.jpg - Processed
2025-03-21 16:32:21 - Thread 1 - e12e2499a02ad09ccd2731d73e7e9d37.png - Processed
2025-03-21 16:32:23 - Thread 1 - 9e6de8254cf9d39f83e573459af045fa.jpg - Processed
2025-03-21 16:32:25 - Thread 1 - eaedba605399eab3517e6458b9978f10.jpg - Processed
2025-03-21 16:32:36 - Thread 1 - e51322da8ee1e020f8959f05d60839b1.jpg - Processed
2025-03-21 16:32:39 - Thread 1 - 73a8c24e687a57ce4bd77a8f441ee6ee.jpg - Processed
2025-03-21 16:32:42 - Thread 1 - 5378a042f7dbc96ec0bdf2010328feaf.jpg - Processed
2025-03-21 16:32:44 - Thread 1 - 114e3438bd0cdd32ba2bcafceafab38a.jpg - Processed
2025-03-21 16:32:46 - Thread 1 - cf11c002edce8cee63e329b82f259f76.jpg - Processed
2025-03-21 16:32:48 - Thread 1 - 665a7fd1d796a3861bd6cb1e1b4c031c.jpg - Processed
2025-03-21 16:32:51 - Thread 1 - bacb758c11d0d9d4b5c0cdadf429e127.jpg - Processed
2025-03-21 16:32:53 - Thread 1 - 1455fe0e862da30e7f3f4c6cb6d74990.jpg - Processed
2025-03-21 16:32:55 - Thread 1 - b04ffa8290e6763e9f5c5713355fb38c.png - Processed
2025-03-21 16:32:57 - Thread 1 - 01a57ec2e2c2c039073e0120bd152726.jpg - Skipped - Error: Failed to generate prompt
2025-03-21 16:32:58 - Thread 1 - e2b170c764fdd8b39796aed51b2cb4c2.jpg - Skipped - Error: Failed to generate prompt
2025-03-21 16:32:59 - Thread 1 - 315d87ee95761bb063821c9ce7f3729f.jpg - Skipped - Error: Failed to generate prompt
2025-03-21 16:33:03 - Thread 1 - 9a37213cabf455ea55723bc35ce1f759.jpg - Processed
2025-03-21 16:33:05 - Thread 1 - f653e9b918e5e0edd511c3c408b48e4a.jpg - Processed
2025-03-21 16:33:08 - Thread 1 - 9647c1cafccd0cf9618ea4cc84718863.jpg - Processed
2025-03-21 16:33:10 - Thread 1 - a5ff0bb63b0ab82ff0bd463c4a791419.jpg - Processed
2025-03-21 16:33:12 - Thread 1 - 66e271a7bc383254dcce0b9c1c1b6eda.jpg - Processed
2025-03-21 16:33:14 - Thread 1 - 55d513d1f1c5c56fe0bccb39044955c7.jpg - Processed
2025-03-21 16:33:17 - Thread 1 - a834bf90726c999db4eba00d9f3df38e.jpg - Processed
2025-03-21 16:33:19 - Thread 1 - f6ef86ea7f3f5f499f18b73ea471a3c0.jpg - Processed
2025-03-21 16:33:24 - Thread 1 - ae00f0a5d6799ea144ee90c527a95afb.png - Processed
2025-03-21 16:33:27 - Thread 1 - 9407918f2ee7dd6e321d9fda5f679e55.jpg - Processed
2025-03-21 16:33:29 - Thread 1 - da72a6f1497287ce8e748c1f73ea919f.jpg - Processed
2025-03-21 16:38:25 - Thread 1 - eb27e16fbed203a329cb4d6a60e5d55d.jpg - Processed
2025-03-21 16:38:29 - Thread 1 - fd21d94cb5cde319d79d8d8046fd13e5.jpg - Processed
2025-03-21 16:38:33 - Thread 1 - 3a62400a71f68ddf7a940253ec3f6acc.jpg - Processed
2025-03-21 16:38:36 - Thread 1 - 2d6eb5fe08357ea3ce2cbc1a7b2b7f5d.jpg - Processed
2025-03-21 16:38:37 - Thread 1 - 47d74093c535aba46345664d4a1fa416.jpg - Processed
2025-03-21 16:38:40 - Thread 1 - 8a6d2fea22b5ca9b3fa33dbd3253ace4.jpg - Processed
2025-03-21 16:38:44 - Thread 1 - 6c204c45fb40d93c007f9d211daa8570.jpg - Processed
2025-03-21 16:38:46 - Thread 1 - 2586cfcc989840cf904df1a69c0952b5.jpg - Processed
2025-03-21 16:38:51 - Thread 1 - bc1c9361115ab3be601e141a4ed6a346.jpg - Processed
2025-03-21 16:38:54 - Thread 1 - bec9e163d43e613667d6f37d18b03183.jpg - Processed
2025-03-21 16:38:57 - Thread 1 - 676d206f7eb650c4dc0e183a7dc54ad8.png - Processed
2025-03-21 16:38:59 - Thread 1 - 9e46c04db90b5930cd946fcbbef6324f.jpg - Processed
2025-03-21 16:39:01 - Thread 1 - eb8c4cfc8be79ee746d7af62d2bddbf2.jpg - Processed
2025-03-21 16:39:03 - Thread 1 - 6e4333f01f364660b67a0218455c094f.jpg - Processed
2025-03-21 16:39:05 - Thread 1 - 7982c2a01c860c5d40209e6ad1238ebc.jpg - Processed
2025-03-21 16:39:08 - Thread 1 - e6c0d14848c40f2ccda3da3d87199231.jpg - Processed
2025-03-21 16:39:09 - Thread 1 - 509331968b76f9b698a30fd3422e97df.jpg - Skipped - Error: Failed to generate prompt
2025-03-21 16:39:11 - Thread 1 - 9a4cdc0ab84ce80a76b659908da1d1f3.jpg - Skipped - Error: Failed to generate prompt
2025-03-21 16:39:12 - Thread 1 - 513f66a28fb2e9f651d96ca60dd23821.jpg - Skipped - Error: Failed to generate prompt
2025-03-21 16:39:13 - Thread 1 - a4656e3bc81694eb2622e122d9af8c81.jpg - Skipped - Error: Failed to generate prompt
2025-03-21 16:39:14 - Thread 1 - bae655634bebe0abd517e0870ce8c9f1.jpg - Skipped - Error: Failed to generate prompt
2025-03-21 16:39:16 - Thread 1 - 5054690842f366faea95a69284a10f76.jpg - Skipped - Error: Failed to generate prompt
2025-03-21 16:39:17 - Thread 1 - 667d1e31079dd80caa77af930ea4992d.jpg - Skipped - Error: Failed to generate prompt
2025-03-21 16:39:18 - Thread 1 - 73dd1ffc405aa0ec1651b1180a0b9e80.jpg - Skipped - Error: Failed to generate prompt
2025-03-21 16:39:21 - Thread 1 - c41b175a8be9c4eaa747f4ecff0784cc.jpg - Skipped - Error: Failed to generate prompt
2025-03-21 16:39:22 - Thread 1 - fe64653ce89f74a9894fec57f46e7de4.jpg - Skipped - Error: Failed to generate prompt
2025-03-21 16:39:23 - Thread 1 - 5d9f28500bc3f7baea73b2d326464b03.jpg - Skipped - Error: Failed to generate prompt
2025-03-21 16:39:24 - Thread 1 - 01d9765b2d7a291adde069be90d432b8.jpg - Skipped - Error: Failed to generate prompt
2025-03-21 16:39:25 - Thread 1 - 7272733558e6db51546bf3e5b0500301.png - Skipped - Error: Failed to generate prompt
2025-03-21 16:39:28 - Thread 1 - 6a6c2772e2a5985132e58abffd3d453c.jpg - Processed
2025-03-21 16:39:30 - Thread 1 - 70dae8b59d23495e9002e799568421b1.jpg - Processed
2025-03-21 16:39:33 - Thread 1 - f3e279a30870ec95a189b9e32a25014d.jpg - Processed
2025-03-21 16:39:35 - Thread 1 - d00a50236f466a26cf1497364d5153f7.jpg - Processed
2025-03-21 16:39:39 - Thread 1 - b1ea8e89670e22b2ee187b8775b4d93e.jpg - Processed
2025-03-21 16:39:41 - Thread 1 - cce30cbe5952600c13593ebe974033ee.jpg - Processed
2025-03-21 16:39:46 - Thread 1 - 7c7e5ce9b408bca699b5edc3e906ed6f.jpg - Processed
2025-03-21 16:39:49 - Thread 1 - e6f0def49c70002991d051dc38dbb866.jpg - Processed
2025-03-21 16:39:52 - Thread 1 - 4f77e179fbae4b0327149212d05098f1.jpg - Processed
2025-03-21 16:39:54 - Thread 1 - 76ebb507aa813e60a48827abe952c997.jpg - Processed
2025-03-21 16:39:56 - Thread 1 - fb19aed18e3d84a90a7c07ee8d65f1e7.jpg - Processed
2025-03-21 16:39:58 - Thread 1 - 3f00f92b1c28a53ad149c11fb5f881d6.png - Processed
2025-03-21 16:40:01 - Thread 1 - 20ffdddce6a042d626ac5bef97ff0480.jpg - Processed
2025-03-21 16:40:03 - Thread 1 - b9ea95b6398126be440e86add9801c16.jpg - Processed
2025-03-21 16:40:08 - Thread 1 - 5a4e4633c81f45be4759d8e292ef606c.jpg - Processed
2025-03-21 16:40:09 - Thread 1 - 57aaa9616fb37b3a00181970626f8ddb.jpg - Processed
2025-03-21 16:40:11 - Thread 1 - e6be6feca225177a84718cdf9bc8a82c.jpg - Skipped - Error: Failed to generate prompt
2025-03-21 16:40:12 - Thread 1 - 54a3ae610c02d9093c2af2eb21508654.jpg - Skipped - Error: Failed to generate prompt
2025-03-21 16:40:13 - Thread 1 - 2e751f9ae54b712518531b1f879e08d6.jpg - Skipped - Error: Failed to generate prompt
2025-03-21 16:40:15 - Thread 1 - d44c9cc0a9dc0507e30eb0a1c339013f.jpg - Skipped - Error: Failed to generate prompt
2025-03-21 16:40:16 - Thread 1 - 595d357070aca88ceae5545f7c6ea39a.jpg - Skipped - Error: Failed to generate prompt
2025-03-21 16:40:16 - Thread 1 - 2ac087f3b3a4247814254f2ddeef04ee.jpg - Skipped - Error: Failed to generate prompt
2025-03-21 16:40:18 - Thread 1 - 8aa01608765a73a0b557dd26a1a509c2.jpg - Skipped - Error: Failed to generate prompt
2025-03-21 16:40:19 - Thread 1 - c69dcb16d7bbf322d304e450961a0820.jpg - Skipped - Error: Failed to generate prompt
2025-03-21 16:40:21 - Thread 1 - 5d121b068e891d75eb02c4c8758aa7d5.jpg - Skipped - Error: Failed to generate prompt
2025-03-21 16:40:23 - Thread 1 - 99833d33fa7aef80f69df452015fb182.jpg - Skipped - Error: Failed to generate prompt
2025-03-21 16:40:24 - Thread 1 - b42f60e460d7e03d6239a1116f86fefe.jpg - Skipped - Error: Failed to generate prompt
2025-03-21 16:40:26 - Thread 1 - ccb6308130d724176826b2e56409472f.png - Processed
2025-03-21 16:40:28 - Thread 1 - 06a93d4dc872a0659cf605e57d6c93d3.jpg - Processed
2025-03-21 16:40:32 - Thread 1 - 24fbc93a415429a3d31ba9161ae842ec.jpg - Processed
2025-03-21 16:40:34 - Thread 1 - 8c87837ca9db52aa3fe02dcc40a52788.png - Processed
2025-03-21 16:40:36 - Thread 1 - 26b92e5f9da765a6ebd36d6b47482d5c.jpg - Processed
2025-03-21 16:40:38 - Thread 1 - 5bb7546399ed3adb3195c5173587354e.jpg - Processed
2025-03-21 16:40:40 - Thread 1 - 3b1783a27e31da4e664d07cad008ff01.jpg - Processed
2025-03-21 16:40:50 - Thread 1 - 894956d0c8c2d8018777f8ec7404e60f.png - Processed
2025-03-21 16:40:53 - Thread 1 - c64acac783fef226297e22e0f67b6b01.jpg - Processed
2025-03-21 16:40:57 - Thread 1 - 30b875d8190e22e82271e2c8366879af.png - Processed
2025-03-21 16:41:00 - Thread 1 - e8d90383ebcb927d55bf36b84f0e4abb.jpg - Processed
2025-03-21 16:41:02 - Thread 1 - bf19f5423d08a3307e1ad07c71fdeb27.jpg - Processed
2025-03-21 16:41:04 - Thread 1 - 2e8457d7811ce46ee5934b189e7b8c81.jpg - Processed
2025-03-21 16:41:07 - Thread 1 - b191671293d006136cf1b6f4db6a3710.png - Processed
2025-03-21 16:41:09 - Thread 1 - f7e725757e19cae3e1648251af06d7d6.png - Processed
2025-03-21 16:41:11 - Thread 1 - 70964ceb6e08d4bf2d650fff9cf78e1c.png - Processed
2025-03-21 16:41:14 - Thread 1 - 3616ebd25ea3e8498f7a1f0f7a391cfe.jpg - Skipped - Error: Failed to generate prompt
2025-03-21 16:41:16 - Thread 1 - c548c83d70a0b59b3fcf13cb77640c7f.jpg - Skipped - Error: Failed to generate prompt
2025-03-21 16:41:19 - Thread 1 - 31bf630a30599286e24788d773e7c2c4.png - Skipped - Error: Failed to generate prompt
2025-03-21 16:41:20 - Thread 1 - 05b459778efb2bd20ef477607cfa5253.jpg - Skipped - Error: Failed to generate prompt
2025-03-21 16:41:21 - Thread 1 - cefbfb45d98146c1f7a11f92818e5aa8.png - Skipped - Error: Failed to generate prompt
2025-03-21 16:41:22 - Thread 1 - 416f88d899300b51dbaf0a7a0e8f07fe.jpg - Skipped - Error: Failed to generate prompt
2025-03-21 16:41:23 - Thread 1 - 66508932f5347165ae6768264001894e.jpg - Skipped - Error: Failed to generate prompt
2025-03-21 16:41:27 - Thread 1 - e8d3e43860a02cd780a577361cc40ff4.jpg - Processed
2025-03-21 16:41:30 - Thread 1 - 55f88e97f8249696c83c067ffdbb17be.jpg - Processed
2025-03-21 16:41:33 - Thread 1 - aa4635e191304a4ac1c95f47471aaeb9.png - Processed
2025-03-21 16:41:35 - Thread 1 - 79a967ca4b8d929f3e52253edced66d5.jpg - Processed
2025-03-21 16:41:44 - Thread 1 - 0ec5ebe058774fc5050dfc031eadda80.jpg - Processed
2025-03-21 16:41:47 - Thread 1 - 434ffe756d5c05578ea1efb2367755ed.jpg - Processed
2025-03-21 16:41:49 - Thread 1 - 6b71630a192ee27d195fd37e5128a53a.jpg - Processed
2025-03-21 16:41:53 - Thread 1 - 9150b3c5eae712653b8eeb3684cfce63.jpg - Processed
2025-03-21 16:41:55 - Thread 1 - 226467ae2b73b46478e6c992532265c5.png - Processed
2025-03-21 16:41:59 - Thread 1 - ee09f58e856586161e3067cc815d4bf2.jpg - Processed
2025-03-21 16:42:02 - Thread 1 - 88b361203274f98ee8a840d2607c3a1e.jpg - Processed
2025-03-21 16:42:05 - Thread 1 - 6d031f88aa5be899a7b292d117d4c837.jpg - Processed
2025-03-21 16:42:06 - Thread 1 - 447ddddbc8f88ea2b512b5a62efd1419.jpg - Processed
2025-03-21 16:42:09 - Thread 1 - 118f6fbd61e684eb13d9616a6220e5b0.jpg - Processed
2025-03-21 16:42:11 - Thread 1 - 44e31def8d01d98f8edeeb5679a1207c.jpg - Processed
2025-03-21 16:42:13 - Thread 1 - ab3c4505fbdf99604a692c9edcb2656f.jpg - Processed
2025-03-21 16:42:14 - Thread 1 - 24b4d593e33d3722075d15edd6a4bc19.jpg - Skipped - Error: Failed to generate prompt
2025-03-21 16:42:18 - Thread 1 - 92de14782c7f65bc7f41d2bc96d47c8f.jpg - Skipped - Error: Failed to generate prompt
2025-03-21 16:42:19 - Thread 1 - 9b270a401a32e2368c8f5c22d542d8eb.jpg - Skipped - Error: Failed to generate prompt
2025-03-21 16:42:21 - Thread 1 - d09bcfa6217368658a7f6879e1759198.jpg - Skipped - Error: Failed to generate prompt
2025-03-21 16:42:23 - Thread 1 - a2f65035bfd4de55f947e7f7a4cb28ed.png - Skipped - Error: Failed to generate prompt
2025-03-21 16:42:27 - Thread 1 - 40a641042868f1a5bb77b44ee41d788e.jpg - Processed
2025-03-21 16:42:30 - Thread 1 - 78c94121388719a8520a31ae29010c35.jpg - Processed
2025-03-21 16:42:33 - Thread 1 - ee97de90f95a285113fbc7b9c0732d1d.jpg - Processed
2025-03-21 16:42:35 - Thread 1 - 04a8234a7d26fe945ecd50f993d6094c.jpg - Processed
2025-03-21 16:42:37 - Thread 1 - 1d3cea69502a864ec71bbafd98c4ea3d.jpg - Processed
2025-03-21 16:42:39 - Thread 1 - 30a8117c181acca236085bca6c8140dd.jpg - Processed
2025-03-21 16:42:41 - Thread 1 - 14d191ae58a2b394949e77014f9b4d58.jpg - Processed
2025-03-21 16:42:43 - Thread 1 - e3ba883e2d2638384ed1293b35212296.jpg - Processed
2025-03-21 16:42:47 - Thread 1 - 9d1b4f349b358fa06605689f4fa3e0a2.jpg - Processed
2025-03-21 16:42:49 - Thread 1 - 047829cbe9a85e9acf104ff8e6ea58ed.jpg - Processed
2025-03-21 16:42:52 - Thread 1 - a1a28bb5dfe7a79576fe2d9291816952.jpg - Processed
2025-03-21 16:42:54 - Thread 1 - 6ec5a73dac13f9aa5dd474f1ac4eb8bb.png - Processed
2025-03-21 16:42:57 - Thread 1 - c0e8fa1232ff0e53265b538c887e3488.jpg - Processed
2025-03-21 16:43:00 - Thread 1 - 5d7aac3a4ecae1cfd4a4ebbc9b9e07b8.jpg - Processed
2025-03-21 16:43:02 - Thread 1 - de74948a3a81e2cb7e0f0149041046a4.jpg - Processed
2025-03-21 16:43:05 - Thread 1 - 42758b6adc14a0b173edb29b09611638.jpg - Processed
2025-03-21 16:43:06 - Thread 1 - c6b361f2c5b9cfed88e871f259317ef9.png - Skipped - Error: Failed to generate prompt
2025-03-21 16:43:09 - Thread 1 - fd8de13fd85f84ddcf1b7f4a7cee277b.png - Skipped - Error: Failed to generate prompt
2025-03-21 16:43:10 - Thread 1 - 3bc09d7670d3b610462c7440b87c45e9.jpg - Skipped - Error: Failed to generate prompt
2025-03-21 16:43:12 - Thread 1 - 3f514154a5c9dfe1463507a1947d4c78.jpg - Skipped - Error: Failed to generate prompt
2025-03-21 16:43:15 - Thread 1 - 610571101f6cb622a90a5591e50f3ee7.jpg - Skipped - Error: Failed to generate prompt
2025-03-21 16:43:18 - Thread 1 - 29f761459b7ec1a5633c8809be8f2ec7.png - Skipped - Error: Failed to generate prompt
2025-03-21 16:43:20 - Thread 1 - 653eac1939cadf42d0efb81176915747.jpg - Skipped - Error: Failed to generate prompt
2025-03-21 16:43:20 - Thread 1 - d59d38347408984552d7a7727d243464.jpg - Skipped - Error: Failed to generate prompt
2025-03-21 16:43:23 - Thread 1 - 7027749ef35fde80cf569ada3d53e9f1.jpg - Skipped - Error: Failed to generate prompt
2025-03-21 16:43:29 - Thread 1 - 9eede989efb651dd7bee557120d4a177.png - Processed
2025-03-21 16:43:30 - Thread 1 - 8e7c982d4abc2713e90fcacd753996b1.jpg - Processed
2025-03-21 16:43:33 - Thread 1 - 275559dc33e8ec40f166ba999f27db2d.jpg - Processed
2025-03-21 16:43:35 - Thread 1 - 35ce6281df916bcd2bbc53c0ad1df725.png - Processed
2025-03-21 16:43:37 - Thread 1 - 019a6f77b7865cdf8099dc674c6f1191.jpg - Processed
2025-03-21 16:43:41 - Thread 1 - a4ab4d12cd1cd1cc345de97d7ef7106a.jpg - Processed
2025-03-21 16:43:44 - Thread 1 - 83fe56f117b4c0643a9c29331b8f310f.png - Processed
2025-03-21 16:43:45 - Thread 1 - ece16f58c3d21ab79474c9a20fc75287.jpg - Processed
2025-03-21 16:43:48 - Thread 1 - f8c1c02a1398d2aa001f5b1b456f5d25.jpg - Processed
2025-03-21 16:43:50 - Thread 1 - d03c8b3fb90c827b94ae87ca858163ec.jpg - Processed
2025-03-21 16:43:52 - Thread 1 - 3f250300ddbbe0d25676e6aeae4e0c86.jpg - Processed
2025-03-21 16:43:56 - Thread 1 - cbb0adc848d16b37d9e7c13dd8fc6df2.jpg - Processed
2025-03-21 16:43:58 - Thread 1 - d8651c71b0527e3a1b292964b0e8b9d4.jpg - Processed
2025-03-21 16:44:00 - Thread 1 - f8e2be88450134bd2f929572ed2d2b86.jpg - Processed
2025-03-21 16:44:04 - Thread 1 - 519cc6533e1c56088f1eaaaef554b8b5.jpg - Processed
2025-03-21 16:44:06 - Thread 1 - 862596b36cfae23e6690a95a093360d7.jpg - Processed
2025-03-21 16:44:07 - Thread 1 - a935f37684218797ee017b34c345ece1.jpg - Skipped - Error: Failed to generate prompt
2025-03-21 16:44:08 - Thread 1 - a619f968fb7ab51dbf7447037830f328.jpg - Skipped - Error: Failed to generate prompt
2025-03-21 16:44:09 - Thread 1 - 0aead124b2fd262ce3f548d889e31773.jpg - Skipped - Error: Failed to generate prompt
2025-03-21 16:44:10 - Thread 1 - 2c85cbd312034b09876ad74c2cedfd0d.jpg - Skipped - Error: Failed to generate prompt
2025-03-21 16:44:11 - Thread 1 - 7eb4a4fb4ce647f04ad55a3b6d1eeb5d.jpg - Skipped - Error: Failed to generate prompt
2025-03-21 16:44:13 - Thread 1 - 094d6975073529cdaf67533937faf038.jpg - Skipped - Error: Failed to generate prompt
2025-03-21 16:44:14 - Thread 1 - edb6eb66fd2d7b419c63740a2190a6b5.jpg - Skipped - Error: Failed to generate prompt
2025-03-21 16:44:17 - Thread 1 - 73be7494c1ff4540451a1b7eecf8e9d2.jpg - Skipped - Error: Failed to generate prompt
2025-03-21 16:44:18 - Thread 1 - cbc5f2e873530b33b136f12bbf3d1503.jpg - Skipped - Error: Failed to generate prompt
2025-03-21 16:44:19 - Thread 1 - 42a0a33e6d518e56f65c532de52c3bb2.jpg - Skipped - Error: Failed to generate prompt
2025-03-21 16:44:20 - Thread 1 - a09349a542611478da9f3d19ed433bf2.jpg - Skipped - Error: Failed to generate prompt
2025-03-21 16:44:21 - Thread 1 - e28798ff4348c2302b1716eb93b2ec6f.jpg - Skipped - Error: Failed to generate prompt
2025-03-21 16:44:22 - Thread 1 - f73003fc8f8556008474d0d9d7eb21b2.jpg - Skipped - Error: Failed to generate prompt
2025-03-21 16:44:23 - Thread 1 - 56d62ca9eece1bcf979bc59e48c7a2e0.jpg - Skipped - Error: Failed to generate prompt
2025-03-21 16:44:25 - Thread 1 - a42a86e761a608b34f9bb5ca6a85c610.png - Processed
2025-03-21 16:44:27 - Thread 1 - a469163e844eea68149953a1f955a287.jpg - Processed
2025-03-21 16:44:30 - Thread 1 - 7123b34c8dce31c8f59729970582ffd7.jpg - Processed
2025-03-21 16:44:32 - Thread 1 - 78a078805507767a3a37b19881fd344a.jpg - Processed
2025-03-21 16:44:34 - Thread 1 - 7b219c9239f443bb863287b5bc2d38e8.jpg - Processed
2025-03-21 16:44:37 - Thread 1 - 515e1689df62536ac648a1f504187ff5.jpg - Processed
2025-03-21 16:44:39 - Thread 1 - ed79dd8085c93777531580647b644c4b.jpg - Processed
2025-03-21 16:44:42 - Thread 1 - 5e33e074a9ec8cad22b939cd7363bdf5.jpg - Processed
2025-03-21 16:44:44 - Thread 1 - 01a57ec2e2c2c039073e0120bd152726.jpg - Processed
2025-03-21 16:44:46 - Thread 1 - e2b170c764fdd8b39796aed51b2cb4c2.jpg - Processed
2025-03-21 16:44:48 - Thread 1 - 315d87ee95761bb063821c9ce7f3729f.jpg - Processed
2025-03-21 16:44:50 - Thread 1 - dd2e6090db0b968ede6c53f2ac640095.jpg - Processed
2025-03-21 16:44:52 - Thread 1 - 6def02cb404bc909e5d130a9e4fb4ed2.jpg - Processed
2025-03-21 16:44:54 - Thread 1 - 32b78d7c374a35e618d3ee0037c32971.png - Processed
2025-03-21 16:44:58 - Thread 1 - 110f9288ff3b984ed4af7340060aceea.jpg - Processed
2025-03-21 16:45:01 - Thread 1 - 6d0894a316de842fd5d750e5bab5a93a.jpg - Processed
2025-03-21 16:45:03 - Thread 1 - 089285c4046461fa6224bdb3e71501ca.png - Skipped - Error: Failed to generate prompt
2025-03-21 16:45:09 - Thread 1 - 68f15288b31825f749e9d74d478233f5.jpg - Skipped - Error: Failed to generate prompt
2025-03-21 16:45:11 - Thread 1 - 27740f4381a395e4b480e687d1195cfb.jpg - Skipped - Error: Failed to generate prompt
2025-03-21 16:45:13 - Thread 1 - 08774ee8fe8de9b0b30d67d7ef589de1.jpg - Skipped - Error: Failed to generate prompt
2025-03-21 16:45:14 - Thread 1 - 16b9bbc702b962ee303b31086deafa53.jpg - Skipped - Error: Failed to generate prompt
2025-03-21 16:45:14 - Thread 1 - 14d830063d892e1c2ab5ca79e53b0130.jpg - Skipped - Error: Failed to generate prompt
2025-03-21 16:45:20 - Thread 1 - 1487cf17a1a6758a09edf77365d1458c.jpg - Skipped - Error: Failed to generate prompt
2025-03-21 16:45:21 - Thread 1 - fd9d17b50e1aa5a5825574e500e4b173.jpg - Skipped - Error: Failed to generate prompt
2025-03-21 16:45:21 - Thread 1 - a1ddb99a09e7f067181bb9900065ca75.jpg - Skipped - Error: Failed to generate prompt
2025-03-21 16:45:22 - Thread 1 - a421eac4c91fe703b4884ecbb9266144.jpg - Skipped - Error: Failed to generate prompt
2025-03-21 16:45:39 - Thread 1 - 15b25fddc159f1bf52843eb3e8ff2712.jpg - Processed
2025-03-21 16:45:41 - Thread 1 - 86a910eac492c2232969e225917b3738.png - Processed
2025-03-21 16:45:48 - Thread 1 - 4bbf190c905e87de5f16515c609a93bb.jpg - Processed
2025-03-21 16:45:50 - Thread 1 - 78de4c1fa515743a57ec1fbfc8b5d212.jpg - Processed
2025-03-21 16:45:52 - Thread 1 - 2bc086f79e9ad27e56c87c65c74f30d2.jpg - Processed
2025-03-21 16:45:55 - Thread 1 - de9e3e60d26a9ecabf9596c76f1ba926.jpg - Processed
2025-03-21 16:45:56 - Thread 1 - 763ac96adabf1df9f757a1de57d6f90e.jpg - Processed
2025-03-21 16:46:00 - Thread 1 - 1d28a82c18cecb11b02b3b1f7f83200b.jpg - Processed
2025-03-21 16:46:01 - Thread 1 - cf4d134b15cb100aa876264d48365fe3.jpg - Processed
2025-03-21 16:46:05 - Thread 1 - 7d9e9f1154a732c1282489672d7b7b8f.png - Processed
2025-03-21 16:46:08 - Thread 1 - 78edd6802a32882592f110c7c9c24300.jpg - Processed
2025-03-21 16:46:11 - Thread 1 - 970996c2391ea102906c47a56a583eeb.jpg - Processed
2025-03-21 16:46:13 - Thread 1 - 48ab81575d77313c832f5d58e1ed0092.jpg - Processed
2025-03-21 16:46:15 - Thread 1 - 60ec5b9f2e2f228aba07003e63b2ceab.jpg - Processed
2025-03-21 16:46:17 - Thread 1 - 9f7f3572635a11bd5c4b9d916b0a0f5c.jpg - Processed
2025-03-21 16:46:19 - Thread 1 - ee51298695849c4e991fd919875049be.jpg - Processed
2025-03-21 16:46:21 - Thread 1 - 1b32d002f426f15fba7db69ac8ef5d31.jpg - Skipped - Error: Failed to generate prompt
2025-03-21 16:46:22 - Thread 1 - 3b66551d312688d369894b2a88e97a84.jpg - Skipped - Error: Failed to generate prompt
2025-03-21 16:46:23 - Thread 1 - 875a5774b7060aa736c71ae1167ba3c6.jpg - Skipped - Error: Failed to generate prompt
2025-03-21 16:46:26 - Thread 1 - 03de0ea30d78591e49b57b1aea487b00.jpg - Processed
2025-03-21 16:46:29 - Thread 1 - 9d1a9865c747eec422486c34333bf23f.jpg - Processed
2025-03-21 16:46:30 - Thread 1 - 13071bb3f55e0b35ad9eef5f36aebdb8.jpg - Processed
2025-03-21 16:46:34 - Thread 1 - 7d6e31fdccd661bc4121e2b7d3d9598a.jpg - Processed
2025-03-21 16:46:36 - Thread 1 - a529d9a134746122f815fdc3917613a3.jpg - Processed
2025-03-21 16:46:38 - Thread 1 - 9360b6c74abf1058cfb6a68313f80cd5.jpg - Processed
2025-03-21 16:46:41 - Thread 1 - 4ba781d5ae195eff08a44acf0faa8d00.jpg - Processed
2025-03-21 16:46:45 - Thread 1 - 94d0ccbb516bc1be9e54b0685de16feb.jpg - Processed
2025-03-21 16:46:47 - Thread 1 - cbae1f9655bf264b6ceb934a4b77bcae.jpg - Processed
2025-03-21 16:46:48 - Thread 1 - b9f84507e984551fdd96c88d50130031.jpg - Processed
2025-03-21 16:46:51 - Thread 1 - b97b4b5679a8d8d86f3ea0300988afa6.jpg - Processed
2025-03-21 16:46:54 - Thread 1 - f4a7a035603ac7daf0f68d4025c7f5a4.jpg - Processed
2025-03-21 16:46:58 - Thread 1 - 2f0fd11fdf017b3eca19ec8d5c47afdd.jpg - Processed
2025-03-21 16:46:59 - Thread 1 - 958292c2bd097211ce9d3c3a05d61616.jpg - Processed
2025-03-21 16:47:02 - Thread 1 - 3b4d11d601cf5cae0d86d2135fb805c2.jpg - Processed
2025-03-21 16:47:04 - Thread 1 - b0a7ecb6f55d2c58a342b7a1e9788dff.jpg - Processed
2025-03-21 16:47:05 - Thread 1 - 1bc896009b9a2aa3b1afcaa765687a6d.jpg - Skipped - Error: Failed to generate prompt
2025-03-21 16:47:10 - Thread 1 - 10d43990e1e5942d42f5e1d00c0aee22.jpg - Skipped - Error: Failed to generate prompt
2025-03-21 16:47:10 - Thread 1 - 694671e21370c587665c116ea2ff9e43.jpg - Skipped - Error: Failed to generate prompt
2025-03-21 16:47:13 - Thread 1 - 5954561bffc832d7e15364f7ac6a175e.jpg - Skipped - Error: Failed to generate prompt
2025-03-21 16:47:14 - Thread 1 - 061266e15110751f77c475dd36ccdb50.jpg - Skipped - Error: Failed to generate prompt
2025-03-21 16:47:19 - Thread 1 - 23885e27236a04fee0a576afdad45ab5.jpg - Skipped - Error: Failed to generate prompt
2025-03-21 16:47:20 - Thread 1 - 366c0e0073fe0c7ca61ef52a9d43fbbc.jpg - Skipped - Error: Failed to generate prompt
2025-03-21 16:47:21 - Thread 1 - e9d8fba5a3e6683f1aca21e630043bf6.jpg - Skipped - Error: Failed to generate prompt
2025-03-21 16:47:22 - Thread 1 - 88bbd6e56236dede2df032ffbb83e6c7.png - Skipped - Error: Failed to generate prompt
2025-03-21 16:47:23 - Thread 1 - 0ad6fc27f46776d400920b9eaf41f307.jpg - Skipped - Error: Failed to generate prompt
2025-03-21 16:47:25 - Thread 1 - 8f638cceb647329914d71a25a27642eb.jpg - Processed
2025-03-21 16:47:27 - Thread 1 - 56edf0716470b3027a9a5452c87fe60b.jpg - Processed
2025-03-21 16:47:29 - Thread 1 - c1a1b7d0cba02388ed1eb431ec062fdd.jpg - Processed
2025-03-21 16:47:31 - Thread 1 - ca2b0e0189eaf9cd87ba3b780bce2c3a.jpg - Processed
2025-03-21 16:47:34 - Thread 1 - 1ef8949cd703138e87119034832e6dbc.jpg - Processed
2025-03-21 16:47:37 - Thread 1 - 18a7d67e7ff1acdf406b6a5fed3153d9.jpg - Processed
2025-03-21 16:47:40 - Thread 1 - 29ac01362ac342ad36924d12bbb93fc1.jpg - Processed
2025-03-21 16:47:42 - Thread 1 - 783275eb1a5ca9088c22734cc6885ebb.jpg - Processed
2025-03-21 16:47:44 - Thread 1 - 732fe7caff99df6864d7fdd28473e28d.jpg - Processed
2025-03-21 16:47:56 - Thread 1 - b907be685aface1565d64e75f86b88af.jpg - Processed
2025-03-21 16:47:58 - Thread 1 - d7f5d588507e6cf988ae32dd5aa2e376.jpg - Processed
2025-03-21 16:48:01 - Thread 1 - 2f4b577019a2a708b750cb712f6a2e28.jpg - Processed
2025-03-21 16:48:04 - Thread 1 - 870f299dd8ea867485041c55cd3fbb0c.jpg - Processed
2025-03-21 16:48:05 - Thread 1 - 161927592b1ca08f2b4edaa36f262b52.jpg - Processed
2025-03-21 16:48:09 - Thread 1 - 1e2b8dc9eb6cd04ae25c44c1a136bdfd.jpg - Processed
2025-03-21 16:48:11 - Thread 1 - 0bb296c48095cb2ea56ecdd1a26b6057.jpg - Processed
2025-03-21 16:48:12 - Thread 1 - 114b7da23fc949c90ef911d15357cd88.png - Skipped - Error: Failed to generate prompt
2025-03-21 16:48:14 - Thread 1 - 117c04e111aaf2d22073ab58a3193378.jpg - Skipped - Error: Failed to generate prompt
2025-03-21 16:48:17 - Thread 1 - a441d7af01c6be7f900ce526f41664d4.jpg - Skipped - Error: Failed to generate prompt
2025-03-21 16:48:18 - Thread 1 - fe6ff6a522a40b84e255742254bd114c.jpg - Skipped - Error: Failed to generate prompt
2025-03-21 16:48:20 - Thread 1 - 9adb8f4c0d3a3818918806950b1db7aa.jpg - Skipped - Error: Failed to generate prompt
2025-03-21 16:48:22 - Thread 1 - 4919c402285c1f89690c44406cb50d9f.jpg - Skipped - Error: Failed to generate prompt
2025-03-21 16:48:28 - Thread 1 - fc9281bf53cab64254a87c2570173432.jpg - Processed
2025-03-21 16:48:32 - Thread 1 - 1a2453731f8bfb8739c6f109e91251fc.jpg - Processed
2025-03-21 16:48:36 - Thread 1 - 6c3b4244a374069a2523d89a2e63644d.jpg - Processed
2025-03-21 16:48:40 - Thread 1 - 42a7a328a3af7e8559f8486125fbcf52.jpg - Processed
2025-03-21 16:48:42 - Thread 1 - e7012e8430a695937ad84d30126d2bbb.png - Processed
2025-03-21 16:48:44 - Thread 1 - c0ec77f19123f31038c367af40a6405d.jpg - Processed
2025-03-21 16:48:47 - Thread 1 - 78712397895d3fa765f7f44b934791de.jpg - Processed
2025-03-21 16:48:50 - Thread 1 - 5a909ca2a2f729922c9017f46985326c.jpg - Processed
2025-03-21 16:48:53 - Thread 1 - 1294dd0e61c59bac7df1bc7b5400f1b4.jpg - Processed
2025-03-21 16:48:56 - Thread 1 - 0a5579ccc67070f1e9d61d4618603de1.png - Processed
2025-03-21 16:48:58 - Thread 1 - 33161d19cc858c6292dbe422559b6f72.jpg - Processed
2025-03-21 16:49:00 - Thread 1 - e21eeddd50453fdfc7a6e01b7f9a270a.jpg - Processed
2025-03-21 16:49:03 - Thread 1 - 43ac01f0773da115f57e2459ee08bac0.jpg - Processed
2025-03-21 16:49:13 - Thread 1 - 5b8614b31d575301544aa6766a7531c6.jpg - Processed
2025-03-21 16:49:17 - Thread 1 - 60c8813bba15978970851ea463a0d99f.jpg - Processed
2025-03-21 16:49:19 - Thread 1 - 75c2b24a1fc1740b2722d9c885ef5d0b.png - Processed
2025-03-21 16:49:21 - Thread 1 - befad5690e7fb74641875e52c5dd01dc.jpg - Skipped - Error: Failed to generate prompt
2025-03-21 16:49:22 - Thread 1 - 5574cdc8713c4a183406388e455915ed.png - Skipped - Error: Failed to generate prompt
2025-03-21 16:49:23 - Thread 1 - 7086949059b9349779063f68dc8a0568.jpg - Skipped - Error: Failed to generate prompt
2025-03-21 16:49:25 - Thread 1 - 45f85dd234dab367519fd3d79975fb18.jpg - Skipped - Error: Failed to generate prompt
2025-03-21 16:49:28 - Thread 1 - f21aa78c8391075e9d2c9fa872e86cb1.jpg - Processed
2025-03-21 16:49:34 - Thread 1 - c72312bee80dd7ca50f413b07e864547.jpg - Processed
2025-03-21 16:49:37 - Thread 1 - 35fcd5917eb3a25c59aa3356f1681132.jpg - Processed
2025-03-21 16:49:41 - Thread 1 - ec198c8e73ab712d02b066b0b45fa741.jpg - Processed
2025-03-21 16:49:45 - Thread 1 - 62ebfae93cd8bb600bdc82ac76a53b68.jpg - Processed
2025-03-21 16:49:48 - Thread 1 - 314ed40629d3eb48320adf17a24d6d9c.jpg - Processed
2025-03-21 16:49:50 - Thread 1 - c6004250b14c8548fadcc3585d47f31b.png - Processed
2025-03-21 16:49:53 - Thread 1 - 0843bfb238920d894c84c7b0443f0a85.png - Processed
2025-03-21 16:50:10 - Thread 1 - c45cacfeca61ffbc74f0bb3b5ce9467a.jpg - Processed
2025-03-21 16:50:12 - Thread 1 - be2a8e05fdc2cdd58bf30cca8a995b9f.jpg - Processed
2025-03-21 16:50:20 - Thread 1 - 070a25f7aed9c81b84ed7a4f5f61e68f.jpg - Processed
2025-03-21 16:50:23 - Thread 1 - c9cb816bee98e913c01baaeceec91ddc.jpg - Processed
2025-03-21 16:50:30 - Thread 1 - 710c4fb597ddb7bdb8042111a6872cc1.jpg - Processed
2025-03-21 16:50:33 - Thread 1 - 7f1e8fffc6ee9230921992966630aa94.jpg - Processed
2025-03-21 16:50:47 - Thread 1 - b41bc6364202e0b614d488c3e85d6429.jpg - Processed
2025-03-21 16:50:51 - Thread 1 - ec3d2ba92ab9fac8ddbfff301c024b88.png - Processed
2025-03-21 16:50:54 - Thread 1 - 6dc96a07e4d3e45dad4f0de1862d4d4a.jpg - Processed
2025-03-21 16:50:56 - Thread 1 - 48c38c274fc6ef112680dfef06e68521.jpg - Processed
2025-03-21 16:50:58 - Thread 1 - 6fd0c5d21d6841c3872d8b6818bf4b43.gif - Processed
2025-03-21 16:51:00 - Thread 1 - 85af871f4dee48ea7d7eeaad9090b756.png - Processed
2025-03-21 16:51:02 - Thread 1 - f5dcd8684a224471f316c9d8af0c5e48.jpg - Processed
2025-03-21 16:51:05 - Thread 1 - 4e9ede7453d1e158542fce19f64dac92.png - Processed
2025-03-21 16:51:09 - Thread 1 - 12c2f0a000e2c61de9a84a4392b6c123.jpg - Processed
2025-03-21 16:51:13 - Thread 1 - c5ce7cf9aec8aa1b6afee19f387dbc90.jpg - Processed
2025-03-21 16:51:16 - Thread 1 - 606cf2e329f6f369b4717c8eb2d1a9d3.jpg - Processed
2025-03-21 16:51:19 - Thread 1 - 9dd5414560d334e8dcbedb273831e058.jpg - Processed
2025-03-21 16:51:21 - Thread 1 - f87ee03e11a5901c71afa536267d6187.jpg - Processed
2025-03-21 16:51:24 - Thread 1 - 53c11720ddcb764fa3aea396311163da.jpg - Processed
2025-03-21 16:51:26 - Thread 1 - 42e55e00a4fdaf58d036772cf147a842.jpg - Processed
2025-03-21 16:51:28 - Thread 1 - 7f2a563ec4fad768a4eb5a659433c0ed.jpg - Processed
2025-03-21 16:51:30 - Thread 1 - 89545dc223db5170e24cd40135376535.jpg - Processed
2025-03-21 16:51:31 - Thread 1 - 95f841b423df9095474504d271b1fc47.jpg - Processed
2025-03-21 16:51:34 - Thread 1 - f24db0639b9cd36283711a4c247734e5.jpg - Processed
2025-03-21 16:51:38 - Thread 1 - 8f8fc80671c3991f7cff885291bd816a.png - Processed
2025-03-21 16:51:42 - Thread 1 - dee12fbc2a6a6086a0d3f3c7fd6fb798.png - Processed
2025-03-21 16:51:46 - Thread 1 - 123e387e0440f87a34a5749f52a76fe1.jpg - Processed
2025-03-21 16:51:48 - Thread 1 - 7df73734a6d411e12dc91a68a4e94935.jpg - Processed
2025-03-21 16:51:51 - Thread 1 - 223947ea9b7cdce5827f5b65fee4fec9.jpg - Processed
2025-03-21 16:51:59 - Thread 1 - 9702ef045761e05820bb67eb782afbe8.jpg - Processed
2025-03-21 16:52:02 - Thread 1 - 9ab918bbfcda529333cc93475e57b161.jpg - Processed
2025-03-21 16:52:05 - Thread 1 - eb9b91da6dce6500e88560a4bff551db.jpg - Processed
2025-03-21 16:52:09 - Thread 1 - 49aa4ee4a10556c56016e7b1baef1bd2.jpg - Processed
2025-03-21 16:52:13 - Thread 1 - 0ad075bf19bac751bd6b79a4e905c410.png - Processed
2025-03-21 16:52:15 - Thread 1 - 99a8033d317b9f66019a1f90304619e8.jpg - Processed
2025-03-21 16:52:16 - Thread 1 - f11929428462ead42b0c813ccd3016bb.jpg - Skipped - Error: Failed to generate prompt
2025-03-21 16:52:17 - Thread 1 - b028068fbb307881cf8816e96dc95c7f.jpg - Skipped - Error: Failed to generate prompt
2025-03-21 16:52:19 - Thread 1 - 6c7100d3118003702fc096152376daf4.jpg - Skipped - Error: Failed to generate prompt
2025-03-21 16:52:21 - Thread 1 - 94ef2ef5bc5b9e6be05b321228e61021.png - Skipped - Error: Failed to generate prompt
2025-03-21 16:52:22 - Thread 1 - 56a09601f8b2822c721e25c9a52049cf.jpg - Skipped - Error: Failed to generate prompt
2025-03-21 16:52:25 - Thread 1 - f79e9a28c32f132fbfe5f78829e17de8.jpg - Processed
2025-03-21 16:52:30 - Thread 1 - c755ac3dc57fb22142f6c06de0c7efe1.jpg - Processed
2025-03-21 16:52:32 - Thread 1 - 21ef5fac1d078330498a25a970607008.jpg - Processed
2025-03-21 16:52:34 - Thread 1 - 523e3f804229cd0fd464599de8cd9b3a.jpg - Processed
2025-03-21 16:52:37 - Thread 1 - 371adb56a9c2ba389fc67da50c1b337f.jpg - Processed
2025-03-21 16:52:40 - Thread 1 - 83851bd22b1d1a161bfd42ef631cff67.jpg - Processed
2025-03-21 16:52:42 - Thread 1 - 907629b5e1986c0484af0a9b54bdb2f5.jpg - Processed
2025-03-21 16:52:44 - Thread 1 - bbc74f57af59e4529893a1311470e5b3.jpg - Processed
2025-03-21 16:52:47 - Thread 1 - 160296ea45324fcca41b27d00097ee3a.jpg - Processed
2025-03-21 16:52:50 - Thread 1 - 4860174e220d864fb84fb8c146cb24ba.jpg - Processed
2025-03-21 16:52:55 - Thread 1 - eb3a34db4c9d121b3724b618d37a8748.jpg - Processed
2025-03-21 16:52:57 - Thread 1 - a138c96fb403529939bdb76fc5a2d117.jpg - Processed
2025-03-21 16:53:00 - Thread 1 - 14514b2d9d29f5fef3a049fc4b6db01c.png - Processed
2025-03-21 16:53:02 - Thread 1 - 75faa7cb298c178b994a61c61a1ae49e.jpg - Processed
2025-03-21 16:53:04 - Thread 1 - 810b84d2514fcd672d41ed55935e8bc5.jpg - Processed
