2025-02-22 11:19:13,979 - INFO - Scraping images for: Heavy equipment rental social media ad poster
2025-02-22 11:19:14,787 - INFO - HTTP Request: POST https://api.apify.com/v2/acts/NagEuvONHQtmNhnle/runs "HTTP/1.1 201 Created"
2025-02-22 11:19:15,956 - INFO - HTTP Request: GET https://api.apify.com/v2/actor-runs/omfMoMPGtMhtgwPBh?waitForFinish=999999 "HTTP/1.1 200 OK"
2025-02-22 11:19:20,244 - INFO - HTTP Request: GET https://api.apify.com/v2/datasets/12tKaqllgSIZgApZd/items?offset=0&limit=1000 "HTTP/1.1 200 OK"
2025-02-22 11:19:20,407 - INFO - ✅ Saved 197 entries to Manufacturing_Industry/heavy_equipment_rental_social_media_ad_poster.json
2025-02-22 11:19:26,407 - INFO - Scraping images for: Factory machinery social media ad poster
2025-02-22 11:19:27,111 - INFO - HTTP Request: POST https://api.apify.com/v2/acts/NagEuvONHQtmNhnle/runs "HTTP/1.1 201 Created"
2025-02-22 11:19:28,282 - INFO - HTTP Request: GET https://api.apify.com/v2/actor-runs/mPjAUrfL7FeENWSeB?waitForFinish=999999 "HTTP/1.1 200 OK"
2025-02-22 11:19:32,515 - INFO - HTTP Request: GET https://api.apify.com/v2/datasets/iw2CV4XwlB6mxUje3/items?offset=0&limit=1000 "HTTP/1.1 200 OK"
2025-02-22 11:19:32,682 - INFO - ✅ Saved 200 entries to Manufacturing_Industry/factory_machinery_social_media_ad_poster.json
2025-02-22 11:19:37,683 - INFO - Scraping images for: Industrial robotics social media ad poster
2025-02-22 11:19:38,503 - INFO - HTTP Request: POST https://api.apify.com/v2/acts/NagEuvONHQtmNhnle/runs "HTTP/1.1 201 Created"
2025-02-22 11:19:39,669 - INFO - HTTP Request: GET https://api.apify.com/v2/actor-runs/XTeeA28ReJ53fea4F?waitForFinish=999999 "HTTP/1.1 200 OK"
2025-02-22 11:19:53,866 - INFO - HTTP Request: GET https://api.apify.com/v2/datasets/XNL1E5JGZmVmhrplw/items?offset=0&limit=1000 "HTTP/1.1 200 OK"
2025-02-22 11:19:54,020 - INFO - ✅ Saved 198 entries to Manufacturing_Industry/industrial_robotics_social_media_ad_poster.json
2025-02-22 11:19:57,020 - INFO - Scraping images for: 3D printing industry social media ad poster
2025-02-22 11:19:57,318 - INFO - HTTP Request: POST https://api.apify.com/v2/acts/NagEuvONHQtmNhnle/runs "HTTP/1.1 201 Created"
2025-02-22 11:19:58,490 - INFO - HTTP Request: GET https://api.apify.com/v2/actor-runs/KRDF2DkdtJg6uG8df?waitForFinish=999999 "HTTP/1.1 200 OK"
2025-02-22 11:20:04,264 - INFO - HTTP Request: GET https://api.apify.com/v2/datasets/eMPZ3B0gQ2H0YfcIi/items?offset=0&limit=1000 "HTTP/1.1 200 OK"
2025-02-22 11:20:08,120 - INFO - ✅ Saved 197 entries to Manufacturing_Industry/3d_printing_industry_social_media_ad_poster.json
2025-02-22 11:20:12,121 - INFO - Scraping images for: Construction materials social media ad poster
2025-02-22 11:20:12,522 - INFO - HTTP Request: POST https://api.apify.com/v2/acts/NagEuvONHQtmNhnle/runs "HTTP/1.1 201 Created"
2025-02-22 11:20:13,982 - INFO - HTTP Request: GET https://api.apify.com/v2/actor-runs/NnE3fskSqtCORJj8u?waitForFinish=999999 "HTTP/1.1 200 OK"
2025-02-22 11:20:19,459 - INFO - HTTP Request: GET https://api.apify.com/v2/datasets/HOR2cIBAeijQGR1EP/items?offset=0&limit=1000 "HTTP/1.1 200 OK"
2025-02-22 11:20:25,613 - INFO - ✅ Saved 200 entries to Manufacturing_Industry/construction_materials_social_media_ad_poster.json
2025-02-22 11:20:29,614 - INFO - Scraping images for: Metal fabrication services social media ad poster
2025-02-22 11:20:29,919 - INFO - HTTP Request: POST https://api.apify.com/v2/acts/NagEuvONHQtmNhnle/runs "HTTP/1.1 201 Created"
2025-02-22 11:20:31,210 - INFO - HTTP Request: GET https://api.apify.com/v2/actor-runs/5zOHGs6kvjJYHaUZ9?waitForFinish=999999 "HTTP/1.1 200 OK"
2025-02-22 11:20:44,933 - INFO - HTTP Request: GET https://api.apify.com/v2/datasets/hs5I1NpRYFtxPYd1J/items?offset=0&limit=1000 "HTTP/1.1 200 OK"
2025-02-22 11:20:45,539 - INFO - ✅ Saved 196 entries to Manufacturing_Industry/metal_fabrication_services_social_media_ad_poster.json
2025-02-22 11:20:50,540 - INFO - Scraping images for: Textile manufacturing social media ad poster
2025-02-22 11:20:51,394 - INFO - HTTP Request: POST https://api.apify.com/v2/acts/NagEuvONHQtmNhnle/runs "HTTP/1.1 201 Created"
2025-02-22 11:20:52,564 - INFO - HTTP Request: GET https://api.apify.com/v2/actor-runs/TbKtnx25cXPD6xpe2?waitForFinish=999999 "HTTP/1.1 200 OK"
2025-02-22 11:21:04,822 - INFO - HTTP Request: GET https://api.apify.com/v2/datasets/ijYQgXr4hWKtYlcR2/items?offset=0&limit=1000 "HTTP/1.1 200 OK"
2025-02-22 11:21:10,533 - INFO - ✅ Saved 198 entries to Manufacturing_Industry/textile_manufacturing_social_media_ad_poster.json
2025-02-22 11:21:16,534 - INFO - Scraping images for: Chemical production plant social media ad poster
2025-02-22 11:21:17,617 - INFO - HTTP Request: POST https://api.apify.com/v2/acts/NagEuvONHQtmNhnle/runs "HTTP/1.1 201 Created"
2025-02-22 11:21:18,784 - INFO - HTTP Request: GET https://api.apify.com/v2/actor-runs/JbdUy9eg8NV7YcoTq?waitForFinish=999999 "HTTP/1.1 200 OK"
2025-02-22 11:21:29,472 - INFO - HTTP Request: GET https://api.apify.com/v2/datasets/x0Kxys8xJZXwz7Hle/items?offset=0&limit=1000 "HTTP/1.1 200 OK"
2025-02-22 11:21:29,763 - INFO - ✅ Saved 200 entries to Manufacturing_Industry/chemical_production_plant_social_media_ad_poster.json
2025-02-22 11:21:33,764 - INFO - Scraping images for: Energy sector equipment social media ad poster
2025-02-22 11:21:34,034 - INFO - HTTP Request: POST https://api.apify.com/v2/acts/NagEuvONHQtmNhnle/runs "HTTP/1.1 201 Created"
2025-02-22 11:21:35,194 - INFO - HTTP Request: GET https://api.apify.com/v2/actor-runs/NEhvWhk5CIkpAqe0u?waitForFinish=999999 "HTTP/1.1 200 OK"
2025-02-22 11:21:41,266 - INFO - HTTP Request: GET https://api.apify.com/v2/datasets/L2Jwcgtu9iarYTxXN/items?offset=0&limit=1000 "HTTP/1.1 200 OK"
2025-02-22 11:21:41,583 - INFO - ✅ Saved 200 entries to Manufacturing_Industry/energy_sector_equipment_social_media_ad_poster.json
2025-02-22 11:21:47,584 - INFO - Scraping images for: Food processing machinery social media ad poster
2025-02-22 11:21:48,320 - INFO - HTTP Request: POST https://api.apify.com/v2/acts/NagEuvONHQtmNhnle/runs "HTTP/1.1 201 Created"
2025-02-22 11:21:49,482 - INFO - HTTP Request: GET https://api.apify.com/v2/actor-runs/2kQ7voOGsqqBay5t8?waitForFinish=999999 "HTTP/1.1 200 OK"
2025-02-22 11:22:03,969 - INFO - HTTP Request: GET https://api.apify.com/v2/datasets/XHigNGPlTh1LxwHGE/items?offset=0&limit=1000 "HTTP/1.1 200 OK"
2025-02-22 11:22:17,916 - INFO - ✅ Saved 199 entries to Manufacturing_Industry/food_processing_machinery_social_media_ad_poster.json
2025-02-22 11:22:20,917 - INFO - Scraping images for: Luxury car social media ad poster
2025-02-22 11:22:21,639 - INFO - HTTP Request: POST https://api.apify.com/v2/acts/NagEuvONHQtmNhnle/runs "HTTP/1.1 201 Created"
2025-02-22 11:22:22,942 - INFO - HTTP Request: GET https://api.apify.com/v2/actor-runs/N4LgccuvTYLuv6QJY?waitForFinish=999999 "HTTP/1.1 200 OK"
2025-02-22 11:22:28,841 - INFO - HTTP Request: GET https://api.apify.com/v2/datasets/uREdQkyU3oiYrhtIh/items?offset=0&limit=1000 "HTTP/1.1 200 OK"
2025-02-22 11:22:29,540 - INFO - ✅ Saved 200 entries to Automotive_Transport/luxury_car_social_media_ad_poster.json
2025-02-22 11:22:32,541 - INFO - Scraping images for: Electric vehicle social media ad poster
2025-02-22 11:22:32,866 - INFO - HTTP Request: POST https://api.apify.com/v2/acts/NagEuvONHQtmNhnle/runs "HTTP/1.1 201 Created"
2025-02-22 11:22:34,038 - INFO - HTTP Request: GET https://api.apify.com/v2/actor-runs/Qd38VdwdYlqnBrtaL?waitForFinish=999999 "HTTP/1.1 200 OK"
2025-02-22 11:22:43,972 - INFO - HTTP Request: GET https://api.apify.com/v2/datasets/9n1iFNBLSl9GQROK1/items?offset=0&limit=1000 "HTTP/1.1 200 OK"
2025-02-22 11:22:44,275 - INFO - ✅ Saved 200 entries to Automotive_Transport/electric_vehicle_social_media_ad_poster.json
2025-02-22 11:22:47,275 - INFO - Scraping images for: Car dealership discount social media ad poster
2025-02-22 11:22:47,536 - INFO - HTTP Request: POST https://api.apify.com/v2/acts/NagEuvONHQtmNhnle/runs "HTTP/1.1 201 Created"
2025-02-22 11:22:48,712 - INFO - HTTP Request: GET https://api.apify.com/v2/actor-runs/g1o9lN0dbYc7Ytssg?waitForFinish=999999 "HTTP/1.1 200 OK"
2025-02-22 11:22:55,199 - INFO - HTTP Request: GET https://api.apify.com/v2/datasets/e3JF6cteCcOEATj31/items?offset=0&limit=1000 "HTTP/1.1 200 OK"
2025-02-22 11:22:55,480 - INFO - ✅ Saved 200 entries to Automotive_Transport/car_dealership_discount_social_media_ad_poster.json
2025-02-22 11:23:01,481 - INFO - Scraping images for: Truck rental service social media ad poster
2025-02-22 11:23:02,239 - INFO - HTTP Request: POST https://api.apify.com/v2/acts/NagEuvONHQtmNhnle/runs "HTTP/1.1 201 Created"
2025-02-22 11:23:03,402 - INFO - HTTP Request: GET https://api.apify.com/v2/actor-runs/VgjxofG0SGTtnM206?waitForFinish=999999 "HTTP/1.1 200 OK"
2025-02-22 11:23:20,412 - INFO - HTTP Request: GET https://api.apify.com/v2/datasets/AXCHTxOBMZ52qPLy1/items?offset=0&limit=1000 "HTTP/1.1 200 OK"
2025-02-22 11:23:32,675 - INFO - ✅ Saved 196 entries to Automotive_Transport/truck_rental_service_social_media_ad_poster.json
2025-02-22 11:23:35,675 - INFO - Scraping images for: Motorcycle brand social media ad poster
2025-02-22 11:23:35,966 - INFO - HTTP Request: POST https://api.apify.com/v2/acts/NagEuvONHQtmNhnle/runs "HTTP/1.1 201 Created"
2025-02-22 11:23:37,135 - INFO - HTTP Request: GET https://api.apify.com/v2/actor-runs/46JBZ64ofEN0aocEw?waitForFinish=999999 "HTTP/1.1 200 OK"
2025-02-22 11:23:42,659 - INFO - HTTP Request: GET https://api.apify.com/v2/datasets/pDZ1hQB1d7l8O6U5q/items?offset=0&limit=1000 "HTTP/1.1 200 OK"
2025-02-22 11:23:44,289 - INFO - ✅ Saved 198 entries to Automotive_Transport/motorcycle_brand_social_media_ad_poster.json
2025-02-22 11:23:49,290 - INFO - Scraping images for: Public transportation service social media ad poster
2025-02-22 11:23:50,019 - INFO - HTTP Request: POST https://api.apify.com/v2/acts/NagEuvONHQtmNhnle/runs "HTTP/1.1 201 Created"
2025-02-22 11:23:51,181 - INFO - HTTP Request: GET https://api.apify.com/v2/actor-runs/hifhecXANoUf2Pyb9?waitForFinish=999999 "HTTP/1.1 200 OK"
2025-02-22 11:23:59,767 - INFO - HTTP Request: GET https://api.apify.com/v2/datasets/cawcOrmLf0pu20ROU/items?offset=0&limit=1000 "HTTP/1.1 200 OK"
2025-02-22 11:23:59,934 - INFO - ✅ Saved 197 entries to Automotive_Transport/public_transportation_service_social_media_ad_poster.json
2025-02-22 11:24:04,934 - INFO - Scraping images for: Auto repair shop social media ad poster
2025-02-22 11:24:06,472 - INFO - HTTP Request: POST https://api.apify.com/v2/acts/NagEuvONHQtmNhnle/runs "HTTP/1.1 201 Created"
2025-02-22 11:24:07,771 - INFO - HTTP Request: GET https://api.apify.com/v2/actor-runs/XoffULq9tK2syahTs?waitForFinish=999999 "HTTP/1.1 200 OK"
2025-02-22 11:24:16,149 - INFO - HTTP Request: GET https://api.apify.com/v2/datasets/2RKH1Disjepaizhek/items?offset=0&limit=1000 "HTTP/1.1 200 OK"
2025-02-22 11:24:19,506 - INFO - ✅ Saved 199 entries to Automotive_Transport/auto_repair_shop_social_media_ad_poster.json
2025-02-22 11:24:23,507 - INFO - Scraping images for: Car insurance promotion social media ad poster
2025-02-22 11:24:23,999 - INFO - HTTP Request: POST https://api.apify.com/v2/acts/NagEuvONHQtmNhnle/runs "HTTP/1.1 201 Created"
2025-02-22 11:24:25,297 - INFO - HTTP Request: GET https://api.apify.com/v2/actor-runs/OAfmjikxxSQyK2cyU?waitForFinish=999999 "HTTP/1.1 200 OK"
2025-02-22 11:24:30,914 - INFO - HTTP Request: GET https://api.apify.com/v2/datasets/r2KGA84cqCF9QusaY/items?offset=0&limit=1000 "HTTP/1.1 200 OK"
2025-02-22 11:24:31,537 - INFO - ✅ Saved 200 entries to Automotive_Transport/car_insurance_promotion_social_media_ad_poster.json
2025-02-22 11:24:35,537 - INFO - Scraping images for: Ride-sharing service social media ad poster
2025-02-22 11:24:35,804 - INFO - HTTP Request: POST https://api.apify.com/v2/acts/NagEuvONHQtmNhnle/runs "HTTP/1.1 201 Created"
2025-02-22 11:24:38,230 - INFO - HTTP Request: GET https://api.apify.com/v2/actor-runs/Lbv4D4eWixJkDkxso?waitForFinish=999999 "HTTP/1.1 200 OK"
2025-02-22 11:24:42,220 - INFO - HTTP Request: GET https://api.apify.com/v2/datasets/mfywL1hJcMWIcTxZS/items?offset=0&limit=1000 "HTTP/1.1 200 OK"
2025-02-22 11:24:50,509 - INFO - ✅ Saved 197 entries to Automotive_Transport/ride-sharing_service_social_media_ad_poster.json
2025-02-22 11:24:53,509 - INFO - Scraping images for: EV charging station social media ad poster
2025-02-22 11:24:54,827 - INFO - HTTP Request: POST https://api.apify.com/v2/acts/NagEuvONHQtmNhnle/runs "HTTP/1.1 201 Created"
2025-02-22 11:24:56,268 - INFO - HTTP Request: GET https://api.apify.com/v2/actor-runs/lwMfUUVd0VbtYMtU5?waitForFinish=999999 "HTTP/1.1 200 OK"
2025-02-22 11:25:06,246 - INFO - HTTP Request: GET https://api.apify.com/v2/datasets/Pg2SjeYyNmYUehg19/items?offset=0&limit=1000 "HTTP/1.1 200 OK"
2025-02-22 11:25:12,499 - INFO - ✅ Saved 199 entries to Automotive_Transport/ev_charging_station_social_media_ad_poster.json
2025-02-22 11:37:10,038 - INFO - Scraping images for: Additive manufacturing services social media ad poster
2025-02-22 11:37:10,969 - INFO - HTTP Request: POST https://api.apify.com/v2/acts/NagEuvONHQtmNhnle/runs "HTTP/1.1 201 Created"
2025-02-22 11:37:12,138 - INFO - HTTP Request: GET https://api.apify.com/v2/actor-runs/afejf4XkxVSgLNB5Z?waitForFinish=999999 "HTTP/1.1 200 OK"
2025-02-22 11:37:29,009 - INFO - HTTP Request: GET https://api.apify.com/v2/datasets/CtG1XoSUKdvUObp9l/items?offset=0&limit=1000 "HTTP/1.1 200 OK"
2025-02-22 11:37:29,163 - INFO - ✅ Saved 198 entries to Manufacturing_Industry/additive_manufacturing_services_social_media_ad_poster.json
2025-02-22 11:37:32,164 - INFO - Scraping images for: Automation systems for factories social media ad poster
2025-02-22 11:37:32,416 - INFO - HTTP Request: POST https://api.apify.com/v2/acts/NagEuvONHQtmNhnle/runs "HTTP/1.1 201 Created"
2025-02-22 11:37:33,576 - INFO - HTTP Request: GET https://api.apify.com/v2/actor-runs/sZ3AGHBJEkny9pSDi?waitForFinish=999999 "HTTP/1.1 200 OK"
2025-02-22 11:37:43,319 - INFO - HTTP Request: GET https://api.apify.com/v2/datasets/xFOCuvvbek6RIKa32/items?offset=0&limit=1000 "HTTP/1.1 200 OK"
2025-02-22 11:37:43,488 - INFO - ✅ Saved 197 entries to Manufacturing_Industry/automation_systems_for_factories_social_media_ad_poster.json
2025-02-22 11:37:47,488 - INFO - Scraping images for: Industrial maintenance services social media ad poster
2025-02-22 11:37:47,779 - INFO - HTTP Request: POST https://api.apify.com/v2/acts/NagEuvONHQtmNhnle/runs "HTTP/1.1 201 Created"
2025-02-22 11:37:48,956 - INFO - HTTP Request: GET https://api.apify.com/v2/actor-runs/ZIILBeaSQ6sXRdDVp?waitForFinish=999999 "HTTP/1.1 200 OK"
2025-02-22 11:37:56,913 - INFO - HTTP Request: GET https://api.apify.com/v2/datasets/vJapivi8WnMoRpYrY/items?offset=0&limit=1000 "HTTP/1.1 200 OK"
2025-02-22 11:37:57,077 - INFO - ✅ Saved 198 entries to Manufacturing_Industry/industrial_maintenance_services_social_media_ad_poster.json
2025-02-22 11:38:03,077 - INFO - Scraping images for: Supply chain solutions for manufacturing social media ad poster
2025-02-22 11:38:04,173 - INFO - HTTP Request: POST https://api.apify.com/v2/acts/NagEuvONHQtmNhnle/runs "HTTP/1.1 201 Created"
2025-02-22 11:38:05,906 - INFO - HTTP Request: GET https://api.apify.com/v2/actor-runs/UYfdkKo7OvRDiJ0xJ?waitForFinish=999999 "HTTP/1.1 200 OK"
2025-02-22 11:38:16,390 - INFO - HTTP Request: GET https://api.apify.com/v2/datasets/doKmzExX5PKLrpYsO/items?offset=0&limit=1000 "HTTP/1.1 200 OK"
2025-02-22 11:38:16,974 - INFO - ✅ Saved 198 entries to Manufacturing_Industry/supply_chain_solutions_for_manufacturing_social_media_ad_poster.json
2025-02-22 11:38:22,974 - INFO - Scraping images for: Advanced manufacturing technology social media ad poster
2025-02-22 11:38:23,710 - INFO - HTTP Request: POST https://api.apify.com/v2/acts/NagEuvONHQtmNhnle/runs "HTTP/1.1 201 Created"
2025-02-22 11:38:24,861 - INFO - HTTP Request: GET https://api.apify.com/v2/actor-runs/TVlJNlfHFdxwCPliw?waitForFinish=999999 "HTTP/1.1 200 OK"
2025-02-22 11:38:30,624 - INFO - HTTP Request: GET https://api.apify.com/v2/datasets/wnes0gfHmjLvT5WMV/items?offset=0&limit=1000 "HTTP/1.1 200 OK"
2025-02-22 11:38:30,781 - INFO - ✅ Saved 200 entries to Manufacturing_Industry/advanced_manufacturing_technology_social_media_ad_poster.json
2025-02-22 11:38:35,782 - INFO - Scraping images for: Custom metal fabrication social media ad poster
2025-02-22 11:38:36,485 - INFO - HTTP Request: POST https://api.apify.com/v2/acts/NagEuvONHQtmNhnle/runs "HTTP/1.1 201 Created"
2025-02-22 11:38:37,657 - INFO - HTTP Request: GET https://api.apify.com/v2/actor-runs/XgiY2kyeCcey81nJ3?waitForFinish=999999 "HTTP/1.1 200 OK"
2025-02-22 11:38:48,649 - INFO - HTTP Request: GET https://api.apify.com/v2/datasets/9lTnNjRKkJWMFvqMw/items?offset=0&limit=1000 "HTTP/1.1 200 OK"
2025-02-22 11:38:48,819 - INFO - ✅ Saved 198 entries to Manufacturing_Industry/custom_metal_fabrication_social_media_ad_poster.json
2025-02-22 11:38:52,820 - INFO - Scraping images for: Industrial waste management social media ad poster
2025-02-22 11:38:53,106 - INFO - HTTP Request: POST https://api.apify.com/v2/acts/NagEuvONHQtmNhnle/runs "HTTP/1.1 201 Created"
2025-02-22 11:38:54,277 - INFO - HTTP Request: GET https://api.apify.com/v2/actor-runs/1AT0jfU9ZM9GWiHtZ?waitForFinish=999999 "HTTP/1.1 200 OK"
2025-02-22 11:39:06,192 - INFO - HTTP Request: GET https://api.apify.com/v2/datasets/RY3unt6rhMYnEOP5x/items?offset=0&limit=1000 "HTTP/1.1 200 OK"
2025-02-22 11:39:06,368 - INFO - ✅ Saved 200 entries to Manufacturing_Industry/industrial_waste_management_social_media_ad_poster.json
2025-02-22 11:39:12,369 - INFO - Scraping images for: Construction site safety equipment social media ad poster
2025-02-22 11:39:13,092 - INFO - HTTP Request: POST https://api.apify.com/v2/acts/NagEuvONHQtmNhnle/runs "HTTP/1.1 201 Created"
2025-02-22 11:39:14,247 - INFO - HTTP Request: GET https://api.apify.com/v2/actor-runs/wK8B58GLilBg5i1Wh?waitForFinish=999999 "HTTP/1.1 200 OK"
2025-02-22 11:39:30,225 - INFO - HTTP Request: GET https://api.apify.com/v2/datasets/b0LuzcP98vNmbxE67/items?offset=0&limit=1000 "HTTP/1.1 200 OK"
2025-02-22 11:39:30,376 - INFO - ✅ Saved 200 entries to Manufacturing_Industry/construction_site_safety_equipment_social_media_ad_poster.json
2025-02-22 11:39:35,377 - INFO - Scraping images for: Industrial 3D printing service social media ad poster
2025-02-22 11:39:36,154 - INFO - HTTP Request: POST https://api.apify.com/v2/acts/NagEuvONHQtmNhnle/runs "HTTP/1.1 201 Created"
2025-02-22 11:39:37,329 - INFO - HTTP Request: GET https://api.apify.com/v2/actor-runs/lOpddXVJrrOnOKDex?waitForFinish=999999 "HTTP/1.1 200 OK"
2025-02-22 11:39:43,004 - INFO - HTTP Request: GET https://api.apify.com/v2/datasets/bK37lFPSvk5kSrcxT/items?offset=0&limit=1000 "HTTP/1.1 200 OK"
2025-02-22 11:39:43,164 - INFO - ✅ Saved 198 entries to Manufacturing_Industry/industrial_3d_printing_service_social_media_ad_poster.json
2025-02-22 11:39:47,164 - INFO - Scraping images for: Smart factory solutions social media ad poster
2025-02-22 11:39:47,429 - INFO - HTTP Request: POST https://api.apify.com/v2/acts/NagEuvONHQtmNhnle/runs "HTTP/1.1 201 Created"
2025-02-22 11:39:48,601 - INFO - HTTP Request: GET https://api.apify.com/v2/actor-runs/Yg5cj0BaQE0fTU4bW?waitForFinish=999999 "HTTP/1.1 200 OK"
2025-02-22 11:39:56,172 - INFO - HTTP Request: GET https://api.apify.com/v2/datasets/Fyobiz7iiAmceRorI/items?offset=0&limit=1000 "HTTP/1.1 200 OK"
2025-02-22 11:39:56,183 - INFO - ✅ Saved 197 entries to Manufacturing_Industry/smart_factory_solutions_social_media_ad_poster.json
2025-02-22 11:40:00,183 - INFO - Scraping images for: Electric truck social media ad poster
2025-02-22 11:40:00,482 - INFO - HTTP Request: POST https://api.apify.com/v2/acts/NagEuvONHQtmNhnle/runs "HTTP/1.1 201 Created"
2025-02-22 11:40:01,638 - INFO - HTTP Request: GET https://api.apify.com/v2/actor-runs/BI7fHoRHWxeZh0au4?waitForFinish=999999 "HTTP/1.1 200 OK"
2025-02-22 11:40:10,777 - INFO - HTTP Request: GET https://api.apify.com/v2/datasets/mhCum5kWZJu2gKQqP/items?offset=0&limit=1000 "HTTP/1.1 200 OK"
2025-02-22 11:40:11,835 - INFO - ✅ Saved 198 entries to Automotive_Transport/electric_truck_social_media_ad_poster.json
2025-02-22 11:40:17,835 - INFO - Scraping images for: Autonomous vehicle technology social media ad poster
2025-02-22 11:40:21,053 - INFO - HTTP Request: POST https://api.apify.com/v2/acts/NagEuvONHQtmNhnle/runs "HTTP/1.1 201 Created"
2025-02-22 11:40:22,358 - INFO - HTTP Request: GET https://api.apify.com/v2/actor-runs/o6tIcTtaBCYJu32RS?waitForFinish=999999 "HTTP/1.1 200 OK"
2025-02-22 11:40:25,953 - INFO - HTTP Request: GET https://api.apify.com/v2/datasets/mfihH93U8CE1LnabY/items?offset=0&limit=1000 "HTTP/1.1 200 OK"
2025-02-22 11:40:28,859 - INFO - ✅ Saved 199 entries to Automotive_Transport/autonomous_vehicle_technology_social_media_ad_poster.json
2025-02-22 11:40:32,859 - INFO - Scraping images for: Vehicle fleet management software social media ad poster
2025-02-22 11:40:33,172 - INFO - HTTP Request: POST https://api.apify.com/v2/acts/NagEuvONHQtmNhnle/runs "HTTP/1.1 201 Created"
2025-02-22 11:40:34,470 - INFO - HTTP Request: GET https://api.apify.com/v2/actor-runs/koQAI5KgYLdO4kml9?waitForFinish=999999 "HTTP/1.1 200 OK"
2025-02-22 11:40:39,280 - INFO - HTTP Request: GET https://api.apify.com/v2/datasets/5JsWBbbwFgUw5qhEC/items?offset=0&limit=1000 "HTTP/1.1 200 OK"
2025-02-22 11:40:39,993 - INFO - ✅ Saved 199 entries to Automotive_Transport/vehicle_fleet_management_software_social_media_ad_poster.json
2025-02-22 11:40:45,993 - INFO - Scraping images for: Luxury sports car social media ad poster
2025-02-22 11:40:46,783 - INFO - HTTP Request: POST https://api.apify.com/v2/acts/NagEuvONHQtmNhnle/runs "HTTP/1.1 201 Created"
2025-02-22 11:40:47,939 - INFO - HTTP Request: GET https://api.apify.com/v2/actor-runs/PR0HLItcxdHp9CXoW?waitForFinish=999999 "HTTP/1.1 200 OK"
2025-02-22 11:40:52,720 - INFO - HTTP Request: GET https://api.apify.com/v2/datasets/wZMdyYlQE64ffrLle/items?offset=0&limit=1000 "HTTP/1.1 200 OK"
2025-02-22 11:40:52,867 - INFO - ✅ Saved 198 entries to Automotive_Transport/luxury_sports_car_social_media_ad_poster.json
2025-02-22 11:40:56,867 - INFO - Scraping images for: Hybrid vehicle promotion social media ad poster
2025-02-22 11:40:57,166 - INFO - HTTP Request: POST https://api.apify.com/v2/acts/NagEuvONHQtmNhnle/runs "HTTP/1.1 201 Created"
2025-02-22 11:40:58,328 - INFO - HTTP Request: GET https://api.apify.com/v2/actor-runs/2Olfx4ruPrDpnjWt3?waitForFinish=999999 "HTTP/1.1 200 OK"
2025-02-22 11:41:05,431 - INFO - HTTP Request: GET https://api.apify.com/v2/datasets/heIJ2uQHpfPfs3CWX/items?offset=0&limit=1000 "HTTP/1.1 200 OK"
2025-02-22 11:41:05,461 - INFO - ✅ Saved 199 entries to Automotive_Transport/hybrid_vehicle_promotion_social_media_ad_poster.json
2025-02-22 11:41:09,461 - INFO - Scraping images for: Car rental service social media ad poster
2025-02-22 11:41:09,718 - INFO - HTTP Request: POST https://api.apify.com/v2/acts/NagEuvONHQtmNhnle/runs "HTTP/1.1 201 Created"
2025-02-22 11:41:10,884 - INFO - HTTP Request: GET https://api.apify.com/v2/actor-runs/tJL2oDL745N5X0E7v?waitForFinish=999999 "HTTP/1.1 200 OK"
2025-02-22 11:41:20,615 - INFO - HTTP Request: GET https://api.apify.com/v2/datasets/e5RHNHdGoTKFEdXdu/items?offset=0&limit=1000 "HTTP/1.1 200 OK"
2025-02-22 11:41:20,959 - INFO - ✅ Saved 199 entries to Automotive_Transport/car_rental_service_social_media_ad_poster.json
2025-02-22 11:41:24,960 - INFO - Scraping images for: Electric scooter social media ad poster
2025-02-22 11:41:25,244 - INFO - HTTP Request: POST https://api.apify.com/v2/acts/NagEuvONHQtmNhnle/runs "HTTP/1.1 201 Created"
2025-02-22 11:41:26,414 - INFO - HTTP Request: GET https://api.apify.com/v2/actor-runs/rqdICq6rYMRuMIjrO?waitForFinish=999999 "HTTP/1.1 200 OK"
2025-02-22 11:41:31,422 - INFO - HTTP Request: GET https://api.apify.com/v2/datasets/Yq40bLTiNv05D4eAh/items?offset=0&limit=1000 "HTTP/1.1 200 OK"
2025-02-22 11:41:31,437 - INFO - ✅ Saved 198 entries to Automotive_Transport/electric_scooter_social_media_ad_poster.json
2025-02-22 11:41:35,437 - INFO - Scraping images for: Cargo shipping service social media ad poster
2025-02-22 11:41:35,730 - INFO - HTTP Request: POST https://api.apify.com/v2/acts/NagEuvONHQtmNhnle/runs "HTTP/1.1 201 Created"
2025-02-22 11:41:36,893 - INFO - HTTP Request: GET https://api.apify.com/v2/actor-runs/L1aRgbAlHUEgZlMbU?waitForFinish=999999 "HTTP/1.1 200 OK"
2025-02-22 11:41:49,736 - INFO - HTTP Request: GET https://api.apify.com/v2/datasets/oKZuMN6ZY5NabfRKk/items?offset=0&limit=1000 "HTTP/1.1 200 OK"
2025-02-22 11:41:49,758 - INFO - ✅ Saved 191 entries to Automotive_Transport/cargo_shipping_service_social_media_ad_poster.json
2025-02-22 11:41:55,760 - INFO - Scraping images for: Logistics and delivery services social media ad poster
2025-02-22 11:41:56,619 - INFO - HTTP Request: POST https://api.apify.com/v2/acts/NagEuvONHQtmNhnle/runs "HTTP/1.1 201 Created"
2025-02-22 11:41:57,774 - INFO - HTTP Request: GET https://api.apify.com/v2/actor-runs/2nRkxao9YGiLOHkWv?waitForFinish=999999 "HTTP/1.1 200 OK"
2025-02-22 11:42:02,963 - INFO - HTTP Request: GET https://api.apify.com/v2/datasets/ms5eGYtrxGvtFq3WJ/items?offset=0&limit=1000 "HTTP/1.1 200 OK"
2025-02-22 11:42:03,127 - INFO - ✅ Saved 194 entries to Automotive_Transport/logistics_and_delivery_services_social_media_ad_poster.json
2025-02-22 11:42:09,127 - INFO - Scraping images for: Motorcycle safety gear social media ad poster
2025-02-22 11:42:09,831 - INFO - HTTP Request: POST https://api.apify.com/v2/acts/NagEuvONHQtmNhnle/runs "HTTP/1.1 201 Created"
2025-02-22 11:42:10,988 - INFO - HTTP Request: GET https://api.apify.com/v2/actor-runs/q82VezYdhzl3Qz3ma?waitForFinish=999999 "HTTP/1.1 200 OK"
2025-02-22 11:42:22,661 - INFO - HTTP Request: GET https://api.apify.com/v2/datasets/wyLzWPMAIcL90JlzA/items?offset=0&limit=1000 "HTTP/1.1 200 OK"
2025-02-22 11:42:22,817 - INFO - ✅ Saved 199 entries to Automotive_Transport/motorcycle_safety_gear_social_media_ad_poster.json
2025-02-22 22:40:08,474 - INFO - Scraping images for: Renewable energy equipment social media ad poster
2025-02-22 22:40:10,066 - INFO - HTTP Request: POST https://api.apify.com/v2/acts/NagEuvONHQtmNhnle/runs "HTTP/1.1 201 Created"
2025-02-22 22:40:11,237 - INFO - HTTP Request: GET https://api.apify.com/v2/actor-runs/GVRTe1Wfyhm5hgzCb?waitForFinish=999999 "HTTP/1.1 200 OK"
2025-02-22 22:40:25,799 - INFO - HTTP Request: GET https://api.apify.com/v2/datasets/8WljwEcFJUlTyzCTE/items?offset=0&limit=1000 "HTTP/1.1 200 OK"
2025-02-22 22:40:25,968 - INFO - ✅ Saved 200 entries to Manufacturing_Industry/renewable_energy_equipment_social_media_ad_poster.json
2025-02-22 22:40:28,968 - INFO - Scraping images for: Industrial safety gear promotional image
2025-02-22 22:40:29,265 - INFO - HTTP Request: POST https://api.apify.com/v2/acts/NagEuvONHQtmNhnle/runs "HTTP/1.1 201 Created"
2025-02-22 22:40:30,462 - INFO - HTTP Request: GET https://api.apify.com/v2/actor-runs/5JUYKH6cD3bd0jY4q?waitForFinish=999999 "HTTP/1.1 200 OK"
2025-02-22 22:40:35,246 - INFO - HTTP Request: GET https://api.apify.com/v2/datasets/NE7b6yJyHDRXxOwXb/items?offset=0&limit=1000 "HTTP/1.1 200 OK"
2025-02-22 22:40:35,286 - INFO - ✅ Saved 197 entries to Manufacturing_Industry/industrial_safety_gear_promotional_image.json
2025-02-22 22:40:41,287 - INFO - Scraping images for: Packaging machinery advertisement
2025-02-22 22:40:42,029 - INFO - HTTP Request: POST https://api.apify.com/v2/acts/NagEuvONHQtmNhnle/runs "HTTP/1.1 201 Created"
2025-02-22 22:40:43,201 - INFO - HTTP Request: GET https://api.apify.com/v2/actor-runs/D1ndmRFH8eXck0WhY?waitForFinish=999999 "HTTP/1.1 200 OK"
2025-02-22 22:40:53,625 - INFO - HTTP Request: GET https://api.apify.com/v2/datasets/W9QwRK1pRpZRKcvBS/items?offset=0&limit=1000 "HTTP/1.1 200 OK"
2025-02-22 22:40:53,791 - INFO - ✅ Saved 197 entries to Manufacturing_Industry/packaging_machinery_advertisement.json
2025-02-22 22:40:56,791 - INFO - Scraping images for: CNC machining services marketing poster
2025-02-22 22:40:57,100 - INFO - HTTP Request: POST https://api.apify.com/v2/acts/NagEuvONHQtmNhnle/runs "HTTP/1.1 201 Created"
2025-02-22 22:40:58,265 - INFO - HTTP Request: GET https://api.apify.com/v2/actor-runs/a1ULvRVKibQlnEnGv?waitForFinish=999999 "HTTP/1.1 200 OK"
2025-02-22 22:41:06,034 - INFO - HTTP Request: GET https://api.apify.com/v2/datasets/3ObTRFbIhfOw02DBU/items?offset=0&limit=1000 "HTTP/1.1 200 OK"
2025-02-22 22:41:06,079 - INFO - ✅ Saved 195 entries to Manufacturing_Industry/cnc_machining_services_marketing_poster.json
2025-02-22 22:41:10,081 - INFO - Scraping images for: Plastic injection molding services ad
2025-02-22 22:41:10,384 - INFO - HTTP Request: POST https://api.apify.com/v2/acts/NagEuvONHQtmNhnle/runs "HTTP/1.1 201 Created"
2025-02-22 22:41:11,543 - INFO - HTTP Request: GET https://api.apify.com/v2/actor-runs/BQS6iMiZpJHdtu8LJ?waitForFinish=999999 "HTTP/1.1 200 OK"
2025-02-22 22:41:22,937 - INFO - HTTP Request: GET https://api.apify.com/v2/datasets/eJXVPobkdUArjagtZ/items?offset=0&limit=1000 "HTTP/1.1 200 OK"
2025-02-22 22:41:22,977 - INFO - ✅ Saved 200 entries to Manufacturing_Industry/plastic_injection_molding_services_ad.json
2025-02-22 22:41:28,977 - INFO - Scraping images for: Pharmaceutical manufacturing equipment social media ad
2025-02-22 22:41:29,713 - INFO - HTTP Request: POST https://api.apify.com/v2/acts/NagEuvONHQtmNhnle/runs "HTTP/1.1 201 Created"
2025-02-22 22:41:30,875 - INFO - HTTP Request: GET https://api.apify.com/v2/actor-runs/usww1U9nEeAnN0cEh?waitForFinish=999999 "HTTP/1.1 200 OK"
2025-02-22 22:41:35,395 - INFO - HTTP Request: GET https://api.apify.com/v2/datasets/BvusJGdlwXacoWdfL/items?offset=0&limit=1000 "HTTP/1.1 200 OK"
2025-02-22 22:41:35,567 - INFO - ✅ Saved 199 entries to Manufacturing_Industry/pharmaceutical_manufacturing_equipment_social_media_ad.json
2025-02-22 22:41:39,567 - INFO - Scraping images for: Water treatment plant services promotional poster
2025-02-22 22:41:39,838 - INFO - HTTP Request: POST https://api.apify.com/v2/acts/NagEuvONHQtmNhnle/runs "HTTP/1.1 201 Created"
2025-02-22 22:41:40,996 - INFO - HTTP Request: GET https://api.apify.com/v2/actor-runs/W6yyF4mfibqXKhRje?waitForFinish=999999 "HTTP/1.1 200 OK"
2025-02-22 22:41:47,373 - INFO - HTTP Request: GET https://api.apify.com/v2/datasets/RPAMladWFTjrFd7a7/items?offset=0&limit=1000 "HTTP/1.1 200 OK"
2025-02-22 22:41:47,392 - INFO - ✅ Saved 198 entries to Manufacturing_Industry/water_treatment_plant_services_promotional_poster.json
2025-02-22 22:41:52,393 - INFO - Scraping images for: Agricultural machinery advertisement
2025-02-22 22:41:53,169 - INFO - HTTP Request: POST https://api.apify.com/v2/acts/NagEuvONHQtmNhnle/runs "HTTP/1.1 201 Created"
2025-02-22 22:41:54,320 - INFO - HTTP Request: GET https://api.apify.com/v2/actor-runs/L1Y7sSfKL5CGvI6VD?waitForFinish=999999 "HTTP/1.1 200 OK"
2025-02-22 22:41:59,002 - INFO - HTTP Request: GET https://api.apify.com/v2/datasets/PxP1FG8txEzw7270Z/items?offset=0&limit=1000 "HTTP/1.1 200 OK"
2025-02-22 22:41:59,182 - INFO - ✅ Saved 197 entries to Manufacturing_Industry/agricultural_machinery_advertisement.json
2025-02-22 22:42:05,183 - INFO - Scraping images for: HVAC systems industrial ad poster
2025-02-22 22:42:05,913 - INFO - HTTP Request: POST https://api.apify.com/v2/acts/NagEuvONHQtmNhnle/runs "HTTP/1.1 201 Created"
2025-02-22 22:42:07,077 - INFO - HTTP Request: GET https://api.apify.com/v2/actor-runs/ZaO3njk9KhyQ5LFaK?waitForFinish=999999 "HTTP/1.1 200 OK"
2025-02-22 22:42:17,446 - INFO - HTTP Request: GET https://api.apify.com/v2/datasets/3LHt0pqMIc02L5j7e/items?offset=0&limit=1000 "HTTP/1.1 200 OK"
2025-02-22 22:42:17,752 - INFO - ✅ Saved 192 entries to Manufacturing_Industry/hvac_systems_industrial_ad_poster.json
2025-02-22 22:42:20,753 - INFO - Scraping images for: Mining equipment marketing image
2025-02-22 22:42:21,111 - INFO - HTTP Request: POST https://api.apify.com/v2/acts/NagEuvONHQtmNhnle/runs "HTTP/1.1 201 Created"
2025-02-22 22:42:22,289 - INFO - HTTP Request: GET https://api.apify.com/v2/actor-runs/IwaMDGc8OiWJ56Cdy?waitForFinish=999999 "HTTP/1.1 200 OK"
2025-02-22 22:42:27,574 - INFO - HTTP Request: GET https://api.apify.com/v2/datasets/cIfcnOWohZHAHZ7zS/items?offset=0&limit=1000 "HTTP/1.1 200 OK"
2025-02-22 22:42:27,870 - INFO - ✅ Saved 192 entries to Manufacturing_Industry/mining_equipment_marketing_image.json
2025-02-22 22:42:32,870 - INFO - Scraping images for: Pulp and paper industry machinery ad
2025-02-22 22:42:33,632 - INFO - HTTP Request: POST https://api.apify.com/v2/acts/NagEuvONHQtmNhnle/runs "HTTP/1.1 201 Created"
2025-02-22 22:42:34,782 - INFO - HTTP Request: GET https://api.apify.com/v2/actor-runs/duWoww8AiHueucKbM?waitForFinish=999999 "HTTP/1.1 200 OK"
2025-02-22 22:42:39,251 - INFO - HTTP Request: GET https://api.apify.com/v2/datasets/qHeou3qRcpml5AmBW/items?offset=0&limit=1000 "HTTP/1.1 200 OK"
2025-02-22 22:42:39,401 - INFO - ✅ Saved 197 entries to Manufacturing_Industry/pulp_and_paper_industry_machinery_ad.json
2025-02-22 22:42:42,401 - INFO - Scraping images for: Semiconductor manufacturing equipment social media poster
2025-02-22 22:42:42,708 - INFO - HTTP Request: POST https://api.apify.com/v2/acts/NagEuvONHQtmNhnle/runs "HTTP/1.1 201 Created"
2025-02-22 22:42:43,871 - INFO - HTTP Request: GET https://api.apify.com/v2/actor-runs/LafpFsNdfjE0gyhuA?waitForFinish=999999 "HTTP/1.1 200 OK"
2025-02-22 22:42:55,031 - INFO - HTTP Request: GET https://api.apify.com/v2/datasets/OEttbFdHOqXgMcDN3/items?offset=0&limit=1000 "HTTP/1.1 200 OK"
2025-02-22 22:42:55,052 - INFO - ✅ Saved 198 entries to Manufacturing_Industry/semiconductor_manufacturing_equipment_social_media_poster.json
2025-02-22 22:43:01,052 - INFO - Scraping images for: Industrial painting services promotional image
2025-02-22 22:43:01,773 - INFO - HTTP Request: POST https://api.apify.com/v2/acts/NagEuvONHQtmNhnle/runs "HTTP/1.1 201 Created"
2025-02-22 22:43:02,932 - INFO - HTTP Request: GET https://api.apify.com/v2/actor-runs/jgOiQz3pCaZH7QlJI?waitForFinish=999999 "HTTP/1.1 200 OK"
2025-02-22 22:43:16,053 - INFO - HTTP Request: GET https://api.apify.com/v2/datasets/C3g8vJm3GWFCFInpK/items?offset=0&limit=1000 "HTTP/1.1 200 OK"
2025-02-22 22:43:16,228 - INFO - ✅ Saved 192 entries to Manufacturing_Industry/industrial_painting_services_promotional_image.json
2025-02-22 22:43:20,229 - INFO - Scraping images for: Food packaging solutions advertisement
2025-02-22 22:43:20,517 - INFO - HTTP Request: POST https://api.apify.com/v2/acts/NagEuvONHQtmNhnle/runs "HTTP/1.1 201 Created"
2025-02-22 22:43:21,676 - INFO - HTTP Request: GET https://api.apify.com/v2/actor-runs/utxg3cUHFfnVdBSSh?waitForFinish=999999 "HTTP/1.1 200 OK"
2025-02-22 22:43:26,752 - INFO - HTTP Request: GET https://api.apify.com/v2/datasets/HdlTm3n0nsRA6mcCp/items?offset=0&limit=1000 "HTTP/1.1 200 OK"
2025-02-22 22:43:30,610 - INFO - ✅ Saved 199 entries to Manufacturing_Industry/food_packaging_solutions_advertisement.json
2025-02-22 22:43:34,610 - INFO - Scraping images for: Textile dyeing machinery marketing poster
2025-02-22 22:43:34,877 - INFO - HTTP Request: POST https://api.apify.com/v2/acts/NagEuvONHQtmNhnle/runs "HTTP/1.1 201 Created"
2025-02-22 22:43:36,171 - INFO - HTTP Request: GET https://api.apify.com/v2/actor-runs/Wv6ZcA0QXJU5Ik4JO?waitForFinish=999999 "HTTP/1.1 200 OK"
2025-02-22 22:43:40,059 - INFO - HTTP Request: GET https://api.apify.com/v2/datasets/32wCWo81YGAcxozr6/items?offset=0&limit=1000 "HTTP/1.1 200 OK"
2025-02-22 22:43:40,786 - INFO - ✅ Saved 196 entries to Manufacturing_Industry/textile_dyeing_machinery_marketing_poster.json
2025-02-22 22:43:43,787 - INFO - Scraping images for: Industrial air compressor ad
2025-02-22 22:43:44,087 - INFO - HTTP Request: POST https://api.apify.com/v2/acts/NagEuvONHQtmNhnle/runs "HTTP/1.1 201 Created"
2025-02-22 22:43:45,250 - INFO - HTTP Request: GET https://api.apify.com/v2/actor-runs/K9X46mJ4IZcw4tRuW?waitForFinish=999999 "HTTP/1.1 200 OK"
2025-02-22 22:43:49,901 - INFO - HTTP Request: GET https://api.apify.com/v2/datasets/bOwF69ETm60r5e7I2/items?offset=0&limit=1000 "HTTP/1.1 200 OK"
2025-02-22 22:43:50,334 - INFO - ✅ Saved 192 entries to Manufacturing_Industry/industrial_air_compressor_ad.json
2025-02-22 22:43:54,335 - INFO - Scraping images for: Waste recycling equipment social media ad poster
2025-02-22 22:43:54,688 - INFO - HTTP Request: POST https://api.apify.com/v2/acts/NagEuvONHQtmNhnle/runs "HTTP/1.1 201 Created"
2025-02-22 22:43:55,843 - INFO - HTTP Request: GET https://api.apify.com/v2/actor-runs/XE10FOlfv0FqIKClH?waitForFinish=999999 "HTTP/1.1 200 OK"
2025-02-22 22:44:00,219 - INFO - HTTP Request: GET https://api.apify.com/v2/datasets/WtA4d660RMgTrBX15/items?offset=0&limit=1000 "HTTP/1.1 200 OK"
2025-02-22 22:44:00,516 - INFO - ✅ Saved 197 entries to Manufacturing_Industry/waste_recycling_equipment_social_media_ad_poster.json
2025-02-22 22:44:06,517 - INFO - Scraping images for: Industrial heating systems promotional image
2025-02-22 22:44:07,280 - INFO - HTTP Request: POST https://api.apify.com/v2/acts/NagEuvONHQtmNhnle/runs "HTTP/1.1 201 Created"
2025-02-22 22:44:08,446 - INFO - HTTP Request: GET https://api.apify.com/v2/actor-runs/34Qj3VFQL863hLU7p?waitForFinish=999999 "HTTP/1.1 200 OK"
2025-02-22 22:44:17,312 - INFO - HTTP Request: GET https://api.apify.com/v2/datasets/Rj4vhX7Vmzj9GjrIs/items?offset=0&limit=1000 "HTTP/1.1 200 OK"
2025-02-22 22:44:17,466 - INFO - ✅ Saved 196 entries to Manufacturing_Industry/industrial_heating_systems_promotional_image.json
2025-02-22 22:44:23,467 - INFO - Scraping images for: Laser cutting services advertisement
2025-02-22 22:44:24,215 - INFO - HTTP Request: POST https://api.apify.com/v2/acts/NagEuvONHQtmNhnle/runs "HTTP/1.1 201 Created"
2025-02-22 22:44:25,376 - INFO - HTTP Request: GET https://api.apify.com/v2/actor-runs/FGSsYRRA2sOZiK7Yk?waitForFinish=999999 "HTTP/1.1 200 OK"
2025-02-22 22:44:31,747 - INFO - HTTP Request: GET https://api.apify.com/v2/datasets/H63Kt8GVSjcQzSBJZ/items?offset=0&limit=1000 "HTTP/1.1 200 OK"
2025-02-22 22:44:32,058 - INFO - ✅ Saved 189 entries to Manufacturing_Industry/laser_cutting_services_advertisement.json
2025-02-22 22:44:35,058 - INFO - Scraping images for: Oil and gas industry equipment marketing poster
2025-02-22 22:44:35,367 - INFO - HTTP Request: POST https://api.apify.com/v2/acts/NagEuvONHQtmNhnle/runs "HTTP/1.1 201 Created"
2025-02-22 22:44:36,526 - INFO - HTTP Request: GET https://api.apify.com/v2/actor-runs/1NBnrGH3a1esZJiYh?waitForFinish=999999 "HTTP/1.1 200 OK"
2025-02-22 22:44:46,165 - INFO - HTTP Request: GET https://api.apify.com/v2/datasets/ngn2QsJykGhsRHET5/items?offset=0&limit=1000 "HTTP/1.1 200 OK"
2025-02-22 22:44:46,463 - INFO - ✅ Saved 196 entries to Manufacturing_Industry/oil_and_gas_industry_equipment_marketing_poster.json
2025-02-22 22:44:51,464 - INFO - Scraping images for: Industrial automation software ad
2025-02-22 22:44:52,157 - INFO - HTTP Request: POST https://api.apify.com/v2/acts/NagEuvONHQtmNhnle/runs "HTTP/1.1 201 Created"
2025-02-22 22:44:53,312 - INFO - HTTP Request: GET https://api.apify.com/v2/actor-runs/NhpTyhvhXYX6P8mu9?waitForFinish=999999 "HTTP/1.1 200 OK"
2025-02-22 22:44:58,143 - INFO - HTTP Request: GET https://api.apify.com/v2/datasets/OckBJ4yxc2WrWnzeE/items?offset=0&limit=1000 "HTTP/1.1 200 OK"
2025-02-22 22:44:58,325 - INFO - ✅ Saved 198 entries to Manufacturing_Industry/industrial_automation_software_ad.json
2025-02-22 22:45:04,325 - INFO - Scraping images for: Robotic welding systems social media poster
2025-02-22 22:45:05,088 - INFO - HTTP Request: POST https://api.apify.com/v2/acts/NagEuvONHQtmNhnle/runs "HTTP/1.1 201 Created"
2025-02-22 22:45:06,256 - INFO - HTTP Request: GET https://api.apify.com/v2/actor-runs/Q9aTZ6cEJdLpb2ppU?waitForFinish=999999 "HTTP/1.1 200 OK"
2025-02-22 22:45:18,698 - INFO - HTTP Request: GET https://api.apify.com/v2/datasets/pzaaN7BcQBvHNWtpW/items?offset=0&limit=1000 "HTTP/1.1 200 OK"
2025-02-22 22:45:25,576 - INFO - ✅ Saved 197 entries to Manufacturing_Industry/robotic_welding_systems_social_media_poster.json
2025-02-22 22:45:28,576 - INFO - Scraping images for: Material handling equipment promotional image
2025-02-22 22:45:28,851 - INFO - HTTP Request: POST https://api.apify.com/v2/acts/NagEuvONHQtmNhnle/runs "HTTP/1.1 201 Created"
2025-02-22 22:45:30,680 - INFO - HTTP Request: GET https://api.apify.com/v2/actor-runs/6O9THOetvhjAc2619?waitForFinish=999999 "HTTP/1.1 200 OK"
2025-02-22 22:45:38,469 - INFO - HTTP Request: GET https://api.apify.com/v2/datasets/rkZVHVp9V5nDTvgRq/items?offset=0&limit=1000 "HTTP/1.1 200 OK"
2025-02-22 22:45:44,302 - INFO - ✅ Saved 193 entries to Manufacturing_Industry/material_handling_equipment_promotional_image.json
2025-02-22 22:45:47,302 - INFO - Scraping images for: Industrial filtration systems advertisement
2025-02-22 22:45:47,578 - INFO - HTTP Request: POST https://api.apify.com/v2/acts/NagEuvONHQtmNhnle/runs "HTTP/1.1 201 Created"
2025-02-22 22:45:48,941 - INFO - HTTP Request: GET https://api.apify.com/v2/actor-runs/O3j17XCHBmQfDPWz8?waitForFinish=999999 "HTTP/1.1 200 OK"
2025-02-22 22:45:54,314 - INFO - HTTP Request: GET https://api.apify.com/v2/datasets/VnD6EdjIG1KBdCF0O/items?offset=0&limit=1000 "HTTP/1.1 200 OK"
2025-02-22 22:45:55,140 - INFO - ✅ Saved 196 entries to Manufacturing_Industry/industrial_filtration_systems_advertisement.json
2025-02-22 22:45:58,140 - INFO - Scraping images for: Solar panel manufacturing equipment marketing poster
2025-02-22 22:45:58,420 - INFO - HTTP Request: POST https://api.apify.com/v2/acts/NagEuvONHQtmNhnle/runs "HTTP/1.1 201 Created"
2025-02-22 22:45:59,584 - INFO - HTTP Request: GET https://api.apify.com/v2/actor-runs/xZcz5qBrUjAbgjcPZ?waitForFinish=999999 "HTTP/1.1 200 OK"
2025-02-22 22:46:03,996 - INFO - HTTP Request: GET https://api.apify.com/v2/datasets/baJ5clZQ1xRcdhqr0/items?offset=0&limit=1000 "HTTP/1.1 200 OK"
2025-02-22 22:46:08,114 - INFO - ✅ Saved 199 entries to Manufacturing_Industry/solar_panel_manufacturing_equipment_marketing_poster.json
2025-02-22 22:46:14,115 - INFO - Scraping images for: Industrial conveyor systems ad
2025-02-22 22:46:17,210 - INFO - HTTP Request: POST https://api.apify.com/v2/acts/NagEuvONHQtmNhnle/runs "HTTP/1.1 201 Created"
2025-02-22 22:46:18,509 - INFO - HTTP Request: GET https://api.apify.com/v2/actor-runs/0XKpW59XdZv1YUD3G?waitForFinish=999999 "HTTP/1.1 200 OK"
2025-02-22 22:46:23,168 - INFO - HTTP Request: GET https://api.apify.com/v2/datasets/TDF2YvbPkAwdyqg9Q/items?offset=0&limit=1000 "HTTP/1.1 200 OK"
2025-02-22 22:46:23,621 - INFO - ✅ Saved 195 entries to Manufacturing_Industry/industrial_conveyor_systems_ad.json
2025-02-22 22:46:27,622 - INFO - Scraping images for: Biotechnology manufacturing services social media ad
2025-02-22 22:46:27,925 - INFO - HTTP Request: POST https://api.apify.com/v2/acts/NagEuvONHQtmNhnle/runs "HTTP/1.1 201 Created"
2025-02-22 22:46:29,121 - INFO - HTTP Request: GET https://api.apify.com/v2/actor-runs/dzD5BCPZip9aa8SEW?waitForFinish=999999 "HTTP/1.1 200 OK"
2025-02-22 22:46:34,269 - INFO - HTTP Request: GET https://api.apify.com/v2/datasets/Q4B9g2y6X08EBs5Ua/items?offset=0&limit=1000 "HTTP/1.1 200 OK"
2025-02-22 22:46:34,575 - INFO - ✅ Saved 200 entries to Manufacturing_Industry/biotechnology_manufacturing_services_social_media_ad.json
2025-02-22 22:46:38,576 - INFO - Scraping images for: Industrial water pumps promotional poster
2025-02-22 22:46:38,855 - INFO - HTTP Request: POST https://api.apify.com/v2/acts/NagEuvONHQtmNhnle/runs "HTTP/1.1 201 Created"
2025-02-22 22:46:40,368 - INFO - HTTP Request: GET https://api.apify.com/v2/actor-runs/nRxYJa1HsmEziskmg?waitForFinish=999999 "HTTP/1.1 200 OK"
2025-02-22 22:46:44,403 - INFO - HTTP Request: GET https://api.apify.com/v2/datasets/eG3JmhtOSJgzZjLWP/items?offset=0&limit=1000 "HTTP/1.1 200 OK"
2025-02-22 22:46:49,424 - INFO - ✅ Saved 198 entries to Manufacturing_Industry/industrial_water_pumps_promotional_poster.json
2025-02-22 22:46:52,424 - INFO - Scraping images for: Cleanroom equipment advertisement
2025-02-22 22:46:53,267 - INFO - HTTP Request: POST https://api.apify.com/v2/acts/NagEuvONHQtmNhnle/runs "HTTP/1.1 201 Created"
2025-02-22 22:46:54,943 - INFO - HTTP Request: GET https://api.apify.com/v2/actor-runs/6gn76V6gJiUAbYm88?waitForFinish=999999 "HTTP/1.1 200 OK"
2025-02-22 22:47:03,305 - INFO - HTTP Request: GET https://api.apify.com/v2/datasets/4vO23I0ZBV6ztrGWa/items?offset=0&limit=1000 "HTTP/1.1 200 OK"
2025-02-22 22:47:06,203 - INFO - ✅ Saved 200 entries to Manufacturing_Industry/cleanroom_equipment_advertisement.json
2025-02-22 22:47:09,204 - INFO - Scraping images for: Industrial sensors and controls marketing image
2025-02-22 22:47:09,540 - INFO - HTTP Request: POST https://api.apify.com/v2/acts/NagEuvONHQtmNhnle/runs "HTTP/1.1 201 Created"
2025-02-22 22:47:11,219 - INFO - HTTP Request: GET https://api.apify.com/v2/actor-runs/x9wE61rgKfvMDoCUt?waitForFinish=999999 "HTTP/1.1 200 OK"
2025-02-22 22:47:16,547 - INFO - HTTP Request: GET https://api.apify.com/v2/datasets/0gjGyJJjwVxZkyQbv/items?offset=0&limit=1000 "HTTP/1.1 200 OK"
2025-02-22 22:47:22,498 - INFO - ✅ Saved 196 entries to Manufacturing_Industry/industrial_sensors_and_controls_marketing_image.json
2025-02-22 22:47:26,499 - INFO - Scraping images for: Car maintenance service social media ad poster
2025-02-22 22:47:26,817 - INFO - HTTP Request: POST https://api.apify.com/v2/acts/NagEuvONHQtmNhnle/runs "HTTP/1.1 201 Created"
2025-02-22 22:47:28,103 - INFO - HTTP Request: GET https://api.apify.com/v2/actor-runs/MPEfDqTJhqrH37sgo?waitForFinish=999999 "HTTP/1.1 200 OK"
2025-02-22 22:47:38,570 - INFO - HTTP Request: GET https://api.apify.com/v2/datasets/F7rzWsnnQiQPAgoYh/items?offset=0&limit=1000 "HTTP/1.1 200 OK"
2025-02-22 22:47:39,201 - INFO - ✅ Saved 200 entries to Automotive_Transport/car_maintenance_service_social_media_ad_poster.json
2025-02-22 22:47:44,202 - INFO - Scraping images for: Luxury yacht promotional image
2025-02-22 22:47:45,888 - INFO - HTTP Request: POST https://api.apify.com/v2/acts/NagEuvONHQtmNhnle/runs "HTTP/1.1 201 Created"
2025-02-22 22:47:47,056 - INFO - HTTP Request: GET https://api.apify.com/v2/actor-runs/DcShZJxnY1Zg2oug4?waitForFinish=999999 "HTTP/1.1 200 OK"
2025-02-22 22:47:57,928 - INFO - HTTP Request: GET https://api.apify.com/v2/datasets/IYadugucpbrNjnflC/items?offset=0&limit=1000 "HTTP/1.1 200 OK"
2025-02-22 22:47:58,097 - INFO - ✅ Saved 199 entries to Automotive_Transport/luxury_yacht_promotional_image.json
2025-02-22 22:48:03,098 - INFO - Scraping images for: Bicycle brand marketing poster
2025-02-22 22:48:03,842 - INFO - HTTP Request: POST https://api.apify.com/v2/acts/NagEuvONHQtmNhnle/runs "HTTP/1.1 201 Created"
2025-02-22 22:48:05,013 - INFO - HTTP Request: GET https://api.apify.com/v2/actor-runs/A8cnn3bAdSIVREX3T?waitForFinish=999999 "HTTP/1.1 200 OK"
2025-02-22 22:48:09,259 - INFO - HTTP Request: GET https://api.apify.com/v2/datasets/AcNDMDEQYfqYMffjk/items?offset=0&limit=1000 "HTTP/1.1 200 OK"
2025-02-22 22:48:09,416 - INFO - ✅ Saved 199 entries to Automotive_Transport/bicycle_brand_marketing_poster.json
2025-02-22 22:48:14,416 - INFO - Scraping images for: Taxi service advertisement
2025-02-22 22:48:15,162 - INFO - HTTP Request: POST https://api.apify.com/v2/acts/NagEuvONHQtmNhnle/runs "HTTP/1.1 201 Created"
2025-02-22 22:48:16,347 - INFO - HTTP Request: GET https://api.apify.com/v2/actor-runs/r8dzf8PWysCCAwwGx?waitForFinish=999999 "HTTP/1.1 200 OK"
2025-02-22 22:48:22,965 - INFO - HTTP Request: GET https://api.apify.com/v2/datasets/1K11Cs3Lf3lfaJJKf/items?offset=0&limit=1000 "HTTP/1.1 200 OK"
2025-02-22 22:48:23,126 - INFO - ✅ Saved 195 entries to Automotive_Transport/taxi_service_advertisement.json
2025-02-22 22:48:29,126 - INFO - Scraping images for: Car accessories promotional image
2025-02-22 22:48:29,843 - INFO - HTTP Request: POST https://api.apify.com/v2/acts/NagEuvONHQtmNhnle/runs "HTTP/1.1 201 Created"
2025-02-22 22:48:31,009 - INFO - HTTP Request: GET https://api.apify.com/v2/actor-runs/ffnnCVV2GSLLfhCFk?waitForFinish=999999 "HTTP/1.1 200 OK"
2025-02-22 22:48:36,236 - INFO - HTTP Request: GET https://api.apify.com/v2/datasets/332zQQf6Rl9wF2U22/items?offset=0&limit=1000 "HTTP/1.1 200 OK"
2025-02-22 22:48:36,412 - INFO - ✅ Saved 195 entries to Automotive_Transport/car_accessories_promotional_image.json
2025-02-22 22:48:40,413 - INFO - Scraping images for: Boat rental service social media ad
2025-02-22 22:48:40,736 - INFO - HTTP Request: POST https://api.apify.com/v2/acts/NagEuvONHQtmNhnle/runs "HTTP/1.1 201 Created"
2025-02-22 22:48:41,904 - INFO - HTTP Request: GET https://api.apify.com/v2/actor-runs/cZh2atvtxgyaic5Et?waitForFinish=999999 "HTTP/1.1 200 OK"
2025-02-22 22:48:53,923 - INFO - HTTP Request: GET https://api.apify.com/v2/datasets/fiattXolVSGWWNufm/items?offset=0&limit=1000 "HTTP/1.1 200 OK"
2025-02-22 22:48:54,080 - INFO - ✅ Saved 200 entries to Automotive_Transport/boat_rental_service_social_media_ad.json
2025-02-22 22:48:59,081 - INFO - Scraping images for: Automotive parts supplier marketing poster
2025-02-22 22:48:59,852 - INFO - HTTP Request: POST https://api.apify.com/v2/acts/NagEuvONHQtmNhnle/runs "HTTP/1.1 201 Created"
2025-02-22 22:49:01,018 - INFO - HTTP Request: GET https://api.apify.com/v2/actor-runs/xwMr0SupuVG9vQ5w9?waitForFinish=999999 "HTTP/1.1 200 OK"
2025-02-22 22:49:05,377 - INFO - HTTP Request: GET https://api.apify.com/v2/datasets/oXeLKFVGUVKpFLEn7/items?offset=0&limit=1000 "HTTP/1.1 200 OK"
2025-02-22 22:49:05,542 - INFO - ✅ Saved 199 entries to Automotive_Transport/automotive_parts_supplier_marketing_poster.json
2025-02-22 22:49:11,543 - INFO - Scraping images for: Scooter rental service advertisement
2025-02-22 22:49:14,827 - INFO - HTTP Request: POST https://api.apify.com/v2/acts/NagEuvONHQtmNhnle/runs "HTTP/1.1 201 Created"
2025-02-22 22:49:16,152 - INFO - HTTP Request: GET https://api.apify.com/v2/actor-runs/rYj16KuZVjxhEt0Dt?waitForFinish=999999 "HTTP/1.1 200 OK"
2025-02-22 22:49:21,408 - INFO - HTTP Request: GET https://api.apify.com/v2/datasets/rsSgT7P5GzI8offgF/items?offset=0&limit=1000 "HTTP/1.1 200 OK"
2025-02-22 22:49:23,714 - INFO - ✅ Saved 197 entries to Automotive_Transport/scooter_rental_service_advertisement.json
2025-02-22 22:49:26,714 - INFO - Scraping images for: Luxury RV promotional image
2025-02-22 22:49:27,080 - INFO - HTTP Request: POST https://api.apify.com/v2/acts/NagEuvONHQtmNhnle/runs "HTTP/1.1 201 Created"
2025-02-22 22:49:28,394 - INFO - HTTP Request: GET https://api.apify.com/v2/actor-runs/g5bEFFwwuJ5p3EBmJ?waitForFinish=999999 "HTTP/1.1 200 OK"
2025-02-22 22:49:39,716 - INFO - HTTP Request: GET https://api.apify.com/v2/datasets/0bL5qFRpy6o99TPib/items?offset=0&limit=1000 "HTTP/1.1 200 OK"
2025-02-22 22:49:40,619 - INFO - ✅ Saved 199 entries to Automotive_Transport/luxury_rv_promotional_image.json
2025-02-22 22:49:44,620 - INFO - Scraping images for: Car wash service social media ad poster
2025-02-22 22:49:44,963 - INFO - HTTP Request: POST https://api.apify.com/v2/acts/NagEuvONHQtmNhnle/runs "HTTP/1.1 201 Created"
2025-02-22 22:49:46,127 - INFO - HTTP Request: GET https://api.apify.com/v2/actor-runs/3zAvvmHV8yT958BKB?waitForFinish=999999 "HTTP/1.1 200 OK"
2025-02-22 22:49:50,770 - INFO - HTTP Request: GET https://api.apify.com/v2/datasets/G9YjoPyX1bAUz0bT1/items?offset=0&limit=1000 "HTTP/1.1 200 OK"
2025-02-22 22:49:51,077 - INFO - ✅ Saved 199 entries to Automotive_Transport/car_wash_service_social_media_ad_poster.json
2025-02-22 22:49:55,078 - INFO - Scraping images for: Auto detailing service marketing poster
2025-02-22 22:49:55,345 - INFO - HTTP Request: POST https://api.apify.com/v2/acts/NagEuvONHQtmNhnle/runs "HTTP/1.1 201 Created"
2025-02-22 22:49:56,657 - INFO - HTTP Request: GET https://api.apify.com/v2/actor-runs/c0qOblPN4xbnQQBuq?waitForFinish=999999 "HTTP/1.1 200 OK"
2025-02-22 22:50:01,620 - INFO - HTTP Request: GET https://api.apify.com/v2/datasets/Yf8zNeTd3reNHNkyI/items?offset=0&limit=1000 "HTTP/1.1 200 OK"
2025-02-22 22:50:01,934 - INFO - ✅ Saved 198 entries to Automotive_Transport/auto_detailing_service_marketing_poster.json
2025-02-22 22:50:06,935 - INFO - Scraping images for: Tire shop promotional image
2025-02-22 22:50:07,737 - INFO - HTTP Request: POST https://api.apify.com/v2/acts/NagEuvONHQtmNhnle/runs "HTTP/1.1 201 Created"
2025-02-22 22:50:08,889 - INFO - HTTP Request: GET https://api.apify.com/v2/actor-runs/3gfOU93j6O7U4ZMDJ?waitForFinish=999999 "HTTP/1.1 200 OK"
2025-02-22 22:50:14,220 - INFO - HTTP Request: GET https://api.apify.com/v2/datasets/hcaw53UAQwjzIhfsl/items?offset=0&limit=1000 "HTTP/1.1 200 OK"
2025-02-22 22:50:14,389 - INFO - ✅ Saved 189 entries to Automotive_Transport/tire_shop_promotional_image.json
2025-02-22 22:50:19,390 - INFO - Scraping images for: Car audio systems advertisement
2025-02-22 22:50:20,253 - INFO - HTTP Request: POST https://api.apify.com/v2/acts/NagEuvONHQtmNhnle/runs "HTTP/1.1 201 Created"
2025-02-22 22:50:21,411 - INFO - HTTP Request: GET https://api.apify.com/v2/actor-runs/ai3RmZTodU2BslUiG?waitForFinish=999999 "HTTP/1.1 200 OK"
2025-02-22 22:50:29,016 - INFO - HTTP Request: GET https://api.apify.com/v2/datasets/91A6bdKmlikrRrCzg/items?offset=0&limit=1000 "HTTP/1.1 200 OK"
2025-02-22 22:50:29,320 - INFO - ✅ Saved 195 entries to Automotive_Transport/car_audio_systems_advertisement.json
2025-02-22 22:50:33,320 - INFO - Scraping images for: Vehicle leasing service social media ad
2025-02-22 22:50:33,592 - INFO - HTTP Request: POST https://api.apify.com/v2/acts/NagEuvONHQtmNhnle/runs "HTTP/1.1 201 Created"
2025-02-22 22:50:34,754 - INFO - HTTP Request: GET https://api.apify.com/v2/actor-runs/MPttKd4v2Et3LajlE?waitForFinish=999999 "HTTP/1.1 200 OK"
2025-02-22 22:50:39,351 - INFO - HTTP Request: GET https://api.apify.com/v2/datasets/9VdRO3wmgwJiqdRoJ/items?offset=0&limit=1000 "HTTP/1.1 200 OK"
2025-02-22 22:50:39,636 - INFO - ✅ Saved 200 entries to Automotive_Transport/vehicle_leasing_service_social_media_ad.json
2025-02-22 22:50:44,636 - INFO - Scraping images for: Off-road vehicle marketing poster
2025-02-22 22:50:45,377 - INFO - HTTP Request: POST https://api.apify.com/v2/acts/NagEuvONHQtmNhnle/runs "HTTP/1.1 201 Created"
2025-02-22 22:50:46,561 - INFO - HTTP Request: GET https://api.apify.com/v2/actor-runs/2Jrfpp8XyZjdColch?waitForFinish=999999 "HTTP/1.1 200 OK"
2025-02-22 22:50:51,966 - INFO - HTTP Request: GET https://api.apify.com/v2/datasets/6MNbcg7rrjlF76L4K/items?offset=0&limit=1000 "HTTP/1.1 200 OK"
2025-02-22 22:50:52,156 - INFO - ✅ Saved 200 entries to Automotive_Transport/off-road_vehicle_marketing_poster.json
2025-02-22 22:50:58,158 - INFO - Scraping images for: Car modification service promotional image
2025-02-22 22:50:58,871 - INFO - HTTP Request: POST https://api.apify.com/v2/acts/NagEuvONHQtmNhnle/runs "HTTP/1.1 201 Created"
2025-02-22 22:51:00,032 - INFO - HTTP Request: GET https://api.apify.com/v2/actor-runs/tfWRwwWxdzLshJqBT?waitForFinish=999999 "HTTP/1.1 200 OK"
2025-02-22 22:51:05,182 - INFO - HTTP Request: GET https://api.apify.com/v2/datasets/MNSgfdsV8gboidbk9/items?offset=0&limit=1000 "HTTP/1.1 200 OK"
2025-02-22 22:51:05,352 - INFO - ✅ Saved 199 entries to Automotive_Transport/car_modification_service_promotional_image.json
2025-02-22 22:51:09,353 - INFO - Scraping images for: Electric bicycle advertisement
2025-02-22 22:51:09,671 - INFO - HTTP Request: POST https://api.apify.com/v2/acts/NagEuvONHQtmNhnle/runs "HTTP/1.1 201 Created"
2025-02-22 22:51:10,835 - INFO - HTTP Request: GET https://api.apify.com/v2/actor-runs/scOhnlT7wjPF2DZP6?waitForFinish=999999 "HTTP/1.1 200 OK"
2025-02-22 22:51:15,726 - INFO - HTTP Request: GET https://api.apify.com/v2/datasets/8MI5gdbdfMsPDaJVe/items?offset=0&limit=1000 "HTTP/1.1 200 OK"
2025-02-22 22:51:15,783 - INFO - ✅ Saved 198 entries to Automotive_Transport/electric_bicycle_advertisement.json
2025-02-22 22:51:18,784 - INFO - Scraping images for: Luxury limousine service social media ad
2025-02-22 22:51:19,059 - INFO - HTTP Request: POST https://api.apify.com/v2/acts/NagEuvONHQtmNhnle/runs "HTTP/1.1 201 Created"
2025-02-22 22:51:20,225 - INFO - HTTP Request: GET https://api.apify.com/v2/actor-runs/gioK9bKLkSNYoGDjL?waitForFinish=999999 "HTTP/1.1 200 OK"
2025-02-22 22:51:26,378 - INFO - HTTP Request: GET https://api.apify.com/v2/datasets/tJpACYtRgGKM5AD04/items?offset=0&limit=1000 "HTTP/1.1 200 OK"
2025-02-22 22:51:35,066 - INFO - ✅ Saved 198 entries to Automotive_Transport/luxury_limousine_service_social_media_ad.json
2025-02-22 22:51:38,066 - INFO - Scraping images for: Car window tinting service marketing poster
2025-02-22 22:51:38,361 - INFO - HTTP Request: POST https://api.apify.com/v2/acts/NagEuvONHQtmNhnle/runs "HTTP/1.1 201 Created"
2025-02-22 22:51:40,345 - INFO - HTTP Request: GET https://api.apify.com/v2/actor-runs/ShR68Xex0ffT8lqZO?waitForFinish=999999 "HTTP/1.1 200 OK"
2025-02-22 22:51:44,146 - INFO - HTTP Request: GET https://api.apify.com/v2/datasets/yHo86eKZl5vY5Wj4T/items?offset=0&limit=1000 "HTTP/1.1 200 OK"
2025-02-22 22:51:45,140 - INFO - ✅ Saved 197 entries to Automotive_Transport/car_window_tinting_service_marketing_poster.json
2025-02-22 22:51:50,140 - INFO - Scraping images for: Vehicle tracking system promotional image
2025-02-22 22:51:50,974 - INFO - HTTP Request: POST https://api.apify.com/v2/acts/NagEuvONHQtmNhnle/runs "HTTP/1.1 201 Created"
2025-02-22 22:51:52,533 - INFO - HTTP Request: GET https://api.apify.com/v2/actor-runs/IaluRMbwfzQ6tcZFK?waitForFinish=999999 "HTTP/1.1 200 OK"
2025-02-22 22:52:08,102 - INFO - HTTP Request: GET https://api.apify.com/v2/datasets/oNbMX8ThoDeXBGBsa/items?offset=0&limit=1000 "HTTP/1.1 200 OK"
2025-02-22 22:52:15,401 - INFO - ✅ Saved 198 entries to Automotive_Transport/vehicle_tracking_system_promotional_image.json
2025-02-22 22:52:18,401 - INFO - Scraping images for: Car rental deals advertisement
2025-02-22 22:52:18,763 - INFO - HTTP Request: POST https://api.apify.com/v2/acts/NagEuvONHQtmNhnle/runs "HTTP/1.1 201 Created"
2025-02-22 22:52:20,056 - INFO - HTTP Request: GET https://api.apify.com/v2/actor-runs/pnfrSOvgpRqN9qdZc?waitForFinish=999999 "HTTP/1.1 200 OK"
2025-02-22 22:53:20,487 - INFO - HTTP Request: GET https://api.apify.com/v2/actor-runs/pnfrSOvgpRqN9qdZc?waitForFinish=999999 "HTTP/1.1 200 OK"
2025-02-22 22:54:20,910 - INFO - HTTP Request: GET https://api.apify.com/v2/actor-runs/pnfrSOvgpRqN9qdZc?waitForFinish=999999 "HTTP/1.1 200 OK"
2025-02-22 22:55:21,336 - INFO - HTTP Request: GET https://api.apify.com/v2/actor-runs/pnfrSOvgpRqN9qdZc?waitForFinish=999999 "HTTP/1.1 200 OK"
2025-02-22 22:56:51,358 - INFO - HTTP Request: GET https://api.apify.com/v2/actor-runs/pnfrSOvgpRqN9qdZc?waitForFinish=999999 "HTTP/1.1 500 Internal Server Error"
2025-02-22 22:57:24,297 - INFO - HTTP Request: GET https://api.apify.com/v2/actor-runs/pnfrSOvgpRqN9qdZc?waitForFinish=999999 "HTTP/1.1 500 Internal Server Error"
2025-02-22 22:58:00,718 - INFO - HTTP Request: GET https://api.apify.com/v2/actor-runs/pnfrSOvgpRqN9qdZc?waitForFinish=999999 "HTTP/1.1 500 Internal Server Error"
2025-02-22 22:58:33,993 - INFO - HTTP Request: GET https://api.apify.com/v2/actor-runs/pnfrSOvgpRqN9qdZc?waitForFinish=999999 "HTTP/1.1 500 Internal Server Error"
2025-02-22 22:59:08,956 - INFO - HTTP Request: GET https://api.apify.com/v2/actor-runs/pnfrSOvgpRqN9qdZc?waitForFinish=999999 "HTTP/1.1 500 Internal Server Error"
2025-02-22 23:00:04,603 - INFO - Scraping images for: Car rental deals advertisement
2025-02-22 23:00:35,268 - INFO - HTTP Request: POST https://api.apify.com/v2/acts/NagEuvONHQtmNhnle/runs "HTTP/1.1 500 Internal Server Error"
2025-02-22 23:40:43,011 - INFO - Scraping images for: Car rental deals advertisement
2025-02-22 23:40:47,420 - INFO - HTTP Request: POST https://api.apify.com/v2/acts/NagEuvONHQtmNhnle/runs "HTTP/1.1 502 Bad Gateway"
2025-02-22 23:40:49,500 - INFO - HTTP Request: POST https://api.apify.com/v2/acts/NagEuvONHQtmNhnle/runs "HTTP/1.1 502 Bad Gateway"
2025-02-23 00:06:25,177 - INFO - Scraping images for: Car rental deals advertisement
2025-02-23 00:06:26,058 - INFO - HTTP Request: POST https://api.apify.com/v2/acts/NagEuvONHQtmNhnle/runs "HTTP/1.1 201 Created"
2025-02-23 00:06:27,222 - INFO - HTTP Request: GET https://api.apify.com/v2/actor-runs/9f4wGnAUzRLjoZlJG?waitForFinish=999999 "HTTP/1.1 200 OK"
2025-02-23 00:06:38,362 - INFO - HTTP Request: GET https://api.apify.com/v2/datasets/JOrWjkbmbKc0Qcugw/items?offset=0&limit=1000 "HTTP/1.1 200 OK"
2025-02-23 00:06:42,241 - INFO - ✅ Saved 199 entries to Automotive_Transport/car_rental_deals_advertisement.json
2025-02-23 00:06:48,242 - INFO - Scraping images for: Motorhome sales social media ad poster
2025-02-23 00:06:53,929 - INFO - HTTP Request: POST https://api.apify.com/v2/acts/NagEuvONHQtmNhnle/runs "HTTP/1.1 201 Created"
2025-02-23 00:06:55,086 - INFO - HTTP Request: GET https://api.apify.com/v2/actor-runs/k2aVYbKJbYHkLtCVq?waitForFinish=999999 "HTTP/1.1 200 OK"
2025-02-23 00:07:05,393 - INFO - HTTP Request: GET https://api.apify.com/v2/datasets/51kRpGH8KhMALQIMJ/items?offset=0&limit=1000 "HTTP/1.1 200 OK"
2025-02-23 00:07:06,646 - INFO - ✅ Saved 198 entries to Automotive_Transport/motorhome_sales_social_media_ad_poster.json
2025-02-23 00:07:12,646 - INFO - Scraping images for: Automotive repair tools marketing poster
2025-02-23 00:07:14,118 - INFO - HTTP Request: POST https://api.apify.com/v2/acts/NagEuvONHQtmNhnle/runs "HTTP/1.1 201 Created"
2025-02-23 00:07:15,627 - INFO - HTTP Request: GET https://api.apify.com/v2/actor-runs/onzjFGEhiyHsDQh23?waitForFinish=999999 "HTTP/1.1 200 OK"
2025-02-23 00:07:26,105 - INFO - HTTP Request: GET https://api.apify.com/v2/datasets/irpvGgb05wzq3p4wA/items?offset=0&limit=1000 "HTTP/1.1 200 OK"
2025-02-23 00:07:28,302 - INFO - ✅ Saved 197 entries to Automotive_Transport/automotive_repair_tools_marketing_poster.json
2025-02-23 00:07:31,302 - INFO - Scraping images for: Classic car restoration service promotional image
2025-02-23 00:07:31,553 - INFO - HTTP Request: POST https://api.apify.com/v2/acts/NagEuvONHQtmNhnle/runs "HTTP/1.1 201 Created"
2025-02-23 00:07:32,993 - INFO - HTTP Request: GET https://api.apify.com/v2/actor-runs/qfywMvo3xLB30k51s?waitForFinish=999999 "HTTP/1.1 200 OK"
2025-02-23 00:07:44,925 - INFO - HTTP Request: GET https://api.apify.com/v2/datasets/bBbnc4WgDRYSHk10u/items?offset=0&limit=1000 "HTTP/1.1 200 OK"
2025-02-23 00:07:46,809 - INFO - ✅ Saved 195 entries to Automotive_Transport/classic_car_restoration_service_promotional_image.json
2025-02-23 00:07:51,809 - INFO - Scraping images for: Car security systems advertisement
2025-02-23 00:07:52,598 - INFO - HTTP Request: POST https://api.apify.com/v2/acts/NagEuvONHQtmNhnle/runs "HTTP/1.1 201 Created"
2025-02-23 00:07:53,757 - INFO - HTTP Request: GET https://api.apify.com/v2/actor-runs/MCO5nyWxwVKSIMlwd?waitForFinish=999999 "HTTP/1.1 200 OK"
2025-02-23 00:08:03,589 - INFO - HTTP Request: GET https://api.apify.com/v2/datasets/QwZPl0Me7d6YdPmqG/items?offset=0&limit=1000 "HTTP/1.1 200 OK"
2025-02-23 00:08:04,503 - INFO - ✅ Saved 198 entries to Automotive_Transport/car_security_systems_advertisement.json
2025-02-23 00:08:10,503 - INFO - Scraping images for: Vehicle graphics and wraps social media ad
2025-02-23 00:08:12,040 - INFO - HTTP Request: POST https://api.apify.com/v2/acts/NagEuvONHQtmNhnle/runs "HTTP/1.1 201 Created"
2025-02-23 00:08:13,599 - INFO - HTTP Request: GET https://api.apify.com/v2/actor-runs/4yUGnjQfB4kI4UsFO?waitForFinish=999999 "HTTP/1.1 200 OK"
2025-02-23 00:08:22,934 - INFO - HTTP Request: GET https://api.apify.com/v2/datasets/gEvYahGxtj9sgKH4Y/items?offset=0&limit=1000 "HTTP/1.1 200 OK"
2025-02-23 00:08:24,449 - INFO - ✅ Saved 200 entries to Automotive_Transport/vehicle_graphics_and_wraps_social_media_ad.json
2025-02-23 00:08:30,450 - INFO - Scraping images for: Luxury car rental service marketing poster
2025-02-23 00:08:31,404 - INFO - HTTP Request: POST https://api.apify.com/v2/acts/NagEuvONHQtmNhnle/runs "HTTP/1.1 201 Created"
2025-02-23 00:08:32,557 - INFO - HTTP Request: GET https://api.apify.com/v2/actor-runs/eINb4xu0guFhGTFcN?waitForFinish=999999 "HTTP/1.1 200 OK"
2025-02-23 00:08:37,095 - INFO - HTTP Request: GET https://api.apify.com/v2/datasets/gumRsF0A2uKvXK72Y/items?offset=0&limit=1000 "HTTP/1.1 200 OK"
2025-02-23 00:08:38,791 - INFO - ✅ Saved 197 entries to Automotive_Transport/luxury_car_rental_service_marketing_poster.json
2025-02-23 00:08:42,791 - INFO - Scraping images for: Automotive diagnostic services promotional image
2025-02-23 00:08:43,099 - INFO - HTTP Request: POST https://api.apify.com/v2/acts/NagEuvONHQtmNhnle/runs "HTTP/1.1 201 Created"
2025-02-23 00:08:44,279 - INFO - HTTP Request: GET https://api.apify.com/v2/actor-runs/F2JNy4g83gHlzj6V4?waitForFinish=999999 "HTTP/1.1 200 OK"
2025-02-23 00:08:58,518 - INFO - HTTP Request: GET https://api.apify.com/v2/datasets/4YnZfpqi2eOov13Uy/items?offset=0&limit=1000 "HTTP/1.1 200 OK"
2025-02-23 00:08:58,805 - INFO - ✅ Saved 200 entries to Automotive_Transport/automotive_diagnostic_services_promotional_image.json
2025-02-23 00:09:02,805 - INFO - Scraping images for: Car performance tuning advertisement
2025-02-23 00:09:03,075 - INFO - HTTP Request: POST https://api.apify.com/v2/acts/NagEuvONHQtmNhnle/runs "HTTP/1.1 201 Created"
2025-02-23 00:09:04,237 - INFO - HTTP Request: GET https://api.apify.com/v2/actor-runs/qoL3sDOItTr6ik74T?waitForFinish=999999 "HTTP/1.1 200 OK"
2025-02-23 00:09:13,004 - INFO - HTTP Request: GET https://api.apify.com/v2/datasets/DPIBP5YuKvB2IoCXC/items?offset=0&limit=1000 "HTTP/1.1 200 OK"
2025-02-23 00:09:14,355 - INFO - ✅ Saved 199 entries to Automotive_Transport/car_performance_tuning_advertisement.json
2025-02-23 00:09:19,356 - INFO - Scraping images for: Vehicle emission testing service social media ad
2025-02-23 00:09:20,407 - INFO - HTTP Request: POST https://api.apify.com/v2/acts/NagEuvONHQtmNhnle/runs "HTTP/1.1 201 Created"
2025-02-23 00:09:22,173 - INFO - HTTP Request: GET https://api.apify.com/v2/actor-runs/TnnqgYvj7ZoRVnxNb?waitForFinish=999999 "HTTP/1.1 200 OK"
2025-02-23 00:09:34,942 - INFO - HTTP Request: GET https://api.apify.com/v2/datasets/LlPbWqBWYdbsltqEH/items?offset=0&limit=1000 "HTTP/1.1 200 OK"
2025-02-23 00:09:36,811 - INFO - ✅ Saved 196 entries to Automotive_Transport/vehicle_emission_testing_service_social_media_ad.json
