2025-04-15 15:58:22 - Thread 1 - e98643f793f4e72ffe417c20727dda28.jpg - Processed
2025-04-15 15:58:26 - Thread 1 - fb29d150fd141c7749095287e60c8451.jpg - Processed
2025-04-15 15:58:29 - Thread 1 - 552e093907d4c695c5dc4993d42f0ed7.jpg - Processed
2025-04-15 15:58:31 - Thread 1 - 0c1ea1abb6eea10c5ea8e3522a57a71a.png - Processed
2025-04-15 15:58:34 - Thread 1 - fe64653ce89f74a9894fec57f46e7de4.jpg - Processed
2025-04-15 15:58:36 - Thread 1 - a724bf9288633ce11b45a817aef15e61.gif - Processed
2025-04-15 15:58:38 - Thread 1 - d00a50236f466a26cf1497364d5153f7.jpg - Processed
2025-04-15 15:58:41 - Thread 1 - 46baea2c6a0da1cc3d0b6cb96eb1d807.jpg - Processed
2025-04-15 15:58:44 - Thread 1 - fcb384375d1be4bc82c810c638742a33.jpg - Processed
2025-04-15 15:58:46 - Thread 1 - 208d07a17e5c1fe2ce09f02ba3da08f4.jpg - Processed
2025-04-15 15:58:49 - Thread 1 - e6be6feca225177a84718cdf9bc8a82c.jpg - Processed
2025-04-15 15:58:51 - Thread 1 - e9dc757da36d8bc496d4c324bd1684da.jpg - Processed
2025-04-15 15:58:54 - Thread 1 - 60ac15ca7e3b1440816a1297f5c47f61.jpg - Processed
2025-04-15 15:58:57 - Thread 1 - 99833d33fa7aef80f69df452015fb182.jpg - Processed
2025-04-15 15:58:59 - Thread 1 - ccb6308130d724176826b2e56409472f.png - Processed
2025-04-15 15:59:02 - Thread 1 - 1688b1ea59e643461a436df72548c57a.jpg - Processed
2025-04-15 15:59:02 - Thread 1 - 04945a2f6573609e98cd76246d0deb57.jpg - Skipped - Error: Failed to generate prompt
2025-04-15 15:59:03 - Thread 1 - bf19f5423d08a3307e1ad07c71fdeb27.jpg - Skipped - Error: Failed to generate prompt
2025-04-15 15:59:03 - Thread 1 - 542039d50f55430d75636ababb13a79b.jpg - Skipped - Error: Failed to generate prompt
2025-04-15 15:59:03 - Thread 1 - 1325622168f7f32e0c9e469788dc6c94.jpg - Skipped - Error: Failed to generate prompt
2025-04-15 15:59:04 - Thread 1 - 33620ce1ee4472787df9abdd42657c62.jpg - Skipped - Error: Failed to generate prompt
2025-04-15 15:59:04 - Thread 1 - 70964ceb6e08d4bf2d650fff9cf78e1c.png - Skipped - Error: Failed to generate prompt
2025-04-15 15:59:04 - Thread 1 - 1b02c69633b29ce7b8f2d92aeb3dbbaa.jpg - Skipped - Error: Failed to generate prompt
2025-04-15 15:59:05 - Thread 1 - 0a17002dea6325761a018596933bd1d1.jpg - Skipped - Error: Failed to generate prompt
2025-04-15 15:59:05 - Thread 1 - c6dfacfe5a06b753028dcd72e547f267.jpg - Skipped - Error: Failed to generate prompt
2025-04-15 15:59:06 - Thread 1 - f58049f45088ec332ff5e71d7e31c44a.jpg - Skipped - Error: Failed to generate prompt
2025-04-15 15:59:06 - Thread 1 - 66508932f5347165ae6768264001894e.jpg - Skipped - Error: Failed to generate prompt
2025-04-15 15:59:06 - Thread 1 - f791162a85c45388e4eb61ffa9d9e620.jpg - Skipped - Error: Failed to generate prompt
2025-04-15 15:59:07 - Thread 1 - ee9531c441c7d3e0de69e61e11b26a9f.jpg - Skipped - Error: Failed to generate prompt
2025-04-15 15:59:07 - Thread 1 - fea5f0da18e8b48ba10b4aac34dd9f69.jpg - Skipped - Error: Failed to generate prompt
2025-04-15 15:59:07 - Thread 1 - 226467ae2b73b46478e6c992532265c5.png - Skipped - Error: Failed to generate prompt
2025-04-15 15:59:08 - Thread 1 - a9b7e6160f0006416bb0f80d3701add3.jpg - Skipped - Error: Failed to generate prompt
2025-04-15 15:59:08 - Thread 1 - 917b81d2f56caf1ebf7a82e3db8b0a85.jpg - Skipped - Error: Failed to generate prompt
2025-04-15 15:59:09 - Thread 1 - 452d379bd5b4a4cbf7c5b020d93c5619.jpg - Skipped - Error: Failed to generate prompt
2025-04-15 15:59:09 - Thread 1 - 71c284db7aebc57d0e4876d7cbb60fd3.jpg - Skipped - Error: Failed to generate prompt
2025-04-15 15:59:09 - Thread 1 - 60ab632bdb22e0c8126b58d5da1bae59.jpg - Skipped - Error: Failed to generate prompt
2025-04-15 15:59:10 - Thread 1 - 1c60f21393b9739d62f53c672ea7a93b.jpg - Skipped - Error: Failed to generate prompt
2025-04-15 15:59:10 - Thread 1 - a24b8e22f31d3da2504a31df9b913803.png - Skipped - Error: Failed to generate prompt
2025-04-15 15:59:10 - Thread 1 - 1d3cea69502a864ec71bbafd98c4ea3d.jpg - Skipped - Error: Failed to generate prompt
2025-04-15 15:59:11 - Thread 1 - 3522443a2c373a586b0e8c783802bc7c.jpg - Skipped - Error: Failed to generate prompt
2025-04-15 15:59:11 - Thread 1 - a57d0a3d6b32d9218c3680dd53ab1f2b.jpg - Skipped - Error: Failed to generate prompt
2025-04-15 15:59:11 - Thread 1 - a5dafe9494173a79f1a71abb8df956ca.jpg - Skipped - Error: Failed to generate prompt
2025-04-15 15:59:12 - Thread 1 - 5008feb2b9c424d33143720393b3397d.png - Skipped - Error: Failed to generate prompt
2025-04-15 15:59:12 - Thread 1 - 1b929b10669af5ef468a385087dcbd43.png - Skipped - Error: Failed to generate prompt
2025-04-15 15:59:13 - Thread 1 - 2333b816a0fa370aae60c0cd0301f862.jpg - Skipped - Error: Failed to generate prompt
2025-04-15 15:59:13 - Thread 1 - 34369e12900d4c8fa1da4abde7dffd1a.jpg - Skipped - Error: Failed to generate prompt
2025-04-15 15:59:13 - Thread 1 - a35440ccc0a07ccf7167e2558fdf29ed.jpg - Skipped - Error: Failed to generate prompt
2025-04-15 15:59:14 - Thread 1 - 3f5837a83b629398b0af8528a3032c3d.jpg - Skipped - Error: Failed to generate prompt
2025-04-15 15:59:14 - Thread 1 - eaedba605399eab3517e6458b9978f10.jpg - Skipped - Error: Failed to generate prompt
2025-04-15 15:59:15 - Thread 1 - 01a57ec2e2c2c039073e0120bd152726.jpg - Skipped - Error: Failed to generate prompt
2025-04-15 15:59:15 - Thread 1 - 03de0ea30d78591e49b57b1aea487b00.jpg - Skipped - Error: Failed to generate prompt
2025-04-15 15:59:15 - Thread 1 - a529d9a134746122f815fdc3917613a3.jpg - Skipped - Error: Failed to generate prompt
2025-04-15 15:59:16 - Thread 1 - 0bb296c48095cb2ea56ecdd1a26b6057.jpg - Skipped - Error: Failed to generate prompt
2025-04-15 15:59:16 - Thread 1 - 4919c402285c1f89690c44406cb50d9f.jpg - Skipped - Error: Failed to generate prompt
2025-04-15 15:59:16 - Thread 1 - 0a5579ccc67070f1e9d61d4618603de1.png - Skipped - Error: Failed to generate prompt
2025-04-15 15:59:17 - Thread 1 - 33161d19cc858c6292dbe422559b6f72.jpg - Skipped - Error: Failed to generate prompt
2025-04-15 15:59:17 - Thread 1 - befad5690e7fb74641875e52c5dd01dc.jpg - Skipped - Error: Failed to generate prompt
2025-04-15 15:59:18 - Thread 1 - 5574cdc8713c4a183406388e455915ed.png - Skipped - Error: Failed to generate prompt
2025-04-15 15:59:18 - Thread 1 - 123e387e0440f87a34a5749f52a76fe1.jpg - Skipped - Error: Failed to generate prompt
2025-04-15 15:59:18 - Thread 1 - 14514b2d9d29f5fef3a049fc4b6db01c.png - Skipped - Error: Failed to generate prompt
2025-04-15 15:59:21 - Thread 1 - 75faa7cb298c178b994a61c61a1ae49e.jpg - Processed
2025-04-15 15:59:23 - Thread 1 - f55130377fabc1645e45a6cac123b967.jpg - Processed
2025-04-15 15:59:25 - Thread 1 - 1c52ac5cbbb18dccafcb55d025ffa908.jpg - Processed
2025-04-15 15:59:28 - Thread 1 - f7a2c0adee21eebc125b77d09e694114.jpg - Processed
2025-04-15 15:59:30 - Thread 1 - f42658f87d3c4112c7dfb793f616d38c.jpg - Processed
2025-04-15 15:59:33 - Thread 1 - 536abb3e88cd46c41ede897beb47f221.jpg - Processed
2025-04-15 15:59:35 - Thread 1 - cc733ea30466e67a5f2a29203652bfd1.jpg - Processed
2025-04-15 15:59:38 - Thread 1 - 0fb52572636f707ff2bfa5c982e36b47.png - Processed
2025-04-15 15:59:40 - Thread 1 - a56a1753ee056872a57a93415bd73c93.jpg - Processed
2025-04-15 15:59:42 - Thread 1 - c646d24e45fab628cdda1a55315ecec0.jpg - Processed
2025-04-15 15:59:45 - Thread 1 - 571558eb01855b5d5c4d38c7f162471e.png - Processed
2025-04-15 15:59:48 - Thread 1 - c00a76b351c12318bdafd90495fd72f8.jpg - Processed
2025-04-15 15:59:51 - Thread 1 - f70057101b6122376cfb6bac9fafac8d.jpg - Processed
2025-04-15 15:59:53 - Thread 1 - 05015db0b3b78ae8278f74d0dc5f59cc.jpg - Processed
2025-04-15 15:59:55 - Thread 1 - 5640b438782a66f4ca66e2f0db989735.jpg - Processed
2025-04-15 15:59:58 - Thread 1 - 072311ea7ef6cb08136729933f971eeb.jpg - Processed
2025-04-15 15:59:58 - Thread 1 - 18bde2a06c26b86fefc22e31a1951682.jpg - Skipped - Error: Failed to generate prompt
2025-04-15 15:59:58 - Thread 1 - 1d14f517802033c945a055ef4319126f.jpg - Skipped - Error: Failed to generate prompt
2025-04-15 15:59:59 - Thread 1 - 503da88e4b2228e3e883f7ddb2a555cf.jpg - Skipped - Error: Failed to generate prompt
2025-04-15 15:59:59 - Thread 1 - d2081c5ce62455b776681c90b38721fb.jpg - Skipped - Error: Failed to generate prompt
2025-04-15 15:59:59 - Thread 1 - f12969627a8b00ff79a16a4ed8cf376d.jpg - Skipped - Error: Failed to generate prompt
2025-04-15 16:00:00 - Thread 1 - bbccfebcf9f6afe21c0d0677f0cb79d1.jpg - Skipped - Error: Failed to generate prompt
2025-04-15 16:00:00 - Thread 1 - 3c656d6f8494c1fdb36469ecf1c809e7.jpg - Skipped - Error: Failed to generate prompt
2025-04-15 16:00:00 - Thread 1 - 2556dfdcc01ce52e2d5cff9f802d9f1a.jpg - Skipped - Error: Failed to generate prompt
2025-04-15 16:00:00 - Thread 1 - a19a13cec6be2dc3c446a81d37c5aa4a.jpg - Skipped - Error: Failed to generate prompt
2025-04-15 16:00:01 - Thread 1 - a9d43d5706da6e3fa60e84d1bb552503.jpg - Skipped - Error: Failed to generate prompt
2025-04-15 16:00:01 - Thread 1 - 208c67dce3dfd5d7535b5b7ecd664ef9.jpg - Skipped - Error: Failed to generate prompt
2025-04-15 16:00:01 - Thread 1 - f5ff4427edccea6bafba9c67cabc467a.jpg - Skipped - Error: Failed to generate prompt
2025-04-15 16:00:02 - Thread 1 - 824b71a139381ab871e0393debe1dbb0.jpg - Skipped - Error: Failed to generate prompt
2025-04-15 16:00:02 - Thread 1 - a48257c347e7026683204e9b3dec5b4c.jpg - Skipped - Error: Failed to generate prompt
2025-04-15 16:00:02 - Thread 1 - 38a821d176481a44dd6d185385092651.jpg - Skipped - Error: Failed to generate prompt
2025-04-15 16:00:03 - Thread 1 - 0a038524fa72a330afa4d6020c591e48.jpg - Skipped - Error: Failed to generate prompt
2025-04-15 16:00:03 - Thread 1 - f94c9a869071a48288260137b1b17a26.jpg - Skipped - Error: Failed to generate prompt
2025-04-15 16:00:03 - Thread 1 - a38916d4aaf766f0e02faf3a356c9b02.jpg - Skipped - Error: Failed to generate prompt
2025-04-15 16:00:04 - Thread 1 - 17c3d72744f22c509b1c3ceeab284140.jpg - Skipped - Error: Failed to generate prompt
2025-04-15 16:00:04 - Thread 1 - 70595fd9ce328a83439498e7a6fde73f.jpg - Skipped - Error: Failed to generate prompt
2025-04-15 16:00:04 - Thread 1 - 2c94559e486ede9fef77d9c689f6817b.png - Skipped - Error: Failed to generate prompt
2025-04-15 16:00:04 - Thread 1 - d9d5ae860c5a4a0ea5e6e73815d4fd53.jpg - Skipped - Error: Failed to generate prompt
2025-04-15 16:00:05 - Thread 1 - 91fb39d292598ef5c7d9223fffa3ba35.jpg - Skipped - Error: Failed to generate prompt
2025-04-15 16:00:05 - Thread 1 - d6a0436812cb94ce4d175be973501652.jpg - Skipped - Error: Failed to generate prompt
2025-04-15 16:00:05 - Thread 1 - 4980cb8aba5df877151d60f104221e6b.jpg - Skipped - Error: Failed to generate prompt
2025-04-15 16:00:06 - Thread 1 - 240096a11fac28d6721cd5f14f96fde8.png - Skipped - Error: Failed to generate prompt
2025-04-15 16:00:06 - Thread 1 - 0a6e08f491742aa65660e97fa1cf6b92.jpg - Skipped - Error: Failed to generate prompt
2025-04-15 16:00:06 - Thread 1 - 37cc18c1416a834407da27506923f5b1.jpg - Skipped - Error: Failed to generate prompt
2025-04-15 16:00:07 - Thread 1 - 0d0d781545db6b887e29057abb527186.jpg - Skipped - Error: Failed to generate prompt
2025-04-15 16:00:07 - Thread 1 - 849300fe74ee7da33d2ba2fb2bfb8445.jpg - Skipped - Error: Failed to generate prompt
2025-04-15 16:00:07 - Thread 1 - 0a501225d1c898cb83dfdd429a984d7b.png - Skipped - Error: Failed to generate prompt
2025-04-15 16:00:08 - Thread 1 - cd82740b8fe0ea5c6e97d80baec93f67.jpg - Skipped - Error: Failed to generate prompt
2025-04-15 16:00:08 - Thread 1 - 67392cc5e6b609e22d00757fa81c0e43.jpg - Skipped - Error: Failed to generate prompt
2025-04-15 16:00:08 - Thread 1 - 359269e275839c6fd6474532919dc3af.jpg - Skipped - Error: Failed to generate prompt
2025-04-15 16:00:09 - Thread 1 - f83cafbe93d353ef8a96b011a4b005e9.jpg - Skipped - Error: Failed to generate prompt
2025-04-15 16:00:09 - Thread 1 - ab74b403f1443e426ed733eeef4da7f3.jpg - Skipped - Error: Failed to generate prompt
2025-04-15 16:00:10 - Thread 1 - f01bbbc930c0b3620ef0d1bb14920de3.jpg - Skipped - Error: Failed to generate prompt
2025-04-15 16:00:10 - Thread 1 - b6abe90a67c75847e345799f606ea173.jpg - Skipped - Error: Failed to generate prompt
2025-04-15 16:00:10 - Thread 1 - b6bcbf7f6817b87fdfe550412c6e526c.jpg - Skipped - Error: Failed to generate prompt
2025-04-15 16:00:11 - Thread 1 - 0c36a4596271ddec0211de789a78f8e1.jpg - Skipped - Error: Failed to generate prompt
2025-04-15 16:00:11 - Thread 1 - 34821db6b1b52eab52fc356d500c7e02.jpg - Skipped - Error: Failed to generate prompt
2025-04-15 16:00:12 - Thread 1 - ce4ee89b841f66bd3b2f1657a8ab6074.jpg - Skipped - Error: Failed to generate prompt
2025-04-15 16:00:12 - Thread 1 - 0fd84bda210130d1eaea22483e9e6e66.png - Skipped - Error: Failed to generate prompt
2025-04-15 16:00:13 - Thread 1 - ac176de023462ed857acc5b2310fc73c.jpg - Skipped - Error: Failed to generate prompt
2025-04-15 16:00:13 - Thread 1 - a51bbe22af1020f5080ae1274dc59148.png - Skipped - Error: Failed to generate prompt
2025-04-15 16:00:13 - Thread 1 - 0cea3668b93f0dc1718a0631dd44cc75.jpg - Skipped - Error: Failed to generate prompt
2025-04-15 16:00:14 - Thread 1 - c0cbe696f0150cb137b9ba3c051d62af.png - Skipped - Error: Failed to generate prompt
2025-04-15 16:00:14 - Thread 1 - df607ecb0ac2089422532a35f4f6325d.png - Skipped - Error: Failed to generate prompt
2025-04-15 16:00:15 - Thread 1 - d897676e9b9615a08d0713da8c72911c.jpg - Skipped - Error: Failed to generate prompt
2025-04-15 16:00:15 - Thread 1 - 4e440dcd6287025298a1bec60bde3e64.jpg - Skipped - Error: Failed to generate prompt
2025-04-15 16:00:15 - Thread 1 - 1901b84d7b99e233ff449b78b49767e3.jpg - Skipped - Error: Failed to generate prompt
2025-04-15 16:00:16 - Thread 1 - cc6720aa65f68df5d25b6a72f400947e.jpg - Skipped - Error: Failed to generate prompt
2025-04-15 16:00:16 - Thread 1 - b7db44019895c3196610dbe3826c7666.jpg - Skipped - Error: Failed to generate prompt
2025-04-15 16:00:16 - Thread 1 - 89dad46b9acbcddad92e56986cb3eec6.jpg - Skipped - Error: Failed to generate prompt
2025-04-15 16:00:17 - Thread 1 - 1a3f8671e23c33dba72563f22e61ab4f.jpg - Skipped - Error: Failed to generate prompt
2025-04-15 16:00:17 - Thread 1 - 548570a671ec6f897952558e23c4d83b.png - Skipped - Error: Failed to generate prompt
2025-04-15 16:00:18 - Thread 1 - 7eee39dd2b2a8c7fc67d318fb65bc4fc.jpg - Skipped - Error: Failed to generate prompt
2025-04-15 16:00:18 - Thread 1 - 2c8008db387d9b102a8e12a0860919f7.jpg - Skipped - Error: Failed to generate prompt
2025-04-15 16:00:18 - Thread 1 - 0925690476d168f1562f9a33e7dfdd3e.jpg - Skipped - Error: Failed to generate prompt
2025-04-15 16:00:19 - Thread 1 - a07b3835db1c92dc6690db3832e6bc3a.jpg - Skipped - Error: Failed to generate prompt
2025-04-15 16:00:21 - Thread 1 - 2e54e969e26708f39f4904f6b4dfdacc.jpg - Processed
2025-04-15 16:00:25 - Thread 1 - a8263ddc97e3640bc580759157509dcb.png - Processed
2025-04-15 16:00:27 - Thread 1 - 1dda8f716ff20949aa2eb9fe59a60d42.jpg - Processed
2025-04-15 16:00:30 - Thread 1 - bc63efc9d79187d8ec8a3c0b2e3be1e9.jpg - Processed
2025-04-15 16:00:32 - Thread 1 - ce01681c4ff0aca9d9eda7ecd22a208c.jpg - Processed
2025-04-15 16:00:34 - Thread 1 - a800b0ef16415602ec4a7681174120fc.jpg - Processed
2025-04-15 16:00:36 - Thread 1 - 757117215f0ebb183b6970f2adc86a04.jpg - Processed
2025-04-15 16:00:39 - Thread 1 - f025daa610c2cf9be19da89029344c6b.jpg - Processed
2025-04-15 16:00:41 - Thread 1 - f7281806e97d73b5b7776c5c902ed3e2.jpg - Processed
2025-04-15 16:00:43 - Thread 1 - ab52fa98dcf1ce2636ef72965652f80d.jpg - Processed
2025-04-15 16:00:47 - Thread 1 - f37239398d3457804087de532f6289fd.jpg - Processed
2025-04-15 16:00:49 - Thread 1 - a73e1afdb52daa19b4e6bc0ffb0491f0.jpg - Processed
2025-04-15 16:00:51 - Thread 1 - 522f65e9c2832284eb092f97defc7a39.png - Processed
2025-04-15 16:00:54 - Thread 1 - b01cb056021f68583b7ef233930c04b1.jpg - Processed
2025-04-15 16:00:56 - Thread 1 - 0514e89fe580c6307627f832874acb42.jpg - Processed
2025-04-15 16:01:00 - Thread 1 - eb8720d84d43be69a5b7161f9cae03b0.jpg - Processed
2025-04-15 16:01:00 - Thread 1 - a5f3dc9e474a9cbf4cbb2ea64f581262.jpg - Skipped - Error: Failed to generate prompt
2025-04-15 16:01:01 - Thread 1 - 50b0b39aade5e5ef5c4ace4204344eeb.jpg - Skipped - Error: Failed to generate prompt
2025-04-15 16:01:01 - Thread 1 - 35bf26b4c2a1b62ebbbdb60bf22f6f01.jpg - Skipped - Error: Failed to generate prompt
2025-04-15 16:01:02 - Thread 1 - 2e97b1092302b01af2480a8f604901ba.jpg - Skipped - Error: Failed to generate prompt
2025-04-15 16:01:03 - Thread 1 - 251609c185f869c3876e49620d378224.jpg - Skipped - Error: Failed to generate prompt
2025-04-15 16:01:03 - Thread 1 - 70e5234320c50151b708dcda116b2b84.jpg - Skipped - Error: Failed to generate prompt
2025-04-15 16:01:03 - Thread 1 - 556b7978850e5bf023bbe908e5386d3d.jpg - Skipped - Error: Failed to generate prompt
2025-04-15 16:01:04 - Thread 1 - 0b142590d6c55dcf0ea2826ee02cea1e.jpg - Skipped - Error: Failed to generate prompt
2025-04-15 16:01:04 - Thread 1 - 3cdcb98b42c236c25393c3e2d37ffd31.jpg - Skipped - Error: Failed to generate prompt
2025-04-15 16:01:04 - Thread 1 - 8505f16efafe14726d1e10373db5b58b.jpg - Skipped - Error: Failed to generate prompt
2025-04-15 16:01:04 - Thread 1 - 5695b580084e9fb96cdd831f5b47c441.jpg - Skipped - Error: Failed to generate prompt
2025-04-15 16:01:05 - Thread 1 - b90a7b954f30d02ed2b3098bf78644d9.jpg - Skipped - Error: Failed to generate prompt
2025-04-15 16:01:05 - Thread 1 - a85a0885745f0b2e2b2d5f738ad02aa2.jpg - Skipped - Error: Failed to generate prompt
2025-04-15 16:01:06 - Thread 1 - 317637c7d69f51ffe38c40632c932e9a.jpg - Skipped - Error: Failed to generate prompt
2025-04-15 16:01:06 - Thread 1 - bb12484d32ede3851294ff5453b4ca43.png - Skipped - Error: Failed to generate prompt
2025-04-15 16:01:06 - Thread 1 - 85d97cd6db25f22fec2fd51131b58a0b.jpg - Skipped - Error: Failed to generate prompt
2025-04-15 16:01:06 - Thread 1 - a1701afb59b81fbc783c9fad34bb49bd.jpg - Skipped - Error: Failed to generate prompt
2025-04-15 16:01:07 - Thread 1 - cf3fcb6d5d2f1513cf357369f3cad8d6.jpg - Skipped - Error: Failed to generate prompt
2025-04-15 16:01:07 - Thread 1 - fe6a0f263b5e1d2265a3d3decad5d374.jpg - Skipped - Error: Failed to generate prompt
2025-04-15 16:01:07 - Thread 1 - c6ef1218eded705a0938fd0001b90812.jpg - Skipped - Error: Failed to generate prompt
2025-04-15 16:01:07 - Thread 1 - 8358cf3fc4f54777033b562b8f6216cc.jpg - Skipped - Error: Failed to generate prompt
2025-04-15 16:01:08 - Thread 1 - 67854fa072fa4b44e92c565d315853d6.jpg - Skipped - Error: Failed to generate prompt
2025-04-15 16:01:09 - Thread 1 - d87088d09c7daede861c2195f3c150cd.jpg - Skipped - Error: Failed to generate prompt
2025-04-15 16:01:09 - Thread 1 - e23ac0b60e8b70b1dbf011b7c830d0c5.jpg - Skipped - Error: Failed to generate prompt
2025-04-15 16:01:09 - Thread 1 - a8ed90b142f9447be6fe505dcab297bc.jpg - Skipped - Error: Failed to generate prompt
2025-04-15 16:01:09 - Thread 1 - b71dc279095ff59e2606d1033e354f3a.jpg - Skipped - Error: Failed to generate prompt
2025-04-15 16:01:10 - Thread 1 - 983634994cfa7fb4551494954ab198ab.jpg - Skipped - Error: Failed to generate prompt
2025-04-15 16:01:10 - Thread 1 - 1bae4fe1b7b102ffc14f0a7026fd2f3d.jpg - Skipped - Error: Failed to generate prompt
2025-04-15 16:01:10 - Thread 1 - 2621ade2c5349f3bb2872acf82734866.jpg - Skipped - Error: Failed to generate prompt
2025-04-15 16:01:11 - Thread 1 - 4255c26b6c266ea894c5759dd6645457.png - Skipped - Error: Failed to generate prompt
2025-04-15 16:01:11 - Thread 1 - b5b7dfa7ba8356873136f55b58662675.jpg - Skipped - Error: Failed to generate prompt
2025-04-15 16:01:11 - Thread 1 - bef75bbb26ccc4503050f3924ee8870f.png - Skipped - Error: Failed to generate prompt
2025-04-15 16:01:11 - Thread 1 - a26c1bfa736ba6873a97bba2dfdf7571.jpg - Skipped - Error: Failed to generate prompt
2025-04-15 16:01:12 - Thread 1 - fe039c8aa6915e8b799f9086cb785842.jpg - Skipped - Error: Failed to generate prompt
2025-04-15 16:01:12 - Thread 1 - adc1161928676a68299cac80caad6eb2.jpg - Skipped - Error: Failed to generate prompt
2025-04-15 16:01:12 - Thread 1 - b6d89b909eeaba82e1aa4ddfbb57ad32.jpg - Skipped - Error: Failed to generate prompt
2025-04-15 16:01:13 - Thread 1 - 116d433424d7697ee3f77b72c0c58a7c.jpg - Skipped - Error: Failed to generate prompt
2025-04-15 16:01:13 - Thread 1 - 0a1c5c89434236a854df0cbe265a06de.jpg - Skipped - Error: Failed to generate prompt
2025-04-15 16:01:13 - Thread 1 - e89067cd1e268bd639687ebf57a046a5.jpg - Skipped - Error: Failed to generate prompt
2025-04-15 16:01:13 - Thread 1 - ac19829c3bc98ce64597c2e6be33f542.jpg - Skipped - Error: Failed to generate prompt
2025-04-15 16:01:14 - Thread 1 - 04a4a8add5ecc0f414414e3484144084.jpg - Skipped - Error: Failed to generate prompt
2025-04-15 16:01:14 - Thread 1 - 877a299d74feef20e2162b1e5456b0a0.jpg - Skipped - Error: Failed to generate prompt
2025-04-15 16:01:14 - Thread 1 - f483aab2fac52da7e7151b7e70eeb5da.jpg - Skipped - Error: Failed to generate prompt
2025-04-15 16:01:14 - Thread 1 - a58042126cc4bca8e3c7f3f8229e8b57.jpg - Skipped - Error: Failed to generate prompt
2025-04-15 16:01:15 - Thread 1 - eeb204b8e263c65bd5124de84050ad48.jpg - Skipped - Error: Failed to generate prompt
2025-04-15 16:01:15 - Thread 1 - cede7c5273b4b7410ed9588525a9ccf5.jpg - Skipped - Error: Failed to generate prompt
2025-04-15 16:01:15 - Thread 1 - 72393a12cd9729f1cf7d405dfdffc0a1.jpg - Skipped - Error: Failed to generate prompt
2025-04-15 16:01:15 - Thread 1 - 848dac0542a518946f80f746e55142e2.jpg - Skipped - Error: Failed to generate prompt
2025-04-15 16:02:03 - Thread 1 - 04945a2f6573609e98cd76246d0deb57.jpg - Processed
2025-04-15 16:02:05 - Thread 1 - bf19f5423d08a3307e1ad07c71fdeb27.jpg - Processed
2025-04-15 16:02:08 - Thread 1 - 542039d50f55430d75636ababb13a79b.jpg - Processed
2025-04-15 16:02:10 - Thread 1 - 1325622168f7f32e0c9e469788dc6c94.jpg - Processed
2025-04-15 16:02:12 - Thread 1 - 33620ce1ee4472787df9abdd42657c62.jpg - Processed
2025-04-15 16:02:15 - Thread 1 - 70964ceb6e08d4bf2d650fff9cf78e1c.png - Processed
2025-04-15 16:02:18 - Thread 1 - 1b02c69633b29ce7b8f2d92aeb3dbbaa.jpg - Processed
2025-04-15 16:02:20 - Thread 1 - 0a17002dea6325761a018596933bd1d1.jpg - Processed
2025-04-15 16:02:23 - Thread 1 - c6dfacfe5a06b753028dcd72e547f267.jpg - Processed
2025-04-15 16:02:25 - Thread 1 - f58049f45088ec332ff5e71d7e31c44a.jpg - Processed
2025-04-15 16:02:28 - Thread 1 - 66508932f5347165ae6768264001894e.jpg - Processed
2025-04-15 16:02:30 - Thread 1 - f791162a85c45388e4eb61ffa9d9e620.jpg - Processed
2025-04-15 16:02:32 - Thread 1 - ee9531c441c7d3e0de69e61e11b26a9f.jpg - Processed
2025-04-15 16:02:35 - Thread 1 - fea5f0da18e8b48ba10b4aac34dd9f69.jpg - Processed
2025-04-15 16:02:37 - Thread 1 - 226467ae2b73b46478e6c992532265c5.png - Processed
2025-04-15 16:02:40 - Thread 1 - a9b7e6160f0006416bb0f80d3701add3.jpg - Processed
2025-04-15 16:02:42 - Thread 1 - 917b81d2f56caf1ebf7a82e3db8b0a85.jpg - Processed
2025-04-15 16:02:44 - Thread 1 - 452d379bd5b4a4cbf7c5b020d93c5619.jpg - Processed
2025-04-15 16:02:47 - Thread 1 - 71c284db7aebc57d0e4876d7cbb60fd3.jpg - Processed
2025-04-15 16:02:49 - Thread 1 - 60ab632bdb22e0c8126b58d5da1bae59.jpg - Processed
2025-04-15 16:02:51 - Thread 1 - 1c60f21393b9739d62f53c672ea7a93b.jpg - Processed
2025-04-15 16:02:53 - Thread 1 - a24b8e22f31d3da2504a31df9b913803.png - Processed
2025-04-15 16:02:56 - Thread 1 - 1d3cea69502a864ec71bbafd98c4ea3d.jpg - Processed
2025-04-15 16:02:58 - Thread 1 - 3522443a2c373a586b0e8c783802bc7c.jpg - Processed
2025-04-15 16:02:58 - Thread 1 - a57d0a3d6b32d9218c3680dd53ab1f2b.jpg - Skipped - Error: Failed to generate prompt
2025-04-15 16:02:59 - Thread 1 - a5dafe9494173a79f1a71abb8df956ca.jpg - Skipped - Error: Failed to generate prompt
2025-04-15 16:02:59 - Thread 1 - 5008feb2b9c424d33143720393b3397d.png - Skipped - Error: Failed to generate prompt
2025-04-15 16:02:59 - Thread 1 - 1b929b10669af5ef468a385087dcbd43.png - Skipped - Error: Failed to generate prompt
2025-04-15 16:03:00 - Thread 1 - 2333b816a0fa370aae60c0cd0301f862.jpg - Skipped - Error: Failed to generate prompt
2025-04-15 16:03:00 - Thread 1 - 34369e12900d4c8fa1da4abde7dffd1a.jpg - Skipped - Error: Failed to generate prompt
2025-04-15 16:03:00 - Thread 1 - a35440ccc0a07ccf7167e2558fdf29ed.jpg - Skipped - Error: Failed to generate prompt
2025-04-15 16:03:01 - Thread 1 - 3f5837a83b629398b0af8528a3032c3d.jpg - Skipped - Error: Failed to generate prompt
2025-04-15 16:03:01 - Thread 1 - eaedba605399eab3517e6458b9978f10.jpg - Skipped - Error: Failed to generate prompt
2025-04-15 16:03:01 - Thread 1 - 01a57ec2e2c2c039073e0120bd152726.jpg - Skipped - Error: Failed to generate prompt
2025-04-15 16:03:01 - Thread 1 - 03de0ea30d78591e49b57b1aea487b00.jpg - Skipped - Error: Failed to generate prompt
2025-04-15 16:03:02 - Thread 1 - a529d9a134746122f815fdc3917613a3.jpg - Skipped - Error: Failed to generate prompt
2025-04-15 16:03:02 - Thread 1 - 0bb296c48095cb2ea56ecdd1a26b6057.jpg - Skipped - Error: Failed to generate prompt
2025-04-15 16:03:02 - Thread 1 - 4919c402285c1f89690c44406cb50d9f.jpg - Skipped - Error: Failed to generate prompt
2025-04-15 16:03:02 - Thread 1 - 0a5579ccc67070f1e9d61d4618603de1.png - Skipped - Error: Failed to generate prompt
2025-04-15 16:03:03 - Thread 1 - 33161d19cc858c6292dbe422559b6f72.jpg - Skipped - Error: Failed to generate prompt
2025-04-15 16:03:03 - Thread 1 - befad5690e7fb74641875e52c5dd01dc.jpg - Skipped - Error: Failed to generate prompt
2025-04-15 16:03:03 - Thread 1 - 5574cdc8713c4a183406388e455915ed.png - Skipped - Error: Failed to generate prompt
2025-04-15 16:03:03 - Thread 1 - 123e387e0440f87a34a5749f52a76fe1.jpg - Skipped - Error: Failed to generate prompt
2025-04-15 16:03:04 - Thread 1 - 14514b2d9d29f5fef3a049fc4b6db01c.png - Skipped - Error: Failed to generate prompt
2025-04-15 16:03:04 - Thread 1 - 18bde2a06c26b86fefc22e31a1951682.jpg - Skipped - Error: Failed to generate prompt
2025-04-15 16:03:04 - Thread 1 - 1d14f517802033c945a055ef4319126f.jpg - Skipped - Error: Failed to generate prompt
2025-04-15 16:03:05 - Thread 1 - 503da88e4b2228e3e883f7ddb2a555cf.jpg - Skipped - Error: Failed to generate prompt
2025-04-15 16:03:05 - Thread 1 - d2081c5ce62455b776681c90b38721fb.jpg - Skipped - Error: Failed to generate prompt
2025-04-15 16:03:05 - Thread 1 - f12969627a8b00ff79a16a4ed8cf376d.jpg - Skipped - Error: Failed to generate prompt
2025-04-15 16:03:06 - Thread 1 - bbccfebcf9f6afe21c0d0677f0cb79d1.jpg - Skipped - Error: Failed to generate prompt
2025-04-15 16:03:06 - Thread 1 - 3c656d6f8494c1fdb36469ecf1c809e7.jpg - Skipped - Error: Failed to generate prompt
2025-04-15 16:03:06 - Thread 1 - 2556dfdcc01ce52e2d5cff9f802d9f1a.jpg - Skipped - Error: Failed to generate prompt
2025-04-15 16:03:07 - Thread 1 - a19a13cec6be2dc3c446a81d37c5aa4a.jpg - Skipped - Error: Failed to generate prompt
2025-04-15 16:03:07 - Thread 1 - a9d43d5706da6e3fa60e84d1bb552503.jpg - Skipped - Error: Failed to generate prompt
2025-04-15 16:03:07 - Thread 1 - 208c67dce3dfd5d7535b5b7ecd664ef9.jpg - Skipped - Error: Failed to generate prompt
2025-04-15 16:03:07 - Thread 1 - f5ff4427edccea6bafba9c67cabc467a.jpg - Skipped - Error: Failed to generate prompt
2025-04-15 16:03:08 - Thread 1 - 824b71a139381ab871e0393debe1dbb0.jpg - Skipped - Error: Failed to generate prompt
2025-04-15 16:03:08 - Thread 1 - a48257c347e7026683204e9b3dec5b4c.jpg - Skipped - Error: Failed to generate prompt
2025-04-15 16:03:08 - Thread 1 - 38a821d176481a44dd6d185385092651.jpg - Skipped - Error: Failed to generate prompt
2025-04-15 16:03:08 - Thread 1 - 0a038524fa72a330afa4d6020c591e48.jpg - Skipped - Error: Failed to generate prompt
2025-04-15 16:03:09 - Thread 1 - f94c9a869071a48288260137b1b17a26.jpg - Skipped - Error: Failed to generate prompt
2025-04-15 16:03:09 - Thread 1 - a38916d4aaf766f0e02faf3a356c9b02.jpg - Skipped - Error: Failed to generate prompt
2025-04-15 16:03:09 - Thread 1 - 17c3d72744f22c509b1c3ceeab284140.jpg - Skipped - Error: Failed to generate prompt
2025-04-15 16:03:09 - Thread 1 - 70595fd9ce328a83439498e7a6fde73f.jpg - Skipped - Error: Failed to generate prompt
2025-04-15 16:03:10 - Thread 1 - 2c94559e486ede9fef77d9c689f6817b.png - Skipped - Error: Failed to generate prompt
2025-04-15 16:03:10 - Thread 1 - d9d5ae860c5a4a0ea5e6e73815d4fd53.jpg - Skipped - Error: Failed to generate prompt
2025-04-15 16:03:10 - Thread 1 - 91fb39d292598ef5c7d9223fffa3ba35.jpg - Skipped - Error: Failed to generate prompt
2025-04-15 16:03:10 - Thread 1 - d6a0436812cb94ce4d175be973501652.jpg - Skipped - Error: Failed to generate prompt
2025-04-15 16:03:11 - Thread 1 - 4980cb8aba5df877151d60f104221e6b.jpg - Skipped - Error: Failed to generate prompt
2025-04-15 16:03:11 - Thread 1 - 240096a11fac28d6721cd5f14f96fde8.png - Skipped - Error: Failed to generate prompt
2025-04-15 16:03:11 - Thread 1 - 0a6e08f491742aa65660e97fa1cf6b92.jpg - Skipped - Error: Failed to generate prompt
2025-04-15 16:03:12 - Thread 1 - 37cc18c1416a834407da27506923f5b1.jpg - Skipped - Error: Failed to generate prompt
2025-04-15 16:03:12 - Thread 1 - 0d0d781545db6b887e29057abb527186.jpg - Skipped - Error: Failed to generate prompt
2025-04-15 16:03:12 - Thread 1 - 849300fe74ee7da33d2ba2fb2bfb8445.jpg - Skipped - Error: Failed to generate prompt
2025-04-15 16:03:12 - Thread 1 - 0a501225d1c898cb83dfdd429a984d7b.png - Skipped - Error: Failed to generate prompt
2025-04-15 16:03:13 - Thread 1 - cd82740b8fe0ea5c6e97d80baec93f67.jpg - Skipped - Error: Failed to generate prompt
2025-04-15 16:03:13 - Thread 1 - 67392cc5e6b609e22d00757fa81c0e43.jpg - Skipped - Error: Failed to generate prompt
2025-04-15 16:03:13 - Thread 1 - 359269e275839c6fd6474532919dc3af.jpg - Skipped - Error: Failed to generate prompt
2025-04-15 16:03:13 - Thread 1 - f83cafbe93d353ef8a96b011a4b005e9.jpg - Skipped - Error: Failed to generate prompt
2025-04-15 16:03:14 - Thread 1 - ab74b403f1443e426ed733eeef4da7f3.jpg - Skipped - Error: Failed to generate prompt
2025-04-15 16:03:14 - Thread 1 - f01bbbc930c0b3620ef0d1bb14920de3.jpg - Skipped - Error: Failed to generate prompt
2025-04-15 16:03:14 - Thread 1 - b6abe90a67c75847e345799f606ea173.jpg - Skipped - Error: Failed to generate prompt
2025-04-15 16:03:15 - Thread 1 - b6bcbf7f6817b87fdfe550412c6e526c.jpg - Skipped - Error: Failed to generate prompt
2025-04-15 16:03:15 - Thread 1 - 0c36a4596271ddec0211de789a78f8e1.jpg - Skipped - Error: Failed to generate prompt
2025-04-15 16:03:15 - Thread 1 - 34821db6b1b52eab52fc356d500c7e02.jpg - Skipped - Error: Failed to generate prompt
2025-04-15 16:03:16 - Thread 1 - ce4ee89b841f66bd3b2f1657a8ab6074.jpg - Skipped - Error: Failed to generate prompt
2025-04-15 16:03:16 - Thread 1 - 0fd84bda210130d1eaea22483e9e6e66.png - Skipped - Error: Failed to generate prompt
2025-04-15 16:03:16 - Thread 1 - ac176de023462ed857acc5b2310fc73c.jpg - Skipped - Error: Failed to generate prompt
2025-04-15 16:03:16 - Thread 1 - a51bbe22af1020f5080ae1274dc59148.png - Skipped - Error: Failed to generate prompt
2025-04-15 16:03:17 - Thread 1 - 0cea3668b93f0dc1718a0631dd44cc75.jpg - Skipped - Error: Failed to generate prompt
2025-04-15 16:03:17 - Thread 1 - c0cbe696f0150cb137b9ba3c051d62af.png - Skipped - Error: Failed to generate prompt
2025-04-15 16:03:18 - Thread 1 - df607ecb0ac2089422532a35f4f6325d.png - Skipped - Error: Failed to generate prompt
2025-04-15 16:03:18 - Thread 1 - d897676e9b9615a08d0713da8c72911c.jpg - Skipped - Error: Failed to generate prompt
2025-04-15 16:03:18 - Thread 1 - 4e440dcd6287025298a1bec60bde3e64.jpg - Skipped - Error: Failed to generate prompt
2025-04-15 16:03:18 - Thread 1 - 1901b84d7b99e233ff449b78b49767e3.jpg - Skipped - Error: Failed to generate prompt
2025-04-15 16:03:21 - Thread 1 - cc6720aa65f68df5d25b6a72f400947e.jpg - Processed
2025-04-15 16:03:24 - Thread 1 - b7db44019895c3196610dbe3826c7666.jpg - Processed
2025-04-15 16:03:26 - Thread 1 - 89dad46b9acbcddad92e56986cb3eec6.jpg - Processed
2025-04-15 16:03:28 - Thread 1 - 1a3f8671e23c33dba72563f22e61ab4f.jpg - Processed
2025-04-15 16:03:31 - Thread 1 - 548570a671ec6f897952558e23c4d83b.png - Processed
2025-04-15 16:03:34 - Thread 1 - 7eee39dd2b2a8c7fc67d318fb65bc4fc.jpg - Processed
2025-04-15 16:03:37 - Thread 1 - 2c8008db387d9b102a8e12a0860919f7.jpg - Processed
2025-04-15 16:03:40 - Thread 1 - 0925690476d168f1562f9a33e7dfdd3e.jpg - Processed
2025-04-15 16:03:42 - Thread 1 - a07b3835db1c92dc6690db3832e6bc3a.jpg - Processed
2025-04-15 16:03:45 - Thread 1 - a5f3dc9e474a9cbf4cbb2ea64f581262.jpg - Processed
2025-04-15 16:03:48 - Thread 1 - 50b0b39aade5e5ef5c4ace4204344eeb.jpg - Processed
2025-04-15 16:03:51 - Thread 1 - 35bf26b4c2a1b62ebbbdb60bf22f6f01.jpg - Processed
2025-04-15 16:03:53 - Thread 1 - 2e97b1092302b01af2480a8f604901ba.jpg - Processed
2025-04-15 16:03:57 - Thread 1 - 251609c185f869c3876e49620d378224.jpg - Processed
2025-04-15 16:03:59 - Thread 1 - 70e5234320c50151b708dcda116b2b84.jpg - Processed
2025-04-15 16:04:02 - Thread 1 - 556b7978850e5bf023bbe908e5386d3d.jpg - Processed
2025-04-15 16:04:02 - Thread 1 - 0b142590d6c55dcf0ea2826ee02cea1e.jpg - Skipped - Error: Failed to generate prompt
2025-04-15 16:04:02 - Thread 1 - 3cdcb98b42c236c25393c3e2d37ffd31.jpg - Skipped - Error: Failed to generate prompt
2025-04-15 16:04:03 - Thread 1 - 8505f16efafe14726d1e10373db5b58b.jpg - Skipped - Error: Failed to generate prompt
2025-04-15 16:04:03 - Thread 1 - 5695b580084e9fb96cdd831f5b47c441.jpg - Skipped - Error: Failed to generate prompt
2025-04-15 16:04:03 - Thread 1 - b90a7b954f30d02ed2b3098bf78644d9.jpg - Skipped - Error: Failed to generate prompt
2025-04-15 16:04:04 - Thread 1 - a85a0885745f0b2e2b2d5f738ad02aa2.jpg - Skipped - Error: Failed to generate prompt
2025-04-15 16:04:04 - Thread 1 - 317637c7d69f51ffe38c40632c932e9a.jpg - Skipped - Error: Failed to generate prompt
2025-04-15 16:04:04 - Thread 1 - bb12484d32ede3851294ff5453b4ca43.png - Skipped - Error: Failed to generate prompt
2025-04-15 16:04:04 - Thread 1 - 85d97cd6db25f22fec2fd51131b58a0b.jpg - Skipped - Error: Failed to generate prompt
2025-04-15 16:04:05 - Thread 1 - a1701afb59b81fbc783c9fad34bb49bd.jpg - Skipped - Error: Failed to generate prompt
2025-04-15 16:04:05 - Thread 1 - cf3fcb6d5d2f1513cf357369f3cad8d6.jpg - Skipped - Error: Failed to generate prompt
2025-04-15 16:04:05 - Thread 1 - fe6a0f263b5e1d2265a3d3decad5d374.jpg - Skipped - Error: Failed to generate prompt
2025-04-15 16:04:05 - Thread 1 - c6ef1218eded705a0938fd0001b90812.jpg - Skipped - Error: Failed to generate prompt
2025-04-15 16:04:06 - Thread 1 - 8358cf3fc4f54777033b562b8f6216cc.jpg - Skipped - Error: Failed to generate prompt
2025-04-15 16:04:06 - Thread 1 - 67854fa072fa4b44e92c565d315853d6.jpg - Skipped - Error: Failed to generate prompt
2025-04-15 16:04:07 - Thread 1 - d87088d09c7daede861c2195f3c150cd.jpg - Skipped - Error: Failed to generate prompt
2025-04-15 16:04:07 - Thread 1 - e23ac0b60e8b70b1dbf011b7c830d0c5.jpg - Skipped - Error: Failed to generate prompt
2025-04-15 16:04:07 - Thread 1 - a8ed90b142f9447be6fe505dcab297bc.jpg - Skipped - Error: Failed to generate prompt
2025-04-15 16:04:07 - Thread 1 - b71dc279095ff59e2606d1033e354f3a.jpg - Skipped - Error: Failed to generate prompt
2025-04-15 16:04:08 - Thread 1 - 983634994cfa7fb4551494954ab198ab.jpg - Skipped - Error: Failed to generate prompt
2025-04-15 16:04:08 - Thread 1 - 1bae4fe1b7b102ffc14f0a7026fd2f3d.jpg - Skipped - Error: Failed to generate prompt
2025-04-15 16:04:08 - Thread 1 - 2621ade2c5349f3bb2872acf82734866.jpg - Skipped - Error: Failed to generate prompt
2025-04-15 16:04:09 - Thread 1 - 4255c26b6c266ea894c5759dd6645457.png - Skipped - Error: Failed to generate prompt
2025-04-15 16:04:09 - Thread 1 - b5b7dfa7ba8356873136f55b58662675.jpg - Skipped - Error: Failed to generate prompt
2025-04-15 16:04:09 - Thread 1 - bef75bbb26ccc4503050f3924ee8870f.png - Skipped - Error: Failed to generate prompt
2025-04-15 16:04:09 - Thread 1 - a26c1bfa736ba6873a97bba2dfdf7571.jpg - Skipped - Error: Failed to generate prompt
2025-04-15 16:04:10 - Thread 1 - fe039c8aa6915e8b799f9086cb785842.jpg - Skipped - Error: Failed to generate prompt
2025-04-15 16:04:10 - Thread 1 - adc1161928676a68299cac80caad6eb2.jpg - Skipped - Error: Failed to generate prompt
2025-04-15 16:04:10 - Thread 1 - b6d89b909eeaba82e1aa4ddfbb57ad32.jpg - Skipped - Error: Failed to generate prompt
2025-04-15 16:04:11 - Thread 1 - 116d433424d7697ee3f77b72c0c58a7c.jpg - Skipped - Error: Failed to generate prompt
2025-04-15 16:04:11 - Thread 1 - 0a1c5c89434236a854df0cbe265a06de.jpg - Skipped - Error: Failed to generate prompt
2025-04-15 16:04:11 - Thread 1 - e89067cd1e268bd639687ebf57a046a5.jpg - Skipped - Error: Failed to generate prompt
2025-04-15 16:04:11 - Thread 1 - ac19829c3bc98ce64597c2e6be33f542.jpg - Skipped - Error: Failed to generate prompt
2025-04-15 16:04:12 - Thread 1 - 04a4a8add5ecc0f414414e3484144084.jpg - Skipped - Error: Failed to generate prompt
2025-04-15 16:04:12 - Thread 1 - 877a299d74feef20e2162b1e5456b0a0.jpg - Skipped - Error: Failed to generate prompt
2025-04-15 16:04:12 - Thread 1 - f483aab2fac52da7e7151b7e70eeb5da.jpg - Skipped - Error: Failed to generate prompt
2025-04-15 16:04:12 - Thread 1 - a58042126cc4bca8e3c7f3f8229e8b57.jpg - Skipped - Error: Failed to generate prompt
2025-04-15 16:04:13 - Thread 1 - eeb204b8e263c65bd5124de84050ad48.jpg - Skipped - Error: Failed to generate prompt
2025-04-15 16:04:13 - Thread 1 - cede7c5273b4b7410ed9588525a9ccf5.jpg - Skipped - Error: Failed to generate prompt
2025-04-15 16:04:13 - Thread 1 - 72393a12cd9729f1cf7d405dfdffc0a1.jpg - Skipped - Error: Failed to generate prompt
2025-04-15 16:04:14 - Thread 1 - 848dac0542a518946f80f746e55142e2.jpg - Skipped - Error: Failed to generate prompt
2025-04-15 16:04:29 - Thread 1 - a57d0a3d6b32d9218c3680dd53ab1f2b.jpg - Processed
2025-04-15 16:04:31 - Thread 1 - a5dafe9494173a79f1a71abb8df956ca.jpg - Processed
2025-04-15 16:04:34 - Thread 1 - 5008feb2b9c424d33143720393b3397d.png - Processed
2025-04-15 16:04:36 - Thread 1 - 1b929b10669af5ef468a385087dcbd43.png - Processed
2025-04-15 16:04:39 - Thread 1 - 2333b816a0fa370aae60c0cd0301f862.jpg - Processed
2025-04-15 16:04:41 - Thread 1 - 34369e12900d4c8fa1da4abde7dffd1a.jpg - Processed
2025-04-15 16:04:44 - Thread 1 - a35440ccc0a07ccf7167e2558fdf29ed.jpg - Processed
2025-04-15 16:04:46 - Thread 1 - 3f5837a83b629398b0af8528a3032c3d.jpg - Processed
2025-04-15 16:04:49 - Thread 1 - eaedba605399eab3517e6458b9978f10.jpg - Processed
2025-04-15 16:04:51 - Thread 1 - 01a57ec2e2c2c039073e0120bd152726.jpg - Processed
2025-04-15 16:04:54 - Thread 1 - 03de0ea30d78591e49b57b1aea487b00.jpg - Processed
2025-04-15 16:04:56 - Thread 1 - a529d9a134746122f815fdc3917613a3.jpg - Processed
2025-04-15 16:04:59 - Thread 1 - 0bb296c48095cb2ea56ecdd1a26b6057.jpg - Processed
2025-04-15 16:05:01 - Thread 1 - 4919c402285c1f89690c44406cb50d9f.jpg - Processed
2025-04-15 16:05:04 - Thread 1 - 0a5579ccc67070f1e9d61d4618603de1.png - Processed
2025-04-15 16:05:06 - Thread 1 - 33161d19cc858c6292dbe422559b6f72.jpg - Processed
2025-04-15 16:05:06 - Thread 1 - befad5690e7fb74641875e52c5dd01dc.jpg - Skipped - Error: Failed to generate prompt
2025-04-15 16:05:07 - Thread 1 - 5574cdc8713c4a183406388e455915ed.png - Skipped - Error: Failed to generate prompt
2025-04-15 16:05:07 - Thread 1 - 123e387e0440f87a34a5749f52a76fe1.jpg - Skipped - Error: Failed to generate prompt
2025-04-15 16:05:07 - Thread 1 - 14514b2d9d29f5fef3a049fc4b6db01c.png - Skipped - Error: Failed to generate prompt
2025-04-15 16:05:07 - Thread 1 - 18bde2a06c26b86fefc22e31a1951682.jpg - Skipped - Error: Failed to generate prompt
2025-04-15 16:05:08 - Thread 1 - 1d14f517802033c945a055ef4319126f.jpg - Skipped - Error: Failed to generate prompt
2025-04-15 16:05:08 - Thread 1 - 503da88e4b2228e3e883f7ddb2a555cf.jpg - Skipped - Error: Failed to generate prompt
2025-04-15 16:05:08 - Thread 1 - d2081c5ce62455b776681c90b38721fb.jpg - Skipped - Error: Failed to generate prompt
2025-04-15 16:05:09 - Thread 1 - f12969627a8b00ff79a16a4ed8cf376d.jpg - Skipped - Error: Failed to generate prompt
2025-04-15 16:05:09 - Thread 1 - bbccfebcf9f6afe21c0d0677f0cb79d1.jpg - Skipped - Error: Failed to generate prompt
2025-04-15 16:05:09 - Thread 1 - 3c656d6f8494c1fdb36469ecf1c809e7.jpg - Skipped - Error: Failed to generate prompt
2025-04-15 16:05:10 - Thread 1 - 2556dfdcc01ce52e2d5cff9f802d9f1a.jpg - Skipped - Error: Failed to generate prompt
2025-04-15 16:05:10 - Thread 1 - a19a13cec6be2dc3c446a81d37c5aa4a.jpg - Skipped - Error: Failed to generate prompt
2025-04-15 16:05:10 - Thread 1 - a9d43d5706da6e3fa60e84d1bb552503.jpg - Skipped - Error: Failed to generate prompt
2025-04-15 16:05:10 - Thread 1 - 208c67dce3dfd5d7535b5b7ecd664ef9.jpg - Skipped - Error: Failed to generate prompt
2025-04-15 16:05:11 - Thread 1 - f5ff4427edccea6bafba9c67cabc467a.jpg - Skipped - Error: Failed to generate prompt
2025-04-15 16:05:11 - Thread 1 - 824b71a139381ab871e0393debe1dbb0.jpg - Skipped - Error: Failed to generate prompt
2025-04-15 16:05:11 - Thread 1 - a48257c347e7026683204e9b3dec5b4c.jpg - Skipped - Error: Failed to generate prompt
2025-04-15 16:05:11 - Thread 1 - 38a821d176481a44dd6d185385092651.jpg - Skipped - Error: Failed to generate prompt
2025-04-15 16:05:12 - Thread 1 - 0a038524fa72a330afa4d6020c591e48.jpg - Skipped - Error: Failed to generate prompt
2025-04-15 16:05:12 - Thread 1 - f94c9a869071a48288260137b1b17a26.jpg - Skipped - Error: Failed to generate prompt
2025-04-15 16:05:12 - Thread 1 - a38916d4aaf766f0e02faf3a356c9b02.jpg - Skipped - Error: Failed to generate prompt
2025-04-15 16:05:12 - Thread 1 - 17c3d72744f22c509b1c3ceeab284140.jpg - Skipped - Error: Failed to generate prompt
2025-04-15 16:05:13 - Thread 1 - 70595fd9ce328a83439498e7a6fde73f.jpg - Skipped - Error: Failed to generate prompt
2025-04-15 16:05:13 - Thread 1 - 2c94559e486ede9fef77d9c689f6817b.png - Skipped - Error: Failed to generate prompt
2025-04-15 16:05:13 - Thread 1 - d9d5ae860c5a4a0ea5e6e73815d4fd53.jpg - Skipped - Error: Failed to generate prompt
2025-04-15 16:05:13 - Thread 1 - 91fb39d292598ef5c7d9223fffa3ba35.jpg - Skipped - Error: Failed to generate prompt
2025-04-15 16:05:14 - Thread 1 - d6a0436812cb94ce4d175be973501652.jpg - Skipped - Error: Failed to generate prompt
2025-04-15 16:05:14 - Thread 1 - 4980cb8aba5df877151d60f104221e6b.jpg - Skipped - Error: Failed to generate prompt
2025-04-15 16:05:14 - Thread 1 - 240096a11fac28d6721cd5f14f96fde8.png - Skipped - Error: Failed to generate prompt
2025-04-15 16:05:14 - Thread 1 - 0a6e08f491742aa65660e97fa1cf6b92.jpg - Skipped - Error: Failed to generate prompt
2025-04-15 16:05:15 - Thread 1 - 37cc18c1416a834407da27506923f5b1.jpg - Skipped - Error: Failed to generate prompt
2025-04-15 16:05:15 - Thread 1 - 0d0d781545db6b887e29057abb527186.jpg - Skipped - Error: Failed to generate prompt
2025-04-15 16:05:15 - Thread 1 - 849300fe74ee7da33d2ba2fb2bfb8445.jpg - Skipped - Error: Failed to generate prompt
2025-04-15 16:05:15 - Thread 1 - 0a501225d1c898cb83dfdd429a984d7b.png - Skipped - Error: Failed to generate prompt
2025-04-15 16:05:16 - Thread 1 - cd82740b8fe0ea5c6e97d80baec93f67.jpg - Skipped - Error: Failed to generate prompt
2025-04-15 16:05:16 - Thread 1 - 67392cc5e6b609e22d00757fa81c0e43.jpg - Skipped - Error: Failed to generate prompt
2025-04-15 16:05:16 - Thread 1 - 359269e275839c6fd6474532919dc3af.jpg - Skipped - Error: Failed to generate prompt
2025-04-15 16:05:16 - Thread 1 - f83cafbe93d353ef8a96b011a4b005e9.jpg - Skipped - Error: Failed to generate prompt
2025-04-15 16:05:17 - Thread 1 - ab74b403f1443e426ed733eeef4da7f3.jpg - Skipped - Error: Failed to generate prompt
2025-04-15 16:05:17 - Thread 1 - f01bbbc930c0b3620ef0d1bb14920de3.jpg - Skipped - Error: Failed to generate prompt
2025-04-15 16:05:18 - Thread 1 - b6abe90a67c75847e345799f606ea173.jpg - Skipped - Error: Failed to generate prompt
2025-04-15 16:05:18 - Thread 1 - b6bcbf7f6817b87fdfe550412c6e526c.jpg - Skipped - Error: Failed to generate prompt
2025-04-15 16:05:18 - Thread 1 - 0c36a4596271ddec0211de789a78f8e1.jpg - Skipped - Error: Failed to generate prompt
2025-04-15 16:05:18 - Thread 1 - 34821db6b1b52eab52fc356d500c7e02.jpg - Skipped - Error: Failed to generate prompt
2025-04-15 16:05:21 - Thread 1 - ce4ee89b841f66bd3b2f1657a8ab6074.jpg - Processed
2025-04-15 16:05:23 - Thread 1 - 0fd84bda210130d1eaea22483e9e6e66.png - Processed
2025-04-15 16:05:26 - Thread 1 - ac176de023462ed857acc5b2310fc73c.jpg - Processed
2025-04-15 16:05:29 - Thread 1 - a51bbe22af1020f5080ae1274dc59148.png - Processed
2025-04-15 16:05:31 - Thread 1 - 0cea3668b93f0dc1718a0631dd44cc75.jpg - Processed
2025-04-15 16:05:34 - Thread 1 - c0cbe696f0150cb137b9ba3c051d62af.png - Processed
2025-04-15 16:05:36 - Thread 1 - df607ecb0ac2089422532a35f4f6325d.png - Processed
2025-04-15 16:05:39 - Thread 1 - d897676e9b9615a08d0713da8c72911c.jpg - Processed
2025-04-15 16:05:42 - Thread 1 - 4e440dcd6287025298a1bec60bde3e64.jpg - Processed
2025-04-15 16:05:44 - Thread 1 - 1901b84d7b99e233ff449b78b49767e3.jpg - Processed
2025-04-15 16:05:46 - Thread 1 - 0b142590d6c55dcf0ea2826ee02cea1e.jpg - Processed
2025-04-15 16:05:49 - Thread 1 - 3cdcb98b42c236c25393c3e2d37ffd31.jpg - Processed
2025-04-15 16:05:51 - Thread 1 - 8505f16efafe14726d1e10373db5b58b.jpg - Processed
2025-04-15 16:05:54 - Thread 1 - 5695b580084e9fb96cdd831f5b47c441.jpg - Processed
2025-04-15 16:05:56 - Thread 1 - b90a7b954f30d02ed2b3098bf78644d9.jpg - Processed
2025-04-15 16:05:58 - Thread 1 - a85a0885745f0b2e2b2d5f738ad02aa2.jpg - Processed
2025-04-15 16:05:59 - Thread 1 - 317637c7d69f51ffe38c40632c932e9a.jpg - Skipped - Error: Failed to generate prompt
2025-04-15 16:05:59 - Thread 1 - bb12484d32ede3851294ff5453b4ca43.png - Skipped - Error: Failed to generate prompt
2025-04-15 16:05:59 - Thread 1 - 85d97cd6db25f22fec2fd51131b58a0b.jpg - Skipped - Error: Failed to generate prompt
2025-04-15 16:06:00 - Thread 1 - a1701afb59b81fbc783c9fad34bb49bd.jpg - Skipped - Error: Failed to generate prompt
2025-04-15 16:06:00 - Thread 1 - cf3fcb6d5d2f1513cf357369f3cad8d6.jpg - Skipped - Error: Failed to generate prompt
2025-04-15 16:06:00 - Thread 1 - fe6a0f263b5e1d2265a3d3decad5d374.jpg - Skipped - Error: Failed to generate prompt
2025-04-15 16:06:00 - Thread 1 - c6ef1218eded705a0938fd0001b90812.jpg - Skipped - Error: Failed to generate prompt
2025-04-15 16:06:01 - Thread 1 - 8358cf3fc4f54777033b562b8f6216cc.jpg - Skipped - Error: Failed to generate prompt
2025-04-15 16:06:01 - Thread 1 - 67854fa072fa4b44e92c565d315853d6.jpg - Skipped - Error: Failed to generate prompt
2025-04-15 16:06:02 - Thread 1 - d87088d09c7daede861c2195f3c150cd.jpg - Skipped - Error: Failed to generate prompt
2025-04-15 16:06:02 - Thread 1 - e23ac0b60e8b70b1dbf011b7c830d0c5.jpg - Skipped - Error: Failed to generate prompt
2025-04-15 16:06:02 - Thread 1 - a8ed90b142f9447be6fe505dcab297bc.jpg - Skipped - Error: Failed to generate prompt
2025-04-15 16:06:03 - Thread 1 - b71dc279095ff59e2606d1033e354f3a.jpg - Skipped - Error: Failed to generate prompt
2025-04-15 16:06:03 - Thread 1 - 983634994cfa7fb4551494954ab198ab.jpg - Skipped - Error: Failed to generate prompt
2025-04-15 16:06:03 - Thread 1 - 1bae4fe1b7b102ffc14f0a7026fd2f3d.jpg - Skipped - Error: Failed to generate prompt
2025-04-15 16:06:03 - Thread 1 - 2621ade2c5349f3bb2872acf82734866.jpg - Skipped - Error: Failed to generate prompt
2025-04-15 16:06:04 - Thread 1 - 4255c26b6c266ea894c5759dd6645457.png - Skipped - Error: Failed to generate prompt
2025-04-15 16:06:04 - Thread 1 - b5b7dfa7ba8356873136f55b58662675.jpg - Skipped - Error: Failed to generate prompt
2025-04-15 16:06:04 - Thread 1 - bef75bbb26ccc4503050f3924ee8870f.png - Skipped - Error: Failed to generate prompt
2025-04-15 16:06:04 - Thread 1 - a26c1bfa736ba6873a97bba2dfdf7571.jpg - Skipped - Error: Failed to generate prompt
2025-04-15 16:06:05 - Thread 1 - fe039c8aa6915e8b799f9086cb785842.jpg - Skipped - Error: Failed to generate prompt
2025-04-15 16:06:05 - Thread 1 - adc1161928676a68299cac80caad6eb2.jpg - Skipped - Error: Failed to generate prompt
2025-04-15 16:06:05 - Thread 1 - b6d89b909eeaba82e1aa4ddfbb57ad32.jpg - Skipped - Error: Failed to generate prompt
2025-04-15 16:06:05 - Thread 1 - 116d433424d7697ee3f77b72c0c58a7c.jpg - Skipped - Error: Failed to generate prompt
2025-04-15 16:06:05 - Thread 1 - 0a1c5c89434236a854df0cbe265a06de.jpg - Skipped - Error: Failed to generate prompt
2025-04-15 16:06:06 - Thread 1 - e89067cd1e268bd639687ebf57a046a5.jpg - Skipped - Error: Failed to generate prompt
2025-04-15 16:06:06 - Thread 1 - ac19829c3bc98ce64597c2e6be33f542.jpg - Skipped - Error: Failed to generate prompt
2025-04-15 16:06:06 - Thread 1 - 04a4a8add5ecc0f414414e3484144084.jpg - Skipped - Error: Failed to generate prompt
2025-04-15 16:06:07 - Thread 1 - 877a299d74feef20e2162b1e5456b0a0.jpg - Skipped - Error: Failed to generate prompt
2025-04-15 16:06:07 - Thread 1 - f483aab2fac52da7e7151b7e70eeb5da.jpg - Skipped - Error: Failed to generate prompt
2025-04-15 16:06:07 - Thread 1 - a58042126cc4bca8e3c7f3f8229e8b57.jpg - Skipped - Error: Failed to generate prompt
2025-04-15 16:06:07 - Thread 1 - eeb204b8e263c65bd5124de84050ad48.jpg - Skipped - Error: Failed to generate prompt
2025-04-15 16:06:08 - Thread 1 - cede7c5273b4b7410ed9588525a9ccf5.jpg - Skipped - Error: Failed to generate prompt
2025-04-15 16:06:08 - Thread 1 - 72393a12cd9729f1cf7d405dfdffc0a1.jpg - Skipped - Error: Failed to generate prompt
2025-04-15 16:06:08 - Thread 1 - 848dac0542a518946f80f746e55142e2.jpg - Skipped - Error: Failed to generate prompt
2025-04-15 16:06:18 - Thread 1 - befad5690e7fb74641875e52c5dd01dc.jpg - Skipped - Error: Failed to generate prompt
2025-04-15 16:06:18 - Thread 1 - 5574cdc8713c4a183406388e455915ed.png - Skipped - Error: Failed to generate prompt
2025-04-15 16:06:18 - Thread 1 - 123e387e0440f87a34a5749f52a76fe1.jpg - Skipped - Error: Failed to generate prompt
2025-04-15 16:06:18 - Thread 1 - 14514b2d9d29f5fef3a049fc4b6db01c.png - Skipped - Error: Failed to generate prompt
2025-04-15 16:06:21 - Thread 1 - 18bde2a06c26b86fefc22e31a1951682.jpg - Processed
2025-04-15 16:06:23 - Thread 1 - 1d14f517802033c945a055ef4319126f.jpg - Processed
2025-04-15 16:06:26 - Thread 1 - 503da88e4b2228e3e883f7ddb2a555cf.jpg - Processed
2025-04-15 16:06:29 - Thread 1 - d2081c5ce62455b776681c90b38721fb.jpg - Processed
2025-04-15 16:06:32 - Thread 1 - f12969627a8b00ff79a16a4ed8cf376d.jpg - Processed
2025-04-15 16:06:34 - Thread 1 - bbccfebcf9f6afe21c0d0677f0cb79d1.jpg - Processed
2025-04-15 16:06:37 - Thread 1 - 3c656d6f8494c1fdb36469ecf1c809e7.jpg - Processed
2025-04-15 16:06:39 - Thread 1 - 2556dfdcc01ce52e2d5cff9f802d9f1a.jpg - Processed
2025-04-15 16:06:41 - Thread 1 - a19a13cec6be2dc3c446a81d37c5aa4a.jpg - Processed
2025-04-15 16:06:43 - Thread 1 - a9d43d5706da6e3fa60e84d1bb552503.jpg - Processed
2025-04-15 16:06:46 - Thread 1 - 208c67dce3dfd5d7535b5b7ecd664ef9.jpg - Processed
2025-04-15 16:06:48 - Thread 1 - f5ff4427edccea6bafba9c67cabc467a.jpg - Processed
2025-04-15 16:06:50 - Thread 1 - 824b71a139381ab871e0393debe1dbb0.jpg - Processed
2025-04-15 16:06:53 - Thread 1 - a48257c347e7026683204e9b3dec5b4c.jpg - Processed
2025-04-15 16:06:56 - Thread 1 - 38a821d176481a44dd6d185385092651.jpg - Processed
2025-04-15 16:06:58 - Thread 1 - 0a038524fa72a330afa4d6020c591e48.jpg - Processed
2025-04-15 16:06:58 - Thread 1 - f94c9a869071a48288260137b1b17a26.jpg - Skipped - Error: Failed to generate prompt
2025-04-15 16:06:58 - Thread 1 - a38916d4aaf766f0e02faf3a356c9b02.jpg - Skipped - Error: Failed to generate prompt
2025-04-15 16:06:59 - Thread 1 - 17c3d72744f22c509b1c3ceeab284140.jpg - Skipped - Error: Failed to generate prompt
2025-04-15 16:06:59 - Thread 1 - 70595fd9ce328a83439498e7a6fde73f.jpg - Skipped - Error: Failed to generate prompt
2025-04-15 16:06:59 - Thread 1 - 2c94559e486ede9fef77d9c689f6817b.png - Skipped - Error: Failed to generate prompt
2025-04-15 16:07:00 - Thread 1 - d9d5ae860c5a4a0ea5e6e73815d4fd53.jpg - Skipped - Error: Failed to generate prompt
2025-04-15 16:07:00 - Thread 1 - 91fb39d292598ef5c7d9223fffa3ba35.jpg - Skipped - Error: Failed to generate prompt
2025-04-15 16:07:00 - Thread 1 - d6a0436812cb94ce4d175be973501652.jpg - Skipped - Error: Failed to generate prompt
2025-04-15 16:07:00 - Thread 1 - 4980cb8aba5df877151d60f104221e6b.jpg - Skipped - Error: Failed to generate prompt
2025-04-15 16:07:01 - Thread 1 - 240096a11fac28d6721cd5f14f96fde8.png - Skipped - Error: Failed to generate prompt
2025-04-15 16:07:01 - Thread 1 - 0a6e08f491742aa65660e97fa1cf6b92.jpg - Skipped - Error: Failed to generate prompt
2025-04-15 16:07:01 - Thread 1 - 37cc18c1416a834407da27506923f5b1.jpg - Skipped - Error: Failed to generate prompt
2025-04-15 16:07:01 - Thread 1 - 0d0d781545db6b887e29057abb527186.jpg - Skipped - Error: Failed to generate prompt
2025-04-15 16:07:02 - Thread 1 - 849300fe74ee7da33d2ba2fb2bfb8445.jpg - Skipped - Error: Failed to generate prompt
2025-04-15 16:07:02 - Thread 1 - 0a501225d1c898cb83dfdd429a984d7b.png - Skipped - Error: Failed to generate prompt
2025-04-15 16:07:02 - Thread 1 - cd82740b8fe0ea5c6e97d80baec93f67.jpg - Skipped - Error: Failed to generate prompt
2025-04-15 16:07:02 - Thread 1 - 67392cc5e6b609e22d00757fa81c0e43.jpg - Skipped - Error: Failed to generate prompt
2025-04-15 16:07:03 - Thread 1 - 359269e275839c6fd6474532919dc3af.jpg - Skipped - Error: Failed to generate prompt
2025-04-15 16:07:03 - Thread 1 - f83cafbe93d353ef8a96b011a4b005e9.jpg - Skipped - Error: Failed to generate prompt
2025-04-15 16:07:04 - Thread 1 - ab74b403f1443e426ed733eeef4da7f3.jpg - Skipped - Error: Failed to generate prompt
2025-04-15 16:07:04 - Thread 1 - f01bbbc930c0b3620ef0d1bb14920de3.jpg - Skipped - Error: Failed to generate prompt
2025-04-15 16:07:04 - Thread 1 - b6abe90a67c75847e345799f606ea173.jpg - Skipped - Error: Failed to generate prompt
2025-04-15 16:07:04 - Thread 1 - b6bcbf7f6817b87fdfe550412c6e526c.jpg - Skipped - Error: Failed to generate prompt
2025-04-15 16:07:05 - Thread 1 - 0c36a4596271ddec0211de789a78f8e1.jpg - Skipped - Error: Failed to generate prompt
2025-04-15 16:07:05 - Thread 1 - 34821db6b1b52eab52fc356d500c7e02.jpg - Skipped - Error: Failed to generate prompt
2025-04-15 16:07:06 - Thread 1 - 317637c7d69f51ffe38c40632c932e9a.jpg - Skipped - Error: Failed to generate prompt
2025-04-15 16:07:06 - Thread 1 - bb12484d32ede3851294ff5453b4ca43.png - Skipped - Error: Failed to generate prompt
2025-04-15 16:07:06 - Thread 1 - 85d97cd6db25f22fec2fd51131b58a0b.jpg - Skipped - Error: Failed to generate prompt
2025-04-15 16:07:06 - Thread 1 - a1701afb59b81fbc783c9fad34bb49bd.jpg - Skipped - Error: Failed to generate prompt
2025-04-15 16:07:07 - Thread 1 - cf3fcb6d5d2f1513cf357369f3cad8d6.jpg - Skipped - Error: Failed to generate prompt
2025-04-15 16:07:07 - Thread 1 - fe6a0f263b5e1d2265a3d3decad5d374.jpg - Skipped - Error: Failed to generate prompt
2025-04-15 16:07:07 - Thread 1 - c6ef1218eded705a0938fd0001b90812.jpg - Skipped - Error: Failed to generate prompt
2025-04-15 16:07:08 - Thread 1 - 8358cf3fc4f54777033b562b8f6216cc.jpg - Skipped - Error: Failed to generate prompt
2025-04-15 16:07:08 - Thread 1 - 67854fa072fa4b44e92c565d315853d6.jpg - Skipped - Error: Failed to generate prompt
2025-04-15 16:07:09 - Thread 1 - d87088d09c7daede861c2195f3c150cd.jpg - Skipped - Error: Failed to generate prompt
2025-04-15 16:07:09 - Thread 1 - e23ac0b60e8b70b1dbf011b7c830d0c5.jpg - Skipped - Error: Failed to generate prompt
2025-04-15 16:07:09 - Thread 1 - a8ed90b142f9447be6fe505dcab297bc.jpg - Skipped - Error: Failed to generate prompt
2025-04-15 16:07:09 - Thread 1 - b71dc279095ff59e2606d1033e354f3a.jpg - Skipped - Error: Failed to generate prompt
2025-04-15 16:07:10 - Thread 1 - 983634994cfa7fb4551494954ab198ab.jpg - Skipped - Error: Failed to generate prompt
2025-04-15 16:07:10 - Thread 1 - 1bae4fe1b7b102ffc14f0a7026fd2f3d.jpg - Skipped - Error: Failed to generate prompt
2025-04-15 16:07:10 - Thread 1 - 2621ade2c5349f3bb2872acf82734866.jpg - Skipped - Error: Failed to generate prompt
2025-04-15 16:07:11 - Thread 1 - 4255c26b6c266ea894c5759dd6645457.png - Skipped - Error: Failed to generate prompt
2025-04-15 16:07:11 - Thread 1 - b5b7dfa7ba8356873136f55b58662675.jpg - Skipped - Error: Failed to generate prompt
2025-04-15 16:07:11 - Thread 1 - bef75bbb26ccc4503050f3924ee8870f.png - Skipped - Error: Failed to generate prompt
2025-04-15 16:07:11 - Thread 1 - a26c1bfa736ba6873a97bba2dfdf7571.jpg - Skipped - Error: Failed to generate prompt
2025-04-15 16:07:12 - Thread 1 - fe039c8aa6915e8b799f9086cb785842.jpg - Skipped - Error: Failed to generate prompt
2025-04-15 16:07:12 - Thread 1 - adc1161928676a68299cac80caad6eb2.jpg - Skipped - Error: Failed to generate prompt
2025-04-15 16:07:12 - Thread 1 - b6d89b909eeaba82e1aa4ddfbb57ad32.jpg - Skipped - Error: Failed to generate prompt
2025-04-15 16:07:12 - Thread 1 - 116d433424d7697ee3f77b72c0c58a7c.jpg - Skipped - Error: Failed to generate prompt
2025-04-15 16:07:13 - Thread 1 - 0a1c5c89434236a854df0cbe265a06de.jpg - Skipped - Error: Failed to generate prompt
2025-04-15 16:07:13 - Thread 1 - e89067cd1e268bd639687ebf57a046a5.jpg - Skipped - Error: Failed to generate prompt
2025-04-15 16:07:13 - Thread 1 - ac19829c3bc98ce64597c2e6be33f542.jpg - Skipped - Error: Failed to generate prompt
2025-04-15 16:07:14 - Thread 1 - 04a4a8add5ecc0f414414e3484144084.jpg - Skipped - Error: Failed to generate prompt
2025-04-15 16:07:14 - Thread 1 - 877a299d74feef20e2162b1e5456b0a0.jpg - Skipped - Error: Failed to generate prompt
2025-04-15 16:07:14 - Thread 1 - f483aab2fac52da7e7151b7e70eeb5da.jpg - Skipped - Error: Failed to generate prompt
2025-04-15 16:07:14 - Thread 1 - a58042126cc4bca8e3c7f3f8229e8b57.jpg - Skipped - Error: Failed to generate prompt
2025-04-15 16:07:15 - Thread 1 - eeb204b8e263c65bd5124de84050ad48.jpg - Skipped - Error: Failed to generate prompt
2025-04-15 16:07:15 - Thread 1 - cede7c5273b4b7410ed9588525a9ccf5.jpg - Skipped - Error: Failed to generate prompt
2025-04-15 16:07:15 - Thread 1 - 72393a12cd9729f1cf7d405dfdffc0a1.jpg - Skipped - Error: Failed to generate prompt
2025-04-15 16:07:15 - Thread 1 - 848dac0542a518946f80f746e55142e2.jpg - Skipped - Error: Failed to generate prompt
2025-04-15 16:07:45 - Thread 1 - befad5690e7fb74641875e52c5dd01dc.jpg - Processed
2025-04-15 16:07:47 - Thread 1 - 5574cdc8713c4a183406388e455915ed.png - Processed
2025-04-15 16:07:49 - Thread 1 - 123e387e0440f87a34a5749f52a76fe1.jpg - Processed
2025-04-15 16:07:51 - Thread 1 - 14514b2d9d29f5fef3a049fc4b6db01c.png - Processed
2025-04-15 16:07:54 - Thread 1 - f94c9a869071a48288260137b1b17a26.jpg - Processed
2025-04-15 16:07:57 - Thread 1 - a38916d4aaf766f0e02faf3a356c9b02.jpg - Processed
2025-04-15 16:07:59 - Thread 1 - 17c3d72744f22c509b1c3ceeab284140.jpg - Processed
2025-04-15 16:08:02 - Thread 1 - 70595fd9ce328a83439498e7a6fde73f.jpg - Processed
2025-04-15 16:08:04 - Thread 1 - 2c94559e486ede9fef77d9c689f6817b.png - Processed
2025-04-15 16:08:06 - Thread 1 - d9d5ae860c5a4a0ea5e6e73815d4fd53.jpg - Processed
2025-04-15 16:08:09 - Thread 1 - 91fb39d292598ef5c7d9223fffa3ba35.jpg - Processed
2025-04-15 16:08:11 - Thread 1 - d6a0436812cb94ce4d175be973501652.jpg - Processed
2025-04-15 16:08:13 - Thread 1 - 4980cb8aba5df877151d60f104221e6b.jpg - Processed
2025-04-15 16:08:16 - Thread 1 - 240096a11fac28d6721cd5f14f96fde8.png - Processed
2025-04-15 16:08:18 - Thread 1 - 0a6e08f491742aa65660e97fa1cf6b92.jpg - Processed
2025-04-15 16:08:21 - Thread 1 - 37cc18c1416a834407da27506923f5b1.jpg - Processed
2025-04-15 16:08:24 - Thread 1 - 0d0d781545db6b887e29057abb527186.jpg - Processed
2025-04-15 16:08:26 - Thread 1 - 849300fe74ee7da33d2ba2fb2bfb8445.jpg - Processed
2025-04-15 16:08:28 - Thread 1 - 0a501225d1c898cb83dfdd429a984d7b.png - Processed
2025-04-15 16:08:31 - Thread 1 - cd82740b8fe0ea5c6e97d80baec93f67.jpg - Processed
2025-04-15 16:08:33 - Thread 1 - 67392cc5e6b609e22d00757fa81c0e43.jpg - Processed
2025-04-15 16:08:36 - Thread 1 - 359269e275839c6fd6474532919dc3af.jpg - Processed
2025-04-15 16:08:38 - Thread 1 - f83cafbe93d353ef8a96b011a4b005e9.jpg - Processed
2025-04-15 16:08:42 - Thread 1 - ab74b403f1443e426ed733eeef4da7f3.jpg - Processed
2025-04-15 16:08:44 - Thread 1 - f01bbbc930c0b3620ef0d1bb14920de3.jpg - Processed
2025-04-15 16:08:47 - Thread 1 - b6abe90a67c75847e345799f606ea173.jpg - Processed
2025-04-15 16:08:50 - Thread 1 - b6bcbf7f6817b87fdfe550412c6e526c.jpg - Processed
2025-04-15 16:08:52 - Thread 1 - 0c36a4596271ddec0211de789a78f8e1.jpg - Processed
2025-04-15 16:08:55 - Thread 1 - 34821db6b1b52eab52fc356d500c7e02.jpg - Processed
2025-04-15 16:08:58 - Thread 1 - 317637c7d69f51ffe38c40632c932e9a.jpg - Processed
2025-04-15 16:09:00 - Thread 1 - bb12484d32ede3851294ff5453b4ca43.png - Processed
2025-04-15 16:09:01 - Thread 1 - 85d97cd6db25f22fec2fd51131b58a0b.jpg - Skipped - Error: Failed to generate prompt
2025-04-15 16:09:01 - Thread 1 - a1701afb59b81fbc783c9fad34bb49bd.jpg - Skipped - Error: Failed to generate prompt
2025-04-15 16:09:02 - Thread 1 - cf3fcb6d5d2f1513cf357369f3cad8d6.jpg - Skipped - Error: Failed to generate prompt
2025-04-15 16:09:02 - Thread 1 - fe6a0f263b5e1d2265a3d3decad5d374.jpg - Skipped - Error: Failed to generate prompt
2025-04-15 16:09:02 - Thread 1 - c6ef1218eded705a0938fd0001b90812.jpg - Skipped - Error: Failed to generate prompt
2025-04-15 16:09:03 - Thread 1 - 8358cf3fc4f54777033b562b8f6216cc.jpg - Skipped - Error: Failed to generate prompt
2025-04-15 16:09:03 - Thread 1 - 67854fa072fa4b44e92c565d315853d6.jpg - Skipped - Error: Failed to generate prompt
2025-04-15 16:09:04 - Thread 1 - d87088d09c7daede861c2195f3c150cd.jpg - Skipped - Error: Failed to generate prompt
2025-04-15 16:09:04 - Thread 1 - e23ac0b60e8b70b1dbf011b7c830d0c5.jpg - Skipped - Error: Failed to generate prompt
2025-04-15 16:09:04 - Thread 1 - a8ed90b142f9447be6fe505dcab297bc.jpg - Skipped - Error: Failed to generate prompt
2025-04-15 16:09:04 - Thread 1 - b71dc279095ff59e2606d1033e354f3a.jpg - Skipped - Error: Failed to generate prompt
2025-04-15 16:09:05 - Thread 1 - 983634994cfa7fb4551494954ab198ab.jpg - Skipped - Error: Failed to generate prompt
2025-04-15 16:09:05 - Thread 1 - 1bae4fe1b7b102ffc14f0a7026fd2f3d.jpg - Skipped - Error: Failed to generate prompt
2025-04-15 16:09:05 - Thread 1 - 2621ade2c5349f3bb2872acf82734866.jpg - Skipped - Error: Failed to generate prompt
2025-04-15 16:09:06 - Thread 1 - 4255c26b6c266ea894c5759dd6645457.png - Skipped - Error: Failed to generate prompt
2025-04-15 16:09:06 - Thread 1 - b5b7dfa7ba8356873136f55b58662675.jpg - Skipped - Error: Failed to generate prompt
2025-04-15 16:09:06 - Thread 1 - bef75bbb26ccc4503050f3924ee8870f.png - Skipped - Error: Failed to generate prompt
2025-04-15 16:09:06 - Thread 1 - a26c1bfa736ba6873a97bba2dfdf7571.jpg - Skipped - Error: Failed to generate prompt
2025-04-15 16:09:07 - Thread 1 - fe039c8aa6915e8b799f9086cb785842.jpg - Skipped - Error: Failed to generate prompt
2025-04-15 16:09:07 - Thread 1 - adc1161928676a68299cac80caad6eb2.jpg - Skipped - Error: Failed to generate prompt
2025-04-15 16:09:07 - Thread 1 - b6d89b909eeaba82e1aa4ddfbb57ad32.jpg - Skipped - Error: Failed to generate prompt
2025-04-15 16:09:07 - Thread 1 - 116d433424d7697ee3f77b72c0c58a7c.jpg - Skipped - Error: Failed to generate prompt
2025-04-15 16:09:08 - Thread 1 - 0a1c5c89434236a854df0cbe265a06de.jpg - Skipped - Error: Failed to generate prompt
2025-04-15 16:09:08 - Thread 1 - e89067cd1e268bd639687ebf57a046a5.jpg - Skipped - Error: Failed to generate prompt
2025-04-15 16:09:08 - Thread 1 - ac19829c3bc98ce64597c2e6be33f542.jpg - Skipped - Error: Failed to generate prompt
2025-04-15 16:09:08 - Thread 1 - 04a4a8add5ecc0f414414e3484144084.jpg - Skipped - Error: Failed to generate prompt
2025-04-15 16:09:09 - Thread 1 - 877a299d74feef20e2162b1e5456b0a0.jpg - Skipped - Error: Failed to generate prompt
2025-04-15 16:09:09 - Thread 1 - f483aab2fac52da7e7151b7e70eeb5da.jpg - Skipped - Error: Failed to generate prompt
2025-04-15 16:09:09 - Thread 1 - a58042126cc4bca8e3c7f3f8229e8b57.jpg - Skipped - Error: Failed to generate prompt
2025-04-15 16:09:09 - Thread 1 - eeb204b8e263c65bd5124de84050ad48.jpg - Skipped - Error: Failed to generate prompt
2025-04-15 16:09:10 - Thread 1 - cede7c5273b4b7410ed9588525a9ccf5.jpg - Skipped - Error: Failed to generate prompt
2025-04-15 16:09:10 - Thread 1 - 72393a12cd9729f1cf7d405dfdffc0a1.jpg - Skipped - Error: Failed to generate prompt
2025-04-15 16:09:10 - Thread 1 - 848dac0542a518946f80f746e55142e2.jpg - Skipped - Error: Failed to generate prompt
2025-04-15 16:09:25 - Thread 1 - 85d97cd6db25f22fec2fd51131b58a0b.jpg - Processed
2025-04-15 16:09:28 - Thread 1 - a1701afb59b81fbc783c9fad34bb49bd.jpg - Processed
2025-04-15 16:09:30 - Thread 1 - cf3fcb6d5d2f1513cf357369f3cad8d6.jpg - Processed
2025-04-15 16:09:33 - Thread 1 - fe6a0f263b5e1d2265a3d3decad5d374.jpg - Processed
2025-04-15 16:09:35 - Thread 1 - c6ef1218eded705a0938fd0001b90812.jpg - Processed
2025-04-15 16:09:38 - Thread 1 - 8358cf3fc4f54777033b562b8f6216cc.jpg - Processed
2025-04-15 16:09:40 - Thread 1 - 67854fa072fa4b44e92c565d315853d6.jpg - Processed
2025-04-15 16:09:44 - Thread 1 - d87088d09c7daede861c2195f3c150cd.jpg - Processed
2025-04-15 16:09:46 - Thread 1 - e23ac0b60e8b70b1dbf011b7c830d0c5.jpg - Processed
2025-04-15 16:09:48 - Thread 1 - a8ed90b142f9447be6fe505dcab297bc.jpg - Processed
2025-04-15 16:09:51 - Thread 1 - b71dc279095ff59e2606d1033e354f3a.jpg - Processed
2025-04-15 16:09:53 - Thread 1 - 983634994cfa7fb4551494954ab198ab.jpg - Processed
2025-04-15 16:09:56 - Thread 1 - 1bae4fe1b7b102ffc14f0a7026fd2f3d.jpg - Processed
2025-04-15 16:09:58 - Thread 1 - 2621ade2c5349f3bb2872acf82734866.jpg - Processed
2025-04-15 16:10:00 - Thread 1 - 4255c26b6c266ea894c5759dd6645457.png - Processed
2025-04-15 16:10:03 - Thread 1 - b5b7dfa7ba8356873136f55b58662675.jpg - Processed
2025-04-15 16:10:03 - Thread 1 - bef75bbb26ccc4503050f3924ee8870f.png - Skipped - Error: Failed to generate prompt
2025-04-15 16:10:03 - Thread 1 - a26c1bfa736ba6873a97bba2dfdf7571.jpg - Skipped - Error: Failed to generate prompt
2025-04-15 16:10:03 - Thread 1 - fe039c8aa6915e8b799f9086cb785842.jpg - Skipped - Error: Failed to generate prompt
2025-04-15 16:10:04 - Thread 1 - adc1161928676a68299cac80caad6eb2.jpg - Skipped - Error: Failed to generate prompt
2025-04-15 16:10:04 - Thread 1 - b6d89b909eeaba82e1aa4ddfbb57ad32.jpg - Skipped - Error: Failed to generate prompt
2025-04-15 16:10:04 - Thread 1 - 116d433424d7697ee3f77b72c0c58a7c.jpg - Skipped - Error: Failed to generate prompt
2025-04-15 16:10:04 - Thread 1 - 0a1c5c89434236a854df0cbe265a06de.jpg - Skipped - Error: Failed to generate prompt
2025-04-15 16:10:05 - Thread 1 - e89067cd1e268bd639687ebf57a046a5.jpg - Skipped - Error: Failed to generate prompt
2025-04-15 16:10:05 - Thread 1 - ac19829c3bc98ce64597c2e6be33f542.jpg - Skipped - Error: Failed to generate prompt
2025-04-15 16:10:05 - Thread 1 - 04a4a8add5ecc0f414414e3484144084.jpg - Skipped - Error: Failed to generate prompt
2025-04-15 16:10:06 - Thread 1 - 877a299d74feef20e2162b1e5456b0a0.jpg - Skipped - Error: Failed to generate prompt
2025-04-15 16:10:06 - Thread 1 - f483aab2fac52da7e7151b7e70eeb5da.jpg - Skipped - Error: Failed to generate prompt
2025-04-15 16:10:06 - Thread 1 - a58042126cc4bca8e3c7f3f8229e8b57.jpg - Skipped - Error: Failed to generate prompt
2025-04-15 16:10:06 - Thread 1 - eeb204b8e263c65bd5124de84050ad48.jpg - Skipped - Error: Failed to generate prompt
2025-04-15 16:10:06 - Thread 1 - cede7c5273b4b7410ed9588525a9ccf5.jpg - Skipped - Error: Failed to generate prompt
2025-04-15 16:10:07 - Thread 1 - 72393a12cd9729f1cf7d405dfdffc0a1.jpg - Skipped - Error: Failed to generate prompt
2025-04-15 16:10:07 - Thread 1 - 848dac0542a518946f80f746e55142e2.jpg - Skipped - Error: Failed to generate prompt
2025-04-15 16:10:31 - Thread 1 - bef75bbb26ccc4503050f3924ee8870f.png - Processed
2025-04-15 16:10:33 - Thread 1 - a26c1bfa736ba6873a97bba2dfdf7571.jpg - Processed
2025-04-15 16:10:36 - Thread 1 - fe039c8aa6915e8b799f9086cb785842.jpg - Processed
2025-04-15 16:10:38 - Thread 1 - adc1161928676a68299cac80caad6eb2.jpg - Processed
2025-04-15 16:10:40 - Thread 1 - b6d89b909eeaba82e1aa4ddfbb57ad32.jpg - Processed
2025-04-15 16:10:43 - Thread 1 - 116d433424d7697ee3f77b72c0c58a7c.jpg - Processed
2025-04-15 16:10:45 - Thread 1 - 0a1c5c89434236a854df0cbe265a06de.jpg - Processed
2025-04-15 16:10:47 - Thread 1 - e89067cd1e268bd639687ebf57a046a5.jpg - Processed
2025-04-15 16:10:49 - Thread 1 - ac19829c3bc98ce64597c2e6be33f542.jpg - Processed
2025-04-15 16:10:52 - Thread 1 - 04a4a8add5ecc0f414414e3484144084.jpg - Processed
2025-04-15 16:10:55 - Thread 1 - 877a299d74feef20e2162b1e5456b0a0.jpg - Processed
2025-04-15 16:10:57 - Thread 1 - f483aab2fac52da7e7151b7e70eeb5da.jpg - Processed
2025-04-15 16:11:00 - Thread 1 - a58042126cc4bca8e3c7f3f8229e8b57.jpg - Processed
2025-04-15 16:11:02 - Thread 1 - eeb204b8e263c65bd5124de84050ad48.jpg - Processed
2025-04-15 16:11:04 - Thread 1 - cede7c5273b4b7410ed9588525a9ccf5.jpg - Processed
2025-04-15 16:11:06 - Thread 1 - 72393a12cd9729f1cf7d405dfdffc0a1.jpg - Processed
2025-04-15 16:11:06 - Thread 1 - 848dac0542a518946f80f746e55142e2.jpg - Skipped - Error: Failed to generate prompt
2025-04-15 16:11:22 - Thread 1 - 848dac0542a518946f80f746e55142e2.jpg - Processed
