2025-03-21 17:32:27 - Thread 1 - ef421e7e4710acc9b42ffff000484bbb.jpg - Processed
2025-03-21 17:32:29 - Thread 1 - f6fde80a1a815ac52aa839c9d692c379.jpg - Processed
2025-03-21 17:32:31 - Thread 1 - 52dd322f7e61c6f72ce68ab0526a42f0.jpg - Processed
2025-03-21 17:32:34 - Thread 1 - fc5303ffe6ff87e252b96458826aaba8.jpg - Processed
2025-03-21 17:32:38 - Thread 1 - fd9355c1743c607827552aa36e70ccb6.png - Processed
2025-03-21 17:32:41 - Thread 1 - 6b8e208e367b8329ca1e730718900d68.jpg - Processed
2025-03-21 17:32:43 - Thread 1 - c058da49cd9a084a257a1500bdcb4907.jpg - Processed
2025-03-21 17:32:46 - Thread 1 - c500e41c867fa3ac1115d4de7d797f72.png - Processed
2025-03-21 17:32:48 - Thread 1 - 3696121bdb545d77098f3e774bb3939e.jpg - Processed
2025-03-21 17:32:51 - Thread 1 - 66bbd0e024521e1a5ebb83707bf0a7d0.jpg - Processed
2025-03-21 17:32:54 - Thread 1 - 854072a02f09cc6570bb31bfc46d0a48.jpg - Processed
2025-03-21 17:32:55 - Thread 1 - b6ac7af85968d2d4f93aca276a2c1297.jpg - Processed
2025-03-21 17:33:01 - Thread 1 - 09086d44d0834dfd89e8d1970ebc198d.jpg - Processed
2025-03-21 17:33:04 - Thread 1 - f958e380cff663c37116762d4e871ca7.jpg - Processed
2025-03-21 17:33:06 - Thread 1 - 8709b3cca3071522c94f6d7dc120ea08.png - Processed
2025-03-21 17:33:09 - Thread 1 - 990343e7df86068673fbb8471ed4a8e4.jpg - Processed
2025-03-21 17:33:10 - Thread 1 - 805680618438b71e373e5af21201dadc.jpg - Skipped - Error: Failed to generate prompt
2025-03-21 17:33:11 - Thread 1 - 3923932ce1b6f28825c9f20a95c22b6b.png - Skipped - Error: Failed to generate prompt
2025-03-21 17:33:13 - Thread 1 - 366849ba81c5878c80c9eb0338704e5e.jpg - Skipped - Error: Failed to generate prompt
2025-03-21 17:33:14 - Thread 1 - 94093b9ff6552155719bd99ee17ec7b8.jpg - Skipped - Error: Failed to generate prompt
2025-03-21 17:33:16 - Thread 1 - eb3884e32d4f434c36569ac0a0931339.png - Skipped - Error: Failed to generate prompt
2025-03-21 17:33:16 - Thread 1 - 8712bc117b785c7392f58a5caf2d0f11.jpg - Skipped - Error: Failed to generate prompt
2025-03-21 17:33:18 - Thread 1 - 8e683425d2bc150208f203baf60085a6.png - Skipped - Error: Failed to generate prompt
2025-03-21 17:33:19 - Thread 1 - 9857535d661e5b690f1ffd847b91d0ba.png - Skipped - Error: Failed to generate prompt
2025-03-21 17:33:20 - Thread 1 - 0bd83be9816b5c08b8532e5c02e28ff6.jpg - Skipped - Error: Failed to generate prompt
2025-03-21 17:33:36 - Thread 1 - b32862abd1073a5ac8c56b66bb609076.jpg - Processed
2025-03-21 17:33:38 - Thread 1 - 27a221d0c46b499168933dfddba9e474.png - Processed
2025-03-21 17:33:41 - Thread 1 - 84ae38819ca80898af9851d805cf3181.png - Processed
2025-03-21 17:33:43 - Thread 1 - 8a0d12e59e7b7602cbd74607ea44ce43.jpg - Processed
2025-03-21 17:33:48 - Thread 1 - e2dcde7f3127902637f871d2b747d80d.jpg - Processed
2025-03-21 17:33:50 - Thread 1 - 7a18ca0ef8f68128f3ba3bce7ec33d99.png - Processed
2025-03-21 17:33:53 - Thread 1 - 1f3a134003c96185cf2ea90e7cc4ded1.png - Processed
2025-03-21 17:33:55 - Thread 1 - 312acca589834bf2d39d1edd528bd479.png - Processed
2025-03-21 17:33:58 - Thread 1 - 41f5b15bb542772e80524eeeaef14937.jpg - Processed
2025-03-21 17:34:01 - Thread 1 - 78c36d4da7c7395fca2d24fd5e837699.jpg - Processed
2025-03-21 17:34:03 - Thread 1 - 5075cb1a7b03a97b06700b6368de7d84.jpg - Processed
2025-03-21 17:34:05 - Thread 1 - 8247bb62624c2e5157ac68acb690076a.png - Processed
2025-03-21 17:34:09 - Thread 1 - 1643c345a2b2f35d23ab42b27c3e78ff.jpg - Processed
2025-03-21 17:34:11 - Thread 1 - d7dadd7b935698cbea2881fd14ab87cc.png - Processed
2025-03-21 17:34:13 - Thread 1 - 8c6aa0027f2910a8e3e6b6d618480de3.jpg - Processed
2025-03-21 17:34:15 - Thread 1 - 6e78211e43e0a1a3f9697ac265af5975.jpg - Processed
2025-03-21 17:34:16 - Thread 1 - bf6cff71caf02baf8a0fb213c5102b51.jpg - Skipped - Error: Failed to generate prompt
2025-03-21 17:34:18 - Thread 1 - d68b91e44f167e965b87657988e27ad1.jpg - Skipped - Error: Failed to generate prompt
2025-03-21 17:34:35 - Thread 1 - 018471e266dd7a7a969407539685620e.png - Processed
2025-03-21 17:34:37 - Thread 1 - a0c6bef6afaaa8ab2b0b86b198e8de64.png - Processed
2025-03-21 17:34:39 - Thread 1 - 3abf70b3811843e2df9bd2fbefba48ab.jpg - Processed
2025-03-21 17:34:41 - Thread 1 - d4a06ce97d325b7891128a61165ca8e1.jpg - Processed
2025-03-21 17:34:43 - Thread 1 - 5d9a3c5fb07d88142430a8729615ba18.jpg - Processed
2025-03-21 17:34:45 - Thread 1 - 78a67289d4d8b08057045109600fdf38.jpg - Processed
2025-03-21 17:34:48 - Thread 1 - af15bb64acd987d8036f5de824b33697.jpg - Processed
2025-03-21 17:34:49 - Thread 1 - 14ad967b9905b9e25e27df9545df16c2.jpg - Processed
2025-03-21 17:34:52 - Thread 1 - 0a557d3faef7b0ca6ddf2d28e8a6f966.jpg - Processed
2025-03-21 17:34:55 - Thread 1 - b044f807f02d32b81b30c0eb0dbb3633.png - Processed
2025-03-21 17:35:05 - Thread 1 - d902da990cd34bbb7c5228d0ae543fbe.jpg - Processed
2025-03-21 17:35:08 - Thread 1 - b675d0ca91bd6f5ca7d834e514ded69f.png - Processed
2025-03-21 17:35:11 - Thread 1 - e7f90c55276a1d6c4e59eab18c755f30.jpg - Processed
2025-03-21 17:35:14 - Thread 1 - 64d02cb0e116f8ff0f527ab492536731.jpg - Processed
2025-03-21 17:35:17 - Thread 1 - ff3563cce5f51862398f890db0e49112.jpg - Processed
2025-03-21 17:35:19 - Thread 1 - c39ab9ba18f006d9e06bbf0de4177d4c.jpg - Processed
2025-03-21 17:35:21 - Thread 1 - 64680572ead8324c234bac59a7db2b22.jpg - Skipped - Error: Failed to generate prompt
2025-03-21 17:35:23 - Thread 1 - 059bc036640ce8a61427c9c7a4bf7db4.png - Skipped - Error: Failed to generate prompt
2025-03-21 17:35:25 - Thread 1 - b96659db3198ceb8f0a4ae911b89b999.jpg - Skipped - Error: Failed to generate prompt
2025-03-21 17:35:30 - Thread 1 - 093fa14e0aa4e46c6068243fa66a8eb3.jpg - Processed
2025-03-21 17:35:32 - Thread 1 - 72a79da9fb30c8e071b6af6019d672ba.jpg - Processed
2025-03-21 17:35:34 - Thread 1 - 342341991f3df4fd3b2325b2851bda11.jpg - Processed
2025-03-21 17:35:37 - Thread 1 - 91b6a4866440ebb2e56bba2c84998f0b.jpg - Processed
2025-03-21 17:35:41 - Thread 1 - a79579ab61caa6f8f2b8e979e8b11c86.jpg - Processed
2025-03-21 17:35:44 - Thread 1 - 62f4e131af87d02b130e42adf4dd4e1e.jpg - Processed
2025-03-21 17:35:48 - Thread 1 - 351b3ba418daa4c79592086835497fa6.jpg - Processed
2025-03-21 17:35:53 - Thread 1 - 5af70075c3d935b910e9f93fc589cd32.jpg - Processed
2025-03-21 17:36:00 - Thread 1 - 9ffcd4c640f9bca21652c256044d34eb.jpg - Processed
2025-03-21 17:36:08 - Thread 1 - 283d4ed987ae522f3f910adbde49ef98.jpg - Processed
2025-03-21 17:36:11 - Thread 1 - b74921adf349897d2dceca9a77e6acd7.png - Processed
2025-03-21 17:36:14 - Thread 1 - 07eb14acbc314e974f7c55b46a18ba04.jpg - Processed
2025-03-21 17:36:16 - Thread 1 - d3d69b3965a7078ba9e802e24c409544.jpg - Processed
2025-03-21 17:36:18 - Thread 1 - 314e6936087502ca95ce300f2fac47ac.jpg - Processed
2025-03-21 17:36:21 - Thread 1 - 3807e5de2062b065e974ff328d70c7b9.jpg - Processed
2025-03-21 17:36:23 - Thread 1 - 707eaef61edf88b0ab6797283e41f68c.jpg - Processed
2025-03-21 17:36:24 - Thread 1 - d08941823da6160a5100b1b4a55e74ca.jpg - Skipped - Error: Failed to generate prompt
2025-03-21 17:36:26 - Thread 1 - 87aea22ce1322f909892b7b187e62ae0.jpg - Processed
2025-03-21 17:36:30 - Thread 1 - 7924956470df15596667a1afaa2ba716.jpg - Processed
2025-03-21 17:36:34 - Thread 1 - 2bf8e8ea9e7d23e8bb371b2e71bd8db0.jpg - Processed
2025-03-21 17:36:36 - Thread 1 - e3dad73d6132cffda08e26187ea91cb9.jpg - Processed
2025-03-21 17:36:40 - Thread 1 - c8c80f310f24a09d3a5fde0722622f94.jpg - Processed
2025-03-21 17:36:49 - Thread 1 - f458e47e638aaf59396769c7764d420e.jpg - Processed
2025-03-21 17:36:59 - Thread 1 - 3f8563097af6558e18b970d3a8b428ca.jpg - Processed
2025-03-21 17:37:10 - Thread 1 - 0806372e8615370ebca291a22b3b1a5a.jpg - Processed
2025-03-21 17:37:12 - Thread 1 - 15446d83e0e6fc6a98db84064cf0fde0.jpg - Processed
2025-03-21 17:37:15 - Thread 1 - 0cd0357c611e0160ce23e54e3927cd03.jpg - Processed
2025-03-21 17:37:18 - Thread 1 - 69e395c46f67181a743ebc89a9fcd354.jpg - Processed
2025-03-21 17:37:22 - Thread 1 - b7f2feedf69d8f085e39b4e76df80dde.jpg - Processed
2025-03-21 17:37:24 - Thread 1 - 9d278d676c3a3b55aa864f889b9d9bd6.jpg - Processed
2025-03-21 17:37:26 - Thread 1 - 6c38a9e6f919a304ad1bfd3f2af7a52a.jpg - Processed
2025-03-21 17:37:28 - Thread 1 - 6659d48d12e24d0f4e309efad0edf9aa.png - Processed
2025-03-21 17:37:30 - Thread 1 - aac687cf06cfee71508ea1cb5bdd1723.jpg - Processed
2025-03-21 17:37:32 - Thread 1 - 658e1d3f45fa6279144d7538a5fd1c26.jpg - Processed
2025-03-21 17:37:34 - Thread 1 - 76f669a6bb92674901dd6b3305dfee2d.jpg - Processed
2025-03-21 17:37:40 - Thread 1 - bfe789cf15bc8582b7b1d746db26fb99.jpg - Processed
2025-03-21 17:37:46 - Thread 1 - 4cdf138a3d10a2f24ba0f3f0b3f21ea7.jpg - Processed
2025-03-21 17:37:53 - Thread 1 - 08a9983b14892ac037685e12dd8331c7.jpg - Processed
2025-03-21 17:37:56 - Thread 1 - 8eba575563bf7f391c4576e1e51a9c5d.jpg - Processed
2025-03-21 17:37:59 - Thread 1 - 094787f6795675ad0c25912af3c4058f.png - Processed
2025-03-21 17:38:01 - Thread 1 - c498fdf9fb970c67b9341db6054a3554.png - Processed
2025-03-21 17:38:04 - Thread 1 - 8005d28d74a10223ef7d569886c2f5e4.png - Processed
2025-03-21 17:38:07 - Thread 1 - 4f36d1cbe97bbc62dfb1b6ae2c8b8020.jpg - Processed
2025-03-21 17:38:08 - Thread 1 - 0471c511fb5758d881c326dbc57226be.jpg - Processed
2025-03-21 17:38:10 - Thread 1 - 17e9e0474abe1e1e42bb0390b1db907d.jpg - Processed
2025-03-21 17:38:14 - Thread 1 - 695f238fa1f0d3b11692f21cd029312e.jpg - Processed
2025-03-21 17:38:14 - Thread 1 - 01d9765b2d7a291adde069be90d432b8.jpg - Skipped - Error: Failed to generate prompt
2025-03-21 17:38:16 - Thread 1 - bfeb24445249f5f633b1e0c7989a1c9d.png - Skipped - Error: Failed to generate prompt
2025-03-21 17:38:18 - Thread 1 - b8e302c519ef8e95645c97545a185655.jpg - Skipped - Error: Failed to generate prompt
2025-03-21 17:38:20 - Thread 1 - 6c3223e453843ad6aeb767f720fe90c0.jpg - Skipped - Error: Failed to generate prompt
2025-03-21 17:38:21 - Thread 1 - 1108d268313332da21cb080a7c7cadfe.jpg - Skipped - Error: Failed to generate prompt
2025-03-21 17:38:23 - Thread 1 - 278fd1cfabe47bb90c0bba5aa36cb719.jpg - Skipped - Error: Failed to generate prompt
2025-03-21 17:38:27 - Thread 1 - 4c48d2abc99326b09946cf086e253346.png - Processed
2025-03-21 17:38:29 - Thread 1 - 82594ac31ed77411bc9d74e21214c21e.jpg - Processed
2025-03-21 17:38:32 - Thread 1 - af00a7bdcd2fef8d5a198789cab05e6a.jpg - Processed
2025-03-21 17:38:35 - Thread 1 - 5810a54ce93788696f954e5d275fafe8.jpg - Processed
2025-03-21 17:38:40 - Thread 1 - 552f5a7ff4aa7916798d91698d9071c1.jpg - Processed
2025-03-21 17:38:42 - Thread 1 - 73cb3a1eb71994638d2aa87857d50a66.png - Processed
2025-03-21 17:38:49 - Thread 1 - c8e0a69259613fee83f2f3f9a257ad94.jpg - Processed
2025-03-21 17:38:56 - Thread 1 - 6f48df8fb601ee2a550ca30acbfa705e.jpg - Processed
2025-03-21 17:38:58 - Thread 1 - e6a9c5ce9e0c1726d7ad672fa0e241fb.jpg - Processed
2025-03-21 17:39:00 - Thread 1 - 4f488929e167eb331b0b5ec86d11b933.jpg - Processed
2025-03-21 17:39:02 - Thread 1 - 441ede0603caef60785bce5ed8ab5c95.jpg - Processed
2025-03-21 17:39:04 - Thread 1 - f253489caa34ec7076d1452f9c047b44.jpg - Processed
2025-03-21 17:39:09 - Thread 1 - c6fce230957deba712929126ac1a8e8e.png - Processed
2025-03-21 17:39:12 - Thread 1 - 8477b29fa21fee27f2eed33a7a21c9cf.jpg - Processed
2025-03-21 17:39:14 - Thread 1 - 4f04aa9995a8a9deb8435c9d673e2591.jpg - Processed
2025-03-21 17:39:19 - Thread 1 - 740642adb9e361a29d8ee33e31c90816.jpg - Processed
2025-03-21 17:39:20 - Thread 1 - d0d65cd17427bd5374f22a5350949b34.jpg - Skipped - Error: Failed to generate prompt
2025-03-21 17:39:23 - Thread 1 - a11674edeae12c0ee82f984880edaaed.jpg - Skipped - Error: Failed to generate prompt
2025-03-21 17:39:29 - Thread 1 - e1d0fe3b0073a41ee4d1262ca3e20112.jpg - Processed
2025-03-21 17:39:31 - Thread 1 - df16e958aee4ca4d61182cefcc64b746.jpg - Processed
2025-03-21 17:39:33 - Thread 1 - 81390b25c5a5b0b012395c1b663ae10b.jpg - Processed
2025-03-21 17:39:36 - Thread 1 - a9e810c39be6ffa36e38ead28d6e00f1.jpg - Processed
2025-03-21 17:39:40 - Thread 1 - 0a717956a3479ef5efa8a27c6629af69.png - Processed
2025-03-21 17:39:51 - Thread 1 - 40d732f21ff9107662c39dd31e2b9d00.jpg - Processed
2025-03-21 17:39:52 - Thread 1 - a78281b8f90b7a9f55fa9307fb393f44.gif - Processed
2025-03-21 17:39:55 - Thread 1 - 13fc35c1bcacf49f3d56a2be099798aa.jpg - Processed
2025-03-21 17:39:59 - Thread 1 - ba08e1628a2aedaff00d0f9f80df1786.jpg - Processed
2025-03-21 17:40:02 - Thread 1 - 72cdd7b9d799f88c3e22d40f041a9d2b.jpg - Processed
2025-03-21 17:40:05 - Thread 1 - 49c5be493cc9ed9e056a218958f08cec.jpg - Processed
2025-03-21 17:40:07 - Thread 1 - 7629607b58d8360f5a96d99c1c234fd7.jpg - Processed
2025-03-21 17:40:09 - Thread 1 - 65f4c42cddae437b2864f0d897b362c5.jpg - Processed
2025-03-21 17:40:12 - Thread 1 - 9fc78e6ec4ccccc4470d5fb1f06c0382.jpg - Processed
2025-03-21 17:40:17 - Thread 1 - 47b66e8f21f9c70fa3ab3ac80a813a6f.jpg - Processed
2025-03-21 17:40:19 - Thread 1 - cae49dfba9841698a29218fb2c4870df.jpg - Processed
2025-03-21 17:40:22 - Thread 1 - d91f75e563b672301fb8a258cd2ecf92.jpg - Skipped - Error: Failed to generate prompt
2025-03-21 17:40:26 - Thread 1 - a1c663bec13c71bc0a0538c2ff8cf582.jpg - Processed
2025-03-21 17:40:28 - Thread 1 - e646a5a9666407860d49ebf33b118ea6.jpg - Processed
2025-03-21 17:40:30 - Thread 1 - d0b6995a8c7c1111883b228ebf28fff2.jpg - Processed
2025-03-21 17:40:32 - Thread 1 - 487a85544e786fa7c51a685cac40a727.jpg - Processed
2025-03-21 17:40:42 - Thread 1 - bba460a61e89fe32c0cede5d78270fe1.jpg - Processed
2025-03-21 17:40:44 - Thread 1 - 716b472e7564b200d2fb518607a8eb44.jpg - Processed
2025-03-21 17:40:47 - Thread 1 - 526d1c1824d686bb65fd56873170fe9a.jpg - Processed
2025-03-21 17:40:49 - Thread 1 - 1a46ab65fb4d582e7469e10f3f695853.jpg - Processed
2025-03-21 17:40:51 - Thread 1 - 4d8b21ec05f6da8a0506a04b517e7da4.jpg - Processed
2025-03-21 17:40:55 - Thread 1 - 308a8dcc5bce81714f1aa27a39d8df30.jpg - Processed
2025-03-21 17:40:57 - Thread 1 - ad4eacfb78e5a630451612f46130af64.jpg - Processed
2025-03-21 17:40:58 - Thread 1 - e58e7dc8edd3501d14386eae973f0f72.jpg - Processed
2025-03-21 17:41:01 - Thread 1 - ea416a55616d4c8d9d39c622875fab82.jpg - Processed
2025-03-21 17:41:03 - Thread 1 - cad7473b1859318fb5c6a77d3bbb6f91.jpg - Processed
2025-03-21 17:41:05 - Thread 1 - 07d11be1b8e973498051eef87663acc3.jpg - Processed
2025-03-21 17:41:09 - Thread 1 - a7062a410f0efe595b42f2cfdff65505.jpg - Processed
2025-03-21 17:41:11 - Thread 1 - 1df398e986e6589cf0b89072e5dd4b71.png - Skipped - Error: Failed to generate prompt
2025-03-21 17:41:13 - Thread 1 - 1c7e789cfe297ab9ed747bf1b96b1442.jpg - Skipped - Error: Failed to generate prompt
2025-03-21 17:41:15 - Thread 1 - 5bb3a2722cb02e954cef589faa25ac87.jpg - Skipped - Error: Failed to generate prompt
2025-03-21 17:41:17 - Thread 1 - b78c5fa264006a4edafe9369ef6fe828.png - Skipped - Error: Failed to generate prompt
2025-03-21 17:41:21 - Thread 1 - 4dab9cc4163e77b35054a9f03049aca9.jpg - Skipped - Error: Failed to generate prompt
2025-03-21 17:41:21 - Thread 1 - 9dc6b1d08bbe8e2128688fb60c88bd5e.jpg - Skipped - Error: Failed to generate prompt
2025-03-21 17:41:22 - Thread 1 - 939695b947597a0004534dcb6391b10a.jpg - Skipped - Error: Failed to generate prompt
2025-03-21 17:41:23 - Thread 1 - 27e233a0cea1714cef46b27463b123c8.jpg - Skipped - Error: Failed to generate prompt
2025-03-21 17:41:24 - Thread 1 - 015213c9570f030b13c5ba91d945b1dd.jpg - Skipped - Error: Failed to generate prompt
2025-03-21 17:41:26 - Thread 1 - 594ac472810a38587620c55e31a147a7.jpg - Processed
2025-03-21 17:41:28 - Thread 1 - d59cee1d04758011e27ff6edb5a73847.jpg - Processed
2025-03-21 17:41:32 - Thread 1 - a5d458d46a8c9e980fd5a93a290bd1a1.jpg - Processed
2025-03-21 17:41:35 - Thread 1 - a2cdcfa2f47e08a107124e9705367628.jpg - Processed
2025-03-21 17:41:37 - Thread 1 - ec8de7219267eaedc64f2481057613cb.jpg - Processed
2025-03-21 17:41:39 - Thread 1 - ca866ff89c3b982da41f4aab7c58e32e.png - Processed
2025-03-21 17:41:43 - Thread 1 - f1bd6bfe182beb1ad1917f0661585bc5.jpg - Processed
2025-03-21 17:41:53 - Thread 1 - de517daa6da5be7030083f78066fdc43.png - Processed
2025-03-21 17:41:55 - Thread 1 - ee058e3db16e4ebb884de9e9cfaf6a71.jpg - Processed
2025-03-21 17:42:04 - Thread 1 - 630e7d61966b054d1bbebbb918353b7f.jpg - Processed
2025-03-21 17:42:06 - Thread 1 - ce6264e85a4f56f5ed8f2a8e48f5a59e.png - Processed
2025-03-21 17:42:32 - Thread 1 - 1354fbae122e618119d9171f68f0d74b.jpg - Processed
2025-03-21 17:42:34 - Thread 1 - bfe7d1dea4ab1fc2aefb954a6ba6f69f.jpg - Processed
2025-03-21 17:42:37 - Thread 1 - 3c1b501ff8097aa6a56bda9cd9dc36fa.jpg - Processed
2025-03-21 17:42:40 - Thread 1 - a48e09154aac7bf2d6b0012bf655eec8.jpg - Processed
2025-03-21 17:42:41 - Thread 1 - fb118e148378c52027364cb47e9f67b0.jpg - Processed
2025-03-21 17:42:46 - Thread 1 - 051664993a58d422cadb9480af9e2bf0.jpg - Processed
2025-03-21 17:42:48 - Thread 1 - 4de84961f9759800ee39e00714028101.jpg - Processed
2025-03-21 17:42:51 - Thread 1 - 758c381ad03dac1d520b4d063d664106.jpg - Processed
2025-03-21 17:42:54 - Thread 1 - 8c60891fb5082db9d68c254c4fd80058.jpg - Processed
2025-03-21 17:43:09 - Thread 1 - a922ef813e44bac61da72ca129886f3b.jpg - Processed
2025-03-21 17:43:13 - Thread 1 - 7e6e4da9bf27d90d78ee5d999896fb43.png - Processed
2025-03-21 17:43:15 - Thread 1 - 75a5b8ce3b7aa36944089893c46b06a2.png - Processed
2025-03-21 17:43:18 - Thread 1 - bca007e4bb2ca075904c8aadc56ef4d8.jpg - Processed
2025-03-21 17:43:20 - Thread 1 - 22cfcd0c449af02ce44ac2c4111f8037.jpg - Processed
2025-03-21 17:43:28 - Thread 1 - 67a9e7507affdad3c8df503ac8bb86f8.jpg - Processed
2025-03-21 17:43:30 - Thread 1 - 178f75fdcfb577ea75f077b6989af7f6.jpg - Processed
2025-03-21 17:43:32 - Thread 1 - 7a8932f86d5003a64290b8b50989ea26.png - Processed
2025-03-21 17:43:36 - Thread 1 - cda74b1558be63b66403666762709d37.jpg - Processed
2025-03-21 17:43:38 - Thread 1 - 8a761f31bca51890ad07fee298d53097.png - Processed
2025-03-21 17:43:42 - Thread 1 - 2c34bb61bff3d2f841f4db4445f5a3a9.png - Processed
2025-03-21 17:43:43 - Thread 1 - 8528c015d7798977706f85f3098f0352.jpg - Processed
2025-03-21 17:43:46 - Thread 1 - 6dc56b6ee0ebf1b5116da115a24b889c.jpg - Processed
2025-03-21 17:43:52 - Thread 1 - 35a05ee5c1ad382c11be4bcf45149870.jpg - Processed
2025-03-21 17:43:54 - Thread 1 - b156572d7a266162f751fc4860cd4990.jpg - Processed
2025-03-21 17:43:55 - Thread 1 - 663ebaaad5a2c8f98316e01961b352c7.jpg - Processed
2025-03-21 17:44:09 - Thread 1 - ceb1a7355835395aa450be62f53a884c.jpg - Processed
2025-03-21 17:44:13 - Thread 1 - ce20a4df58e282f13d6501f4ff555fa6.png - Processed
2025-03-21 17:44:23 - Thread 1 - f422421b39a52b4440972cdb19be1cef.jpg - Processed
2025-03-21 17:44:35 - Thread 1 - 650497b870a4f5fb090a4a653643809f.jpg - Processed
2025-03-21 17:44:39 - Thread 1 - 70fb15e20b98047e41b034ce00433948.jpg - Processed
2025-03-21 17:44:43 - Thread 1 - 4a2569a0afca134a26a80a6bbaaf9549.jpg - Processed
2025-03-21 17:44:45 - Thread 1 - 319758b6f286cd9e8cedc9217892260d.jpg - Processed
2025-03-21 17:44:48 - Thread 1 - bf53ba2afb66b10f02d4d1a096667466.jpg - Processed
2025-03-21 17:44:51 - Thread 1 - 5cdf24da9b67ae7db5689289c211f22f.jpg - Processed
2025-03-21 17:44:54 - Thread 1 - 2f7fe8284d84c03e287c9edfc7b74523.jpg - Processed
2025-03-21 17:44:56 - Thread 1 - 3612041d97e311b7e60bf4a4aa58ac07.jpg - Processed
2025-03-21 17:44:59 - Thread 1 - c7de70df319275ec569bb87603fd388f.jpg - Processed
2025-03-21 17:45:04 - Thread 1 - 7de76ce6194c78375f449b02cc07d26d.jpg - Processed
2025-03-21 17:45:08 - Thread 1 - ce1c48159db3f23aaadf88b7689cc223.png - Processed
2025-03-21 17:45:10 - Thread 1 - 8f33a2c05ed5fe0e37fc2886ad6b3522.jpg - Processed
2025-03-21 17:45:13 - Thread 1 - fa8f621765edf2ebc38ae45632e2731a.jpg - Processed
2025-03-21 17:45:15 - Thread 1 - 89fb5f56160abed229ef8a3e9e326985.jpg - Processed
2025-03-21 17:45:18 - Thread 1 - 7f6536c62beb4b6956b406cceb0b067f.jpg - Processed
2025-03-21 17:45:21 - Thread 1 - 7fe59ccb597e9e32f5f7822b72ce8abc.png - Processed
2025-03-21 17:45:22 - Thread 1 - 8cba8be5b1f53b082f47f51c2f18908b.jpg - Skipped - Error: Failed to generate prompt
2025-03-21 17:45:24 - Thread 1 - 859864e5014a82834cf0136f25b500fe.jpg - Skipped - Error: Failed to generate prompt
2025-03-21 17:45:27 - Thread 1 - 46a5b43d895ff54e4242e0f8b684aa73.jpg - Processed
2025-03-21 17:45:31 - Thread 1 - 20b50c8f3e6b55083a603be5a3c8cd22.jpg - Processed
2025-03-21 17:45:34 - Thread 1 - 99833d33fa7aef80f69df452015fb182.jpg - Processed
2025-03-21 17:45:38 - Thread 1 - 9103b33c250267a6ad7552a7722d9936.jpg - Processed
2025-03-21 17:45:40 - Thread 1 - d224ec85e90846569d7d69649abbeaff.jpg - Processed
2025-03-21 17:45:42 - Thread 1 - 1b089a5f380f770f1fe9d7d0dffbfaad.jpg - Processed
2025-03-21 17:45:46 - Thread 1 - 416741d33fc96f0dbdd3f39158c3cb6a.png - Processed
2025-03-21 17:45:49 - Thread 1 - a000ac15f6fc39be1e886b8369b617f7.jpg - Processed
2025-03-21 17:45:50 - Thread 1 - e243d3bd247b881690f7085ee19a6a6b.jpg - Processed
2025-03-21 17:45:54 - Thread 1 - fd7ef9b240e4c5d606c8bed881e04aee.jpg - Processed
2025-03-21 17:45:57 - Thread 1 - 9835561b8a0aef473f90383ef5025086.jpg - Processed
2025-03-21 17:45:58 - Thread 1 - b09ac962d9967c4e0f3a6debaa06e643.jpg - Processed
2025-03-21 17:46:02 - Thread 1 - 614eac6bb6254099056b1bfa18025f17.png - Processed
2025-03-21 17:46:05 - Thread 1 - 2dc7c22b888976db6467a4744b14ea8a.jpg - Processed
2025-03-21 17:46:07 - Thread 1 - f8729edbb6c15af20e2580f037a82def.jpg - Processed
2025-03-21 17:46:10 - Thread 1 - a3f2e9a30928983e0a9b6add75c41194.jpg - Processed
2025-03-21 17:46:12 - Thread 1 - 6fa278cb14982d5500590b5c6dbd5b98.jpg - Skipped - Error: Failed to generate prompt
2025-03-21 17:46:13 - Thread 1 - d674039cd8d475a793139bb604331fb0.jpg - Skipped - Error: Failed to generate prompt
2025-03-21 17:46:14 - Thread 1 - 50b74f918ac829ff6e745457388891dd.png - Skipped - Error: Failed to generate prompt
2025-03-21 17:46:15 - Thread 1 - ffca083bda87f222c2dfcf39d60f0f99.jpg - Skipped - Error: Failed to generate prompt
2025-03-21 17:46:16 - Thread 1 - e8d0ba90431c08ef311107c88472fdb2.jpg - Skipped - Error: Failed to generate prompt
2025-03-21 17:46:17 - Thread 1 - 20de571104c5c959a8c27e0ef9776be8.jpg - Skipped - Error: Failed to generate prompt
2025-03-21 17:46:18 - Thread 1 - e68e65997791bf788c843b76f98bdc67.jpg - Skipped - Error: Failed to generate prompt
2025-03-21 17:46:22 - Thread 1 - 9675f46957e257aac1d15f1266c2a944.jpg - Skipped - Error: Failed to generate prompt
2025-03-21 17:46:24 - Thread 1 - 6522915f0c406f0aaa910c9aec746bfd.jpg - Skipped - Error: Failed to generate prompt
2025-03-21 17:46:28 - Thread 1 - b449ce8b5dcf7634520a4138ff5478ff.jpg - Processed
2025-03-21 17:46:30 - Thread 1 - c4ca07133010c2d7b05c6ef94306f349.jpg - Processed
2025-03-21 17:46:33 - Thread 1 - 4c27612cc74d293bf7caf1cbf6840d1c.jpg - Processed
2025-03-21 17:46:38 - Thread 1 - d345701006e2c2050cc865e08442ec77.png - Processed
2025-03-21 17:46:42 - Thread 1 - 4cc89ac17786ace6f13f832343a59084.jpg - Processed
2025-03-21 17:46:45 - Thread 1 - 73cd43b63329af062028d07aec7e79f9.png - Processed
2025-03-21 17:47:14 - Thread 1 - a9d3658b529b83f2884a03bb307c3bcc.jpg - Processed
2025-03-21 17:47:16 - Thread 1 - 4c5b227ee8b9ca6d1f9466c337ded807.png - Processed
2025-03-21 17:47:18 - Thread 1 - a69c38250cce300641ccd6642b5e039b.jpg - Processed
2025-03-21 17:47:20 - Thread 1 - 23d3cfc8a554a61773934607813e5cd4.jpg - Processed
2025-03-21 17:47:23 - Thread 1 - b72e255e3b10d8e93a96c64d548cbf41.jpg - Processed
2025-03-21 17:47:25 - Thread 1 - f128968096cb688e703eebb75a4bcaa6.jpg - Processed
2025-03-21 17:47:27 - Thread 1 - 053f2f3a39d00866b90f46bb43eb4eb1.jpg - Processed
2025-03-21 17:47:29 - Thread 1 - 09d8181f4d48cfaba56d230ffee90c07.jpg - Processed
2025-03-21 17:47:32 - Thread 1 - e84c3e4d5b60e5e8c91d6b3754b8f65f.jpg - Processed
2025-03-21 17:47:35 - Thread 1 - 633582536f09ca3ed2c1d57795777030.jpg - Processed
2025-03-21 17:47:36 - Thread 1 - 2ac21a15f663fb8cf52139df3dfe0c65.jpg - Processed
2025-03-21 17:47:38 - Thread 1 - 40db2c4b325d00625a1d35321cff8923.png - Processed
2025-03-21 17:47:40 - Thread 1 - e8b891fb3353b2107a60493f9dfe045d.jpg - Processed
2025-03-21 17:47:43 - Thread 1 - 4871ae09bdf3b4963eb4c1135af431b6.jpg - Processed
2025-03-21 17:47:46 - Thread 1 - fb98349a44b6dbf7e68481516df23f38.png - Processed
2025-03-21 17:47:50 - Thread 1 - 13e8c5b2b0c485c33bae8c7ed02b2719.jpg - Processed
2025-03-21 17:47:53 - Thread 1 - d2a0e25fd4a0cd5e9b430cc846e54fb3.jpg - Processed
2025-03-21 17:47:56 - Thread 1 - 9a4b47a4403fa09e9581c4739c31d930.jpg - Processed
2025-03-21 17:48:12 - Thread 1 - dc5c459199f04848379e44442de53fbd.png - Processed
2025-03-21 17:48:15 - Thread 1 - 4da4441108a5238b1d18206cac2ebbe8.jpg - Processed
2025-03-21 17:48:17 - Thread 1 - 1f44e8cbd98d187e701d3b0fe39dcd06.jpg - Processed
2025-03-21 17:48:19 - Thread 1 - ae97c653e6f17242ec51bc0bcf42ff40.jpg - Processed
2025-03-21 17:48:21 - Thread 1 - e965f13fc709cb8aca107c5f1c49d320.jpg - Skipped - Error: Failed to generate prompt
2025-03-21 17:48:22 - Thread 1 - 2ac91bf9f60b98ad47b607dae2d5765b.jpg - Skipped - Error: Failed to generate prompt
2025-03-21 17:48:24 - Thread 1 - b9aa6e7b839835ee40e345fc1734833a.jpg - Skipped - Error: Failed to generate prompt
2025-03-21 17:48:25 - Thread 1 - 0ed48e3cc749bd199415a837d7d32c53.jpg - Skipped - Error: Failed to generate prompt
2025-03-21 17:48:28 - Thread 1 - ab9b325d72d8677d9078c9bead6ed630.jpg - Processed
2025-03-21 17:48:31 - Thread 1 - 6a19ed33ebdfb98a5a45cde075e7b515.jpg - Processed
2025-03-21 17:48:34 - Thread 1 - 54e1d01d464c04efc9163f6c379bfb79.png - Processed
2025-03-21 17:48:46 - Thread 1 - 612022677c64f8bf1c3bf7d899a2e4dc.jpg - Processed
2025-03-21 17:48:48 - Thread 1 - 738c971eb7ec0730c2e1c110dc9e2593.jpg - Processed
2025-03-21 17:48:50 - Thread 1 - 3db97d1a51b8083a500c480f0119eb42.jpg - Processed
2025-03-21 17:48:54 - Thread 1 - 468eef78ceac0859929ff1bbd531f853.png - Processed
2025-03-21 17:48:56 - Thread 1 - 6baa8071c4b383f73c7303453d558a5f.jpg - Processed
2025-03-21 17:48:58 - Thread 1 - b7130c75979db10a02d443b66ab059ef.jpg - Processed
2025-03-21 17:49:00 - Thread 1 - 398caba38ac45c3ec754f7b13afa8637.jpg - Processed
2025-03-21 17:49:02 - Thread 1 - 4f3a14b5e7ece31f2646f7b8b13ac3d4.jpg - Processed
2025-03-21 17:49:04 - Thread 1 - f08dd2eaca177c5f1211a595b84b7047.jpg - Processed
2025-03-21 17:49:07 - Thread 1 - 4e7e02c395c10e521ef505c810567d82.jpg - Processed
2025-03-21 17:49:09 - Thread 1 - 6fe5850e851e934630ad3805bc591bc8.jpg - Processed
2025-03-21 17:49:11 - Thread 1 - 1d5409ef23e7b71b91e07dececf93c68.jpg - Processed
2025-03-21 17:49:15 - Thread 1 - 2712dcc0706e29a79cd19e766b8bedee.jpg - Processed
2025-03-21 17:49:17 - Thread 1 - 45c4ef8d1dc1d74de80ca0ccdd17a16a.jpg - Skipped - Error: Failed to generate prompt
2025-03-21 17:49:20 - Thread 1 - c73115295af970ad4395f9523334200e.jpg - Skipped - Error: Failed to generate prompt
2025-03-21 17:49:21 - Thread 1 - 854e8c2edf99b66bf1516e34c1d4a9b2.jpg - Skipped - Error: Failed to generate prompt
2025-03-21 17:49:22 - Thread 1 - 85b4288f2cd0acff6838f036af147136.png - Skipped - Error: Failed to generate prompt
2025-03-21 17:49:32 - Thread 1 - 71e1b8a58dbf5fc2fad01f53f607f5f7.jpg - Processed
2025-03-21 17:49:34 - Thread 1 - 59f25f24e8373266ca311d55cefa93f2.jpg - Processed
2025-03-21 17:49:36 - Thread 1 - 8f0a0f896f1fc9b250ea1d459575905f.jpg - Processed
2025-03-21 17:49:42 - Thread 1 - 1836877f1442dbc65c2c9c2b138345b3.jpg - Processed
2025-03-21 17:49:45 - Thread 1 - 60b82c5afce0a25381aa7776f637f6ed.jpg - Processed
2025-03-21 17:49:47 - Thread 1 - c2f39a4e51fb7400c6408bc1d470c478.jpg - Processed
2025-03-21 17:49:50 - Thread 1 - 6e317c08c4f10073a273484291f9e608.jpg - Processed
2025-03-21 17:49:54 - Thread 1 - 342f0528ea814b513cd49a1d3a1e7c7d.jpg - Processed
2025-03-21 17:49:56 - Thread 1 - 8ced407cc8911f2de1cd34e8bbbaff9c.jpg - Processed
2025-03-21 17:50:01 - Thread 1 - 6c800a42b4676a34a4d94bc599620066.jpg - Processed
2025-03-21 17:50:09 - Thread 1 - a2d8975f13c2edf19cc4600bb8574930.png - Processed
2025-03-21 17:50:12 - Thread 1 - b97d5bf141ddf723d6c103213ff6b590.jpg - Processed
2025-03-21 17:50:16 - Thread 1 - a9473596da673748e3b6f0af0bd63530.png - Processed
2025-03-21 17:50:19 - Thread 1 - dbfd3e81f6fcfef779f1846872911dbf.jpg - Processed
2025-03-21 17:50:21 - Thread 1 - 7c824bf6bf077f87d88a65f538292743.jpg - Processed
2025-03-21 17:50:24 - Thread 1 - 2390af6df4a3c601c2ca20f86b31c90f.jpg - Processed
2025-03-21 17:50:27 - Thread 1 - ced20f0be0a9fbaada8dc26f0d45eaa6.png - Processed
2025-03-21 17:50:33 - Thread 1 - bec53addfaaf2e2c703878b7083f4a49.jpg - Processed
2025-03-21 17:50:39 - Thread 1 - f65fb5e9669fc49b0539ad6c0729929f.jpg - Processed
2025-03-21 17:50:41 - Thread 1 - 70f1249aa7182d98efc0687df08c0465.jpg - Processed
2025-03-21 17:50:44 - Thread 1 - 501d6a98ba8f9750288881dfe4d03eea.png - Processed
2025-03-21 17:50:48 - Thread 1 - efe5b758e7eb8544e476edf4a276c201.jpg - Processed
2025-03-21 17:50:52 - Thread 1 - 1f5175c1f360f36e2d719975a335a4c2.jpg - Processed
2025-03-21 17:50:56 - Thread 1 - df6ca7664459636a7ea7a29d18718650.png - Processed
2025-03-21 17:51:01 - Thread 1 - 0301f0871d4bb28c4c5c0f2313adb3ee.jpg - Processed
2025-03-21 17:51:11 - Thread 1 - 83e177e6f21f1c650c0ca56b30e6f09a.jpg - Processed
2025-03-21 17:51:19 - Thread 1 - efab219cc681d69ef962171568cf4e1c.png - Processed
2025-03-21 17:51:22 - Thread 1 - ce2178b10f6aa02667883f9f150f6eba.jpg - Processed
2025-03-21 17:51:32 - Thread 1 - 281685c2cc574017ff918ecf92603ad5.jpg - Processed
2025-03-21 17:51:35 - Thread 1 - 88910f37c96a2e4350a90746e90b2f0d.png - Processed
2025-03-21 17:51:41 - Thread 1 - 3c443ea718217b4bbad78d2ec2dbdaca.jpg - Processed
2025-03-21 17:51:44 - Thread 1 - 964b0902b8014658eaf2440f9e10ef22.png - Processed
2025-03-21 17:51:46 - Thread 1 - ec237c9f0f2820be28f03a0f03bacd70.jpg - Processed
2025-03-21 17:51:50 - Thread 1 - 86a1753daa73ab3526cc2e74e38d5a76.png - Processed
2025-03-21 17:51:52 - Thread 1 - b2e0406bf12f8735374e0cd0cfe3cbfb.jpg - Processed
2025-03-21 17:51:55 - Thread 1 - a44e7297dfb8d6058639c4ff56fb07e7.png - Processed
2025-03-21 17:51:57 - Thread 1 - 4172aefd60c0282e418b54ea7551b00c.jpg - Processed
2025-03-21 17:51:59 - Thread 1 - f57d234307a2a3ac4bb7de12d1bee474.jpg - Processed
2025-03-21 17:52:01 - Thread 1 - e5db5672e7db31dbc5b4c5b8c1791136.jpg - Processed
2025-03-21 17:52:04 - Thread 1 - 8d4ab593f3207027cf1210bbea56a547.png - Processed
2025-03-21 17:52:06 - Thread 1 - 41c62225ccacb6a8ba55b52cce57eb88.jpg - Processed
2025-03-21 17:52:07 - Thread 1 - c54cf4b2380a785c7c7f0cbc8c7b9cb0.jpg - Processed
2025-03-21 17:52:09 - Thread 1 - 4836c9089d64184f8a0047b6b0bb4971.jpg - Processed
2025-03-21 17:52:12 - Thread 1 - 500411c37587a4c35b3623b6831912fe.jpg - Processed
2025-03-21 17:52:12 - Thread 1 - b3fdec5b359715229b5428d1d32ee300.jpg - Skipped - Error: Failed to generate prompt
2025-03-21 17:52:14 - Thread 1 - 275f90774148b5cb708c8d621fd90de5.jpg - Skipped - Error: Failed to generate prompt
2025-03-21 17:52:15 - Thread 1 - db6b2c2d7494d49a309d1efb00b9b8fb.png - Skipped - Error: Failed to generate prompt
2025-03-21 17:52:16 - Thread 1 - fca04bf73eb708dbc6e95c39da82d015.gif - Skipped - Error: Failed to generate prompt
2025-03-21 17:52:18 - Thread 1 - 0ea9be48fa5ec6e0d2b00fea54eae174.jpg - Skipped - Error: Failed to generate prompt
2025-03-21 17:52:19 - Thread 1 - b352933a9a38c490574264b99965443d.png - Skipped - Error: Failed to generate prompt
2025-03-21 17:52:30 - Thread 1 - 2d846e9edceefe420f6470dc33a03817.png - Processed
2025-03-21 17:52:55 - Thread 1 - 6c778f913879f4074dd935df21ac5edf.jpg - Processed
2025-03-21 17:52:57 - Thread 1 - e47b24e92206c2de6d727144c7b262b1.jpg - Processed
2025-03-21 17:53:00 - Thread 1 - 24225df4ff873e3c8f4108ba0565ea5d.jpg - Processed
2025-03-21 17:53:02 - Thread 1 - 40af4f2e530bb782a55c9ab07c277535.jpg - Processed
2025-03-21 17:53:06 - Thread 1 - 0afb8aae2cf03cb68f1e5555c9793916.jpg - Processed
2025-03-21 17:53:14 - Thread 1 - d9a1d23ad544cff7a26302e46b44b9ca.png - Processed
2025-03-21 17:53:19 - Thread 1 - 2dd908d8141d5ff0cbf110b1902a792b.jpg - Processed
2025-03-21 17:53:25 - Thread 1 - 3d13863a4f6bd22d022970898852fdae.jpg - Processed
2025-03-21 17:53:28 - Thread 1 - 801f733e01c43f657b3348ed98e0483e.jpg - Processed
2025-03-21 17:53:31 - Thread 1 - ef224481b5b45350c51350c94651865a.jpg - Processed
2025-03-21 17:53:33 - Thread 1 - a568dcee4eafdb4f0ad7d3be4da260d9.jpg - Processed
2025-03-21 17:53:35 - Thread 1 - 773d8d81c3e0d7d8d6c94011c5e77d36.png - Processed
2025-03-21 17:53:37 - Thread 1 - 3f6aadc9ea8105959a316d93f8b87b12.jpg - Processed
2025-03-21 17:53:40 - Thread 1 - 045338050875963f54e9f315073443d6.png - Processed
2025-03-21 17:53:45 - Thread 1 - 456a78714c68bd28ec35a38e788291f0.jpg - Processed
2025-03-21 17:53:47 - Thread 1 - 313e869a01a5905df4faca67991a6a3f.jpg - Processed
2025-03-21 17:53:51 - Thread 1 - c76722d93bd3988104bc73cf69276784.jpg - Processed
2025-03-21 17:53:55 - Thread 1 - d243f2316673984cb1493b9c43e3c480.jpg - Processed
2025-03-21 17:53:59 - Thread 1 - 9e60347c3598392e5acad3511f4dff0e.jpg - Processed
2025-03-21 17:54:02 - Thread 1 - 40b0813364f6ffbc04e729ef3a628a27.jpg - Processed
2025-03-21 17:54:05 - Thread 1 - 886ba145c44be32e1177f202ea147cdd.jpg - Processed
2025-03-21 17:54:07 - Thread 1 - a0f0107c8af0c0ede9c4576ad7310aa9.png - Processed
2025-03-21 17:54:22 - Thread 1 - c645e45b6d0ebc3e8ae3332b5e60d2cf.jpg - Processed
2025-03-21 17:54:26 - Thread 1 - 425cd3a25fada4e9b00b3fb7dd556202.jpg - Processed
2025-03-21 17:54:28 - Thread 1 - 001a409a6e03c0a2433d2baca2145529.jpg - Processed
2025-03-21 17:54:33 - Thread 1 - f96edeb49b511ea56dd5929610688cf8.jpg - Processed
2025-03-21 17:54:36 - Thread 1 - f8e8d0f3aaad52f655366448871524a7.jpg - Processed
2025-03-21 17:54:38 - Thread 1 - de0b3a9531a93b36d25c78b3523307a0.jpg - Processed
2025-03-21 17:54:40 - Thread 1 - e21cd8b27908065f246228499179efe8.jpg - Processed
2025-03-21 17:54:45 - Thread 1 - 36622cabc2365693eeecc3e5b64e50b9.jpg - Processed
2025-03-21 17:54:48 - Thread 1 - 7c793085d0fcb42b67ec9c33f3999565.jpg - Processed
2025-03-21 17:54:51 - Thread 1 - 28d4382b1c106e94fa12e46f50848094.jpg - Processed
2025-03-21 17:54:53 - Thread 1 - 5ca1b8fd472bb4e81239541c7d92a5e2.jpg - Processed
2025-03-21 17:54:56 - Thread 1 - 801dec1b24a2e7e3376ec37cf9ef3223.jpg - Processed
2025-03-21 17:54:59 - Thread 1 - c0ca8ec042f2e9a61bce10d7b1a4ec43.jpg - Processed
2025-03-21 17:55:01 - Thread 1 - c72097012364394df6c05d01a78de899.jpg - Processed
2025-03-21 17:55:03 - Thread 1 - 587dd39887f56a3098bb5bc1b7e4b36b.jpg - Processed
2025-03-21 17:55:06 - Thread 1 - 4416d275ca50dc17367959a5114bf6bb.jpg - Processed
2025-03-21 17:55:09 - Thread 1 - 9adfc49b1eeb7c12b216c044d65a6ebb.jpg - Processed
2025-03-21 17:55:10 - Thread 1 - 575a5ea16129c85e7a2b1f8767242e7f.jpg - Skipped - Error: Failed to generate prompt
2025-03-21 17:55:19 - Thread 1 - 09e748ab613e502684cd5659497f828f.jpg - Skipped - Error: Failed to generate prompt
2025-03-21 17:55:26 - Thread 1 - 0d837e763dafe51f52109087043e8251.jpg - Processed
2025-03-21 17:55:30 - Thread 1 - bba63d5b62298552512d80705a5a9a98.jpg - Processed
2025-03-21 17:55:31 - Thread 1 - d08a4f53df624ab68ef2030c03eb9aef.jpg - Processed
2025-03-21 17:55:35 - Thread 1 - 963ffef12b5d1e31ac8e0e00a9306249.jpg - Processed
2025-03-21 17:55:39 - Thread 1 - 9bb259ff661616dc5ba46702c99a320f.jpg - Processed
2025-03-21 17:55:41 - Thread 1 - e14a7f82b4388ee3c5081bbddf25d2e5.png - Processed
2025-03-21 17:55:44 - Thread 1 - 306e82d3a1392a7613d82685040db9a5.jpg - Processed
2025-03-21 17:55:47 - Thread 1 - c1a409dbe4fa957854f64b10ed9486c9.jpg - Processed
2025-03-21 17:55:49 - Thread 1 - 8db2e95a0ab70d085f18f37dd3a00e4a.jpg - Processed
2025-03-21 17:55:51 - Thread 1 - 580adc551fa99b4ae192c5a5d9c14fe5.jpg - Processed
2025-03-21 17:55:53 - Thread 1 - 2045854531bf5732376d392d76982c74.jpg - Processed
2025-03-21 17:55:56 - Thread 1 - 791881233a9792776816405ed412ee38.jpg - Processed
2025-03-21 17:55:58 - Thread 1 - 0cdd296d596c7d68492b8d15c6016ff6.jpg - Processed
2025-03-21 17:56:01 - Thread 1 - 10d4a59f67063132e195d5a34087a8ec.jpg - Processed
2025-03-21 17:56:04 - Thread 1 - 26ff1f454e24d3cc99dce8b807f8e906.png - Processed
2025-03-21 17:56:07 - Thread 1 - 4c110f1ec2992dd7c1d9c4eb1e79ccc0.jpg - Processed
2025-03-21 17:56:08 - Thread 1 - 4fbe07b736aa958099f2031e2fcac7d7.jpg - Skipped - Error: Failed to generate prompt
2025-03-21 17:56:10 - Thread 1 - dcbe9a2e3bfe4ab45382dd4fabe42469.jpg - Skipped - Error: Failed to generate prompt
2025-03-21 17:56:12 - Thread 1 - ec36cdc32a8789de24865c71273b4ccc.gif - Skipped - Error: Failed to generate prompt
2025-03-21 17:56:15 - Thread 1 - fdb7c83a2a1acf14e0645b0d14379c91.jpg - Skipped - Error: Failed to generate prompt
2025-03-21 17:56:16 - Thread 1 - 2fd05a756925fe76a2112e2961dfd320.jpg - Skipped - Error: Failed to generate prompt
2025-03-21 17:56:17 - Thread 1 - b89444dddb34414d6d541fef0573775f.jpg - Skipped - Error: Failed to generate prompt
2025-03-21 17:56:21 - Thread 1 - 7634fa67d744570d296db16536084bfb.png - Skipped - Error: Failed to generate prompt
2025-03-21 17:56:22 - Thread 1 - 955f7788a5cfadd1cf2d0781e33effc3.png - Skipped - Error: Failed to generate prompt
2025-03-21 17:56:23 - Thread 1 - 05bee0bc8b861b3b76217e4059a81abe.jpg - Skipped - Error: Failed to generate prompt
2025-03-21 17:56:26 - Thread 1 - 2b4a788d60a82bf3abdc14f6a6111209.jpg - Processed
2025-03-21 17:56:29 - Thread 1 - f957ea0e1c57833666df4df2fe4e6c61.jpg - Processed
2025-03-21 17:56:32 - Thread 1 - 6dc11f7d572faffee469b5c0c05c690d.jpg - Processed
2025-03-21 17:56:40 - Thread 1 - 67d022d512499dc92c662bd58664472b.jpg - Processed
2025-03-21 17:56:42 - Thread 1 - e53719e12e0db9d79565ab2c7691c17e.jpg - Processed
2025-03-21 17:56:47 - Thread 1 - b77b321de0cb10124c696ae1d945a41f.jpg - Processed
2025-03-21 17:56:48 - Thread 1 - d161193233b466e678e41730016976d4.jpg - Processed
2025-03-21 17:56:51 - Thread 1 - 0964f771d0bbd11ac07fa0dfd76d1a49.jpg - Processed
2025-03-21 17:56:55 - Thread 1 - 80df8a92daea1596ff8f1b29a9d4bf7a.jpg - Processed
2025-03-21 17:56:58 - Thread 1 - e5b1559e4b2bcdd9ec772e4b120ed3bd.jpg - Processed
2025-03-21 17:57:00 - Thread 1 - e57c553dab74f6137fb80bd5015d1032.jpg - Processed
2025-03-21 17:57:02 - Thread 1 - c53464e0f595cd62cb8599c79c688d72.jpg - Processed
2025-03-21 17:57:04 - Thread 1 - 3e6f7a5794c5cb4d0baffa80590a0704.jpg - Processed
2025-03-21 17:57:06 - Thread 1 - 082af2129c76d18fb9b63ff8d3b15627.png - Processed
2025-03-21 17:57:08 - Thread 1 - 0131f01ff04c7f3ed1bf72cef180b010.jpg - Processed
2025-03-21 17:57:10 - Thread 1 - de91900e8c9769fec3deed061c4b2f27.jpg - Processed
2025-03-21 17:57:12 - Thread 1 - cf1b9755ed889779ccb790706f296dc0.jpg - Skipped - Error: Failed to generate prompt
2025-03-21 17:57:15 - Thread 1 - fcfeda228ab88941fb4fe069e127662a.jpg - Skipped - Error: Failed to generate prompt
2025-03-21 17:57:16 - Thread 1 - ac17b097ac771cfbbef33deed3c4b54b.jpg - Skipped - Error: Failed to generate prompt
2025-03-21 17:57:18 - Thread 1 - 87035af6ed55e7e14002fe8c1aa9b4aa.jpg - Skipped - Error: Failed to generate prompt
2025-03-21 17:57:20 - Thread 1 - 3b871fb9359bde13b5a61a0d3d5f089b.jpg - Skipped - Error: Failed to generate prompt
2025-03-21 17:57:21 - Thread 1 - 6eaff20e474d102136cfc31989ff4903.jpg - Skipped - Error: Failed to generate prompt
2025-03-21 17:57:22 - Thread 1 - 1a2126f6f29d546fcfd904e82db854b3.jpg - Skipped - Error: Failed to generate prompt
2025-03-21 17:57:23 - Thread 1 - cde30978681cdb4f3d6d2ecd92c7c80d.jpg - Skipped - Error: Failed to generate prompt
2025-03-21 17:57:24 - Thread 1 - 970a37b95336fa8ebe70523d6753866b.png - Skipped - Error: Failed to generate prompt
2025-03-21 17:57:27 - Thread 1 - 5790b32de7eac62077635284ef5f72b7.jpg - Processed
2025-03-21 17:57:29 - Thread 1 - cab4af748a6afdcd097d4d6432f2bd9f.jpg - Processed
2025-03-21 17:57:32 - Thread 1 - 5ea81b44b453a913438ef3309e9f96d5.png - Processed
2025-03-21 17:57:34 - Thread 1 - f0f18be5fc0966d228005da069a27eb4.jpg - Processed
2025-03-21 17:57:37 - Thread 1 - 8f576d953621a62b315568ede20f3755.jpg - Processed
2025-03-21 17:57:40 - Thread 1 - b4d8f98c6e8bde17452ee41a5bbf5dec.jpg - Processed
2025-03-21 17:57:44 - Thread 1 - 57eaecabb867ddd65f2f986040584daa.jpg - Processed
2025-03-21 17:57:45 - Thread 1 - 18dd600921dccc266cd7a74b4a291668.jpg - Processed
2025-03-21 17:57:48 - Thread 1 - 02ee8fd9a3e3f769931146bc4eb3c54c.jpg - Processed
2025-03-21 17:57:50 - Thread 1 - 0e77399ad43bceca11c3ed412f3a5cba.jpg - Processed
2025-03-21 17:57:52 - Thread 1 - 3b5370380dad9975b4ef343dc0ef5c08.jpg - Processed
2025-03-21 17:57:55 - Thread 1 - 4fd6ab64cc3fa1dd83feeb1d2cad6f93.png - Processed
2025-03-21 17:57:56 - Thread 1 - f5726ce95bbb8fc77d3b7bc3c2cd5fb6.jpg - Processed
2025-03-21 17:57:58 - Thread 1 - 2ab1a91a3a5bb2ecc3a0dbab7be245f1.jpg - Processed
2025-03-21 17:58:03 - Thread 1 - c2dda82dca81b422ea3f94e784b168c2.jpg - Processed
2025-03-21 17:58:04 - Thread 1 - d739630c02246e1271d0ae8345650c8f.jpg - Processed
2025-03-21 17:58:05 - Thread 1 - 3d770499ed8897c34497d6815779e8a2.jpg - Skipped - Error: Failed to generate prompt
2025-03-21 17:58:08 - Thread 1 - 76f0ce5f24ddcf7863bdb54a6aab9bf2.jpg - Skipped - Error: Failed to generate prompt
2025-03-21 17:58:10 - Thread 1 - cc460c506cd38cdd1d249da64c65da8e.png - Skipped - Error: Failed to generate prompt
2025-03-21 17:58:11 - Thread 1 - e862abeecced28292ad27113be913a8d.jpg - Skipped - Error: Failed to generate prompt
2025-03-21 17:58:12 - Thread 1 - abfcef17e823a4e8e2d612c91ed69880.jpg - Skipped - Error: Failed to generate prompt
2025-03-21 17:58:14 - Thread 1 - e0133e1da96ff4de8f87f2dcc938cf67.jpg - Skipped - Error: Failed to generate prompt
2025-03-21 17:58:15 - Thread 1 - 8cf54fd3bc6d1cbb029d67d67337cf2e.jpg - Skipped - Error: Failed to generate prompt
2025-03-21 17:58:16 - Thread 1 - a2d160eed219d24bfbdc440c9002de78.jpg - Skipped - Error: Failed to generate prompt
2025-03-21 17:58:17 - Thread 1 - 732f5a18ddcefb5147509fb342970e0c.jpg - Skipped - Error: Failed to generate prompt
2025-03-21 17:58:18 - Thread 1 - 4172d36f35ddb47a412a0851d83a6a4f.jpg - Skipped - Error: Failed to generate prompt
2025-03-21 17:58:19 - Thread 1 - 4bd86b239f8e00e960bcb9ecdb192d39.jpg - Skipped - Error: Failed to generate prompt
2025-03-21 17:58:21 - Thread 1 - 33c047514e8d257c91c2dc8353e0f62e.png - Skipped - Error: Failed to generate prompt
2025-03-21 17:58:23 - Thread 1 - 0c76bb05b9b088c1f37026ecbd142494.jpg - Skipped - Error: Failed to generate prompt
2025-03-21 17:58:24 - Thread 1 - 6720ceebc920e6203390122f550168a2.jpg - Skipped - Error: Failed to generate prompt
2025-03-21 17:58:25 - Thread 1 - 35ea63a344ff1249085dea43a4f44b26.png - Skipped - Error: Failed to generate prompt
2025-03-21 17:58:28 - Thread 1 - 1eae4c5d954add7ae42520fb09abd3af.jpg - Skipped - Error: Failed to generate prompt
2025-03-21 17:58:32 - Thread 1 - d1ecc6494efcf0c82ea897316f98edb1.jpg - Processed
2025-03-21 17:58:34 - Thread 1 - 08e9777d9a92f550c44bb6bbc1eee3f0.jpg - Processed
2025-03-21 17:58:36 - Thread 1 - fc5509493cd757db23d2beb93ebc8f69.jpg - Processed
2025-03-21 17:58:38 - Thread 1 - 7b180a2c8ed7942be5787cbbfe43b660.jpg - Processed
2025-03-21 17:58:40 - Thread 1 - ae3e99885271a91b6d46f323f820ab7d.jpg - Processed
2025-03-21 17:58:42 - Thread 1 - ceda573583b82012879877a22f454e39.jpg - Processed
2025-03-21 17:58:50 - Thread 1 - 33eccc843cfc23fb718510c7d2acaa57.jpg - Processed
2025-03-21 17:58:51 - Thread 1 - 2d1a47d14ab4c2a7a52054c0a710f095.jpg - Processed
2025-03-21 17:58:54 - Thread 1 - 048e618b8d6c32115b655b7132f7e998.png - Processed
2025-03-21 17:58:57 - Thread 1 - 848542eba8a493dff0bc23e4aa92fb41.jpg - Processed
2025-03-21 17:58:59 - Thread 1 - 048e718c3614f0c2ee7fde51886de5de.jpg - Processed
2025-03-21 17:59:01 - Thread 1 - e2d8e4644463049812ef7081fddf778f.png - Processed
2025-03-21 17:59:03 - Thread 1 - f370b1639733344aef2947896049fb38.jpg - Processed
2025-03-21 17:59:05 - Thread 1 - 274b72aec008fb9a4f36fe4b49e77402.jpg - Processed
2025-03-21 17:59:07 - Thread 1 - f273f47417f8c3b115ad650056c07ee4.jpg - Processed
2025-03-21 17:59:10 - Thread 1 - a3e6cbaf7c0d23ed82f14d849072d7f5.jpg - Processed
2025-03-21 17:59:12 - Thread 1 - 6152ceda8a47081303f2e3157b7373ca.jpg - Skipped - Error: Failed to generate prompt
2025-03-21 17:59:13 - Thread 1 - bafdc14c79649436f432d1fe6e12ad82.jpg - Skipped - Error: Failed to generate prompt
2025-03-21 17:59:15 - Thread 1 - ee6baa7290577b1b76113cee5c6a97bf.png - Skipped - Error: Failed to generate prompt
2025-03-21 17:59:16 - Thread 1 - ba399633f68d419b3bcf1297e4e22528.jpg - Skipped - Error: Failed to generate prompt
2025-03-21 17:59:17 - Thread 1 - c702870d223804bea6be028f806b7157.jpg - Skipped - Error: Failed to generate prompt
2025-03-21 17:59:18 - Thread 1 - 596016f0c9a890d3f95e2185bec33727.jpg - Skipped - Error: Failed to generate prompt
2025-03-21 17:59:21 - Thread 1 - 73d803613ff1ddcf893c9b91eadd9874.jpg - Skipped - Error: Failed to generate prompt
2025-03-21 17:59:30 - Thread 1 - 23bc73015e97cff619f47ea540f99a81.png - Processed
2025-03-21 17:59:32 - Thread 1 - b36722426305855e93ec6e997baf5720.jpg - Processed
2025-03-21 17:59:34 - Thread 1 - 426f7eb8e51c29b78b9dc55f65f71595.jpg - Processed
2025-03-21 17:59:36 - Thread 1 - 69e412e441e2ed3617f92ac0745c95ab.jpg - Processed
2025-03-21 17:59:39 - Thread 1 - e141666f53d9ad7e98960d88e9a88a8a.jpg - Processed
2025-03-21 17:59:49 - Thread 1 - 04c2f52eeddb23d7bf577fb6fa67887e.jpg - Processed
2025-03-21 17:59:52 - Thread 1 - 32a5e3e39af50b2474d9a548fe421c6c.jpg - Processed
2025-03-21 17:59:53 - Thread 1 - e027c57dd34c7e8a6e95bc5262aa5b47.jpg - Processed
2025-03-21 17:59:56 - Thread 1 - 97aad7d7c8cf44af1fbef13597dea664.jpg - Processed
2025-03-21 17:59:58 - Thread 1 - 2c99651d1facc3ccfa681dffaf5ebf28.jpg - Processed
2025-03-21 18:00:01 - Thread 1 - 3bf1756cdf471c397669e352976205f1.png - Processed
2025-03-21 18:00:04 - Thread 1 - 1ddbf94525d83fa41dea3cc439af78a9.png - Processed
2025-03-21 18:00:06 - Thread 1 - 86fe8655e8c9832f107d569c707a30cc.png - Processed
2025-03-21 18:00:08 - Thread 1 - a8b7f37c6ee8a550ab9c13f0bcb605d4.jpg - Processed
2025-03-21 18:00:11 - Thread 1 - 8d9e19c53372e2481e6885d4e7bb3e46.jpg - Processed
2025-03-21 18:00:13 - Thread 1 - 6dcc0e693dd48a4b383556881dec0d2b.jpg - Processed
2025-03-21 18:00:14 - Thread 1 - 14bd09d21ec04d7b718519930bac4265.jpg - Skipped - Error: Failed to generate prompt
2025-03-21 18:00:15 - Thread 1 - 80565d0b6a5f79480956887d5aed3d8a.jpg - Skipped - Error: Failed to generate prompt
2025-03-21 18:00:17 - Thread 1 - b5a0e565bcb9c31bfd7c1c4f6a396f93.jpg - Skipped - Error: Failed to generate prompt
2025-03-21 18:00:19 - Thread 1 - a972c79cc68956fb8bdbe8533780ee80.jpg - Skipped - Error: Failed to generate prompt
2025-03-21 18:00:20 - Thread 1 - 956d0a09ae7a178a7e6df0ef3af39800.jpg - Skipped - Error: Failed to generate prompt
2025-03-21 18:00:21 - Thread 1 - 162aecde955900f01bd02bbac2b92a6e.jpg - Skipped - Error: Failed to generate prompt
2025-03-21 18:00:22 - Thread 1 - e914c11e6db28187c4bc5698c45e1c6c.jpg - Skipped - Error: Failed to generate prompt
2025-03-21 18:00:31 - Thread 1 - 9d70aa365dd4315add6ed7c987ab8753.jpg - Processed
2025-03-21 18:00:34 - Thread 1 - 09e69375d14cd34ccc4f2af464fff047.jpg - Processed
2025-03-21 18:00:37 - Thread 1 - 7960e4c36a4be35a909eeae46a26c9bb.jpg - Processed
2025-03-21 18:00:38 - Thread 1 - 77fcff4a603d3b4df2760f728d236685.png - Processed
2025-03-21 18:00:41 - Thread 1 - 7191955205478656cbf225af45805071.jpg - Processed
2025-03-21 18:00:43 - Thread 1 - b09be550e608b77ceb433c8992d0c496.jpg - Processed
2025-03-21 18:00:46 - Thread 1 - 0dd20c9767a140e4a4ac2a03bd9c5331.jpg - Processed
2025-03-21 18:00:49 - Thread 1 - 4f864fe102c8cdd721c34938d865e47a.jpg - Processed
2025-03-21 18:00:52 - Thread 1 - 97ecb20ab0820b7dd3b23b949fc8fd41.jpg - Processed
2025-03-21 18:00:59 - Thread 1 - aea363f18eb64408ca3bbc21d68a2774.jpg - Processed
2025-03-21 18:01:01 - Thread 1 - 2247acee883555d11d83aff3c8cfbfb8.jpg - Processed
2025-03-21 18:01:04 - Thread 1 - 08b83d6f70bac357bc8c0acc18697aea.jpg - Processed
2025-03-21 18:01:06 - Thread 1 - 80256651f360ada3fb38c7d22433722b.jpg - Processed
2025-03-21 18:01:10 - Thread 1 - 8daefa9aec8ffcd5876a446de00f5969.png - Processed
2025-03-21 18:01:11 - Thread 1 - 6ce2c2baab1031a52a5d280725c2a5ef.png - Processed
2025-03-21 18:01:13 - Thread 1 - e34e08d041818f23d181310d58cd5190.jpg - Processed
2025-03-21 18:01:15 - Thread 1 - 45f8e86c29cd62ba8f2788db05186ced.jpg - Skipped - Error: Failed to generate prompt
2025-03-21 18:01:16 - Thread 1 - d83bb9d905b07fb4bfdd6fbb17056067.jpg - Skipped - Error: Failed to generate prompt
2025-03-21 18:01:17 - Thread 1 - 6195caf421065d25d313dc80304c1655.jpg - Skipped - Error: Failed to generate prompt
2025-03-21 18:01:19 - Thread 1 - 503cd9ab7c746a3163a3fe8e3b93bd9e.jpg - Skipped - Error: Failed to generate prompt
2025-03-21 18:01:21 - Thread 1 - a0b0f61aa2d6d50453fbab964821d8e3.jpg - Skipped - Error: Failed to generate prompt
2025-03-21 18:01:23 - Thread 1 - 1a0bd4ab4ea61c9b8c3ef6a20ab4a596.png - Skipped - Error: Failed to generate prompt
2025-03-21 18:01:24 - Thread 1 - f7f83542fb4a1d38e7a617fc1b1609e7.jpg - Skipped - Error: Failed to generate prompt
2025-03-21 18:01:25 - Thread 1 - 7af152282a7ffa159ab1eda437612b58.jpg - Skipped - Error: Failed to generate prompt
2025-03-21 18:01:38 - Thread 1 - c7103cec5b6a70347e786d025fb3aca5.jpg - Processed
2025-03-21 18:01:40 - Thread 1 - b1703c899878058ea08019ebaf59f082.jpg - Processed
2025-03-21 18:01:43 - Thread 1 - aa5f314a27af0e468d857da6fafcd7b1.jpg - Processed
2025-03-21 18:01:47 - Thread 1 - 504f0e8b9eb0a585fa760bf9b0e9d749.jpg - Processed
2025-03-21 18:02:02 - Thread 1 - 02eecfbf5aaf7a114f44d5ed13ce84af.jpg - Processed
2025-03-21 18:02:04 - Thread 1 - 9af16926739962740890e91dd2bcc1db.jpg - Processed
2025-03-21 18:02:06 - Thread 1 - e10368383c70cf20b14183c604d129fb.jpg - Processed
2025-03-21 18:02:09 - Thread 1 - 4fc9046bee9adefa21cb46e711698c5a.jpg - Processed
2025-03-21 18:02:12 - Thread 1 - 5867e26de5fb7f72349534d2a8088b1e.jpg - Processed
2025-03-21 18:02:15 - Thread 1 - 26e2838fb2e3eb744c1f2139fe95e054.jpg - Processed
2025-03-21 18:02:16 - Thread 1 - 13f20ace20518fa5ad1762e0fb9dbbf4.jpg - Processed
2025-03-21 18:02:19 - Thread 1 - 6d5e1bf47447e7efca215d6ea337a89e.jpg - Processed
2025-03-21 18:02:22 - Thread 1 - 5d4ab1883e141192e3f43a96dd325ecf.jpg - Processed
2025-03-21 18:02:24 - Thread 1 - 814374a8476da8966da26caec5d0b1c2.jpg - Processed
2025-03-21 18:02:27 - Thread 1 - 10a8009948b0a4fd99e09e4ec5fd2bd6.jpg - Processed
2025-03-21 18:02:30 - Thread 1 - f362ef250c92a5863aeb98223e871289.jpg - Processed
2025-03-21 18:02:32 - Thread 1 - cedba1469f356942f4ba3c5f91d44bd9.jpg - Processed
2025-03-21 18:02:37 - Thread 1 - 12ede964c606d99161ad10d9b03983c6.jpg - Processed
2025-03-21 18:02:40 - Thread 1 - 603de91393ba3864f132379df7f36cb6.jpg - Processed
2025-03-21 18:02:43 - Thread 1 - 0e474c89359c151cce31c28dd961505d.jpg - Processed
2025-03-21 18:02:46 - Thread 1 - 2a10fa422e90d2b26a57021c50a68759.jpg - Processed
2025-03-21 18:02:49 - Thread 1 - eb766520e6586a557f87263dd2ca7ed8.jpg - Processed
2025-03-21 18:02:52 - Thread 1 - 6d0cdb4b77a2c4609fa340132da65f3a.jpg - Processed
2025-03-21 18:02:55 - Thread 1 - dcfc997f3ee5ee53cea6621ff65d5645.jpg - Processed
2025-03-21 18:02:58 - Thread 1 - 3d24a530f9d65e36b1a30111acc86a5c.jpg - Processed
2025-03-21 18:02:59 - Thread 1 - ad295e2c19be2957ac143535332df780.jpg - Processed
2025-03-21 18:03:01 - Thread 1 - 3689b742f88bece4dada9aff1cd5182d.jpg - Processed
2025-03-21 18:03:09 - Thread 1 - 09e10c1b80b98337879d7519d8ba0e49.jpg - Processed
2025-03-21 18:03:46 - Thread 1 - 9a4fee274af852a8778bcbfb0eaf5cb0.jpg - Processed
2025-03-21 18:03:52 - Thread 1 - 1805bfa7b3d2183bac19f7bcf570439e.jpg - Processed
2025-03-21 18:03:58 - Thread 1 - 35efaae567a35d7832d184467bb75b81.png - Processed
2025-03-21 18:04:02 - Thread 1 - f162600aa1847e9d7e681dd535b7bc29.jpg - Processed
2025-03-21 18:04:05 - Thread 1 - 03c207465443dd955fbbf16ddbff80ed.jpg - Processed
2025-03-21 18:04:08 - Thread 1 - 622fd7b56b06e6afb5fa757fe28b5432.jpg - Processed
2025-03-21 18:04:11 - Thread 1 - 82f94680d17b4b05b28abe6cac7d72d9.jpg - Processed
2025-03-21 18:04:14 - Thread 1 - 9571fcf0223973df78538c419f34b1cb.jpg - Processed
2025-03-21 18:04:16 - Thread 1 - 9ce5def535aef221eb05ca55d4cfb81f.jpg - Processed
2025-03-21 18:04:18 - Thread 1 - 001f76a2cc4263c662020453134f09b2.png - Processed
2025-03-21 18:04:21 - Thread 1 - 23adde32856d3c18e9f7180e6211cd60.jpg - Processed
2025-03-21 18:04:24 - Thread 1 - dc25db40c40bf236e926c94dab6aaa36.jpg - Processed
2025-03-21 18:04:26 - Thread 1 - daac9e436d2d075f64659964251e5b41.jpg - Processed
2025-03-21 18:04:28 - Thread 1 - 45ee5b0ade176aa49ad31f7a50775f31.jpg - Processed
2025-03-21 18:04:31 - Thread 1 - 0871d1a6ded74d5cc4d8bd604b4ff5e9.jpg - Processed
2025-03-21 18:04:36 - Thread 1 - 9805167e26cdd45ee29c312370eca9ed.png - Processed
2025-03-21 18:04:39 - Thread 1 - a9a505f259a92efedbc5969362dcc525.jpg - Processed
2025-03-21 18:04:41 - Thread 1 - a6d9c880a4b896b80249421b45d1ba1d.png - Processed
2025-03-21 18:04:44 - Thread 1 - 3603c78c05c431a20c16f18307675e1b.png - Processed
2025-03-21 18:04:46 - Thread 1 - 546ec528aec8efa7b10e72162b00837b.jpg - Processed
2025-03-21 18:04:49 - Thread 1 - 09b50acae00e28b7b0bd049f629cc91e.jpg - Processed
2025-03-21 18:04:51 - Thread 1 - d033aac2a9c0824eef57ea54d8e6dd19.jpg - Processed
2025-03-21 18:04:53 - Thread 1 - 5ff9319d70e7a10d2c59b76cec4f8e76.jpg - Processed
2025-03-21 18:05:01 - Thread 1 - e10089fa77e2fb7468d0a941538df4a5.jpg - Processed
2025-03-21 18:05:03 - Thread 1 - 7952e9a502edae0a3958961644589771.jpg - Processed
2025-03-21 18:05:05 - Thread 1 - 5742f1cb236c68f4b4243ba9e578be20.png - Processed
2025-03-21 18:05:09 - Thread 1 - 364fe91c6b48301cf4d4cf9ad2654efa.png - Processed
2025-03-21 18:05:11 - Thread 1 - 14d191ae58a2b394949e77014f9b4d58.jpg - Processed
2025-03-21 18:05:17 - Thread 1 - 7325cd71f8253d2c71904aeb3ca30a64.png - Skipped - Error: Failed to generate prompt
2025-03-21 18:05:20 - Thread 1 - 53822b15b4d75d8eb9293b19a6f48d74.jpg - Skipped - Error: Failed to generate prompt
2025-03-21 18:05:23 - Thread 1 - 76cfc320eee931bff690edc1ae571977.jpg - Skipped - Error: Failed to generate prompt
2025-03-21 18:05:23 - Thread 1 - 78f854ba8476ebfad516019e611e65fc.jpg - Skipped - Error: Failed to generate prompt
2025-03-21 18:05:29 - Thread 1 - b2fa13031d8d507e33f31d44e821a9ea.png - Processed
2025-03-21 18:05:40 - Thread 1 - 0bcb984d968a3ff429846f9ae6903b2f.jpg - Processed
2025-03-21 18:05:42 - Thread 1 - f721946bdf2cf904525da71df177febd.png - Processed
2025-03-21 18:05:44 - Thread 1 - 1cee4281e7a777ee20e459d4265bfdea.jpg - Processed
2025-03-21 18:05:48 - Thread 1 - 52e6c9b6904c22f70595ab92388863f9.jpg - Processed
2025-03-21 18:05:54 - Thread 1 - 5fb3526c5b9a35c038af585f3dbbc26c.jpg - Processed
2025-03-21 18:06:02 - Thread 1 - a742f6414c52c7801e4736d6cbb041b5.png - Processed
2025-03-21 18:06:05 - Thread 1 - f66d303087eb4da8dd872a0534bfec18.jpg - Processed
